TN:
SF:/home/eladubuntu/Git Projects/OS_2024-FINAL_PROJECT_MST/ActiveObject.cpp
FN:4,_ZN12ActiveObjectD2Ev
FN:17,_ZN12ActiveObject3runEv
FN:25,_ZZN12ActiveObject3runEvENKUlvE_clEv
FNDA:42,_ZN12ActiveObject3runEv
FNDA:336,_ZZN12ActiveObject3runEvENKUlvE_clEv
FNDA:42,_ZN12ActiveObjectD2Ev
FNF:3
FNH:3
DA:4,42
DA:7,42
DA:10,42
DA:11,42
DA:12,42
DA:14,42
DA:15,42
DA:17,184
DA:22,184
DA:24,184
DA:25,520
DA:26,226
DA:27,142
DA:28,142
DA:29,184
DA:30,142
DA:32,326
LF:17
LH:17
end_of_record
TN:
SF:/home/eladubuntu/Git Projects/OS_2024-FINAL_PROJECT_MST/ActiveObject.hpp
FN:51,_ZN12ActiveObjectC2Ev
FN:63,_ZN12ActiveObject7enqueueIZZZZZZ14handleCommandsiRSt6vectorISt10unique_ptrIS_St14default_deleteIS_EESaIS5_EERS2_I5GraphS3_IS9_EER10MSTFactoryRS2_I4TreeS3_ISF_EEENKUlvE3_clEvENKUlvE_clEvENKUlvE_clEvENKUlvE_clEvENKUlvE_clEvEUlvE_EEvT_
FN:63,_ZN12ActiveObject7enqueueIZ14handleCommandsiRSt6vectorISt10unique_ptrIS_St14default_deleteIS_EESaIS5_EERS2_I5GraphS3_IS9_EER10MSTFactoryRS2_I4TreeS3_ISF_EEEUlvE3_EEvT_
FN:63,_ZN12ActiveObject7enqueueIZ14handleCommandsiRSt6vectorISt10unique_ptrIS_St14default_deleteIS_EESaIS5_EERS2_I5GraphS3_IS9_EER10MSTFactoryRS2_I4TreeS3_ISF_EEEUlvE4_EEvT_
FN:63,_ZN12ActiveObject7enqueueIZ14handleCommandsiRSt6vectorISt10unique_ptrIS_St14default_deleteIS_EESaIS5_EERS2_I5GraphS3_IS9_EER10MSTFactoryRS2_I4TreeS3_ISF_EEEUlvE10_EEvT_
FN:63,_ZN12ActiveObject7enqueueIZ14handleCommandsiRSt6vectorISt10unique_ptrIS_St14default_deleteIS_EESaIS5_EERS2_I5GraphS3_IS9_EER10MSTFactoryRS2_I4TreeS3_ISF_EEEUlvE0_EEvT_
FN:63,_ZN12ActiveObject7enqueueIZZZZZ14handleCommandsiRSt6vectorISt10unique_ptrIS_St14default_deleteIS_EESaIS5_EERS2_I5GraphS3_IS9_EER10MSTFactoryRS2_I4TreeS3_ISF_EEENKUlvE3_clEvENKUlvE_clEvENKUlvE_clEvENKUlvE_clEvEUlvE_EEvT_
FN:63,_ZN12ActiveObject7enqueueIZ14handleCommandsiRSt6vectorISt10unique_ptrIS_St14default_deleteIS_EESaIS5_EERS2_I5GraphS3_IS9_EER10MSTFactoryRS2_I4TreeS3_ISF_EEEUlvE8_EEvT_
FN:63,_ZN12ActiveObject7enqueueIZ14handleCommandsiRSt6vectorISt10unique_ptrIS_St14default_deleteIS_EESaIS5_EERS2_I5GraphS3_IS9_EER10MSTFactoryRS2_I4TreeS3_ISF_EEEUlvE9_EEvT_
FN:63,_ZN12ActiveObject7enqueueIZZZZ14handleCommandsiRSt6vectorISt10unique_ptrIS_St14default_deleteIS_EESaIS5_EERS2_I5GraphS3_IS9_EER10MSTFactoryRS2_I4TreeS3_ISF_EEENKUlvE3_clEvENKUlvE_clEvENKUlvE_clEvEUlvE_EEvT_
FN:63,_ZN12ActiveObject7enqueueIZ14handleCommandsiRSt6vectorISt10unique_ptrIS_St14default_deleteIS_EESaIS5_EERS2_I5GraphS3_IS9_EER10MSTFactoryRS2_I4TreeS3_ISF_EEEUlvE5_EEvT_
FN:63,_ZN12ActiveObject7enqueueIZ14handleCommandsiRSt6vectorISt10unique_ptrIS_St14default_deleteIS_EESaIS5_EERS2_I5GraphS3_IS9_EER10MSTFactoryRS2_I4TreeS3_ISF_EEEUlvE2_EEvT_
FN:63,_ZN12ActiveObject7enqueueIZZ14handleCommandsiRSt6vectorISt10unique_ptrIS_St14default_deleteIS_EESaIS5_EERS2_I5GraphS3_IS9_EER10MSTFactoryRS2_I4TreeS3_ISF_EEENKUlvE3_clEvEUlvE_EEvT_
FN:63,_ZN12ActiveObject7enqueueIZ14handleCommandsiRSt6vectorISt10unique_ptrIS_St14default_deleteIS_EESaIS5_EERS2_I5GraphS3_IS9_EER10MSTFactoryRS2_I4TreeS3_ISF_EEEUlvE1_EEvT_
FN:63,_ZN12ActiveObject7enqueueIZ14handleCommandsiRSt6vectorISt10unique_ptrIS_St14default_deleteIS_EESaIS5_EERS2_I5GraphS3_IS9_EER10MSTFactoryRS2_I4TreeS3_ISF_EEEUlvE_EEvT_
FN:63,_ZN12ActiveObject7enqueueIZZZ14handleCommandsiRSt6vectorISt10unique_ptrIS_St14default_deleteIS_EESaIS5_EERS2_I5GraphS3_IS9_EER10MSTFactoryRS2_I4TreeS3_ISF_EEENKUlvE3_clEvENKUlvE_clEvEUlvE_EEvT_
FN:63,_ZN12ActiveObject7enqueueIZ14handleCommandsiRSt6vectorISt10unique_ptrIS_St14default_deleteIS_EESaIS5_EERS2_I5GraphS3_IS9_EER10MSTFactoryRS2_I4TreeS3_ISF_EEEUlvE6_EEvT_
FN:73,_ZN12ActiveObject14getOutputMutexEv
FNDA:12,_ZN12ActiveObject7enqueueIZ14handleCommandsiRSt6vectorISt10unique_ptrIS_St14default_deleteIS_EESaIS5_EERS2_I5GraphS3_IS9_EER10MSTFactoryRS2_I4TreeS3_ISF_EEEUlvE2_EEvT_
FNDA:4,_ZN12ActiveObject7enqueueIZZ14handleCommandsiRSt6vectorISt10unique_ptrIS_St14default_deleteIS_EESaIS5_EERS2_I5GraphS3_IS9_EER10MSTFactoryRS2_I4TreeS3_ISF_EEENKUlvE3_clEvEUlvE_EEvT_
FNDA:12,_ZN12ActiveObject7enqueueIZ14handleCommandsiRSt6vectorISt10unique_ptrIS_St14default_deleteIS_EESaIS5_EERS2_I5GraphS3_IS9_EER10MSTFactoryRS2_I4TreeS3_ISF_EEEUlvE1_EEvT_
FNDA:16,_ZN12ActiveObject7enqueueIZ14handleCommandsiRSt6vectorISt10unique_ptrIS_St14default_deleteIS_EESaIS5_EERS2_I5GraphS3_IS9_EER10MSTFactoryRS2_I4TreeS3_ISF_EEEUlvE_EEvT_
FNDA:10,_ZN12ActiveObject7enqueueIZ14handleCommandsiRSt6vectorISt10unique_ptrIS_St14default_deleteIS_EESaIS5_EERS2_I5GraphS3_IS9_EER10MSTFactoryRS2_I4TreeS3_ISF_EEEUlvE6_EEvT_
FNDA:4,_ZN12ActiveObject7enqueueIZZZ14handleCommandsiRSt6vectorISt10unique_ptrIS_St14default_deleteIS_EESaIS5_EERS2_I5GraphS3_IS9_EER10MSTFactoryRS2_I4TreeS3_ISF_EEENKUlvE3_clEvENKUlvE_clEvEUlvE_EEvT_
FNDA:6,_ZN12ActiveObject7enqueueIZ14handleCommandsiRSt6vectorISt10unique_ptrIS_St14default_deleteIS_EESaIS5_EERS2_I5GraphS3_IS9_EER10MSTFactoryRS2_I4TreeS3_ISF_EEEUlvE8_EEvT_
FNDA:4,_ZN12ActiveObject7enqueueIZ14handleCommandsiRSt6vectorISt10unique_ptrIS_St14default_deleteIS_EESaIS5_EERS2_I5GraphS3_IS9_EER10MSTFactoryRS2_I4TreeS3_ISF_EEEUlvE9_EEvT_
FNDA:4,_ZN12ActiveObject7enqueueIZZZZ14handleCommandsiRSt6vectorISt10unique_ptrIS_St14default_deleteIS_EESaIS5_EERS2_I5GraphS3_IS9_EER10MSTFactoryRS2_I4TreeS3_ISF_EEENKUlvE3_clEvENKUlvE_clEvENKUlvE_clEvEUlvE_EEvT_
FNDA:4,_ZN12ActiveObject7enqueueIZ14handleCommandsiRSt6vectorISt10unique_ptrIS_St14default_deleteIS_EESaIS5_EERS2_I5GraphS3_IS9_EER10MSTFactoryRS2_I4TreeS3_ISF_EEEUlvE5_EEvT_
FNDA:6,_ZN12ActiveObject14getOutputMutexEv
FNDA:42,_ZN12ActiveObjectC2Ev
FNDA:34,_ZN12ActiveObject7enqueueIZ14handleCommandsiRSt6vectorISt10unique_ptrIS_St14default_deleteIS_EESaIS5_EERS2_I5GraphS3_IS9_EER10MSTFactoryRS2_I4TreeS3_ISF_EEEUlvE0_EEvT_
FNDA:4,_ZN12ActiveObject7enqueueIZZZZZ14handleCommandsiRSt6vectorISt10unique_ptrIS_St14default_deleteIS_EESaIS5_EERS2_I5GraphS3_IS9_EER10MSTFactoryRS2_I4TreeS3_ISF_EEENKUlvE3_clEvENKUlvE_clEvENKUlvE_clEvENKUlvE_clEvEUlvE_EEvT_
FNDA:4,_ZN12ActiveObject7enqueueIZZZZZZ14handleCommandsiRSt6vectorISt10unique_ptrIS_St14default_deleteIS_EESaIS5_EERS2_I5GraphS3_IS9_EER10MSTFactoryRS2_I4TreeS3_ISF_EEENKUlvE3_clEvENKUlvE_clEvENKUlvE_clEvENKUlvE_clEvENKUlvE_clEvEUlvE_EEvT_
FNDA:16,_ZN12ActiveObject7enqueueIZ14handleCommandsiRSt6vectorISt10unique_ptrIS_St14default_deleteIS_EESaIS5_EERS2_I5GraphS3_IS9_EER10MSTFactoryRS2_I4TreeS3_ISF_EEEUlvE3_EEvT_
FNDA:4,_ZN12ActiveObject7enqueueIZ14handleCommandsiRSt6vectorISt10unique_ptrIS_St14default_deleteIS_EESaIS5_EERS2_I5GraphS3_IS9_EER10MSTFactoryRS2_I4TreeS3_ISF_EEEUlvE10_EEvT_
FNDA:4,_ZN12ActiveObject7enqueueIZ14handleCommandsiRSt6vectorISt10unique_ptrIS_St14default_deleteIS_EESaIS5_EERS2_I5GraphS3_IS9_EER10MSTFactoryRS2_I4TreeS3_ISF_EEEUlvE4_EEvT_
FNF:18
FNH:18
DA:51,42
DA:63,142
DA:66,142
DA:68,142
DA:70,142
DA:71,142
DA:73,6
LF:7
LH:7
end_of_record
TN:
SF:/home/eladubuntu/Git Projects/OS_2024-FINAL_PROJECT_MST/Graph.cpp
FN:3,_ZN5Graph7addEdgeEiii
FN:25,_ZN5Graph10removeEdgeEii
FN:37,_ZZN5Graph10removeEdgeEiiENKUlRK4EdgeE_clES2_
FN:42,_ZZN5Graph10removeEdgeEiiENKUlRK4EdgeE0_clES2_
FNDA:7,_ZZN5Graph10removeEdgeEiiENKUlRK4EdgeE0_clES2_
FNDA:8,_ZN5Graph10removeEdgeEii
FNDA:9,_ZZN5Graph10removeEdgeEiiENKUlRK4EdgeE_clES2_
FNDA:70,_ZN5Graph7addEdgeEiii
FNF:4
FNH:4
DA:3,40
DA:4,30
DA:5,40
DA:6,40
DA:7,70
DA:8,6
DA:12,46
DA:13,23
DA:15,1
DA:20,23
DA:21,23
DA:22,23
DA:25,8
DA:28,8
DA:29,8
DA:31,8
DA:33,5
DA:37,6
DA:38,9
DA:39,3
DA:42,6
DA:43,7
DA:44,3
DA:47,3
DA:48,3
DA:51,3
DA:53,3
DA:54,3
DA:57,0
LF:29
LH:28
end_of_record
TN:
SF:/home/eladubuntu/Git Projects/OS_2024-FINAL_PROJECT_MST/Graph.hpp
FN:22,_ZN5GraphC2Ev
FN:23,_ZN5GraphC2Eii
FN:62,_ZN5GraphD2Ev
FN:62,_ZN5GraphD0Ev
FN:83,_ZNK5Graph17getVerticesNumberEv
FN:90,_ZNK5Graph6getAdjEv
FNDA:18,_ZN5GraphD0Ev
FNDA:24,_ZN5GraphC2Ev
FNDA:42,_ZNK5Graph17getVerticesNumberEv
FNDA:18,_ZN5GraphC2Eii
FNDA:146,_ZNK5Graph6getAdjEv
FNDA:42,_ZN5GraphD2Ev
FNF:6
FNH:6
DA:22,16
DA:23,12
DA:24,40
DA:28,16
DA:29,80
DA:44,8
DA:54,6
DA:62,20
DA:83,26
DA:90,66
LF:10
LH:10
end_of_record
TN:
SF:/home/eladubuntu/Git Projects/OS_2024-FINAL_PROJECT_MST/LFServer.cpp
FN:21,_Z13signalHandleri
FN:32,_Z12sendResponseiRKNSt7__cxx1112basic_stringIcSt11char_traitsIcESaIcEEE
FN:40,_Z9scanGraphiRiS_RNSt7__cxx1118basic_stringstreamIcSt11char_traitsIcESaIcEEERSt10unique_ptrI5GraphSt14default_deleteIS8_EE
FN:52,_Z11scanSrcDestRNSt7__cxx1118basic_stringstreamIcSt11char_traitsIcESaIcEEERiS6_
FN:63,_Z14handleCommandsiRSt10unique_ptrI5GraphSt14default_deleteIS0_EER10MSTFactoryRS_I4TreeS1_IS7_EE
FN:318,_Z16acceptConnectioniRSt10unique_ptrI5GraphSt14default_deleteIS0_EER10MSTFactoryRS_I4TreeS1_IS7_EERS_I12LFThreadPoolS1_ISB_EE
FN:342,_ZZ16acceptConnectioniRSt10unique_ptrI5GraphSt14default_deleteIS0_EER10MSTFactoryRS_I4TreeS1_IS7_EERS_I12LFThreadPoolS1_ISB_EEENKUlvE_clEv
FN:353,main
FN:364,_ZZ4mainENKUliE_clEi
FN:424,_ZZ4mainENKUlvE0_clEv
FNDA:12,_Z9scanGraphiRiS_RNSt7__cxx1118basic_stringstreamIcSt11char_traitsIcESaIcEEERSt10unique_ptrI5GraphSt14default_deleteIS8_EE
FNDA:5,main
FNDA:8,_ZZ4mainENKUlvE0_clEv
FNDA:8,_Z14handleCommandsiRSt10unique_ptrI5GraphSt14default_deleteIS0_EER10MSTFactoryRS_I4TreeS1_IS7_EE
FNDA:12,_Z11scanSrcDestRNSt7__cxx1118basic_stringstreamIcSt11char_traitsIcESaIcEEERiS6_
FNDA:91,_Z12sendResponseiRKNSt7__cxx1112basic_stringIcSt11char_traitsIcESaIcEEE
FNDA:5,_Z13signalHandleri
FNDA:8,_ZZ16acceptConnectioniRSt10unique_ptrI5GraphSt14default_deleteIS0_EER10MSTFactoryRS_I4TreeS1_IS7_EERS_I12LFThreadPoolS1_ISB_EEENKUlvE_clEv
FNDA:5,_ZZ4mainENKUliE_clEi
FNDA:8,_Z16acceptConnectioniRSt10unique_ptrI5GraphSt14default_deleteIS0_EER10MSTFactoryRS_I4TreeS1_IS7_EERS_I12LFThreadPoolS1_ISB_EE
FNF:10
FNH:10
DA:21,2
DA:24,2
DA:25,2
DA:26,2
DA:28,2
DA:29,2
DA:31,3
DA:32,58
DA:34,61
DA:35,3
DA:36,3
DA:38,61
DA:39,3
DA:40,8
DA:42,8
DA:44,2
DA:45,2
DA:48,39
DA:49,6
DA:50,33
DA:52,12
DA:54,45
DA:56,4
DA:57,4
DA:60,8
DA:63,70
DA:66,4
DA:68,4
DA:70,72
DA:71,72
DA:73,4
DA:74,6
DA:75,2
DA:77,4
DA:78,4
DA:79,4
DA:80,4
DA:84,0
DA:85,26
DA:88,66
DA:89,97
DA:90,66
DA:92,66
DA:93,66
DA:94,66
DA:95,66
DA:96,31
DA:97,97
DA:99,11
DA:100,11
DA:102,2
DA:103,3
DA:104,1
DA:105,1
DA:106,9
DA:108,4
DA:109,4
DA:110,0
DA:111,19
DA:113,4
DA:114,34
DA:115,30
DA:116,30
DA:117,8
DA:118,38
DA:119,30
DA:120,32
DA:121,32
DA:123,30
DA:125,35
DA:126,5
DA:127,26
DA:128,1
DA:129,1
DA:130,26
DA:132,4
DA:133,26
DA:134,27
DA:135,27
DA:136,26
DA:137,4
DA:139,27
DA:140,1
DA:142,2
DA:143,6
DA:144,4
DA:145,2
DA:146,4
DA:147,4
DA:148,2
DA:151,14
DA:152,0
DA:153,13
DA:156,13
DA:158,13
DA:159,37
DA:160,13
DA:161,13
DA:162,24
DA:163,13
DA:164,0
DA:165,1
DA:166,5
DA:168,1
DA:169,1
DA:170,1
DA:171,1
DA:172,24
DA:174,4
DA:175,4
DA:176,4
DA:179,32
DA:181,18
DA:182,10
DA:183,2
DA:184,58
DA:185,6
DA:186,8
DA:187,8
DA:189,12
DA:190,2
DA:191,6
DA:192,4
DA:193,4
DA:194,6
DA:196,8
DA:198,4
DA:199,5
DA:200,29
DA:202,10
DA:203,10
DA:205,2
DA:206,6
DA:207,2
DA:208,4
DA:210,10
DA:212,6
DA:213,10
DA:214,48
DA:216,12
DA:217,8
DA:218,3
DA:219,5
DA:220,2
DA:221,2
DA:222,4
DA:223,6
DA:224,2
DA:225,2
DA:226,4
DA:228,6
DA:230,2
DA:231,2
DA:233,0
DA:234,4
DA:236,4
DA:237,4
DA:238,8
DA:239,8
DA:240,8
DA:242,44
DA:243,4
DA:244,10
DA:245,6
DA:246,4
DA:247,2
DA:248,10
DA:249,17
DA:250,4
DA:251,8
DA:252,12
DA:253,6
DA:254,1
DA:255,35
DA:256,1
DA:257,14
DA:258,14
DA:259,7
DA:260,2
DA:261,3
DA:262,1
DA:263,1
DA:266,18
DA:267,6
DA:268,18
DA:269,4
DA:270,10
DA:271,8
DA:272,14
DA:273,20
DA:274,4
DA:275,6
DA:276,10
DA:278,5
DA:279,2
DA:281,4
DA:282,1
DA:283,4
DA:284,6
DA:285,22
DA:287,17
DA:288,8
DA:289,6
DA:290,10
DA:291,4
DA:292,1
DA:293,1
DA:294,5
DA:295,4
DA:296,8
DA:297,11
DA:299,3
DA:300,1
DA:301,3
DA:302,2
DA:303,2
DA:304,6
DA:305,6
DA:306,6
DA:308,2
DA:310,4
DA:312,2
DA:313,38
DA:314,215
DA:315,6
DA:316,6
DA:318,7
DA:320,6
DA:321,6
DA:322,9
DA:323,6
DA:324,1
DA:326,7
DA:327,7
DA:328,7
DA:329,1
DA:330,1
DA:331,1
DA:333,6
DA:335,8
DA:337,6
DA:338,24
DA:339,101
DA:340,8
DA:341,2
DA:342,6
DA:344,6
DA:345,6
DA:346,6
DA:348,6
DA:349,6
DA:350,6
DA:351,6
DA:353,2
DA:355,4
DA:356,2
DA:357,2
DA:358,4
DA:359,4
DA:360,4
DA:363,2
DA:364,4
DA:365,2
DA:367,2
DA:368,2
DA:369,2
DA:370,4
DA:371,2
DA:372,4
DA:373,2
DA:374,4
DA:375,4
DA:376,6
DA:377,2
DA:378,2
DA:380,4
DA:381,2
DA:382,2
DA:383,2
DA:384,2
DA:385,2
DA:386,2
DA:387,2
DA:390,2
DA:392,0
DA:393,0
DA:397,5
DA:398,2
DA:399,5
DA:400,5
DA:401,3
DA:402,3
DA:403,5
DA:404,3
DA:405,0
DA:406,0
DA:407,3
DA:410,5
DA:411,3
DA:412,3
DA:413,3
DA:414,3
DA:415,3
DA:416,3
DA:417,5
DA:418,5
DA:419,8
DA:420,2
DA:422,3
DA:423,2
DA:424,5
DA:425,6
DA:426,0
DA:427,0
DA:428,2
DA:429,2
DA:430,5
DA:432,0
DA:433,448196
DA:436,3
DA:437,3
DA:438,3
DA:439,3
DA:441,3
DA:443,0
DA:444,0
DA:447,3
DA:449,0
DA:450,0
DA:454,3
DA:455,3
DA:456,3
DA:457,3
DA:459,3
DA:460,3
DA:461,2
DA:463,3
DA:464,3
DA:465,3
DA:468,196651
DA:471,0
LF:341
LH:324
end_of_record
TN:
SF:/home/eladubuntu/Git Projects/OS_2024-FINAL_PROJECT_MST/LFThreadPool.cpp
FN:4,_ZN12LFThreadPoolC2EmR7Reactor
FN:23,_ZN12LFThreadPoolD2Ev
FN:36,_ZN12LFThreadPool16promoteNewLeaderEv
FN:69,_ZN12LFThreadPool12followerLoopEi
FN:103,_ZN12LFThreadPool5addFdEiSt8functionIFvvEE
FN:109,_ZN12LFThreadPool8stopPoolEv
FN:120,_ZN12LFThreadPool4joinEv
FNDA:5,_ZN12LFThreadPoolD2Ev
FNDA:8,_ZN12LFThreadPool5addFdEiSt8functionIFvvEE
FNDA:5,_ZN12LFThreadPool8stopPoolEv
FNDA:5,_ZN12LFThreadPool4joinEv
FNDA:13,_ZN12LFThreadPool16promoteNewLeaderEv
FNDA:50,_ZN12LFThreadPool12followerLoopEi
FNDA:5,_ZN12LFThreadPoolC2EmR7Reactor
FNF:7
FNH:7
DA:4,5
DA:5,5
DA:8,55
DA:11,50
DA:13,50
DA:15,50
DA:16,50
DA:17,50
DA:20,5
DA:21,5
DA:23,5
DA:26,5
DA:27,5
DA:28,5
DA:30,5
DA:32,5
DA:33,5
DA:34,5
DA:36,13
DA:39,13
DA:42,5
DA:43,5
DA:44,5
DA:45,5
DA:47,5
DA:48,5
DA:51,17
DA:54,17
DA:57,8
DA:58,8
DA:59,8
DA:60,8
DA:62,8
DA:63,8
DA:69,58
DA:74,58
DA:76,58
DA:77,58
DA:78,58
DA:81,58
DA:82,45
DA:85,13
DA:88,8
DA:89,8
DA:92,8
DA:94,8
DA:95,8
DA:96,8
DA:98,8
DA:99,8
DA:100,45
DA:103,8
DA:106,8
DA:107,8
DA:109,5
DA:112,5
DA:113,55
DA:115,50
DA:117,5
DA:118,5
DA:120,5
DA:122,55
DA:124,50
DA:126,50
DA:127,50
DA:128,50
DA:130,50
DA:131,50
DA:132,50
DA:134,5
LF:70
LH:70
end_of_record
TN:
SF:/home/eladubuntu/Git Projects/OS_2024-FINAL_PROJECT_MST/LFThreadPool.hpp
FN:116,_ZN12LFThreadPool11getOutputMxEv
FNDA:5,_ZN12LFThreadPool11getOutputMxEv
FNF:1
FNH:1
DA:116,5
LF:1
LH:1
end_of_record
TN:
SF:/home/eladubuntu/Git Projects/OS_2024-FINAL_PROJECT_MST/MSTFactory.cpp
FN:3,_ZN10MSTFactory11setStrategyEP11MSTStrategy
FN:12,_ZN10MSTFactory9createMSTERSt10unique_ptrI5GraphSt14default_deleteIS1_EE
FNDA:24,_ZN10MSTFactory11setStrategyEP11MSTStrategy
FNDA:24,_ZN10MSTFactory9createMSTERSt10unique_ptrI5GraphSt14default_deleteIS1_EE
FNF:2
FNH:2
DA:3,24
DA:5,24
DA:7,17
DA:9,24
DA:10,24
DA:12,24
DA:14,24
DA:15,48
DA:16,24
LF:9
LH:9
end_of_record
TN:
SF:/home/eladubuntu/Git Projects/OS_2024-FINAL_PROJECT_MST/MSTFactory.hpp
FN:25,_ZN10MSTFactory15destroyStrategyEv
FNDA:11,_ZN10MSTFactory15destroyStrategyEv
FNF:1
FNH:1
DA:25,11
LF:1
LH:1
end_of_record
TN:
SF:/home/eladubuntu/Git Projects/OS_2024-FINAL_PROJECT_MST/MSTStrategy.cpp
FN:3,_ZN12PrimStrategy6minKeyESt6vectorIiSaIiEES0_IbSaIbEEi
FN:17,_ZN12PrimStrategy7findMSTERK5Graph
FN:64,_ZN3DSU4findEi
FN:73,_ZN3DSU5uniteEii
FN:97,_ZN15KruskalStrategy7findMSTERK5Graph
FN:114,_ZZN15KruskalStrategy7findMSTERK5GraphENKUl4EdgeS3_E_clES3_S3_
FNDA:44,_ZN12PrimStrategy6minKeyESt6vectorIiSaIiEES0_IbSaIbEEi
FNDA:12,_ZN15KruskalStrategy7findMSTERK5Graph
FNDA:12,_ZN12PrimStrategy7findMSTERK5Graph
FNDA:199,_ZN3DSU4findEi
FNDA:44,_ZN3DSU5uniteEii
FNDA:94,_ZZN15KruskalStrategy7findMSTERK5GraphENKUl4EdgeS3_E_clES3_S3_
FNF:6
FNH:6
DA:3,44
DA:5,44
DA:6,252
DA:8,208
DA:10,66
DA:11,66
DA:14,44
DA:17,12
DA:19,12
DA:20,12
DA:22,12
DA:24,12
DA:26,12
DA:29,12
DA:31,12
DA:34,56
DA:37,44
DA:40,44
DA:44,136
DA:46,92
DA:47,92
DA:48,92
DA:50,52
DA:51,52
DA:56,56
DA:58,44
DA:61,24
DA:62,12
DA:64,199
DA:66,199
DA:68,176
DA:70,23
DA:73,44
DA:75,44
DA:76,44
DA:78,44
DA:80,44
DA:82,12
DA:84,32
DA:86,8
DA:90,24
DA:91,24
DA:94,44
DA:97,12
DA:98,12
DA:99,12
DA:100,12
DA:101,12
DA:104,12
DA:105,68
DA:106,168
DA:107,112
DA:108,56
DA:114,12
DA:115,94
DA:118,12
DA:121,56
DA:122,44
DA:124,44
DA:125,44
DA:127,44
DA:128,44
DA:129,44
DA:130,44
DA:133,8
DA:134,4
DA:139,16
DA:140,8
LF:68
LH:68
end_of_record
TN:
SF:/home/eladubuntu/Git Projects/OS_2024-FINAL_PROJECT_MST/MSTStrategy.hpp
FN:56,_ZN3DSUC2Ei
FNDA:12,_ZN3DSUC2Ei
FNF:1
FNH:1
DA:56,12
LF:1
LH:1
end_of_record
TN:
SF:/home/eladubuntu/Git Projects/OS_2024-FINAL_PROJECT_MST/PipelineServer.cpp
FN:34,_Z13signalHandleri
FN:47,_Z12sendResponseiRKNSt7__cxx1112basic_stringIcSt11char_traitsIcESaIcEEE
FN:56,_Z9scanGraphRiS_RNSt7__cxx1118basic_stringstreamIcSt11char_traitsIcESaIcEEERSt10unique_ptrI5GraphSt14default_deleteIS8_EE
FN:71,_Z11scanSrcDestRNSt7__cxx1118basic_stringstreamIcSt11char_traitsIcESaIcEEERSt6atomicIiES8_
FN:89,_Z14handleCommandsiRSt6vectorISt10unique_ptrI12ActiveObjectSt14default_deleteIS1_EESaIS4_EERS0_I5GraphS2_IS8_EER10MSTFactoryRS0_I4TreeS2_ISE_EE
FN:144,_ZZ14handleCommandsiRSt6vectorISt10unique_ptrI12ActiveObjectSt14default_deleteIS1_EESaIS4_EERS0_I5GraphS2_IS8_EER10MSTFactoryRS0_I4TreeS2_ISE_EEENKUlvE_clEv
FN:202,_ZZ14handleCommandsiRSt6vectorISt10unique_ptrI12ActiveObjectSt14default_deleteIS1_EESaIS4_EERS0_I5GraphS2_IS8_EER10MSTFactoryRS0_I4TreeS2_ISE_EEENKUlvE0_clEv
FN:226,_ZZ14handleCommandsiRSt6vectorISt10unique_ptrI12ActiveObjectSt14default_deleteIS1_EESaIS4_EERS0_I5GraphS2_IS8_EER10MSTFactoryRS0_I4TreeS2_ISE_EEENKUlvE1_clEv
FN:237,_ZZ14handleCommandsiRSt6vectorISt10unique_ptrI12ActiveObjectSt14default_deleteIS1_EESaIS4_EERS0_I5GraphS2_IS8_EER10MSTFactoryRS0_I4TreeS2_ISE_EEENKUlvE2_clEv
FN:256,_ZZ14handleCommandsiRSt6vectorISt10unique_ptrI12ActiveObjectSt14default_deleteIS1_EESaIS4_EERS0_I5GraphS2_IS8_EER10MSTFactoryRS0_I4TreeS2_ISE_EEENKUlvE3_clEv
FN:267,_ZZ14handleCommandsiRSt6vectorISt10unique_ptrI12ActiveObjectSt14default_deleteIS1_EESaIS4_EERS0_I5GraphS2_IS8_EER10MSTFactoryRS0_I4TreeS2_ISE_EEENKUlvE4_clEv
FN:286,_ZZ14handleCommandsiRSt6vectorISt10unique_ptrI12ActiveObjectSt14default_deleteIS1_EESaIS4_EERS0_I5GraphS2_IS8_EER10MSTFactoryRS0_I4TreeS2_ISE_EEENKUlvE5_clEv
FN:307,_ZZ14handleCommandsiRSt6vectorISt10unique_ptrI12ActiveObjectSt14default_deleteIS1_EESaIS4_EERS0_I5GraphS2_IS8_EER10MSTFactoryRS0_I4TreeS2_ISE_EEENKUlvE6_clEv
FN:316,_ZZ14handleCommandsiRSt6vectorISt10unique_ptrI12ActiveObjectSt14default_deleteIS1_EESaIS4_EERS0_I5GraphS2_IS8_EER10MSTFactoryRS0_I4TreeS2_ISE_EEENKUlvE7_clEv
FN:329,_ZZ14handleCommandsiRSt6vectorISt10unique_ptrI12ActiveObjectSt14default_deleteIS1_EESaIS4_EERS0_I5GraphS2_IS8_EER10MSTFactoryRS0_I4TreeS2_ISE_EEENKUlvE8_clEv
FN:350,_ZZ14handleCommandsiRSt6vectorISt10unique_ptrI12ActiveObjectSt14default_deleteIS1_EESaIS4_EERS0_I5GraphS2_IS8_EER10MSTFactoryRS0_I4TreeS2_ISE_EEENKUlvE9_clEv
FN:365,_ZZ14handleCommandsiRSt6vectorISt10unique_ptrI12ActiveObjectSt14default_deleteIS1_EESaIS4_EERS0_I5GraphS2_IS8_EER10MSTFactoryRS0_I4TreeS2_ISE_EEENKUlvE10_clEv
FN:372,_ZZZ14handleCommandsiRSt6vectorISt10unique_ptrI12ActiveObjectSt14default_deleteIS1_EESaIS4_EERS0_I5GraphS2_IS8_EER10MSTFactoryRS0_I4TreeS2_ISE_EEENKUlvE3_clEvENKUlvE_clEv
FN:382,_ZZZZ14handleCommandsiRSt6vectorISt10unique_ptrI12ActiveObjectSt14default_deleteIS1_EESaIS4_EERS0_I5GraphS2_IS8_EER10MSTFactoryRS0_I4TreeS2_ISE_EEENKUlvE3_clEvENKUlvE_clEvENKUlvE_clEv
FN:389,_ZZZZZ14handleCommandsiRSt6vectorISt10unique_ptrI12ActiveObjectSt14default_deleteIS1_EESaIS4_EERS0_I5GraphS2_IS8_EER10MSTFactoryRS0_I4TreeS2_ISE_EEENKUlvE3_clEvENKUlvE_clEvENKUlvE_clEvENKUlvE_clEv
FN:396,_ZZZZZZ14handleCommandsiRSt6vectorISt10unique_ptrI12ActiveObjectSt14default_deleteIS1_EESaIS4_EERS0_I5GraphS2_IS8_EER10MSTFactoryRS0_I4TreeS2_ISE_EEENKUlvE3_clEvENKUlvE_clEvENKUlvE_clEvENKUlvE_clEvENKUlvE_clEv
FN:400,_Z16acceptConnectioni
FN:403,_ZZZZZZZ14handleCommandsiRSt6vectorISt10unique_ptrI12ActiveObjectSt14default_deleteIS1_EESaIS4_EERS0_I5GraphS2_IS8_EER10MSTFactoryRS0_I4TreeS2_ISE_EEENKUlvE3_clEvENKUlvE_clEvENKUlvE_clEvENKUlvE_clEvENKUlvE_clEvENKUlvE_clEv
FN:422,main
FN:433,_ZZ4mainENKUliE_clEi
FN:516,_ZZ4mainENKUlPvE0_clES_
FNDA:10,_Z11scanSrcDestRNSt7__cxx1118basic_stringstreamIcSt11char_traitsIcESaIcEEERSt6atomicIiES8_
FNDA:12,_ZZ14handleCommandsiRSt6vectorISt10unique_ptrI12ActiveObjectSt14default_deleteIS1_EESaIS4_EERS0_I5GraphS2_IS8_EER10MSTFactoryRS0_I4TreeS2_ISE_EEENKUlvE2_clEv
FNDA:4,_ZZ14handleCommandsiRSt6vectorISt10unique_ptrI12ActiveObjectSt14default_deleteIS1_EESaIS4_EERS0_I5GraphS2_IS8_EER10MSTFactoryRS0_I4TreeS2_ISE_EEENKUlvE10_clEv
FNDA:6,_Z13signalHandleri
FNDA:34,_ZZ14handleCommandsiRSt6vectorISt10unique_ptrI12ActiveObjectSt14default_deleteIS1_EESaIS4_EERS0_I5GraphS2_IS8_EER10MSTFactoryRS0_I4TreeS2_ISE_EEENKUlvE0_clEv
FNDA:4,_ZZZZZ14handleCommandsiRSt6vectorISt10unique_ptrI12ActiveObjectSt14default_deleteIS1_EESaIS4_EERS0_I5GraphS2_IS8_EER10MSTFactoryRS0_I4TreeS2_ISE_EEENKUlvE3_clEvENKUlvE_clEvENKUlvE_clEvENKUlvE_clEv
FNDA:6,main
FNDA:16,_ZZ14handleCommandsiRSt6vectorISt10unique_ptrI12ActiveObjectSt14default_deleteIS1_EESaIS4_EERS0_I5GraphS2_IS8_EER10MSTFactoryRS0_I4TreeS2_ISE_EEENKUlvE_clEv
FNDA:4,_ZZZZ14handleCommandsiRSt6vectorISt10unique_ptrI12ActiveObjectSt14default_deleteIS1_EESaIS4_EERS0_I5GraphS2_IS8_EER10MSTFactoryRS0_I4TreeS2_ISE_EEENKUlvE3_clEvENKUlvE_clEvENKUlvE_clEv
FNDA:4,_ZZZ14handleCommandsiRSt6vectorISt10unique_ptrI12ActiveObjectSt14default_deleteIS1_EESaIS4_EERS0_I5GraphS2_IS8_EER10MSTFactoryRS0_I4TreeS2_ISE_EEENKUlvE3_clEvENKUlvE_clEv
FNDA:16,_ZZ14handleCommandsiRSt6vectorISt10unique_ptrI12ActiveObjectSt14default_deleteIS1_EESaIS4_EERS0_I5GraphS2_IS8_EER10MSTFactoryRS0_I4TreeS2_ISE_EEENKUlvE3_clEv
FNDA:10,_Z14handleCommandsiRSt6vectorISt10unique_ptrI12ActiveObjectSt14default_deleteIS1_EESaIS4_EERS0_I5GraphS2_IS8_EER10MSTFactoryRS0_I4TreeS2_ISE_EE
FNDA:10,_ZZ14handleCommandsiRSt6vectorISt10unique_ptrI12ActiveObjectSt14default_deleteIS1_EESaIS4_EERS0_I5GraphS2_IS8_EER10MSTFactoryRS0_I4TreeS2_ISE_EEENKUlvE6_clEv
FNDA:4,_ZZ14handleCommandsiRSt6vectorISt10unique_ptrI12ActiveObjectSt14default_deleteIS1_EESaIS4_EERS0_I5GraphS2_IS8_EER10MSTFactoryRS0_I4TreeS2_ISE_EEENKUlvE5_clEv
FNDA:10,_ZZ4mainENKUlPvE0_clES_
FNDA:12,_ZZ14handleCommandsiRSt6vectorISt10unique_ptrI12ActiveObjectSt14default_deleteIS1_EESaIS4_EERS0_I5GraphS2_IS8_EER10MSTFactoryRS0_I4TreeS2_ISE_EEENKUlvE1_clEv
FNDA:20,_ZZ14handleCommandsiRSt6vectorISt10unique_ptrI12ActiveObjectSt14default_deleteIS1_EESaIS4_EERS0_I5GraphS2_IS8_EER10MSTFactoryRS0_I4TreeS2_ISE_EEENKUlvE7_clEv
FNDA:16,_Z16acceptConnectioni
FNDA:4,_ZZZZZZ14handleCommandsiRSt6vectorISt10unique_ptrI12ActiveObjectSt14default_deleteIS1_EESaIS4_EERS0_I5GraphS2_IS8_EER10MSTFactoryRS0_I4TreeS2_ISE_EEENKUlvE3_clEvENKUlvE_clEvENKUlvE_clEvENKUlvE_clEvENKUlvE_clEv
FNDA:4,_ZZ14handleCommandsiRSt6vectorISt10unique_ptrI12ActiveObjectSt14default_deleteIS1_EESaIS4_EERS0_I5GraphS2_IS8_EER10MSTFactoryRS0_I4TreeS2_ISE_EEENKUlvE9_clEv
FNDA:118,_Z12sendResponseiRKNSt7__cxx1112basic_stringIcSt11char_traitsIcESaIcEEE
FNDA:4,_ZZ14handleCommandsiRSt6vectorISt10unique_ptrI12ActiveObjectSt14default_deleteIS1_EESaIS4_EERS0_I5GraphS2_IS8_EER10MSTFactoryRS0_I4TreeS2_ISE_EEENKUlvE4_clEv
FNDA:4,_ZZZZZZZ14handleCommandsiRSt6vectorISt10unique_ptrI12ActiveObjectSt14default_deleteIS1_EESaIS4_EERS0_I5GraphS2_IS8_EER10MSTFactoryRS0_I4TreeS2_ISE_EEENKUlvE3_clEvENKUlvE_clEvENKUlvE_clEvENKUlvE_clEvENKUlvE_clEvENKUlvE_clEv
FNDA:16,_Z9scanGraphRiS_RNSt7__cxx1118basic_stringstreamIcSt11char_traitsIcESaIcEEERSt10unique_ptrI5GraphSt14default_deleteIS8_EE
FNDA:6,_ZZ4mainENKUliE_clEi
FNDA:6,_ZZ14handleCommandsiRSt6vectorISt10unique_ptrI12ActiveObjectSt14default_deleteIS1_EESaIS4_EERS0_I5GraphS2_IS8_EER10MSTFactoryRS0_I4TreeS2_ISE_EEENKUlvE8_clEv
FNF:26
FNH:26
DA:34,2
DA:36,2
DA:37,2
DA:38,2
DA:40,2
DA:41,2
DA:42,2
DA:43,2
DA:44,2
DA:45,0
DA:47,64
DA:49,64
DA:51,4
DA:52,0
DA:53,4
DA:54,68
DA:55,4
DA:56,12
DA:57,4
DA:58,4
DA:59,12
DA:60,4
DA:61,2
DA:62,2
DA:63,2
DA:64,2
DA:66,6
DA:68,6
DA:69,54
DA:71,64
DA:73,0
DA:74,0
DA:75,10
DA:76,54
DA:78,4
DA:79,4
DA:83,6
DA:84,6
DA:86,6
DA:87,8
DA:89,14
DA:90,6
DA:91,10
DA:92,10
DA:93,10
DA:94,4
DA:95,62
DA:96,66
DA:97,66
DA:98,62
DA:99,4
DA:100,4
DA:101,4
DA:102,4
DA:103,4
DA:104,4
DA:105,0
DA:108,58
DA:109,58
DA:110,58
DA:112,62
DA:113,58
DA:114,4
DA:115,62
DA:116,62
DA:117,62
DA:119,106
DA:121,106
DA:122,48
DA:123,58
DA:125,2
DA:126,12
DA:127,2
DA:128,4
DA:129,2
DA:130,10
DA:131,6
DA:132,4
DA:134,8
DA:135,4
DA:136,4
DA:137,46
DA:138,46
DA:139,54
DA:140,8
DA:141,54
DA:142,54
DA:144,54
DA:145,54
DA:146,54
DA:147,8
DA:148,54
DA:149,8
DA:150,54
DA:152,10
DA:154,18
DA:155,16
DA:156,10
DA:157,2
DA:158,8
DA:159,16
DA:160,2
DA:161,4
DA:162,2
DA:164,40
DA:165,28
DA:166,2
DA:167,2
DA:168,28
DA:169,28
DA:170,36
DA:171,36
DA:172,36
DA:173,36
DA:175,36
DA:176,2
DA:177,10
DA:178,10
DA:179,10
DA:180,10
DA:181,10
DA:182,8
DA:183,0
DA:185,8
DA:186,16
DA:187,34
DA:188,26
DA:189,8
DA:190,8
DA:191,0
DA:192,4
DA:193,4
DA:194,28
DA:196,52
DA:197,6
DA:198,30
DA:199,6
DA:201,24
DA:202,44
DA:203,20
DA:204,44
DA:205,44
DA:206,24
DA:207,24
DA:209,30
DA:210,6
DA:211,8
DA:212,8
DA:213,6
DA:214,62
DA:215,8
DA:216,8
DA:217,4
DA:218,2
DA:220,0
DA:221,4
DA:222,2
DA:223,2
DA:225,22
DA:226,26
DA:227,4
DA:228,6
DA:229,6
DA:230,6
DA:233,28
DA:234,4
DA:235,24
DA:237,10
DA:238,10
DA:239,10
DA:240,4
DA:241,4
DA:242,18
DA:243,4
DA:244,62
DA:245,20
DA:246,20
DA:247,2
DA:248,2
DA:250,4
DA:251,8
DA:252,6
DA:253,6
DA:254,4
DA:255,14
DA:256,40
DA:257,4
DA:258,14
DA:259,14
DA:260,4
DA:261,2
DA:262,2
DA:263,4
DA:264,4
DA:265,12
DA:267,12
DA:268,12
DA:269,4
DA:270,6
DA:271,6
DA:272,6
DA:273,6
DA:274,44
DA:275,8
DA:276,12
DA:277,8
DA:278,8
DA:280,4
DA:282,4
DA:283,4
DA:284,6
DA:286,10
DA:287,10
DA:288,12
DA:289,4
DA:290,4
DA:291,30
DA:292,4
DA:293,46
DA:294,22
DA:295,12
DA:296,4
DA:297,4
DA:300,18
DA:301,10
DA:302,8
DA:303,18
DA:304,10
DA:305,12
DA:306,2
DA:307,12
DA:308,12
DA:309,12
DA:310,12
DA:311,16
DA:312,16
DA:313,6
DA:315,14
DA:316,30
DA:317,10
DA:319,12
DA:320,4
DA:321,10
DA:322,6
DA:323,8
DA:325,6
DA:326,12
DA:327,22
DA:329,18
DA:330,6
DA:331,30
DA:332,12
DA:333,6
DA:334,10
DA:335,10
DA:336,10
DA:337,10
DA:338,38
DA:339,10
DA:340,14
DA:341,2
DA:342,6
DA:343,4
DA:344,4
DA:345,4
DA:346,8
DA:347,8
DA:348,4
DA:349,4
DA:350,4
DA:351,6
DA:352,6
DA:353,4
DA:354,4
DA:355,8
DA:356,4
DA:357,6
DA:358,18
DA:359,6
DA:360,8
DA:361,2
DA:362,4
DA:365,4
DA:366,4
DA:367,4
DA:368,4
DA:369,4
DA:370,4
DA:371,4
DA:372,16
DA:373,2
DA:374,6
DA:375,2
DA:376,4
DA:377,8
DA:378,8
DA:379,4
DA:381,4
DA:382,36
DA:383,58
DA:384,26
DA:385,4
DA:386,36
DA:387,36
DA:388,36
DA:389,36
DA:390,136
DA:392,10
DA:393,4
DA:394,4
DA:395,4
DA:396,4
DA:397,6
DA:399,4
DA:400,12
DA:401,4
DA:402,4
DA:403,12
DA:404,8
DA:405,6
DA:406,4
DA:407,4
DA:408,0
DA:409,4
DA:410,10
DA:411,4
DA:412,6
DA:413,4
DA:414,10
DA:415,10
DA:416,16
DA:417,10
DA:418,10
DA:419,4
DA:420,4
DA:421,4
DA:422,6
DA:424,4
DA:425,2
DA:426,6
DA:427,14
DA:428,2
DA:429,6
DA:430,2
DA:431,4
DA:432,4
DA:433,4
DA:437,10
DA:438,2
DA:439,6
DA:440,6
DA:442,34
DA:443,62
DA:444,30
DA:445,2
DA:446,34
DA:447,34
DA:448,48
DA:449,32
DA:450,88
DA:451,14
DA:452,4
DA:453,6
DA:454,2
DA:455,4
DA:460,2
DA:461,8
DA:463,2
DA:464,8
DA:465,8
DA:466,4
DA:468,0
DA:469,0
DA:470,2
DA:471,4
DA:472,0
DA:473,4
DA:475,4
DA:476,4
DA:477,10
DA:478,6
DA:479,6
DA:480,2
DA:483,2
DA:485,0
DA:486,0
DA:490,2
DA:491,4
DA:492,0
DA:493,4
DA:494,4
DA:495,4
DA:496,4
DA:497,6
DA:498,6
DA:499,6
DA:500,4
DA:501,16
DA:502,4
DA:503,14
DA:504,8
DA:506,4
DA:507,4
DA:508,8
DA:509,10
DA:510,4
DA:511,4
DA:512,4
DA:513,4
DA:514,10
DA:515,32
DA:516,6
DA:517,28
DA:518,6
DA:519,10
DA:520,4
DA:521,14
DA:523,6
DA:524,6
DA:525,10
DA:527,4
DA:529,0
DA:530,0
DA:533,4
DA:535,0
DA:536,0
DA:539,4
DA:540,4
DA:541,4
DA:542,4
DA:544,4
DA:546,0
DA:547,0
DA:550,4
DA:552,0
DA:553,0
DA:557,4
DA:558,4
DA:559,4
DA:561,32
DA:563,28
DA:568,8
DA:569,4
DA:571,0
DA:574,4
DA:576,4
DA:578,4
DA:579,4
DA:580,4
DA:582,4
DA:583,4
DA:584,4
DA:588,0
LF:453
LH:428
end_of_record
TN:
SF:/home/eladubuntu/Git Projects/OS_2024-FINAL_PROJECT_MST/Reactor.cpp
FN:3,_ZN7Reactor9addHandleEiSt8functionIFvvEE
FN:10,_ZN7Reactor12handleEventsEv
FNDA:13,_ZN7Reactor12handleEventsEv
FNDA:5,_ZN7Reactor9addHandleEiSt8functionIFvvEE
FNF:2
FNH:2
DA:3,5
DA:5,5
DA:6,5
DA:7,5
DA:8,5
DA:10,13
DA:13,13
DA:15,13
DA:18,8
DA:20,0
DA:21,0
DA:25,40
DA:28,32
DA:30,8
DA:32,8
DA:37,8
LF:16
LH:14
end_of_record
TN:
SF:/home/eladubuntu/Git Projects/OS_2024-FINAL_PROJECT_MST/Reactor.hpp
FN:44,_ZN7ReactorC2Ev
FNDA:5,_ZN7ReactorC2Ev
FNF:1
FNH:1
DA:44,5
DA:46,85
DA:47,85
DA:48,5
LF:4
LH:4
end_of_record
TN:
SF:/home/eladubuntu/Git Projects/OS_2024-FINAL_PROJECT_MST/ThreadContext.cpp
FN:3,_ZN13ThreadContext12createThreadESt8functionIFvvEE
FN:8,_ZZN13ThreadContext12createThreadESt8functionIFvvEEENKUlPvE_clES3_
FN:25,_ZN13ThreadContext6wakeUpEv
FN:33,_ZN13ThreadContext5sleepEv
FN:39,_ZN13ThreadContext13conditionWaitERKSt6atomicIbE
FN:43,_ZZN13ThreadContext13conditionWaitERKSt6atomicIbEENKUlvE_clEv
FNDA:116,_ZZN13ThreadContext13conditionWaitERKSt6atomicIbEENKUlvE_clEv
FNDA:58,_ZN13ThreadContext13conditionWaitERKSt6atomicIbE
FNDA:50,_ZZN13ThreadContext12createThreadESt8functionIFvvEEENKUlPvE_clES3_
FNDA:13,_ZN13ThreadContext6wakeUpEv
FNDA:50,_ZN13ThreadContext12createThreadESt8functionIFvvEE
FNDA:8,_ZN13ThreadContext5sleepEv
FNF:6
FNH:6
DA:3,50
DA:6,50
DA:8,50
DA:10,50
DA:13,50
DA:15,45
DA:16,50
DA:18,50
DA:19,0
DA:22,50
DA:25,13
DA:27,13
DA:29,13
DA:30,13
DA:31,13
DA:33,8
DA:35,8
DA:36,8
DA:37,8
DA:39,58
DA:42,58
DA:43,174
DA:44,58
LF:23
LH:22
end_of_record
TN:
SF:/home/eladubuntu/Git Projects/OS_2024-FINAL_PROJECT_MST/ThreadContext.hpp
FN:39,_ZN13ThreadContextC2Ev
FN:44,_ZN13ThreadContextD2Ev
FN:58,_ZN13ThreadContext9addHandleEiSt8functionIFvvEE
FN:64,_ZN13ThreadContext12executeEventEv
FN:66,_ZNK13ThreadContext5getIdEv
FN:71,_ZN13ThreadContextneERKS_
FN:85,_ZN13ThreadContext7isAwakeEv
FN:100,_ZN13ThreadContext6notifyEv
FN:103,_ZN13ThreadContext4joinEv
FN:104,_ZN13ThreadContext6cancelEv
FNDA:50,_ZN13ThreadContext6notifyEv
FNDA:50,_ZN13ThreadContext4joinEv
FNDA:8,_ZN13ThreadContext9addHandleEiSt8functionIFvvEE
FNDA:179,_ZNK13ThreadContext5getIdEv
FNDA:17,_ZN13ThreadContextneERKS_
FNDA:50,_ZN13ThreadContext6cancelEv
FNDA:11,_ZN13ThreadContext7isAwakeEv
FNDA:50,_ZN13ThreadContextD2Ev
FNDA:50,_ZN13ThreadContextC2Ev
FNDA:8,_ZN13ThreadContext12executeEventEv
FNF:10
FNH:10
DA:39,50
DA:44,50
DA:58,8
DA:64,8
DA:66,179
DA:71,17
DA:85,11
DA:100,50
DA:103,50
DA:104,50
LF:10
LH:10
end_of_record
TN:
SF:/home/eladubuntu/Git Projects/OS_2024-FINAL_PROJECT_MST/Tree.cpp
FN:11,_ZN4Tree4initESt6vectorI4EdgeSaIS1_EE
FN:23,_ZN4Tree11totalWeightEv
FN:36,_ZN4Tree8dijkstraEiRSt6vectorIiSaIiEE
FN:72,_ZN4Tree3dfsEiiRSt6vectorIiSaIiEES3_
FN:85,_ZN4Tree12shortestPathB5cxx11Ev
FN:85,_ZN4Tree12shortestPathB5cxx11Eii
FN:120,_ZN4Tree15reconstructPathB5cxx11EiiRKSt6vectorIiSaIiEEi
FN:156,_ZN4Tree13floydWarshallEv
FN:184,_ZN4Tree20averageDistanceEdgesEv
FN:205,_ZN4Tree12farthestNodeEi
FN:227,_ZN4Tree8diameterEv
FN:238,_ZN4Tree7addEdgeEiii
FN:264,_ZN4Tree10removeEdgeEii
FN:269,_ZN4Tree8printMSTB5cxx11Ev
FN:275,_ZN4Tree8printMSTB5cxx11EiiiRSt6vectorIbSaIbEE
FNDA:16,_ZN4Tree20averageDistanceEdgesEv
FNDA:24,_ZN4Tree4initESt6vectorI4EdgeSaIS1_EE
FNDA:0,_ZN4Tree10removeEdgeEii
FNDA:32,_ZN4Tree12farthestNodeEi
FNDA:112,_ZN4Tree8printMSTB5cxx11EiiiRSt6vectorIbSaIbEE
FNDA:152,_ZN4Tree3dfsEiiRSt6vectorIiSaIiEES3_
FNDA:16,_ZN4Tree13floydWarshallEv
FNDA:16,_ZN4Tree15reconstructPathB5cxx11EiiRKSt6vectorIiSaIiEEi
FNDA:16,_ZN4Tree11totalWeightEv
FNDA:8,_ZN4Tree12shortestPathB5cxx11Ev
FNDA:14,_ZN4Tree12shortestPathB5cxx11Eii
FNDA:88,_ZN4Tree7addEdgeEiii
FNDA:16,_ZN4Tree8diameterEv
FNDA:16,_ZN4Tree8dijkstraEiRSt6vectorIiSaIiEE
FNDA:24,_ZN4Tree8printMSTB5cxx11Ev
FNF:15
FNH:14
DA:11,24
DA:13,24
DA:14,24
DA:15,24
DA:17,112
DA:19,88
DA:21,24
DA:23,16
DA:25,16
DA:26,92
DA:28,196
DA:30,120
DA:33,16
DA:36,16
DA:39,16
DA:41,16
DA:43,16
DA:44,16
DA:45,16
DA:48,92
DA:51,76
DA:52,76
DA:55,196
DA:57,120
DA:58,120
DA:60,120
DA:63,60
DA:64,60
DA:65,60
DA:69,32
DA:70,16
DA:72,152
DA:74,392
DA:76,240
DA:78,120
DA:79,120
DA:80,120
DA:83,152
DA:85,22
DA:87,14
DA:88,8
DA:89,8
DA:91,14
DA:92,48
DA:93,6
DA:94,104
DA:96,72
DA:97,8
DA:98,18
DA:99,26
DA:100,18
DA:101,0
DA:104,8
DA:105,8
DA:106,8
DA:107,8
DA:108,0
DA:109,8
DA:110,8
DA:112,8
DA:113,8
DA:115,8
DA:116,42
DA:117,8
DA:118,34
DA:119,34
DA:120,8
DA:122,16
DA:123,8
DA:124,0
DA:125,0
DA:127,8
DA:128,16
DA:129,16
DA:130,42
DA:131,16
DA:132,50
DA:133,34
DA:135,34
DA:137,0
DA:138,8
DA:139,8
DA:140,16
DA:141,8
DA:143,32
DA:145,24
DA:146,60
DA:148,44
DA:149,92
DA:151,64
DA:152,8
DA:153,8
DA:155,44
DA:156,8
DA:157,200
DA:158,8
DA:159,968
DA:161,1152
DA:162,460
DA:164,136
DA:168,48
DA:169,8
DA:170,240
DA:171,8
DA:172,1200
DA:173,8
DA:174,1630
DA:175,630
DA:176,44
DA:177,96
DA:178,100
DA:180,64
DA:182,72
DA:183,64
DA:184,8
DA:186,8
DA:187,8
DA:188,16
DA:189,48
DA:191,120
DA:192,16
DA:193,80
DA:194,16
DA:195,96
DA:196,96
DA:198,16
DA:200,16
DA:201,24
DA:202,88
DA:204,72
DA:205,16
DA:206,28
DA:207,44
DA:208,16
DA:209,16
DA:211,48
DA:212,16
DA:213,16
DA:214,24
DA:215,96
DA:217,88
DA:219,46
DA:220,54
DA:222,8
DA:224,32
DA:225,72
DA:227,64
DA:229,0
DA:230,8
DA:233,64
DA:235,8
DA:236,0
DA:238,32
DA:239,56
DA:240,32
DA:241,0
DA:242,0
DA:243,0
DA:245,56
DA:246,88
DA:247,56
DA:248,56
DA:249,0
DA:250,0
DA:252,32
DA:254,0
DA:255,16
DA:257,16
DA:258,80
DA:259,48
DA:260,32
DA:261,104
DA:263,72
DA:264,72
DA:265,16
DA:266,0
DA:268,72
DA:269,8
DA:270,184
DA:271,8
DA:272,136
DA:273,8
DA:275,96
DA:277,40
DA:278,96
DA:279,8
DA:281,56
DA:282,40
DA:284,160
DA:285,56
DA:286,64
DA:288,72
DA:289,48
DA:292,104
DA:293,0
DA:295,32
DA:298,32
DA:299,32
DA:302,40
DA:303,8
DA:306,40
DA:307,0
LF:202
LH:186
end_of_record
TN:
SF:/home/eladubuntu/Git Projects/OS_2024-FINAL_PROJECT_MST/Tree.hpp
FN:24,_ZN4TreeC2ESt6vectorI4EdgeSaIS1_EE
FNDA:24,_ZN4TreeC2ESt6vectorI4EdgeSaIS1_EE
FNF:1
FNH:1
DA:24,16
DA:96,8
LF:2
LH:2
end_of_record
TN:
SF:/usr/include/c++/11/atomic
FN:76,_ZNSt6atomicIbEC2Eb
FN:86,_ZNKSt6atomicIbEcvbEv
FN:103,_ZNSt6atomicIbE5storeEbSt12memory_order
FN:111,_ZNKSt6atomicIbE4loadESt12memory_order
FNDA:150,_ZNKSt6atomicIbEcvbEv
FNDA:918,_ZNKSt6atomicIbE4loadESt12memory_order
FNDA:218,_ZNSt6atomicIbE5storeEbSt12memory_order
FNDA:102,_ZNSt6atomicIbEC2Eb
FNF:4
FNH:4
DA:76,102
DA:86,150
DA:87,300
DA:103,218
DA:104,218
DA:111,918
DA:112,1836
LF:7
LH:7
end_of_record
TN:
SF:/usr/include/c++/11/bits/alloc_traits.h
FN:463,_ZNSt16allocator_traitsISaImEE8allocateERS0_m
FN:463,_ZNSt16allocator_traitsISaIiEE8allocateERS0_m
FN:463,_ZNSt16allocator_traitsISaISt6vectorI4EdgeSaIS1_EEEE8allocateERS4_m
FN:463,_ZNSt16allocator_traitsISaISt13_Rb_tree_nodeISt4pairIKiSt8functionIFvvEEEEEE8allocateERS8_m
FN:463,_ZNSt16allocator_traitsISaIPSt8functionIFvvEEEE8allocateERS4_m
FN:463,_ZNSt16allocator_traitsISaI4EdgeEE8allocateERS1_m
FN:463,_ZNSt16allocator_traitsISaISt10shared_ptrI13ThreadContextEEE8allocateERS3_m
FN:463,_ZNSt16allocator_traitsISaISt10unique_ptrI12ActiveObjectSt14default_deleteIS1_EEEE8allocateERS5_m
FN:463,_ZNSt16allocator_traitsISaISt4pairIiiEEE8allocateERS2_m
FN:463,_ZNSt16allocator_traitsISaISt6vectorIiSaIiEEEE8allocateERS3_m
FN:463,_ZNSt16allocator_traitsISaISt23_Sp_counted_ptr_inplaceI13ThreadContextSaIS1_ELN9__gnu_cxx12_Lock_policyE2EEEE8allocateERS6_m
FN:463,_ZNSt16allocator_traitsISaISt8functionIFvvEEEE8allocateERS3_m
FN:495,_ZNSt16allocator_traitsISaISt8functionIFvvEEEE10deallocateERS3_PS2_m
FN:495,_ZNSt16allocator_traitsISaISt4pairIiiEEE10deallocateERS2_PS1_m
FN:495,_ZNSt16allocator_traitsISaISt10shared_ptrI13ThreadContextEEE10deallocateERS3_PS2_m
FN:495,_ZNSt16allocator_traitsISaISt6threadEE10deallocateERS1_PS0_m
FN:495,_ZNSt16allocator_traitsISaI4EdgeEE10deallocateERS1_PS0_m
FN:495,_ZNSt16allocator_traitsISaISt10unique_ptrI12ActiveObjectSt14default_deleteIS1_EEEE10deallocateERS5_PS4_m
FN:495,_ZNSt16allocator_traitsISaIiEE10deallocateERS0_Pim
FN:495,_ZNSt16allocator_traitsISaImEE10deallocateERS0_Pmm
FN:495,_ZNSt16allocator_traitsISaIPSt8functionIFvvEEEE10deallocateERS4_PS3_m
FN:495,_ZNSt16allocator_traitsISaISt6vectorIiSaIiEEEE10deallocateERS3_PS2_m
FN:495,_ZNSt16allocator_traitsISaISt6vectorI4EdgeSaIS1_EEEE10deallocateERS4_PS3_m
FN:495,_ZNSt16allocator_traitsISaISt13_Rb_tree_nodeISt4pairIKiSt8functionIFvvEEEEEE10deallocateERS8_PS7_m
FN:495,_ZNSt16allocator_traitsISaISt23_Sp_counted_ptr_inplaceI13ThreadContextSaIS1_ELN9__gnu_cxx12_Lock_policyE2EEEE10deallocateERS6_PS5_m
FN:511,_ZNSt16allocator_traitsISaISt6vectorIiSaIiEEEE9constructIS2_JRKS2_EEEvRS3_PT_DpOT0_
FN:511,_ZNSt16allocator_traitsISaIiEE9constructIiJiEEEvRS0_PT_DpOT0_
FN:511,_ZNSt16allocator_traitsISaISt8functionIFvvEEEE9constructIS2_JRZ14handleCommandsiRSt6vectorISt10unique_ptrI12ActiveObjectSt14default_deleteIS8_EESaISB_EERS7_I5GraphS9_ISF_EER10MSTFactoryRS7_I4TreeS9_ISL_EEEUlvE_EEEvRS3_PT_DpOT0_
FN:511,_ZNSt16allocator_traitsISaISt8functionIFvvEEEE9constructIS2_JRZ14handleCommandsiRSt6vectorISt10unique_ptrI12ActiveObjectSt14default_deleteIS8_EESaISB_EERS7_I5GraphS9_ISF_EER10MSTFactoryRS7_I4TreeS9_ISL_EEEUlvE9_EEEvRS3_PT_DpOT0_
FN:511,_ZNSt16allocator_traitsISaISt8functionIFvvEEEE9constructIS2_JRZ14handleCommandsiRSt6vectorISt10unique_ptrI12ActiveObjectSt14default_deleteIS8_EESaISB_EERS7_I5GraphS9_ISF_EER10MSTFactoryRS7_I4TreeS9_ISL_EEEUlvE0_EEEvRS3_PT_DpOT0_
FN:511,_ZNSt16allocator_traitsISaISt8functionIFvvEEEE9constructIS2_JRZ14handleCommandsiRSt6vectorISt10unique_ptrI12ActiveObjectSt14default_deleteIS8_EESaISB_EERS7_I5GraphS9_ISF_EER10MSTFactoryRS7_I4TreeS9_ISL_EEEUlvE5_EEEvRS3_PT_DpOT0_
FN:511,_ZNSt16allocator_traitsISaISt8functionIFvvEEEE9constructIS2_JRZ14handleCommandsiRSt6vectorISt10unique_ptrI12ActiveObjectSt14default_deleteIS8_EESaISB_EERS7_I5GraphS9_ISF_EER10MSTFactoryRS7_I4TreeS9_ISL_EEEUlvE4_EEEvRS3_PT_DpOT0_
FN:511,_ZNSt16allocator_traitsISaISt8functionIFvvEEEE9constructIS2_JRZ14handleCommandsiRSt6vectorISt10unique_ptrI12ActiveObjectSt14default_deleteIS8_EESaISB_EERS7_I5GraphS9_ISF_EER10MSTFactoryRS7_I4TreeS9_ISL_EEEUlvE2_EEEvRS3_PT_DpOT0_
FN:511,_ZNSt16allocator_traitsISaISt8functionIFvvEEEE9constructIS2_JRZZZ14handleCommandsiRSt6vectorISt10unique_ptrI12ActiveObjectSt14default_deleteIS8_EESaISB_EERS7_I5GraphS9_ISF_EER10MSTFactoryRS7_I4TreeS9_ISL_EEENKUlvE3_clEvENKUlvE_clEvEUlvE_EEEvRS3_PT_DpOT0_
FN:511,_ZNSt16allocator_traitsISaI4EdgeEE9constructIS0_JS0_EEEvRS1_PT_DpOT0_
FN:511,_ZNSt16allocator_traitsISaISt8functionIFvvEEEE9constructIS2_JRZ14handleCommandsiRSt6vectorISt10unique_ptrI12ActiveObjectSt14default_deleteIS8_EESaISB_EERS7_I5GraphS9_ISF_EER10MSTFactoryRS7_I4TreeS9_ISL_EEEUlvE1_EEEvRS3_PT_DpOT0_
FN:511,_ZNSt16allocator_traitsISaISt8functionIFvvEEEE9constructIS2_JRZ14handleCommandsiRSt6vectorISt10unique_ptrI12ActiveObjectSt14default_deleteIS8_EESaISB_EERS7_I5GraphS9_ISF_EER10MSTFactoryRS7_I4TreeS9_ISL_EEEUlvE8_EEEvRS3_PT_DpOT0_
FN:511,_ZNSt16allocator_traitsISaISt8functionIFvvEEEE9constructIS2_JRZ14handleCommandsiRSt6vectorISt10unique_ptrI12ActiveObjectSt14default_deleteIS8_EESaISB_EERS7_I5GraphS9_ISF_EER10MSTFactoryRS7_I4TreeS9_ISL_EEEUlvE3_EEEvRS3_PT_DpOT0_
FN:511,_ZNSt16allocator_traitsISaISt10unique_ptrI12ActiveObjectSt14default_deleteIS1_EEEE9constructIS4_JS4_EEEvRS5_PT_DpOT0_
FN:511,_ZNSt16allocator_traitsISaISt8functionIFvvEEEE9constructIS2_JRZZZZ14handleCommandsiRSt6vectorISt10unique_ptrI12ActiveObjectSt14default_deleteIS8_EESaISB_EERS7_I5GraphS9_ISF_EER10MSTFactoryRS7_I4TreeS9_ISL_EEENKUlvE3_clEvENKUlvE_clEvENKUlvE_clEvEUlvE_EEEvRS3_PT_DpOT0_
FN:511,_ZNSt16allocator_traitsISaISt13_Rb_tree_nodeISt4pairIKiSt8functionIFvvEEEEEE9constructIS6_JRKSt21piecewise_construct_tSt5tupleIJRS2_EESE_IJEEEEEvRS8_PT_DpOT0_
FN:511,_ZNSt16allocator_traitsISaISt6vectorI4EdgeSaIS1_EEEE9constructIS3_JS3_EEEvRS4_PT_DpOT0_
FN:511,_ZNSt16allocator_traitsISaISt8functionIFvvEEEE9constructIS2_JRZZZZZ14handleCommandsiRSt6vectorISt10unique_ptrI12ActiveObjectSt14default_deleteIS8_EESaISB_EERS7_I5GraphS9_ISF_EER10MSTFactoryRS7_I4TreeS9_ISL_EEENKUlvE3_clEvENKUlvE_clEvENKUlvE_clEvENKUlvE_clEvEUlvE_EEEvRS3_PT_DpOT0_
FN:511,_ZNSt16allocator_traitsISaISt8functionIFvvEEEE9constructIS2_JRZZZZZZ14handleCommandsiRSt6vectorISt10unique_ptrI12ActiveObjectSt14default_deleteIS8_EESaISB_EERS7_I5GraphS9_ISF_EER10MSTFactoryRS7_I4TreeS9_ISL_EEENKUlvE3_clEvENKUlvE_clEvENKUlvE_clEvENKUlvE_clEvENKUlvE_clEvEUlvE_EEEvRS3_PT_DpOT0_
FN:511,_ZNSt16allocator_traitsISaISt8functionIFvvEEEE9constructIS2_JRZZ14handleCommandsiRSt6vectorISt10unique_ptrI12ActiveObjectSt14default_deleteIS8_EESaISB_EERS7_I5GraphS9_ISF_EER10MSTFactoryRS7_I4TreeS9_ISL_EEENKUlvE3_clEvEUlvE_EEEvRS3_PT_DpOT0_
FN:511,_ZNSt16allocator_traitsISaISt8functionIFvvEEEE9constructIS2_JRZ14handleCommandsiRSt6vectorISt10unique_ptrI12ActiveObjectSt14default_deleteIS8_EESaISB_EERS7_I5GraphS9_ISF_EER10MSTFactoryRS7_I4TreeS9_ISL_EEEUlvE10_EEEvRS3_PT_DpOT0_
FN:511,_ZNSt16allocator_traitsISaISt4pairIiiEEE9constructIS1_JS1_EEEvRS2_PT_DpOT0_
FN:511,_ZNSt16allocator_traitsISaI4EdgeEE9constructIS0_JRKS0_EEEvRS1_PT_DpOT0_
FN:511,_ZNSt16allocator_traitsISaISt8functionIFvvEEEE9constructIS2_JRZ14handleCommandsiRSt6vectorISt10unique_ptrI12ActiveObjectSt14default_deleteIS8_EESaISB_EERS7_I5GraphS9_ISF_EER10MSTFactoryRS7_I4TreeS9_ISL_EEEUlvE6_EEEvRS3_PT_DpOT0_
FN:511,_ZNSt16allocator_traitsISaImEE9constructImJRKmEEEvRS0_PT_DpOT0_
FN:511,_ZNSt16allocator_traitsISaI13ThreadContextEE9constructIS0_JEEEvRS1_PT_DpOT0_
FN:531,_ZNSt16allocator_traitsISaISt10unique_ptrI12ActiveObjectSt14default_deleteIS1_EEEE7destroyIS4_EEvRS5_PT_
FN:531,_ZNSt16allocator_traitsISaISt4pairIiiEEE7destroyIS1_EEvRS2_PT_
FN:531,_ZNSt16allocator_traitsISaISt6vectorI4EdgeSaIS1_EEEE7destroyIS3_EEvRS4_PT_
FN:531,_ZNSt16allocator_traitsISaISt13_Rb_tree_nodeISt4pairIKiSt8functionIFvvEEEEEE7destroyIS6_EEvRS8_PT_
FN:531,_ZNSt16allocator_traitsISaI13ThreadContextEE7destroyIS0_EEvRS1_PT_
FN:531,_ZNSt16allocator_traitsISaISt8functionIFvvEEEE7destroyIS2_EEvRS3_PT_
FN:531,_ZNSt16allocator_traitsISaISt6vectorIiSaIiEEEE7destroyIS2_EEvRS3_PT_
FN:547,_ZNSt16allocator_traitsISaISt6vectorIiSaIiEEEE8max_sizeERKS3_
FN:547,_ZNSt16allocator_traitsISaISt8functionIFvvEEEE8max_sizeERKS3_
FN:547,_ZNSt16allocator_traitsISaISt6vectorI4EdgeSaIS1_EEEE8max_sizeERKS4_
FN:547,_ZNSt16allocator_traitsISaISt10shared_ptrI13ThreadContextEEE8max_sizeERKS3_
FN:547,_ZNSt16allocator_traitsISaI4EdgeEE8max_sizeERKS1_
FN:547,_ZNSt16allocator_traitsISaImEE8max_sizeERKS0_
FN:547,_ZNSt16allocator_traitsISaISt4pairIiiEEE8max_sizeERKS2_
FN:547,_ZNSt16allocator_traitsISaIiEE8max_sizeERKS0_
FN:547,_ZNSt16allocator_traitsISaISt10unique_ptrI12ActiveObjectSt14default_deleteIS1_EEEE8max_sizeERKS5_
FN:562,_ZNSt16allocator_traitsISaImEE37select_on_container_copy_constructionERKS0_
FN:562,_ZNSt16allocator_traitsISaIiEE37select_on_container_copy_constructionERKS0_
FN:562,_ZNSt16allocator_traitsISaIcEE37select_on_container_copy_constructionERKS0_
FN:562,_ZNSt16allocator_traitsISaI4EdgeEE37select_on_container_copy_constructionERKS1_
FN:678,_ZSt15__alloc_on_copyISaIiEEvRT_RKS1_
FN:710,_ZSt15__alloc_on_moveISaIiEEvRT_S2_
FN:737,_ZSt15__alloc_on_swapISaISt10unique_ptrI12ActiveObjectSt14default_deleteIS1_EEEEvRT_S7_
FN:737,_ZSt15__alloc_on_swapISaImEEvRT_S2_
FN:845,_ZSt8_DestroyIPSt6vectorIiSaIiEES2_EvT_S4_RSaIT0_E
FN:845,_ZSt8_DestroyIPSt10shared_ptrI13ThreadContextES2_EvT_S4_RSaIT0_E
FN:845,_ZSt8_DestroyIPmmEvT_S1_RSaIT0_E
FN:845,_ZSt8_DestroyIPiiEvT_S1_RSaIT0_E
FN:845,_ZSt8_DestroyIPSt10unique_ptrI12ActiveObjectSt14default_deleteIS1_EES4_EvT_S6_RSaIT0_E
FN:845,_ZSt8_DestroyIPSt6threadS0_EvT_S2_RSaIT0_E
FN:845,_ZSt8_DestroyIP4EdgeS0_EvT_S2_RSaIT0_E
FN:845,_ZSt8_DestroyIN9__gnu_cxx17__normal_iteratorIPiSt6vectorIiSaIiEEEEiEvT_S7_RSaIT0_E
FN:845,_ZSt8_DestroyIPSt6vectorI4EdgeSaIS1_EES3_EvT_S5_RSaIT0_E
FN:845,_ZSt8_DestroyIPSt4pairIiiES1_EvT_S3_RSaIT0_E
FN:845,_ZSt8_DestroyIPSt8functionIFvvEES2_EvT_S4_RSaIT0_E
FNDA:142,_ZNSt16allocator_traitsISaISt8functionIFvvEEEE7destroyIS2_EEvRS3_PT_
FNDA:50,_ZNSt16allocator_traitsISaISt23_Sp_counted_ptr_inplaceI13ThreadContextSaIS1_ELN9__gnu_cxx12_Lock_policyE2EEEE10deallocateERS6_PS5_m
FNDA:26,_ZNSt16allocator_traitsISaISt4pairIiiEEE8allocateERS2_m
FNDA:16,_ZNSt16allocator_traitsISaISt6vectorIiSaIiEEEE8allocateERS3_m
FNDA:4,_ZNSt16allocator_traitsISaISt8functionIFvvEEEE9constructIS2_JRZZZZZZ14handleCommandsiRSt6vectorISt10unique_ptrI12ActiveObjectSt14default_deleteIS8_EESaISB_EERS7_I5GraphS9_ISF_EER10MSTFactoryRS7_I4TreeS9_ISL_EEENKUlvE3_clEvENKUlvE_clEvENKUlvE_clEvENKUlvE_clEvENKUlvE_clEvEUlvE_EEEvRS3_PT_DpOT0_
FNDA:4,_ZNSt16allocator_traitsISaISt8functionIFvvEEEE9constructIS2_JRZZ14handleCommandsiRSt6vectorISt10unique_ptrI12ActiveObjectSt14default_deleteIS8_EESaISB_EERS7_I5GraphS9_ISF_EER10MSTFactoryRS7_I4TreeS9_ISL_EEENKUlvE3_clEvEUlvE_EEEvRS3_PT_DpOT0_
FNDA:4,_ZNSt16allocator_traitsISaISt8functionIFvvEEEE9constructIS2_JRZ14handleCommandsiRSt6vectorISt10unique_ptrI12ActiveObjectSt14default_deleteIS8_EESaISB_EERS7_I5GraphS9_ISF_EER10MSTFactoryRS7_I4TreeS9_ISL_EEEUlvE10_EEEvRS3_PT_DpOT0_
FNDA:5,_ZNSt16allocator_traitsISaISt13_Rb_tree_nodeISt4pairIKiSt8functionIFvvEEEEEE10deallocateERS8_PS7_m
FNDA:42,_ZSt8_DestroyIPSt8functionIFvvEES2_EvT_S4_RSaIT0_E
FNDA:88,_ZNSt16allocator_traitsISaISt4pairIiiEEE9constructIS1_JS1_EEEvRS2_PT_DpOT0_
FNDA:100,_ZNSt16allocator_traitsISaI4EdgeEE9constructIS0_JRKS0_EEEvRS1_PT_DpOT0_
FNDA:0,_ZSt15__alloc_on_moveISaIiEEvRT_S2_
FNDA:10,_ZNSt16allocator_traitsISaImEE9constructImJRKmEEEvRS0_PT_DpOT0_
FNDA:50,_ZNSt16allocator_traitsISaISt23_Sp_counted_ptr_inplaceI13ThreadContextSaIS1_ELN9__gnu_cxx12_Lock_policyE2EEEE8allocateERS6_m
FNDA:10,_ZNSt16allocator_traitsISaISt8functionIFvvEEEE9constructIS2_JRZ14handleCommandsiRSt6vectorISt10unique_ptrI12ActiveObjectSt14default_deleteIS8_EESaISB_EERS7_I5GraphS9_ISF_EER10MSTFactoryRS7_I4TreeS9_ISL_EEEUlvE6_EEEvRS3_PT_DpOT0_
FNDA:54,_ZNSt16allocator_traitsISaISt10unique_ptrI12ActiveObjectSt14default_deleteIS1_EEEE8max_sizeERKS5_
FNDA:0,_ZSt15__alloc_on_copyISaIiEEvRT_RKS1_
FNDA:50,_ZNSt16allocator_traitsISaI13ThreadContextEE9constructIS0_JEEEvRS1_PT_DpOT0_
FNDA:0,_ZNSt16allocator_traitsISaISt6vectorIiSaIiEEEE7destroyIS2_EEvRS3_PT_
FNDA:44,_ZNSt16allocator_traitsISaISt8functionIFvvEEEE8allocateERS3_m
FNDA:4,_ZNSt16allocator_traitsISaISt8functionIFvvEEEE9constructIS2_JRZZZZ14handleCommandsiRSt6vectorISt10unique_ptrI12ActiveObjectSt14default_deleteIS8_EESaISB_EERS7_I5GraphS9_ISF_EER10MSTFactoryRS7_I4TreeS9_ISL_EEENKUlvE3_clEvENKUlvE_clEvENKUlvE_clEvEUlvE_EEEvRS3_PT_DpOT0_
FNDA:289,_ZSt8_DestroyIP4EdgeS0_EvT_S2_RSaIT0_E
FNDA:0,_ZSt8_DestroyIPSt6threadS0_EvT_S2_RSaIT0_E
FNDA:52,_ZNSt16allocator_traitsISaISt4pairIiiEEE8max_sizeERKS2_
FNDA:466,_ZNSt16allocator_traitsISaI4EdgeEE8allocateERS1_m
FNDA:5,_ZNSt16allocator_traitsISaISt13_Rb_tree_nodeISt4pairIKiSt8functionIFvvEEEEEE9constructIS6_JRKSt21piecewise_construct_tSt5tupleIJRS2_EESE_IJEEEEEvRS8_PT_DpOT0_
FNDA:16,_ZNSt16allocator_traitsISaISt6vectorIiSaIiEEEE10deallocateERS3_PS2_m
FNDA:5,_ZNSt16allocator_traitsISaISt10shared_ptrI13ThreadContextEEE8allocateERS3_m
FNDA:0,_ZNSt16allocator_traitsISaISt6vectorI4EdgeSaIS1_EEEE9constructIS3_JS3_EEEvRS4_PT_DpOT0_
FNDA:4,_ZNSt16allocator_traitsISaISt8functionIFvvEEEE9constructIS2_JRZZZZZ14handleCommandsiRSt6vectorISt10unique_ptrI12ActiveObjectSt14default_deleteIS8_EESaISB_EERS7_I5GraphS9_ISF_EER10MSTFactoryRS7_I4TreeS9_ISL_EEENKUlvE3_clEvENKUlvE_clEvENKUlvE_clEvENKUlvE_clEvEUlvE_EEEvRS3_PT_DpOT0_
FNDA:42,_ZSt8_DestroyIPSt6vectorI4EdgeSaIS1_EES3_EvT_S5_RSaIT0_E
FNDA:16,_ZSt8_DestroyIPSt4pairIiiES1_EvT_S3_RSaIT0_E
FNDA:42,_ZNSt16allocator_traitsISaISt6vectorI4EdgeSaIS1_EEEE10deallocateERS4_PS3_m
FNDA:244,_ZNSt16allocator_traitsISaIiEE8max_sizeERKS0_
FNDA:24,_ZNSt16allocator_traitsISaISt10unique_ptrI12ActiveObjectSt14default_deleteIS1_EEEE8allocateERS5_m
FNDA:0,_ZSt8_DestroyIN9__gnu_cxx17__normal_iteratorIPiSt6vectorIiSaIiEEEEiEvT_S7_RSaIT0_E
FNDA:48,_ZNSt16allocator_traitsISaI4EdgeEE37select_on_container_copy_constructionERKS1_
FNDA:168,_ZNSt16allocator_traitsISaISt6vectorI4EdgeSaIS1_EEEE8max_sizeERKS4_
FNDA:24,_ZNSt16allocator_traitsISaISt10unique_ptrI12ActiveObjectSt14default_deleteIS1_EEEE10deallocateERS5_PS4_m
FNDA:10,_ZSt8_DestroyIPSt10shared_ptrI13ThreadContextES2_EvT_S4_RSaIT0_E
FNDA:42,_ZNSt16allocator_traitsISaISt6vectorI4EdgeSaIS1_EEEE8allocateERS4_m
FNDA:6,_ZSt15__alloc_on_swapISaISt10unique_ptrI12ActiveObjectSt14default_deleteIS1_EEEEvRT_S7_
FNDA:5,_ZNSt16allocator_traitsISaISt10shared_ptrI13ThreadContextEEE8max_sizeERKS3_
FNDA:836,_ZNSt16allocator_traitsISaI4EdgeEE8max_sizeERKS1_
FNDA:6,_ZNSt16allocator_traitsISaISt8functionIFvvEEEE9constructIS2_JRZ14handleCommandsiRSt6vectorISt10unique_ptrI12ActiveObjectSt14default_deleteIS8_EESaISB_EERS7_I5GraphS9_ISF_EER10MSTFactoryRS7_I4TreeS9_ISL_EEEUlvE8_EEEvRS3_PT_DpOT0_
FNDA:322,_ZNSt16allocator_traitsISaIiEE10deallocateERS0_Pim
FNDA:8,_ZSt8_DestroyIPmmEvT_S1_RSaIT0_E
FNDA:5,_ZNSt16allocator_traitsISaISt13_Rb_tree_nodeISt4pairIKiSt8functionIFvvEEEEEE8allocateERS8_m
FNDA:296,_ZSt8_DestroyIPiiEvT_S1_RSaIT0_E
FNDA:12,_ZSt8_DestroyIPSt10unique_ptrI12ActiveObjectSt14default_deleteIS1_EES4_EvT_S6_RSaIT0_E
FNDA:90,_ZNSt16allocator_traitsISaImEE10deallocateERS0_Pmm
FNDA:4,_ZSt15__alloc_on_swapISaImEEvRT_S2_
FNDA:16,_ZNSt16allocator_traitsISaISt8functionIFvvEEEE9constructIS2_JRZ14handleCommandsiRSt6vectorISt10unique_ptrI12ActiveObjectSt14default_deleteIS8_EESaISB_EERS7_I5GraphS9_ISF_EER10MSTFactoryRS7_I4TreeS9_ISL_EEEUlvE3_EEEvRS3_PT_DpOT0_
FNDA:84,_ZNSt16allocator_traitsISaISt10unique_ptrI12ActiveObjectSt14default_deleteIS1_EEEE9constructIS4_JS4_EEEvRS5_PT_DpOT0_
FNDA:24,_ZNSt16allocator_traitsISaImEE8max_sizeERKS0_
FNDA:50,_ZNSt16allocator_traitsISaI13ThreadContextEE7destroyIS0_EEvRS1_PT_
FNDA:42,_ZNSt16allocator_traitsISaIPSt8functionIFvvEEEE8allocateERS4_m
FNDA:42,_ZNSt16allocator_traitsISaIPSt8functionIFvvEEEE10deallocateERS4_PS3_m
FNDA:44,_ZNSt16allocator_traitsISaImEE37select_on_container_copy_constructionERKS0_
FNDA:2,_ZNSt16allocator_traitsISaISt8functionIFvvEEEE8max_sizeERKS3_
FNDA:90,_ZNSt16allocator_traitsISaImEE8allocateERS0_m
FNDA:42,_ZNSt16allocator_traitsISaISt10unique_ptrI12ActiveObjectSt14default_deleteIS1_EEEE7destroyIS4_EEvRS5_PT_
FNDA:120,_ZNSt16allocator_traitsISaIiEE37select_on_container_copy_constructionERKS0_
FNDA:0,_ZNSt16allocator_traitsISaISt6vectorIiSaIiEEEE9constructIS2_JRKS2_EEEvRS3_PT_DpOT0_
FNDA:32,_ZNSt16allocator_traitsISaISt6vectorIiSaIiEEEE8max_sizeERKS3_
FNDA:44,_ZNSt16allocator_traitsISaISt8functionIFvvEEEE10deallocateERS3_PS2_m
FNDA:40,_ZSt8_DestroyIPSt6vectorIiSaIiEES2_EvT_S4_RSaIT0_E
FNDA:50,_ZNSt16allocator_traitsISaIiEE9constructIiJiEEEvRS0_PT_DpOT0_
FNDA:26,_ZNSt16allocator_traitsISaIcEE37select_on_container_copy_constructionERKS0_
FNDA:34,_ZNSt16allocator_traitsISaISt8functionIFvvEEEE9constructIS2_JRZ14handleCommandsiRSt6vectorISt10unique_ptrI12ActiveObjectSt14default_deleteIS8_EESaISB_EERS7_I5GraphS9_ISF_EER10MSTFactoryRS7_I4TreeS9_ISL_EEEUlvE0_EEEvRS3_PT_DpOT0_
FNDA:88,_ZNSt16allocator_traitsISaISt4pairIiiEEE7destroyIS1_EEvRS2_PT_
FNDA:0,_ZNSt16allocator_traitsISaISt6vectorI4EdgeSaIS1_EEEE7destroyIS3_EEvRS4_PT_
FNDA:4,_ZNSt16allocator_traitsISaISt8functionIFvvEEEE9constructIS2_JRZ14handleCommandsiRSt6vectorISt10unique_ptrI12ActiveObjectSt14default_deleteIS8_EESaISB_EERS7_I5GraphS9_ISF_EER10MSTFactoryRS7_I4TreeS9_ISL_EEEUlvE9_EEEvRS3_PT_DpOT0_
FNDA:16,_ZNSt16allocator_traitsISaISt8functionIFvvEEEE9constructIS2_JRZ14handleCommandsiRSt6vectorISt10unique_ptrI12ActiveObjectSt14default_deleteIS8_EESaISB_EERS7_I5GraphS9_ISF_EER10MSTFactoryRS7_I4TreeS9_ISL_EEEUlvE_EEEvRS3_PT_DpOT0_
FNDA:5,_ZNSt16allocator_traitsISaISt10shared_ptrI13ThreadContextEEE10deallocateERS3_PS2_m
FNDA:26,_ZNSt16allocator_traitsISaISt4pairIiiEEE10deallocateERS2_PS1_m
FNDA:12,_ZNSt16allocator_traitsISaISt8functionIFvvEEEE9constructIS2_JRZ14handleCommandsiRSt6vectorISt10unique_ptrI12ActiveObjectSt14default_deleteIS8_EESaISB_EERS7_I5GraphS9_ISF_EER10MSTFactoryRS7_I4TreeS9_ISL_EEEUlvE2_EEEvRS3_PT_DpOT0_
FNDA:4,_ZNSt16allocator_traitsISaISt8functionIFvvEEEE9constructIS2_JRZZZ14handleCommandsiRSt6vectorISt10unique_ptrI12ActiveObjectSt14default_deleteIS8_EESaISB_EERS7_I5GraphS9_ISF_EER10MSTFactoryRS7_I4TreeS9_ISL_EEENKUlvE3_clEvENKUlvE_clEvEUlvE_EEEvRS3_PT_DpOT0_
FNDA:346,_ZNSt16allocator_traitsISaI4EdgeEE9constructIS0_JS0_EEEvRS1_PT_DpOT0_
FNDA:12,_ZNSt16allocator_traitsISaISt8functionIFvvEEEE9constructIS2_JRZ14handleCommandsiRSt6vectorISt10unique_ptrI12ActiveObjectSt14default_deleteIS8_EESaISB_EERS7_I5GraphS9_ISF_EER10MSTFactoryRS7_I4TreeS9_ISL_EEEUlvE1_EEEvRS3_PT_DpOT0_
FNDA:322,_ZNSt16allocator_traitsISaIiEE8allocateERS0_m
FNDA:0,_ZNSt16allocator_traitsISaISt6threadEE10deallocateERS1_PS0_m
FNDA:466,_ZNSt16allocator_traitsISaI4EdgeEE10deallocateERS1_PS0_m
FNDA:4,_ZNSt16allocator_traitsISaISt8functionIFvvEEEE9constructIS2_JRZ14handleCommandsiRSt6vectorISt10unique_ptrI12ActiveObjectSt14default_deleteIS8_EESaISB_EERS7_I5GraphS9_ISF_EER10MSTFactoryRS7_I4TreeS9_ISL_EEEUlvE5_EEEvRS3_PT_DpOT0_
FNDA:4,_ZNSt16allocator_traitsISaISt8functionIFvvEEEE9constructIS2_JRZ14handleCommandsiRSt6vectorISt10unique_ptrI12ActiveObjectSt14default_deleteIS8_EESaISB_EERS7_I5GraphS9_ISF_EER10MSTFactoryRS7_I4TreeS9_ISL_EEEUlvE4_EEEvRS3_PT_DpOT0_
FNDA:5,_ZNSt16allocator_traitsISaISt13_Rb_tree_nodeISt4pairIKiSt8functionIFvvEEEEEE7destroyIS6_EEvRS8_PT_
FNF:86
FNH:77
DA:463,1132
DA:464,1132
DA:495,1132
DA:496,1132
DA:511,875
DA:516,875
DA:520,875
DA:531,327
DA:535,327
DA:539,327
DA:547,1417
DA:550,1417
DA:562,238
DA:563,238
DA:678,0
DA:688,0
DA:710,0
DA:716,0
DA:720,0
DA:737,10
DA:750,10
DA:845,755
DA:848,755
DA:849,755
LF:24
LH:19
end_of_record
TN:
SF:/usr/include/c++/11/bits/allocated_ptr.h
FN:53,_ZNSt15__allocated_ptrISaISt23_Sp_counted_ptr_inplaceI13ThreadContextSaIS1_ELN9__gnu_cxx12_Lock_policyE2EEEEC2ERS6_PS5_
FN:71,_ZNSt15__allocated_ptrISaISt23_Sp_counted_ptr_inplaceI13ThreadContextSaIS1_ELN9__gnu_cxx12_Lock_policyE2EEEED2Ev
FN:79,_ZNSt15__allocated_ptrISaISt23_Sp_counted_ptr_inplaceI13ThreadContextSaIS1_ELN9__gnu_cxx12_Lock_policyE2EEEEaSEDn
FN:86,_ZNSt15__allocated_ptrISaISt23_Sp_counted_ptr_inplaceI13ThreadContextSaIS1_ELN9__gnu_cxx12_Lock_policyE2EEEE3getEv
FN:96,_ZSt18__allocate_guardedISaISt23_Sp_counted_ptr_inplaceI13ThreadContextSaIS1_ELN9__gnu_cxx12_Lock_policyE2EEEESt15__allocated_ptrIT_ERS8_
FNDA:100,_ZNSt15__allocated_ptrISaISt23_Sp_counted_ptr_inplaceI13ThreadContextSaIS1_ELN9__gnu_cxx12_Lock_policyE2EEEEC2ERS6_PS5_
FNDA:100,_ZNSt15__allocated_ptrISaISt23_Sp_counted_ptr_inplaceI13ThreadContextSaIS1_ELN9__gnu_cxx12_Lock_policyE2EEEED2Ev
FNDA:50,_ZNSt15__allocated_ptrISaISt23_Sp_counted_ptr_inplaceI13ThreadContextSaIS1_ELN9__gnu_cxx12_Lock_policyE2EEEEaSEDn
FNDA:50,_ZNSt15__allocated_ptrISaISt23_Sp_counted_ptr_inplaceI13ThreadContextSaIS1_ELN9__gnu_cxx12_Lock_policyE2EEEE3getEv
FNDA:50,_ZSt18__allocate_guardedISaISt23_Sp_counted_ptr_inplaceI13ThreadContextSaIS1_ELN9__gnu_cxx12_Lock_policyE2EEEESt15__allocated_ptrIT_ERS8_
FNF:5
FNH:5
DA:53,100
DA:54,100
DA:55,100
DA:71,100
DA:73,100
DA:74,50
DA:75,100
DA:79,50
DA:81,50
DA:82,50
DA:86,50
DA:96,50
DA:98,50
LF:13
LH:13
end_of_record
TN:
SF:/usr/include/c++/11/bits/allocator.h
FN:156,_ZNSaI4EdgeEC2Ev
FN:156,_ZNSaISt6vectorIiSaIiEEEC2Ev
FN:156,_ZNSaISt10unique_ptrI12ActiveObjectSt14default_deleteIS0_EEEC2Ev
FN:156,_ZNSaISt8functionIFvvEEEC2Ev
FN:156,_ZNSaISt10shared_ptrI13ThreadContextEEC2Ev
FN:156,_ZNSaIiEC2Ev
FN:156,_ZNSaISt6vectorI4EdgeSaIS0_EEEC2Ev
FN:156,_ZNSaI13ThreadContextEC2Ev
FN:156,_ZNSaIbEC2Ev
FN:156,_ZNSaISt4pairIiiEEC2Ev
FN:156,_ZNSaISt13_Rb_tree_nodeISt4pairIKiSt8functionIFvvEEEEEC2Ev
FN:156,_ZNSaImEC2Ev
FN:156,_ZNSaISt6threadEC2Ev
FN:159,_ZNSaImEC2ERKS_
FN:159,_ZNSaISt10unique_ptrI12ActiveObjectSt14default_deleteIS0_EEEC2ERKS4_
FN:159,_ZNSaISt10shared_ptrI13ThreadContextEEC2ERKS2_
FN:159,_ZNSaIiEC2ERKS_
FN:159,_ZNSaI4EdgeEC2ERKS0_
FN:159,_ZNSaI13ThreadContextEC2ERKS0_
FN:169,_ZNSaISt23_Sp_counted_ptr_inplaceI13ThreadContextSaIS0_ELN9__gnu_cxx12_Lock_policyE2EEEC2IS0_EERKSaIT_E
FN:169,_ZNSaIPSt8functionIFvvEEEC2IS1_EERKSaIT_E
FN:169,_ZNSaImEC2IbEERKSaIT_E
FN:169,_ZNSaIbEC2ImEERKSaIT_E
FN:174,_ZNSaIbED2Ev
FN:174,_ZNSaISt6threadED2Ev
FN:174,_ZNSaISt10shared_ptrI13ThreadContextEED2Ev
FN:174,_ZNSaISt6vectorI4EdgeSaIS0_EEED2Ev
FN:174,_ZNSaI13ThreadContextED2Ev
FN:174,_ZNSaISt13_Rb_tree_nodeISt4pairIKiSt8functionIFvvEEEEED2Ev
FN:174,_ZNSaIPSt8functionIFvvEEED2Ev
FN:174,_ZNSaImED2Ev
FN:174,_ZNSaISt10unique_ptrI12ActiveObjectSt14default_deleteIS0_EEED2Ev
FN:174,_ZNSaISt6vectorIiSaIiEEED2Ev
FN:174,_ZNSaI4EdgeED2Ev
FN:174,_ZNSaISt8functionIFvvEEED2Ev
FN:174,_ZNSaISt23_Sp_counted_ptr_inplaceI13ThreadContextSaIS0_ELN9__gnu_cxx12_Lock_policyE2EEED2Ev
FN:174,_ZNSaISt4pairIiiEED2Ev
FN:174,_ZNSaIiED2Ev
FN:209,_ZStneRKSaIiES1_
FN:313,_ZNSt19__shrink_to_fit_auxISt6vectorISt10unique_ptrI12ActiveObjectSt14default_deleteIS2_EESaIS5_EELb1EE8_S_do_itERS7_
FN:313,_ZNSt19__shrink_to_fit_auxISt6vectorImSaImEELb1EE8_S_do_itERS2_
FNDA:235,_ZNSaI4EdgeEC2Ev
FNDA:0,_ZNSaISt6threadED2Ev
FNDA:136,_ZNSaImEC2ERKS_
FNDA:80,_ZNSaIbED2Ev
FNDA:0,_ZStneRKSaIiES1_
FNDA:15,_ZNSaISt10shared_ptrI13ThreadContextEED2Ev
FNDA:200,_ZNSaI13ThreadContextED2Ev
FNDA:42,_ZNSaISt6vectorI4EdgeSaIS0_EEED2Ev
FNDA:100,_ZNSaISt23_Sp_counted_ptr_inplaceI13ThreadContextSaIS0_ELN9__gnu_cxx12_Lock_policyE2EEEC2IS0_EERKSaIT_E
FNDA:24,_ZNSaISt6vectorIiSaIiEEEC2Ev
FNDA:6,_ZNSt19__shrink_to_fit_auxISt6vectorISt10unique_ptrI12ActiveObjectSt14default_deleteIS2_EESaIS5_EELb1EE8_S_do_itERS7_
FNDA:6,_ZNSaISt10unique_ptrI12ActiveObjectSt14default_deleteIS0_EEEC2Ev
FNDA:42,_ZNSaISt8functionIFvvEEEC2Ev
FNDA:5,_ZNSaISt13_Rb_tree_nodeISt4pairIKiSt8functionIFvvEEEEED2Ev
FNDA:84,_ZNSaIPSt8functionIFvvEEEC2IS1_EERKSaIT_E
FNDA:216,_ZNSaImED2Ev
FNDA:5,_ZNSaISt10shared_ptrI13ThreadContextEEC2Ev
FNDA:18,_ZNSaISt10unique_ptrI12ActiveObjectSt14default_deleteIS0_EEEC2ERKS4_
FNDA:4,_ZNSt19__shrink_to_fit_auxISt6vectorImSaImEELb1EE8_S_do_itERS2_
FNDA:84,_ZNSaIPSt8functionIFvvEEED2Ev
FNDA:42,_ZNSaISt6vectorI4EdgeSaIS0_EEEC2Ev
FNDA:176,_ZNSaIiEC2Ev
FNDA:10,_ZNSaISt10shared_ptrI13ThreadContextEEC2ERKS2_
FNDA:18,_ZNSaISt10unique_ptrI12ActiveObjectSt14default_deleteIS0_EEED2Ev
FNDA:80,_ZNSaImEC2IbEERKSaIT_E
FNDA:24,_ZNSaISt6vectorIiSaIiEEED2Ev
FNDA:50,_ZNSaI13ThreadContextEC2Ev
FNDA:331,_ZNSaI4EdgeED2Ev
FNDA:36,_ZNSaIbEC2Ev
FNDA:96,_ZNSaI4EdgeEC2ERKS0_
FNDA:42,_ZNSaISt8functionIFvvEEED2Ev
FNDA:100,_ZNSaISt23_Sp_counted_ptr_inplaceI13ThreadContextSaIS0_ELN9__gnu_cxx12_Lock_policyE2EEED2Ev
FNDA:560,_ZNSaIiEC2ERKS_
FNDA:6,_ZNSaImEC2Ev
FNDA:5,_ZNSaISt13_Rb_tree_nodeISt4pairIKiSt8functionIFvvEEEEEC2Ev
FNDA:16,_ZNSaISt4pairIiiEEC2Ev
FNDA:44,_ZNSaIbEC2ImEERKSaIT_E
FNDA:736,_ZNSaIiED2Ev
FNDA:16,_ZNSaISt4pairIiiEED2Ev
FNDA:6,_ZNSaISt6threadEC2Ev
FNDA:150,_ZNSaI13ThreadContextEC2ERKS0_
FNF:41
FNH:39
DA:156,649
DA:159,970
DA:160,970
DA:169,308
DA:174,1909
DA:209,0
DA:210,0
DA:313,10
DA:318,20
DA:320,10
DA:321,10
DA:323,0
DA:324,0
LF:13
LH:9
end_of_record
TN:
SF:/usr/include/c++/11/bits/atomic_base.h
FN:104,_ZStanSt12memory_orderSt23__memory_order_modifier
FN:345,_ZNSt13__atomic_baseIbEC1Eb
FN:347,_ZNKSt13__atomic_baseIiEcviEv
FNDA:102,_ZNSt13__atomic_baseIbEC1Eb
FNDA:1446,_ZStanSt12memory_orderSt23__memory_order_modifier
FNDA:8,_ZNKSt13__atomic_baseIiEcviEv
FNF:3
FNH:3
DA:104,1446
DA:106,1446
DA:345,102
DA:347,8
DA:348,8
DA:459,283
DA:464,283
DA:465,283
DA:484,1163
DA:488,1163
LF:10
LH:10
end_of_record
TN:
SF:/usr/include/c++/11/bits/basic_string.h
FN:251,_ZNSt7__cxx1112basic_stringIcSt11char_traitsIcESaIcEE16_M_construct_auxIPcEEvT_S7_St12__false_type
FN:271,_ZNSt7__cxx1112basic_stringIcSt11char_traitsIcESaIcEE12_M_constructIPcEEvT_S7_
FN:533,_ZNSt7__cxx1112basic_stringIcSt11char_traitsIcESaIcEEC2IS3_EEPKcRKS3_
FN:553,_ZNSt7__cxx1112basic_stringIcSt11char_traitsIcESaIcEEC2IS3_EEmcRKS3_
FN:638,_ZNSt7__cxx1112basic_stringIcSt11char_traitsIcESaIcEEC2IPcvEET_S7_RKS3_
FN:6132,_ZStplIcSt11char_traitsIcESaIcEENSt7__cxx1112basic_stringIT_T0_T1_EERKS8_PKS5_
FN:6172,_ZStplIcSt11char_traitsIcESaIcEENSt7__cxx1112basic_stringIT_T0_T1_EEOS8_S9_
FN:6194,_ZStplIcSt11char_traitsIcESaIcEENSt7__cxx1112basic_stringIT_T0_T1_EEPKS5_OS8_
FN:6206,_ZStplIcSt11char_traitsIcESaIcEENSt7__cxx1112basic_stringIT_T0_T1_EEOS8_PKS5_
FN:6212,_ZStplIcSt11char_traitsIcESaIcEENSt7__cxx1112basic_stringIT_T0_T1_EEOS8_S5_
FN:6248,_ZSteqIcSt11char_traitsIcESaIcEEbRKNSt7__cxx1112basic_stringIT_T0_T1_EEPKS5_
FN:6660,_ZNSt7__cxx119to_stringEi
FN:6721,_ZNSt7__cxx119to_stringEf
FNDA:454,_ZNSt7__cxx119to_stringEi
FNDA:8,_ZStplIcSt11char_traitsIcESaIcEENSt7__cxx1112basic_stringIT_T0_T1_EEOS8_S5_
FNDA:94,_ZStplIcSt11char_traitsIcESaIcEENSt7__cxx1112basic_stringIT_T0_T1_EERKS8_PKS5_
FNDA:470,_ZStplIcSt11char_traitsIcESaIcEENSt7__cxx1112basic_stringIT_T0_T1_EEOS8_PKS5_
FNDA:82,_ZStplIcSt11char_traitsIcESaIcEENSt7__cxx1112basic_stringIT_T0_T1_EEPKS5_OS8_
FNDA:542,_ZNSt7__cxx1112basic_stringIcSt11char_traitsIcESaIcEEC2IS3_EEmcRKS3_
FNDA:16,_ZNSt7__cxx1112basic_stringIcSt11char_traitsIcESaIcEEC2IPcvEET_S7_RKS3_
FNDA:789,_ZSteqIcSt11char_traitsIcESaIcEEbRKNSt7__cxx1112basic_stringIT_T0_T1_EEPKS5_
FNDA:16,_ZNSt7__cxx1112basic_stringIcSt11char_traitsIcESaIcEE16_M_construct_auxIPcEEvT_S7_St12__false_type
FNDA:370,_ZNSt7__cxx1112basic_stringIcSt11char_traitsIcESaIcEEC2IS3_EEPKcRKS3_
FNDA:16,_ZNSt7__cxx119to_stringEf
FNDA:16,_ZNSt7__cxx1112basic_stringIcSt11char_traitsIcESaIcEE12_M_constructIPcEEvT_S7_
FNDA:310,_ZStplIcSt11char_traitsIcESaIcEENSt7__cxx1112basic_stringIT_T0_T1_EEOS8_S9_
FNF:13
FNH:13
DA:251,16
DA:255,16
DA:256,16
DA:271,16
DA:274,16
DA:275,16
DA:533,370
DA:534,370
DA:536,370
DA:539,370
DA:540,370
DA:553,542
DA:554,542
DA:555,542
DA:638,16
DA:640,16
DA:641,16
DA:6132,94
DA:6135,94
DA:6136,94
DA:6137,94
DA:6138,0
DA:6172,310
DA:6177,310
DA:6179,310
DA:6182,310
DA:6185,310
DA:6186,310
DA:6187,0
DA:6189,310
DA:6194,82
DA:6196,82
DA:6206,470
DA:6208,470
DA:6212,8
DA:6214,8
DA:6248,789
DA:6250,789
DA:6660,454
DA:6662,454
DA:6663,454
DA:6664,454
DA:6665,454
DA:6666,454
DA:6667,454
DA:6668,0
DA:6721,16
DA:6723,16
DA:6726,16
LF:49
LH:46
end_of_record
TN:
SF:/usr/include/c++/11/bits/basic_string.tcc
FN:206,_ZNSt7__cxx1112basic_stringIcSt11char_traitsIcESaIcEE12_M_constructIPKcEEvT_S8_St20forward_iterator_tag
FN:206,_ZNSt7__cxx1112basic_stringIcSt11char_traitsIcESaIcEE12_M_constructIPcEEvT_S7_St20forward_iterator_tag
FN:1169,_ZStplIcSt11char_traitsIcESaIcEENSt7__cxx1112basic_stringIT_T0_T1_EEPKS5_RKS8_
FNDA:142,_ZNSt7__cxx1112basic_stringIcSt11char_traitsIcESaIcEE12_M_constructIPcEEvT_S7_St20forward_iterator_tag
FNDA:26,_ZStplIcSt11char_traitsIcESaIcEENSt7__cxx1112basic_stringIT_T0_T1_EEPKS5_RKS8_
FNDA:370,_ZNSt7__cxx1112basic_stringIcSt11char_traitsIcESaIcEE12_M_constructIPKcEEvT_S8_St20forward_iterator_tag
FNF:3
FNH:3
DA:206,512
DA:211,512
DA:212,0
DA:215,512
DA:217,512
DA:219,107
DA:220,107
DA:225,512
DA:226,0
DA:228,0
DA:229,0
DA:232,512
DA:233,512
DA:1169,26
DA:1178,26
DA:1179,52
DA:1181,26
DA:1182,26
DA:1183,26
DA:1184,26
DA:1185,0
LF:21
LH:16
end_of_record
TN:
SF:/usr/include/c++/11/bits/char_traits.h
FN:106,_ZN9__gnu_cxx11char_traitsIcE2eqERKcS3_
FN:167,_ZN9__gnu_cxx11char_traitsIcE6lengthEPKc
FN:393,_ZNSt11char_traitsIcE6lengthEPKc
FN:429,_ZNSt11char_traitsIcE4copyEPcPKcm
FNDA:0,_ZNSt11char_traitsIcE4copyEPcPKcm
FNDA:0,_ZN9__gnu_cxx11char_traitsIcE6lengthEPKc
FNDA:0,_ZN9__gnu_cxx11char_traitsIcE2eqERKcS3_
FNDA:396,_ZNSt11char_traitsIcE6lengthEPKc
FNF:4
FNH:1
DA:106,0
DA:107,0
DA:167,0
DA:170,0
DA:171,0
DA:172,0
DA:173,0
DA:290,396
DA:393,396
DA:396,396
DA:397,0
DA:399,396
DA:429,0
DA:431,0
DA:432,0
DA:437,0
LF:16
LH:4
end_of_record
TN:
SF:/usr/include/c++/11/bits/charconv.h
FN:47,_ZNSt8__detail14__to_chars_lenIjEEjT_i
FN:72,_ZNSt8__detail18__to_chars_10_implIjEEvPcjT_
FNDA:454,_ZNSt8__detail14__to_chars_lenIjEEjT_i
FNDA:454,_ZNSt8__detail18__to_chars_10_implIjEEvPcjT_
FNF:2
FNH:2
DA:47,454
DA:52,454
DA:53,454
DA:54,454
DA:55,454
DA:58,454
DA:59,71
DA:60,0
DA:61,0
DA:62,0
DA:63,0
DA:72,454
DA:83,454
DA:84,454
DA:86,0
DA:87,0
DA:88,0
DA:89,0
DA:90,0
DA:92,454
DA:94,71
DA:95,71
DA:96,71
DA:99,383
DA:100,454
LF:25
LH:16
end_of_record
TN:
SF:/usr/include/c++/11/bits/cpp_type_traits.h
FN:560,_ZSt12__miter_baseIN9__gnu_cxx17__normal_iteratorIPmSt6vectorImSaImEEEEET_S7_
FN:560,_ZSt12__miter_baseIPPSt8functionIFvvEEET_S5_
FN:560,_ZSt12__miter_baseIPmET_S1_
FN:560,_ZSt12__miter_baseIPiET_S1_
FN:560,_ZSt12__miter_baseIN9__gnu_cxx17__normal_iteratorIPKiSt6vectorIiSaIiEEEEET_S8_
FN:560,_ZSt12__miter_baseIPSt6vectorIiSaIiEEET_S4_
FN:560,_ZSt12__miter_baseIN9__gnu_cxx17__normal_iteratorIPK4EdgeSt6vectorIS2_SaIS2_EEEEET_S9_
FN:560,_ZSt12__miter_baseIN9__gnu_cxx17__normal_iteratorIP4EdgeSt6vectorIS2_SaIS2_EEEEET_S8_
FN:560,_ZSt12__miter_baseISt19_Bit_const_iteratorET_S1_
FNDA:0,_ZSt12__miter_baseIPSt6vectorIiSaIiEEET_S4_
FNDA:96,_ZSt12__miter_baseIN9__gnu_cxx17__normal_iteratorIPK4EdgeSt6vectorIS2_SaIS2_EEEEET_S9_
FNDA:40,_ZSt12__miter_baseIN9__gnu_cxx17__normal_iteratorIP4EdgeSt6vectorIS2_SaIS2_EEEEET_S8_
FNDA:88,_ZSt12__miter_baseISt19_Bit_const_iteratorET_S1_
FNDA:240,_ZSt12__miter_baseIN9__gnu_cxx17__normal_iteratorIPKiSt6vectorIiSaIiEEEEET_S8_
FNDA:88,_ZSt12__miter_baseIPmET_S1_
FNDA:0,_ZSt12__miter_baseIPiET_S1_
FNDA:8,_ZSt12__miter_baseIN9__gnu_cxx17__normal_iteratorIPmSt6vectorImSaImEEEEET_S7_
FNDA:0,_ZSt12__miter_baseIPPSt8functionIFvvEEET_S5_
FNF:9
FNH:6
DA:560,560
DA:561,560
LF:2
LH:2
end_of_record
TN:
SF:/usr/include/c++/11/bits/deque.tcc
FN:164,_ZNSt5dequeISt8functionIFvvEESaIS2_EE12emplace_backIJRZ14handleCommandsiRSt6vectorISt10unique_ptrI12ActiveObjectSt14default_deleteIS8_EESaISB_EERS7_I5GraphS9_ISF_EER10MSTFactoryRS7_I4TreeS9_ISL_EEEUlvE9_EEERS2_DpOT_
FN:164,_ZNSt5dequeISt8functionIFvvEESaIS2_EE12emplace_backIJRZ14handleCommandsiRSt6vectorISt10unique_ptrI12ActiveObjectSt14default_deleteIS8_EESaISB_EERS7_I5GraphS9_ISF_EER10MSTFactoryRS7_I4TreeS9_ISL_EEEUlvE_EEERS2_DpOT_
FN:164,_ZNSt5dequeISt8functionIFvvEESaIS2_EE12emplace_backIJRZZZZZ14handleCommandsiRSt6vectorISt10unique_ptrI12ActiveObjectSt14default_deleteIS8_EESaISB_EERS7_I5GraphS9_ISF_EER10MSTFactoryRS7_I4TreeS9_ISL_EEENKUlvE3_clEvENKUlvE_clEvENKUlvE_clEvENKUlvE_clEvEUlvE_EEERS2_DpOT_
FN:164,_ZNSt5dequeISt8functionIFvvEESaIS2_EE12emplace_backIJRZ14handleCommandsiRSt6vectorISt10unique_ptrI12ActiveObjectSt14default_deleteIS8_EESaISB_EERS7_I5GraphS9_ISF_EER10MSTFactoryRS7_I4TreeS9_ISL_EEEUlvE5_EEERS2_DpOT_
FN:164,_ZNSt5dequeISt8functionIFvvEESaIS2_EE12emplace_backIJRZ14handleCommandsiRSt6vectorISt10unique_ptrI12ActiveObjectSt14default_deleteIS8_EESaISB_EERS7_I5GraphS9_ISF_EER10MSTFactoryRS7_I4TreeS9_ISL_EEEUlvE4_EEERS2_DpOT_
FN:164,_ZNSt5dequeISt8functionIFvvEESaIS2_EE12emplace_backIJRZ14handleCommandsiRSt6vectorISt10unique_ptrI12ActiveObjectSt14default_deleteIS8_EESaISB_EERS7_I5GraphS9_ISF_EER10MSTFactoryRS7_I4TreeS9_ISL_EEEUlvE1_EEERS2_DpOT_
FN:164,_ZNSt5dequeISt8functionIFvvEESaIS2_EE12emplace_backIJRZZZZ14handleCommandsiRSt6vectorISt10unique_ptrI12ActiveObjectSt14default_deleteIS8_EESaISB_EERS7_I5GraphS9_ISF_EER10MSTFactoryRS7_I4TreeS9_ISL_EEENKUlvE3_clEvENKUlvE_clEvENKUlvE_clEvEUlvE_EEERS2_DpOT_
FN:164,_ZNSt5dequeISt8functionIFvvEESaIS2_EE12emplace_backIJRZ14handleCommandsiRSt6vectorISt10unique_ptrI12ActiveObjectSt14default_deleteIS8_EESaISB_EERS7_I5GraphS9_ISF_EER10MSTFactoryRS7_I4TreeS9_ISL_EEEUlvE0_EEERS2_DpOT_
FN:164,_ZNSt5dequeISt8functionIFvvEESaIS2_EE12emplace_backIJRZ14handleCommandsiRSt6vectorISt10unique_ptrI12ActiveObjectSt14default_deleteIS8_EESaISB_EERS7_I5GraphS9_ISF_EER10MSTFactoryRS7_I4TreeS9_ISL_EEEUlvE6_EEERS2_DpOT_
FN:164,_ZNSt5dequeISt8functionIFvvEESaIS2_EE12emplace_backIJRZZZZZZ14handleCommandsiRSt6vectorISt10unique_ptrI12ActiveObjectSt14default_deleteIS8_EESaISB_EERS7_I5GraphS9_ISF_EER10MSTFactoryRS7_I4TreeS9_ISL_EEENKUlvE3_clEvENKUlvE_clEvENKUlvE_clEvENKUlvE_clEvENKUlvE_clEvEUlvE_EEERS2_DpOT_
FN:164,_ZNSt5dequeISt8functionIFvvEESaIS2_EE12emplace_backIJRZZ14handleCommandsiRSt6vectorISt10unique_ptrI12ActiveObjectSt14default_deleteIS8_EESaISB_EERS7_I5GraphS9_ISF_EER10MSTFactoryRS7_I4TreeS9_ISL_EEENKUlvE3_clEvEUlvE_EEERS2_DpOT_
FN:164,_ZNSt5dequeISt8functionIFvvEESaIS2_EE12emplace_backIJRZ14handleCommandsiRSt6vectorISt10unique_ptrI12ActiveObjectSt14default_deleteIS8_EESaISB_EERS7_I5GraphS9_ISF_EER10MSTFactoryRS7_I4TreeS9_ISL_EEEUlvE8_EEERS2_DpOT_
FN:164,_ZNSt5dequeISt8functionIFvvEESaIS2_EE12emplace_backIJRZ14handleCommandsiRSt6vectorISt10unique_ptrI12ActiveObjectSt14default_deleteIS8_EESaISB_EERS7_I5GraphS9_ISF_EER10MSTFactoryRS7_I4TreeS9_ISL_EEEUlvE10_EEERS2_DpOT_
FN:164,_ZNSt5dequeISt8functionIFvvEESaIS2_EE12emplace_backIJRZZZ14handleCommandsiRSt6vectorISt10unique_ptrI12ActiveObjectSt14default_deleteIS8_EESaISB_EERS7_I5GraphS9_ISF_EER10MSTFactoryRS7_I4TreeS9_ISL_EEENKUlvE3_clEvENKUlvE_clEvEUlvE_EEERS2_DpOT_
FN:164,_ZNSt5dequeISt8functionIFvvEESaIS2_EE12emplace_backIJRZ14handleCommandsiRSt6vectorISt10unique_ptrI12ActiveObjectSt14default_deleteIS8_EESaISB_EERS7_I5GraphS9_ISF_EER10MSTFactoryRS7_I4TreeS9_ISL_EEEUlvE2_EEERS2_DpOT_
FN:164,_ZNSt5dequeISt8functionIFvvEESaIS2_EE12emplace_backIJRZ14handleCommandsiRSt6vectorISt10unique_ptrI12ActiveObjectSt14default_deleteIS8_EESaISB_EERS7_I5GraphS9_ISF_EER10MSTFactoryRS7_I4TreeS9_ISL_EEEUlvE3_EEERS2_DpOT_
FN:484,_ZNSt5dequeISt8functionIFvvEESaIS2_EE16_M_push_back_auxIJRZ14handleCommandsiRSt6vectorISt10unique_ptrI12ActiveObjectSt14default_deleteIS8_EESaISB_EERS7_I5GraphS9_ISF_EER10MSTFactoryRS7_I4TreeS9_ISL_EEEUlvE2_EEEvDpOT_
FN:484,_ZNSt5dequeISt8functionIFvvEESaIS2_EE16_M_push_back_auxIJRZ14handleCommandsiRSt6vectorISt10unique_ptrI12ActiveObjectSt14default_deleteIS8_EESaISB_EERS7_I5GraphS9_ISF_EER10MSTFactoryRS7_I4TreeS9_ISL_EEEUlvE4_EEEvDpOT_
FN:484,_ZNSt5dequeISt8functionIFvvEESaIS2_EE16_M_push_back_auxIJRZZZ14handleCommandsiRSt6vectorISt10unique_ptrI12ActiveObjectSt14default_deleteIS8_EESaISB_EERS7_I5GraphS9_ISF_EER10MSTFactoryRS7_I4TreeS9_ISL_EEENKUlvE3_clEvENKUlvE_clEvEUlvE_EEEvDpOT_
FN:484,_ZNSt5dequeISt8functionIFvvEESaIS2_EE16_M_push_back_auxIJRZ14handleCommandsiRSt6vectorISt10unique_ptrI12ActiveObjectSt14default_deleteIS8_EESaISB_EERS7_I5GraphS9_ISF_EER10MSTFactoryRS7_I4TreeS9_ISL_EEEUlvE6_EEEvDpOT_
FN:484,_ZNSt5dequeISt8functionIFvvEESaIS2_EE16_M_push_back_auxIJRZ14handleCommandsiRSt6vectorISt10unique_ptrI12ActiveObjectSt14default_deleteIS8_EESaISB_EERS7_I5GraphS9_ISF_EER10MSTFactoryRS7_I4TreeS9_ISL_EEEUlvE0_EEEvDpOT_
FN:484,_ZNSt5dequeISt8functionIFvvEESaIS2_EE16_M_push_back_auxIJRZ14handleCommandsiRSt6vectorISt10unique_ptrI12ActiveObjectSt14default_deleteIS8_EESaISB_EERS7_I5GraphS9_ISF_EER10MSTFactoryRS7_I4TreeS9_ISL_EEEUlvE9_EEEvDpOT_
FN:484,_ZNSt5dequeISt8functionIFvvEESaIS2_EE16_M_push_back_auxIJRZZ14handleCommandsiRSt6vectorISt10unique_ptrI12ActiveObjectSt14default_deleteIS8_EESaISB_EERS7_I5GraphS9_ISF_EER10MSTFactoryRS7_I4TreeS9_ISL_EEENKUlvE3_clEvEUlvE_EEEvDpOT_
FN:484,_ZNSt5dequeISt8functionIFvvEESaIS2_EE16_M_push_back_auxIJRZ14handleCommandsiRSt6vectorISt10unique_ptrI12ActiveObjectSt14default_deleteIS8_EESaISB_EERS7_I5GraphS9_ISF_EER10MSTFactoryRS7_I4TreeS9_ISL_EEEUlvE3_EEEvDpOT_
FN:484,_ZNSt5dequeISt8functionIFvvEESaIS2_EE16_M_push_back_auxIJRZZZZZ14handleCommandsiRSt6vectorISt10unique_ptrI12ActiveObjectSt14default_deleteIS8_EESaISB_EERS7_I5GraphS9_ISF_EER10MSTFactoryRS7_I4TreeS9_ISL_EEENKUlvE3_clEvENKUlvE_clEvENKUlvE_clEvENKUlvE_clEvEUlvE_EEEvDpOT_
FN:484,_ZNSt5dequeISt8functionIFvvEESaIS2_EE16_M_push_back_auxIJRZ14handleCommandsiRSt6vectorISt10unique_ptrI12ActiveObjectSt14default_deleteIS8_EESaISB_EERS7_I5GraphS9_ISF_EER10MSTFactoryRS7_I4TreeS9_ISL_EEEUlvE_EEEvDpOT_
FN:484,_ZNSt5dequeISt8functionIFvvEESaIS2_EE16_M_push_back_auxIJRZ14handleCommandsiRSt6vectorISt10unique_ptrI12ActiveObjectSt14default_deleteIS8_EESaISB_EERS7_I5GraphS9_ISF_EER10MSTFactoryRS7_I4TreeS9_ISL_EEEUlvE5_EEEvDpOT_
FN:484,_ZNSt5dequeISt8functionIFvvEESaIS2_EE16_M_push_back_auxIJRZ14handleCommandsiRSt6vectorISt10unique_ptrI12ActiveObjectSt14default_deleteIS8_EESaISB_EERS7_I5GraphS9_ISF_EER10MSTFactoryRS7_I4TreeS9_ISL_EEEUlvE8_EEEvDpOT_
FN:484,_ZNSt5dequeISt8functionIFvvEESaIS2_EE16_M_push_back_auxIJRZ14handleCommandsiRSt6vectorISt10unique_ptrI12ActiveObjectSt14default_deleteIS8_EESaISB_EERS7_I5GraphS9_ISF_EER10MSTFactoryRS7_I4TreeS9_ISL_EEEUlvE1_EEEvDpOT_
FN:484,_ZNSt5dequeISt8functionIFvvEESaIS2_EE16_M_push_back_auxIJRZZZZZZ14handleCommandsiRSt6vectorISt10unique_ptrI12ActiveObjectSt14default_deleteIS8_EESaISB_EERS7_I5GraphS9_ISF_EER10MSTFactoryRS7_I4TreeS9_ISL_EEENKUlvE3_clEvENKUlvE_clEvENKUlvE_clEvENKUlvE_clEvENKUlvE_clEvEUlvE_EEEvDpOT_
FN:484,_ZNSt5dequeISt8functionIFvvEESaIS2_EE16_M_push_back_auxIJRZZZZ14handleCommandsiRSt6vectorISt10unique_ptrI12ActiveObjectSt14default_deleteIS8_EESaISB_EERS7_I5GraphS9_ISF_EER10MSTFactoryRS7_I4TreeS9_ISL_EEENKUlvE3_clEvENKUlvE_clEvENKUlvE_clEvEUlvE_EEEvDpOT_
FN:484,_ZNSt5dequeISt8functionIFvvEESaIS2_EE16_M_push_back_auxIJRZ14handleCommandsiRSt6vectorISt10unique_ptrI12ActiveObjectSt14default_deleteIS8_EESaISB_EERS7_I5GraphS9_ISF_EER10MSTFactoryRS7_I4TreeS9_ISL_EEEUlvE10_EEEvDpOT_
FN:576,_ZNSt5dequeISt8functionIFvvEESaIS2_EE16_M_pop_front_auxEv
FN:859,_ZNSt5dequeISt8functionIFvvEESaIS2_EE19_M_destroy_data_auxESt15_Deque_iteratorIS2_RS2_PS2_ES8_
FN:931,_ZNSt5dequeISt8functionIFvvEESaIS2_EE17_M_reallocate_mapEmb
FNDA:0,_ZNSt5dequeISt8functionIFvvEESaIS2_EE16_M_push_back_auxIJRZ14handleCommandsiRSt6vectorISt10unique_ptrI12ActiveObjectSt14default_deleteIS8_EESaISB_EERS7_I5GraphS9_ISF_EER10MSTFactoryRS7_I4TreeS9_ISL_EEEUlvE4_EEEvDpOT_
FNDA:0,_ZNSt5dequeISt8functionIFvvEESaIS2_EE16_M_push_back_auxIJRZ14handleCommandsiRSt6vectorISt10unique_ptrI12ActiveObjectSt14default_deleteIS8_EESaISB_EERS7_I5GraphS9_ISF_EER10MSTFactoryRS7_I4TreeS9_ISL_EEEUlvE0_EEEvDpOT_
FNDA:0,_ZNSt5dequeISt8functionIFvvEESaIS2_EE16_M_push_back_auxIJRZ14handleCommandsiRSt6vectorISt10unique_ptrI12ActiveObjectSt14default_deleteIS8_EESaISB_EERS7_I5GraphS9_ISF_EER10MSTFactoryRS7_I4TreeS9_ISL_EEEUlvE9_EEEvDpOT_
FNDA:0,_ZNSt5dequeISt8functionIFvvEESaIS2_EE16_M_push_back_auxIJRZZZ14handleCommandsiRSt6vectorISt10unique_ptrI12ActiveObjectSt14default_deleteIS8_EESaISB_EERS7_I5GraphS9_ISF_EER10MSTFactoryRS7_I4TreeS9_ISL_EEENKUlvE3_clEvENKUlvE_clEvEUlvE_EEEvDpOT_
FNDA:0,_ZNSt5dequeISt8functionIFvvEESaIS2_EE16_M_push_back_auxIJRZ14handleCommandsiRSt6vectorISt10unique_ptrI12ActiveObjectSt14default_deleteIS8_EESaISB_EERS7_I5GraphS9_ISF_EER10MSTFactoryRS7_I4TreeS9_ISL_EEEUlvE6_EEEvDpOT_
FNDA:4,_ZNSt5dequeISt8functionIFvvEESaIS2_EE12emplace_backIJRZ14handleCommandsiRSt6vectorISt10unique_ptrI12ActiveObjectSt14default_deleteIS8_EESaISB_EERS7_I5GraphS9_ISF_EER10MSTFactoryRS7_I4TreeS9_ISL_EEEUlvE5_EEERS2_DpOT_
FNDA:4,_ZNSt5dequeISt8functionIFvvEESaIS2_EE12emplace_backIJRZ14handleCommandsiRSt6vectorISt10unique_ptrI12ActiveObjectSt14default_deleteIS8_EESaISB_EERS7_I5GraphS9_ISF_EER10MSTFactoryRS7_I4TreeS9_ISL_EEEUlvE4_EEERS2_DpOT_
FNDA:16,_ZNSt5dequeISt8functionIFvvEESaIS2_EE12emplace_backIJRZ14handleCommandsiRSt6vectorISt10unique_ptrI12ActiveObjectSt14default_deleteIS8_EESaISB_EERS7_I5GraphS9_ISF_EER10MSTFactoryRS7_I4TreeS9_ISL_EEEUlvE_EEERS2_DpOT_
FNDA:4,_ZNSt5dequeISt8functionIFvvEESaIS2_EE12emplace_backIJRZZZZZ14handleCommandsiRSt6vectorISt10unique_ptrI12ActiveObjectSt14default_deleteIS8_EESaISB_EERS7_I5GraphS9_ISF_EER10MSTFactoryRS7_I4TreeS9_ISL_EEENKUlvE3_clEvENKUlvE_clEvENKUlvE_clEvENKUlvE_clEvEUlvE_EEERS2_DpOT_
FNDA:2,_ZNSt5dequeISt8functionIFvvEESaIS2_EE16_M_push_back_auxIJRZ14handleCommandsiRSt6vectorISt10unique_ptrI12ActiveObjectSt14default_deleteIS8_EESaISB_EERS7_I5GraphS9_ISF_EER10MSTFactoryRS7_I4TreeS9_ISL_EEEUlvE2_EEEvDpOT_
FNDA:4,_ZNSt5dequeISt8functionIFvvEESaIS2_EE12emplace_backIJRZ14handleCommandsiRSt6vectorISt10unique_ptrI12ActiveObjectSt14default_deleteIS8_EESaISB_EERS7_I5GraphS9_ISF_EER10MSTFactoryRS7_I4TreeS9_ISL_EEEUlvE9_EEERS2_DpOT_
FNDA:4,_ZNSt5dequeISt8functionIFvvEESaIS2_EE12emplace_backIJRZ14handleCommandsiRSt6vectorISt10unique_ptrI12ActiveObjectSt14default_deleteIS8_EESaISB_EERS7_I5GraphS9_ISF_EER10MSTFactoryRS7_I4TreeS9_ISL_EEEUlvE10_EEERS2_DpOT_
FNDA:4,_ZNSt5dequeISt8functionIFvvEESaIS2_EE12emplace_backIJRZZ14handleCommandsiRSt6vectorISt10unique_ptrI12ActiveObjectSt14default_deleteIS8_EESaISB_EERS7_I5GraphS9_ISF_EER10MSTFactoryRS7_I4TreeS9_ISL_EEENKUlvE3_clEvEUlvE_EEERS2_DpOT_
FNDA:0,_ZNSt5dequeISt8functionIFvvEESaIS2_EE16_M_push_back_auxIJRZ14handleCommandsiRSt6vectorISt10unique_ptrI12ActiveObjectSt14default_deleteIS8_EESaISB_EERS7_I5GraphS9_ISF_EER10MSTFactoryRS7_I4TreeS9_ISL_EEEUlvE5_EEEvDpOT_
FNDA:0,_ZNSt5dequeISt8functionIFvvEESaIS2_EE16_M_push_back_auxIJRZ14handleCommandsiRSt6vectorISt10unique_ptrI12ActiveObjectSt14default_deleteIS8_EESaISB_EERS7_I5GraphS9_ISF_EER10MSTFactoryRS7_I4TreeS9_ISL_EEEUlvE8_EEEvDpOT_
FNDA:6,_ZNSt5dequeISt8functionIFvvEESaIS2_EE12emplace_backIJRZ14handleCommandsiRSt6vectorISt10unique_ptrI12ActiveObjectSt14default_deleteIS8_EESaISB_EERS7_I5GraphS9_ISF_EER10MSTFactoryRS7_I4TreeS9_ISL_EEEUlvE8_EEERS2_DpOT_
FNDA:0,_ZNSt5dequeISt8functionIFvvEESaIS2_EE16_M_push_back_auxIJRZ14handleCommandsiRSt6vectorISt10unique_ptrI12ActiveObjectSt14default_deleteIS8_EESaISB_EERS7_I5GraphS9_ISF_EER10MSTFactoryRS7_I4TreeS9_ISL_EEEUlvE10_EEEvDpOT_
FNDA:0,_ZNSt5dequeISt8functionIFvvEESaIS2_EE17_M_reallocate_mapEmb
FNDA:4,_ZNSt5dequeISt8functionIFvvEESaIS2_EE12emplace_backIJRZZZ14handleCommandsiRSt6vectorISt10unique_ptrI12ActiveObjectSt14default_deleteIS8_EESaISB_EERS7_I5GraphS9_ISF_EER10MSTFactoryRS7_I4TreeS9_ISL_EEENKUlvE3_clEvENKUlvE_clEvEUlvE_EEERS2_DpOT_
FNDA:12,_ZNSt5dequeISt8functionIFvvEESaIS2_EE12emplace_backIJRZ14handleCommandsiRSt6vectorISt10unique_ptrI12ActiveObjectSt14default_deleteIS8_EESaISB_EERS7_I5GraphS9_ISF_EER10MSTFactoryRS7_I4TreeS9_ISL_EEEUlvE2_EEERS2_DpOT_
FNDA:16,_ZNSt5dequeISt8functionIFvvEESaIS2_EE12emplace_backIJRZ14handleCommandsiRSt6vectorISt10unique_ptrI12ActiveObjectSt14default_deleteIS8_EESaISB_EERS7_I5GraphS9_ISF_EER10MSTFactoryRS7_I4TreeS9_ISL_EEEUlvE3_EEERS2_DpOT_
FNDA:2,_ZNSt5dequeISt8functionIFvvEESaIS2_EE16_M_pop_front_auxEv
FNDA:0,_ZNSt5dequeISt8functionIFvvEESaIS2_EE16_M_push_back_auxIJRZZZZZZ14handleCommandsiRSt6vectorISt10unique_ptrI12ActiveObjectSt14default_deleteIS8_EESaISB_EERS7_I5GraphS9_ISF_EER10MSTFactoryRS7_I4TreeS9_ISL_EEENKUlvE3_clEvENKUlvE_clEvENKUlvE_clEvENKUlvE_clEvENKUlvE_clEvEUlvE_EEEvDpOT_
FNDA:0,_ZNSt5dequeISt8functionIFvvEESaIS2_EE16_M_push_back_auxIJRZ14handleCommandsiRSt6vectorISt10unique_ptrI12ActiveObjectSt14default_deleteIS8_EESaISB_EERS7_I5GraphS9_ISF_EER10MSTFactoryRS7_I4TreeS9_ISL_EEEUlvE1_EEEvDpOT_
FNDA:0,_ZNSt5dequeISt8functionIFvvEESaIS2_EE16_M_push_back_auxIJRZZZZ14handleCommandsiRSt6vectorISt10unique_ptrI12ActiveObjectSt14default_deleteIS8_EESaISB_EERS7_I5GraphS9_ISF_EER10MSTFactoryRS7_I4TreeS9_ISL_EEENKUlvE3_clEvENKUlvE_clEvENKUlvE_clEvEUlvE_EEEvDpOT_
FNDA:42,_ZNSt5dequeISt8functionIFvvEESaIS2_EE19_M_destroy_data_auxESt15_Deque_iteratorIS2_RS2_PS2_ES8_
FNDA:0,_ZNSt5dequeISt8functionIFvvEESaIS2_EE16_M_push_back_auxIJRZZ14handleCommandsiRSt6vectorISt10unique_ptrI12ActiveObjectSt14default_deleteIS8_EESaISB_EERS7_I5GraphS9_ISF_EER10MSTFactoryRS7_I4TreeS9_ISL_EEENKUlvE3_clEvEUlvE_EEEvDpOT_
FNDA:12,_ZNSt5dequeISt8functionIFvvEESaIS2_EE12emplace_backIJRZ14handleCommandsiRSt6vectorISt10unique_ptrI12ActiveObjectSt14default_deleteIS8_EESaISB_EERS7_I5GraphS9_ISF_EER10MSTFactoryRS7_I4TreeS9_ISL_EEEUlvE1_EEERS2_DpOT_
FNDA:0,_ZNSt5dequeISt8functionIFvvEESaIS2_EE16_M_push_back_auxIJRZZZZZ14handleCommandsiRSt6vectorISt10unique_ptrI12ActiveObjectSt14default_deleteIS8_EESaISB_EERS7_I5GraphS9_ISF_EER10MSTFactoryRS7_I4TreeS9_ISL_EEENKUlvE3_clEvENKUlvE_clEvENKUlvE_clEvENKUlvE_clEvEUlvE_EEEvDpOT_
FNDA:10,_ZNSt5dequeISt8functionIFvvEESaIS2_EE12emplace_backIJRZ14handleCommandsiRSt6vectorISt10unique_ptrI12ActiveObjectSt14default_deleteIS8_EESaISB_EERS7_I5GraphS9_ISF_EER10MSTFactoryRS7_I4TreeS9_ISL_EEEUlvE6_EEERS2_DpOT_
FNDA:0,_ZNSt5dequeISt8functionIFvvEESaIS2_EE16_M_push_back_auxIJRZ14handleCommandsiRSt6vectorISt10unique_ptrI12ActiveObjectSt14default_deleteIS8_EESaISB_EERS7_I5GraphS9_ISF_EER10MSTFactoryRS7_I4TreeS9_ISL_EEEUlvE_EEEvDpOT_
FNDA:4,_ZNSt5dequeISt8functionIFvvEESaIS2_EE12emplace_backIJRZZZZZZ14handleCommandsiRSt6vectorISt10unique_ptrI12ActiveObjectSt14default_deleteIS8_EESaISB_EERS7_I5GraphS9_ISF_EER10MSTFactoryRS7_I4TreeS9_ISL_EEENKUlvE3_clEvENKUlvE_clEvENKUlvE_clEvENKUlvE_clEvENKUlvE_clEvEUlvE_EEERS2_DpOT_
[...]
FN:1393,_ZSt3getILm0EJPNSt6thread6_StateESt14default_deleteIS1_EEERNSt13tuple_elementIXT_ESt5tupleIJDpT0_EEE4typeERS9_
FN:1393,_ZSt3getILm0EJP12LFThreadPoolmEERNSt13tuple_elementIXT_ESt5tupleIJDpT0_EEE4typeERS6_
FN:1393,_ZSt3getILm0EJPSt8functionIFvvEESt14default_deleteIS2_EEERNSt13tuple_elementIXT_ESt5tupleIJDpT0_EEE4typeERSA_
FN:1393,_ZSt3getILm1EJPSt8functionIFvvEESt14default_deleteIS2_EEERNSt13tuple_elementIXT_ESt5tupleIJDpT0_EEE4typeERSA_
FN:1393,_ZSt3getILm0EJP9functArgsSt14default_deleteIS0_EEERNSt13tuple_elementIXT_ESt5tupleIJDpT0_EEE4typeERS8_
FN:1393,_ZSt3getILm0EJP12ActiveObjectSt14default_deleteIS0_EEERNSt13tuple_elementIXT_ESt5tupleIJDpT0_EEE4typeERS8_
FN:1393,_ZSt3getILm1EJP7ReactorSt14default_deleteIS0_EEERNSt13tuple_elementIXT_ESt5tupleIJDpT0_EEE4typeERS8_
FN:1399,_ZSt3getILm0EJP5GraphSt14default_deleteIS0_EEERKNSt13tuple_elementIXT_ESt5tupleIJDpT0_EEE4typeERKS8_
FN:1399,_ZSt3getILm0EJPSt8functionIFvvEESt14default_deleteIS2_EEERKNSt13tuple_elementIXT_ESt5tupleIJDpT0_EEE4typeERKSA_
FN:1399,_ZSt3getILm0EJP9functArgsSt14default_deleteIS0_EEERKNSt13tuple_elementIXT_ESt5tupleIJDpT0_EEE4typeERKS8_
FN:1399,_ZSt3getILm0EJP12ActiveObjectSt14default_deleteIS0_EEERKNSt13tuple_elementIXT_ESt5tupleIJDpT0_EEE4typeERKS8_
FN:1399,_ZSt3getILm0EJP7ReactorSt14default_deleteIS0_EEERKNSt13tuple_elementIXT_ESt5tupleIJDpT0_EEE4typeERKS8_
FN:1399,_ZSt3getILm0EJP12LFThreadPoolSt14default_deleteIS0_EEERKNSt13tuple_elementIXT_ESt5tupleIJDpT0_EEE4typeERKS8_
FN:1399,_ZSt3getILm0EJP11MSTStrategySt14default_deleteIS0_EEERKNSt13tuple_elementIXT_ESt5tupleIJDpT0_EEE4typeERKS8_
FN:1399,_ZSt3getILm0EJP4TreeSt14default_deleteIS0_EEERKNSt13tuple_elementIXT_ESt5tupleIJDpT0_EEE4typeERKS8_
FN:1405,_ZSt3getILm0EJM12ActiveObjectFvvEPS0_EEONSt13tuple_elementIXT_ESt5tupleIJDpT0_EEE4typeEOS8_
FN:1405,_ZSt3getILm1EJM12ActiveObjectFvvEPS0_EEONSt13tuple_elementIXT_ESt5tupleIJDpT0_EEE4typeEOS8_
FN:1617,_ZSt16forward_as_tupleIJEESt5tupleIJDpOT_EES3_
FN:1804,_ZNSt4pairIKiSt8functionIFvvEEEC2IJRS0_EJEEESt21piecewise_construct_tSt5tupleIJDpT_EES8_IJDpT0_EE
FN:1816,_ZNSt4pairIKiSt8functionIFvvEEEC2IJRS0_EJLm0EEJEJEEERSt5tupleIJDpT_EERS7_IJDpT1_EESt12_Index_tupleIJXspT0_EEESG_IJXspT2_EEE
FNDA:42,_ZNSt5tupleIJM12ActiveObjectFvvEPS0_EEC2IS2_S3_Lb1EEEOT_OT0_
FNDA:5,_ZSt12__get_helperILm0ERKiJEERT0_RSt11_Tuple_implIXT_EJS2_DpT1_EE
FNDA:5,_ZNSt11_Tuple_implILm0EJP7ReactorSt14default_deleteIS0_EEEC2Ev
FNDA:24,_ZNSt11_Tuple_implILm1EJSt14default_deleteI4TreeEEEC2Ev
FNDA:10,_ZSt12__get_helperILm0EP7ReactorJSt14default_deleteIS0_EEERKT0_RKSt11_Tuple_implIXT_EJS4_DpT1_EE
FNDA:42,_ZNSt11_Tuple_implILm0EJM12ActiveObjectFvvEPS0_EE7_M_headERS4_
FNDA:72,_ZNSt11_Tuple_implILm0EJP9functArgsSt14default_deleteIS0_EEE7_M_headERS4_
FNDA:0,_ZSt3getILm1EJPNSt6thread6_StateESt14default_deleteIS1_EEERNSt13tuple_elementIXT_ESt5tupleIJDpT0_EEE4typeERS9_
FNDA:5,_ZNSt10_Head_baseILm0EP12LFThreadPoolLb0EEC2Ev
FNDA:0,_ZSt12__get_helperILm1ESt14default_deleteINSt6thread6_StateEEJEERT0_RSt11_Tuple_implIXT_EJS4_DpT1_EE
FNDA:24,_ZNSt10_Head_baseILm0EP4TreeLb0EEC2Ev
FNDA:15,_ZSt12__get_helperILm0EP7ReactorJSt14default_deleteIS0_EEERT0_RSt11_Tuple_implIXT_EJS4_DpT1_EE
FNDA:72,_ZNSt11_Tuple_implILm1EJSt14default_deleteI11MSTStrategyEEE7_M_headERS3_
FNDA:42,_ZSt12__get_helperILm1ESt14default_deleteI12ActiveObjectEJEERT0_RSt11_Tuple_implIXT_EJS3_DpT1_EE
FNDA:262,_ZSt3getILm0EJP4TreeSt14default_deleteIS0_EEERNSt13tuple_elementIXT_ESt5tupleIJDpT0_EEE4typeERS8_
FNDA:15,_ZSt12__get_helperILm1ESt14default_deleteI12LFThreadPoolEJEERT0_RSt11_Tuple_implIXT_EJS3_DpT1_EE
FNDA:42,_ZNSt10_Head_baseILm1ESt14default_deleteINSt6thread6_StateEELb1EEC2Ev
FNDA:42,_ZSt12__get_helperILm1EP12ActiveObjectJEERT0_RSt11_Tuple_implIXT_EJS2_DpT1_EE
FNDA:336,_ZNSt10_Head_baseILm0EP12ActiveObjectLb0EE7_M_headERS2_
FNDA:42,_ZNSt11_Tuple_implILm0EJPNSt6thread6_StateESt14default_deleteIS1_EEEC2Ev
FNDA:15,_ZNSt10_Head_baseILm1ESt14default_deleteI12LFThreadPoolELb1EE7_M_headERS3_
FNDA:10,_ZNSt11_Tuple_implILm1EJSt14default_deleteI9functArgsEEEC2Ev
FNDA:15,_ZSt3getILm0EJP7ReactorSt14default_deleteIS0_EEERNSt13tuple_elementIXT_ESt5tupleIJDpT0_EEE4typeERS8_
FNDA:262,_ZSt12__get_helperILm0EP4TreeJSt14default_deleteIS0_EEERT0_RSt11_Tuple_implIXT_EJS4_DpT1_EE
FNDA:90,_ZNSt10_Head_baseILm0EP12LFThreadPoolLb0EE7_M_headERS2_
FNDA:5,_ZNSt10_Head_baseILm1ESt14default_deleteI12LFThreadPoolELb1EEC2Ev
FNDA:100,_ZNSt11_Tuple_implILm0EJPSt8functionIFvvEESt14default_deleteIS2_EEEC2Ev
FNDA:84,_ZNSt5tupleIJP12ActiveObjectSt14default_deleteIS0_EEEC2EOS4_
FNDA:30,_ZSt12__get_helperILm1ESt14default_deleteI9functArgsEJEERT0_RSt11_Tuple_implIXT_EJS3_DpT1_EE
FNDA:5,_ZNSt10_Head_baseILm0ERKiLb0EE7_M_headERS2_
FNDA:142,_ZSt12__get_helperILm0EP12ActiveObjectJSt14default_deleteIS0_EEERKT0_RKSt11_Tuple_implIXT_EJS4_DpT1_EE
FNDA:42,_ZNSt10_Head_baseILm0EPNSt6thread6_StateELb0EEC2Ev
FNDA:40,_ZSt3getILm0EJP12LFThreadPoolSt14default_deleteIS0_EEERNSt13tuple_elementIXT_ESt5tupleIJDpT0_EEE4typeERS8_
FNDA:10,_ZNSt11_Tuple_implILm0EJP9functArgsSt14default_deleteIS0_EEE7_M_headERKS4_
FNDA:50,_ZNSt11_Tuple_implILm1EJmEEC2IRmEEOT_
FNDA:10,_ZNSt10_Head_baseILm0EP9functArgsLb0EEC2Ev
FNDA:262,_ZNSt11_Tuple_implILm0EJP4TreeSt14default_deleteIS0_EEE7_M_headERS4_
FNDA:260,_ZNSt11_Tuple_implILm0EJP5GraphSt14default_deleteIS0_EEE7_M_headERKS4_
FNDA:48,_ZNSt11_Tuple_implILm0EJP11MSTStrategySt14default_deleteIS0_EEE7_M_headERKS4_
FNDA:200,_ZNSt10_Head_baseILm0EP11MSTStrategyLb0EE7_M_headERS2_
FNDA:142,_ZNSt11_Tuple_implILm0EJP12ActiveObjectSt14default_deleteIS0_EEE7_M_headERKS4_
FNDA:72,_ZSt3getILm1EJP11MSTStrategySt14default_deleteIS0_EEERNSt13tuple_elementIXT_ESt5tupleIJDpT0_EEE4typeERS8_
FNDA:100,_ZNSt10_Head_baseILm0EPSt8functionIFvvEELb0EEC2Ev
FNDA:54,_ZSt3getILm1EJP5GraphSt14default_deleteIS0_EEERNSt13tuple_elementIXT_ESt5tupleIJDpT0_EEE4typeERS8_
FNDA:50,_ZNSt11_Tuple_implILm1EJmEE7_M_headERS0_
FNDA:42,_ZNSt10_Head_baseILm1EP12ActiveObjectLb0EEC2IS1_EEOT_
FNDA:24,_ZNSt10_Head_baseILm1ESt14default_deleteI4TreeELb1EEC2Ev
FNDA:262,_ZNSt10_Head_baseILm0EP4TreeLb0EE7_M_headERS2_
FNDA:174,_ZNSt11_Tuple_implILm0EJP5GraphSt14default_deleteIS0_EEE7_M_headERS4_
FNDA:174,_ZSt3getILm0EJP5GraphSt14default_deleteIS0_EEERNSt13tuple_elementIXT_ESt5tupleIJDpT0_EEE4typeERS8_
FNDA:150,_ZNSt10_Head_baseILm1ESt14default_deleteISt8functionIFvvEEELb1EE7_M_headERS5_
FNDA:174,_ZNSt10_Head_baseILm0EP5GraphLb0EE7_M_headERS2_
FNDA:50,_ZNSt5tupleIJP12LFThreadPoolmEEC2IS1_RmLb1EEEOT_OT0_
FNDA:72,_ZSt12__get_helperILm1ESt14default_deleteI4TreeEJEERT0_RSt11_Tuple_implIXT_EJS3_DpT1_EE
FNDA:5,_ZNSt5tupleIJP7ReactorSt14default_deleteIS0_EEEC2ILb1ELb1EEEv
FNDA:42,_ZSt12__get_helperILm0EM12ActiveObjectFvvEJPS0_EERT0_RSt11_Tuple_implIXT_EJS4_DpT1_EE
FNDA:50,_ZSt3getILm1EJP12LFThreadPoolmEERNSt13tuple_elementIXT_ESt5tupleIJDpT0_EEE4typeERS6_
FNDA:100,_ZNSt5tupleIJPSt8functionIFvvEESt14default_deleteIS2_EEEC2ILb1ELb1EEEv
FNDA:40,_ZNSt11_Tuple_implILm0EJP12LFThreadPoolSt14default_deleteIS0_EEE7_M_headERS4_
FNDA:200,_ZSt12__get_helperILm0EP11MSTStrategyJSt14default_deleteIS0_EEERT0_RSt11_Tuple_implIXT_EJS4_DpT1_EE
FNDA:15,_ZNSt11_Tuple_implILm0EJP7ReactorSt14default_deleteIS0_EEE7_M_headERS4_
FNDA:10,_ZNSt10_Head_baseILm1ESt14default_deleteI9functArgsELb1EEC2Ev
FNDA:72,_ZSt3getILm1EJP4TreeSt14default_deleteIS0_EEERNSt13tuple_elementIXT_ESt5tupleIJDpT0_EEE4typeERS8_
FNDA:30,_ZNSt10_Head_baseILm1ESt14default_deleteI9functArgsELb1EE7_M_headERS3_
FNDA:84,_ZNSt11_Tuple_implILm0EJP12ActiveObjectSt14default_deleteIS0_EEEC2EOS4_
FNDA:8,_ZSt12__get_helperILm0EP12LFThreadPoolJSt14default_deleteIS0_EEERKT0_RKSt11_Tuple_implIXT_EJS4_DpT1_EE
FNDA:42,_ZNSt10_Head_baseILm0EM12ActiveObjectFvvELb0EE7_M_headERS3_
FNDA:200,_ZNSt11_Tuple_implILm0EJP11MSTStrategySt14default_deleteIS0_EEE7_M_headERS4_
FNDA:50,_ZNSt11_Tuple_implILm0EJP12LFThreadPoolmEEC2EOS2_
FNDA:42,_ZNSt10_Head_baseILm1ESt14default_deleteI12ActiveObjectELb1EE7_M_headERS3_
FNDA:142,_ZSt3getILm0EJP12ActiveObjectSt14default_deleteIS0_EEERKNSt13tuple_elementIXT_ESt5tupleIJDpT0_EEE4typeERKS8_
FNDA:42,_ZNSt11_Tuple_implILm1EJP12ActiveObjectEE7_M_headERS2_
FNDA:8,_ZNSt10_Head_baseILm0EP12LFThreadPoolLb0EE7_M_headERKS2_
FNDA:0,_ZNSt10_Head_baseILm1ESt14default_deleteINSt6thread6_StateEELb1EE7_M_headERS4_
FNDA:150,_ZNSt11_Tuple_implILm1EJSt14default_deleteISt8functionIFvvEEEEE7_M_headERS5_
FNDA:5,_ZNSt5tupleIJRKiEEC2EOS2_
FNDA:50,_ZSt12__get_helperILm1EmJEERT0_RSt11_Tuple_implIXT_EJS0_DpT1_EE
FNDA:42,_ZNSt10_Head_baseILm1ESt14default_deleteI12ActiveObjectELb1EEC2Ev
FNDA:84,_ZNSt10_Head_baseILm0EPNSt6thread6_StateELb0EE7_M_headERS3_
FNDA:10,_ZSt3getILm0EJP9functArgsSt14default_deleteIS0_EEERKNSt13tuple_elementIXT_ESt5tupleIJDpT0_EEE4typeERKS8_
FNDA:10,_ZNSt10_Head_baseILm0EP7ReactorLb0EE7_M_headERKS2_
FNDA:18,_ZNSt5tupleIJP5GraphSt14default_deleteIS0_EEEC1ILb1ELb1EEEv
FNDA:18,_ZNSt11_Tuple_implILm1EJSt14default_deleteI5GraphEEEC2Ev
FNDA:48,_ZNSt10_Head_baseILm0EP11MSTStrategyLb0EE7_M_headERKS2_
FNDA:5,_ZNSt11_Tuple_implILm0EJRKiEEC2ES1_
FNDA:10,_ZNSt11_Tuple_implILm0EJP7ReactorSt14default_deleteIS0_EEE7_M_headERKS4_
FNDA:24,_ZNSt5tupleIJP11MSTStrategySt14default_deleteIS0_EEEC2ILb1ELb1EEEv
FNDA:72,_ZSt12__get_helperILm1ESt14default_deleteI11MSTStrategyEJEERT0_RSt11_Tuple_implIXT_EJS3_DpT1_EE
FNDA:72,_ZNSt11_Tuple_implILm1EJSt14default_deleteI4TreeEEE7_M_headERS3_
FNDA:8,_ZNSt11_Tuple_implILm0EJP12LFThreadPoolSt14default_deleteIS0_EEE7_M_headERKS4_
FNDA:100,_ZNSt11_Tuple_implILm1EJSt14default_deleteISt8functionIFvvEEEEEC2Ev
FNDA:54,_ZNSt11_Tuple_implILm1EJSt14default_deleteI5GraphEEE7_M_headERS3_
FNDA:260,_ZSt3getILm0EJP5GraphSt14default_deleteIS0_EEERKNSt13tuple_elementIXT_ESt5tupleIJDpT0_EEE4typeERKS8_
FNDA:15,_ZNSt11_Tuple_implILm1EJSt14default_deleteI12LFThreadPoolEEE7_M_headERS3_
FNDA:210,_ZNSt11_Tuple_implILm0EJP4TreeSt14default_deleteIS0_EEE7_M_headERKS4_
FNDA:50,_ZSt3getILm0EJPSt8functionIFvvEESt14default_deleteIS2_EEERKNSt13tuple_elementIXT_ESt5tupleIJDpT0_EEE4typeERKSA_
FNDA:48,_ZSt12__get_helperILm0EP11MSTStrategyJSt14default_deleteIS0_EEERKT0_RKSt11_Tuple_implIXT_EJS4_DpT1_EE
FNDA:84,_ZSt12__get_helperILm0EPNSt6thread6_StateEJSt14default_deleteIS1_EEERT0_RSt11_Tuple_implIXT_EJS5_DpT1_EE
FNDA:450,_ZNSt10_Head_baseILm0EPSt8functionIFvvEELb0EE7_M_headERS4_
FNDA:54,_ZSt12__get_helperILm1ESt14default_deleteI5GraphEJEERT0_RSt11_Tuple_implIXT_EJS3_DpT1_EE
FNDA:5,_ZSt3getILm0EJRKiEERNSt13tuple_elementIXT_ESt5tupleIJDpT0_EEE4typeERS6_
FNDA:5,_ZSt12__get_helperILm1ESt14default_deleteI7ReactorEJEERT0_RSt11_Tuple_implIXT_EJS3_DpT1_EE
FNDA:174,_ZSt12__get_helperILm0EP5GraphJSt14default_deleteIS0_EEERT0_RSt11_Tuple_implIXT_EJS4_DpT1_EE
FNDA:42,_ZSt3getILm1EJP12ActiveObjectSt14default_deleteIS0_EEERNSt13tuple_elementIXT_ESt5tupleIJDpT0_EEE4typeERS8_
FNDA:15,_ZSt3getILm1EJP12LFThreadPoolSt14default_deleteIS0_EEERNSt13tuple_elementIXT_ESt5tupleIJDpT0_EEE4typeERS8_
FNDA:5,_ZNSt10_Head_baseILm0EP7ReactorLb0EEC2Ev
FNDA:48,_ZSt3getILm0EJP11MSTStrategySt14default_deleteIS0_EEERKNSt13tuple_elementIXT_ESt5tupleIJDpT0_EEE4typeERKS8_
FNDA:50,_ZNSt11_Tuple_implILm0EJPSt8functionIFvvEESt14default_deleteIS2_EEE7_M_headERKS6_
FNDA:42,_ZSt3getILm1EJM12ActiveObjectFvvEPS0_EEONSt13tuple_elementIXT_ESt5tupleIJDpT0_EEE4typeEOS8_
FNDA:10,_ZNSt5tupleIJP9functArgsSt14default_deleteIS0_EEEC1ILb1ELb1EEEv
FNDA:50,_ZNSt10_Head_baseILm1EmLb0EE7_M_headERS0_
FNDA:50,_ZSt12__get_helperILm0EP12LFThreadPoolJmEERT0_RSt11_Tuple_implIXT_EJS2_DpT1_EE
FNDA:42,_ZNSt5tupleIJPNSt6thread6_StateESt14default_deleteIS1_EEEC2ILb1ELb1EEEv
FNDA:450,_ZNSt11_Tuple_implILm0EJPSt8functionIFvvEESt14default_deleteIS2_EEE7_M_headERS6_
FNDA:210,_ZSt12__get_helperILm0EP4TreeJSt14default_deleteIS0_EEERKT0_RKSt11_Tuple_implIXT_EJS4_DpT1_EE
FNDA:336,_ZSt12__get_helperILm0EP12ActiveObjectJSt14default_deleteIS0_EEERT0_RSt11_Tuple_implIXT_EJS4_DpT1_EE
FNDA:42,_ZNSt11_Tuple_implILm1EJSt14default_deleteI12ActiveObjectEEEC2Ev
FNDA:50,_ZNSt10_Head_baseILm0EPSt8functionIFvvEELb0EE7_M_headERKS4_
FNDA:84,_ZSt3getILm0EJPNSt6thread6_StateESt14default_deleteIS1_EEERNSt13tuple_elementIXT_ESt5tupleIJDpT0_EEE4typeERS9_
FNDA:5,_ZNSt11_Tuple_implILm0EJRKiEE7_M_headERS2_
FNDA:260,_ZSt12__get_helperILm0EP5GraphJSt14default_deleteIS0_EEERKT0_RKSt11_Tuple_implIXT_EJS4_DpT1_EE
FNDA:24,_ZNSt11_Tuple_implILm1EJSt14default_deleteI11MSTStrategyEEEC2Ev
FNDA:50,_ZSt12__get_helperILm0EPSt8functionIFvvEEJSt14default_deleteIS2_EEERKT0_RKSt11_Tuple_implIXT_EJS6_DpT1_EE
FNDA:42,_ZNSt11_Tuple_implILm1EJSt14default_deleteI12ActiveObjectEEE7_M_headERS3_
FNDA:42,_ZNSt11_Tuple_implILm0EJM12ActiveObjectFvvEPS0_EEC2IS2_JS3_EvEEOT_DpOT0_
FNDA:5,_ZNSt10_Head_baseILm1ESt14default_deleteI7ReactorELb1EEC2Ev
FNDA:5,_ZNSt5tupleIJRKiEEC2ILb1ELb1EEES1_
FNDA:42,_ZNSt11_Tuple_implILm1EJP12ActiveObjectEEC2IS1_EEOT_
FNDA:24,_ZNSt10_Head_baseILm1ESt14default_deleteI11MSTStrategyELb1EEC2Ev
FNDA:5,_ZNSt11_Tuple_implILm0EJP12LFThreadPoolSt14default_deleteIS0_EEEC2Ev
FNDA:5,_ZNSt10_Head_baseILm1ESt14default_deleteI7ReactorELb1EE7_M_headERS3_
FNDA:5,_ZNSt11_Tuple_implILm1EJSt14default_deleteI12LFThreadPoolEEEC2Ev
FNDA:24,_ZNSt11_Tuple_implILm0EJP11MSTStrategySt14default_deleteIS0_EEEC2Ev
FNDA:42,_ZSt3getILm0EJM12ActiveObjectFvvEPS0_EEONSt13tuple_elementIXT_ESt5tupleIJDpT0_EEE4typeEOS8_
FNDA:42,_ZNSt10_Head_baseILm1EP12ActiveObjectLb0EE7_M_headERS2_
FNDA:50,_ZSt16forward_as_tupleIJEESt5tupleIJDpOT_EES3_
FNDA:200,_ZSt3getILm0EJP11MSTStrategySt14default_deleteIS0_EEERNSt13tuple_elementIXT_ESt5tupleIJDpT0_EEE4typeERS8_
FNDA:5,_ZNSt4pairIKiSt8functionIFvvEEEC2IJRS0_EJEEESt21piecewise_construct_tSt5tupleIJDpT_EES8_IJDpT0_EE
FNDA:0,_ZNSt11_Tuple_implILm1EJSt14default_deleteINSt6thread6_StateEEEE7_M_headERS4_
FNDA:42,_ZNSt5tupleIJP12ActiveObjectSt14default_deleteIS0_EEEC2ILb1ELb1EEEv
FNDA:18,_ZNSt10_Head_baseILm0EP5GraphLb0EEC2Ev
FNDA:50,_ZNSt11_Tuple_implILm0EJP12LFThreadPoolmEEC2IS1_JRmEvEEOT_DpOT0_
FNDA:54,_ZNSt10_Head_baseILm1ESt14default_deleteI5GraphELb1EE7_M_headERS3_
FNDA:10,_ZNSt11_Tuple_implILm0EJP9functArgsSt14default_deleteIS0_EEEC2Ev
FNDA:72,_ZNSt10_Head_baseILm0EP9functArgsLb0EE7_M_headERS2_
FNDA:5,_ZNSt11_Tuple_implILm1EJSt14default_deleteI7ReactorEEEC2Ev
FNDA:30,_ZNSt11_Tuple_implILm1EJSt14default_deleteI9functArgsEEE7_M_headERS3_
FNDA:10,_ZSt3getILm0EJP7ReactorSt14default_deleteIS0_EEERKNSt13tuple_elementIXT_ESt5tupleIJDpT0_EEE4typeERKS8_
FNDA:30,_ZSt3getILm1EJP9functArgsSt14default_deleteIS0_EEERNSt13tuple_elementIXT_ESt5tupleIJDpT0_EEE4typeERS8_
FNDA:142,_ZNSt10_Head_baseILm0EP12ActiveObjectLb0EE7_M_headERKS2_
FNDA:8,_ZSt3getILm0EJP12LFThreadPoolSt14default_deleteIS0_EEERKNSt13tuple_elementIXT_ESt5tupleIJDpT0_EEE4typeERKS8_
FNDA:42,_ZNSt10_Head_baseILm0EP12ActiveObjectLb0EEC2Ev
FNDA:336,_ZNSt11_Tuple_implILm0EJP12ActiveObjectSt14default_deleteIS0_EEE7_M_headERS4_
FNDA:450,_ZSt12__get_helperILm0EPSt8functionIFvvEEJSt14default_deleteIS2_EEERT0_RSt11_Tuple_implIXT_EJS6_DpT1_EE
FNDA:18,_ZNSt10_Head_baseILm1ESt14default_deleteI5GraphELb1EEC2Ev
FNDA:18,_ZNSt11_Tuple_implILm0EJP5GraphSt14default_deleteIS0_EEEC2Ev
FNDA:42,_ZNSt10_Head_baseILm0EM12ActiveObjectFvvELb0EEC2IS2_EEOT_
FNDA:42,_ZNSt11_Tuple_implILm0EJP12ActiveObjectSt14default_deleteIS0_EEEC2Ev
FNDA:336,_ZSt3getILm0EJP12ActiveObjectSt14default_deleteIS0_EEERNSt13tuple_elementIXT_ESt5tupleIJDpT0_EEE4typeERS8_
FNDA:5,_ZNSt11_Tuple_implILm1EJSt14default_deleteI7ReactorEEE7_M_headERS3_
FNDA:5,_ZSt3getILm1EJP7ReactorSt14default_deleteIS0_EEERNSt13tuple_elementIXT_ESt5tupleIJDpT0_EEE4typeERS8_
FNDA:84,_ZNSt11_Tuple_implILm1EJSt14default_deleteI12ActiveObjectEEEC2EOS3_
FNDA:15,_ZNSt10_Head_baseILm0EP7ReactorLb0EE7_M_headERS2_
FNDA:72,_ZNSt10_Head_baseILm1ESt14default_deleteI11MSTStrategyELb1EE7_M_headERS3_
FNDA:5,_ZNSt5tupleIJP12LFThreadPoolSt14default_deleteIS0_EEEC1ILb1ELb1EEEv
FNDA:72,_ZSt3getILm0EJP9functArgsSt14default_deleteIS0_EEERNSt13tuple_elementIXT_ESt5tupleIJDpT0_EEE4typeERS8_
FNDA:72,_ZNSt10_Head_baseILm1ESt14default_deleteI4TreeELb1EE7_M_headERS3_
FNDA:24,_ZNSt5tupleIJP4TreeSt14default_deleteIS0_EEEC2ILb1ELb1EEEv
FNDA:50,_ZNSt11_Tuple_implILm1EJmEEC2EOS0_
FNDA:5,_ZNSt11_Tuple_implILm0EJRKiEEC2EOS2_
FNDA:5,_ZNSt10_Head_baseILm0ERKiLb0EEC2ES1_
FNDA:210,_ZSt3getILm0EJP4TreeSt14default_deleteIS0_EEERKNSt13tuple_elementIXT_ESt5tupleIJDpT0_EEE4typeERKS8_
FNDA:100,_ZNSt10_Head_baseILm1ESt14default_deleteISt8functionIFvvEEELb1EEC2Ev
FNDA:5,_ZNSt4pairIKiSt8functionIFvvEEEC2IJRS0_EJLm0EEJEJEEERSt5tupleIJDpT_EERS7_IJDpT1_EESt12_Index_tupleIJXspT0_EEESG_IJXspT2_EEE
FNDA:72,_ZSt12__get_helperILm0EP9functArgsJSt14default_deleteIS0_EEERT0_RSt11_Tuple_implIXT_EJS4_DpT1_EE
FNDA:50,_ZNSt10_Head_baseILm0EP12LFThreadPoolLb0EEC2IS1_EEOT_
FNDA:210,_ZNSt10_Head_baseILm0EP4TreeLb0EE7_M_headERKS2_
FNDA:260,_ZNSt10_Head_baseILm0EP5GraphLb0EE7_M_headERKS2_
FNDA:42,_ZNSt11_Tuple_implILm1EJSt14default_deleteINSt6thread6_StateEEEEC2Ev
FNDA:50,_ZNSt10_Head_baseILm1EmLb0EEC2IRmEEOT_
FNDA:50,_ZNSt11_Tuple_implILm0EJP12LFThreadPoolmEE7_M_headERS2_
FNDA:150,_ZSt3getILm1EJPSt8functionIFvvEESt14default_deleteIS2_EEERNSt13tuple_elementIXT_ESt5tupleIJDpT0_EEE4typeERSA_
FNDA:150,_ZSt12__get_helperILm1ESt14default_deleteISt8functionIFvvEEEJEERT0_RSt11_Tuple_implIXT_EJS5_DpT1_EE
FNDA:50,_ZNSt5tupleIJP12LFThreadPoolmEEC2EOS2_
FNDA:84,_ZNSt11_Tuple_implILm0EJPNSt6thread6_StateESt14default_deleteIS1_EEE7_M_headERS5_
FNDA:24,_ZNSt11_Tuple_implILm0EJP4TreeSt14default_deleteIS0_EEEC2Ev
FNDA:10,_ZSt12__get_helperILm0EP9functArgsJSt14default_deleteIS0_EEERKT0_RKSt11_Tuple_implIXT_EJS4_DpT1_EE
FNDA:450,_ZSt3getILm0EJPSt8functionIFvvEESt14default_deleteIS2_EEERNSt13tuple_elementIXT_ESt5tupleIJDpT0_EEE4typeERSA_
FNDA:40,_ZSt12__get_helperILm0EP12LFThreadPoolJSt14default_deleteIS0_EEERT0_RSt11_Tuple_implIXT_EJS4_DpT1_EE
FNDA:50,_ZSt3getILm0EJP12LFThreadPoolmEERNSt13tuple_elementIXT_ESt5tupleIJDpT0_EEE4typeERS6_
FNDA:10,_ZNSt10_Head_baseILm0EP9functArgsLb0EE7_M_headERKS2_
FNDA:24,_ZNSt10_Head_baseILm0EP11MSTStrategyLb0EEC2Ev
FNF:192
FNH:188
DA:80,270
DA:81,270
DA:124,440
DA:189,270
DA:190,270
DA:192,5
DA:193,5
DA:199,184
DA:200,184
DA:233,1822
DA:236,738
DA:268,1725
DA:271,738
DA:279,270
DA:280,270
DA:290,92
DA:292,92
DA:293,92
DA:301,134
DA:424,537
DA:430,270
DA:431,270
DA:434,5
DA:435,5
DA:436,5
DA:440,92
DA:441,92
DA:442,92
DA:454,139
DA:456,55
DA:457,139
DA:727,5
DA:729,5
DA:756,5
DA:1049,270
DA:1051,270
DA:1077,92
DA:1079,92
DA:1090,134
DA:1377,2262
DA:1378,2262
DA:1382,738
DA:1383,738
DA:1393,2178
DA:1394,2178
DA:1399,738
DA:1400,738
DA:1405,84
DA:1408,84
DA:1617,50
DA:1618,50
DA:1804,5
DA:1809,5
DA:1810,5
DA:1816,5
DA:1819,5
DA:1820,5
DA:1821,5
LF:58
LH:58
end_of_record
TN:
SF:/usr/include/c++/11/typeinfo
FN:120,_ZNKSt9type_infoeqERKS_
FNDA:0,_ZNKSt9type_infoeqERKS_
FNF:1
FNH:0
DA:120,0
DA:122,0
DA:123,0
DA:124,0
LF:4
LH:0
end_of_record
TN:
SF:/usr/include/c++/11/utility
FN:183,_ZNSt10__pair_getILm0EE10__move_getIiiEEOT_OSt4pairIS2_T0_E
FN:207,_ZNSt10__pair_getILm1EE10__move_getIiiEEOT0_OSt4pairIT_S2_E
FN:228,_ZSt3getILm1EiiEONSt13tuple_elementIXT_ESt4pairIT0_T1_EE4typeEOS4_
FN:228,_ZSt3getILm0EiiEONSt13tuple_elementIXT_ESt4pairIT0_T1_EE4typeEOS4_
FNDA:32,_ZSt3getILm1EiiEONSt13tuple_elementIXT_ESt4pairIT0_T1_EE4typeEOS4_
FNDA:32,_ZNSt10__pair_getILm1EE10__move_getIiiEEOT0_OSt4pairIT_S2_E
FNDA:32,_ZNSt10__pair_getILm0EE10__move_getIiiEEOT_OSt4pairIS2_T0_E
FNDA:32,_ZSt3getILm0EiiEONSt13tuple_elementIXT_ESt4pairIT0_T1_EE4typeEOS4_
FNF:4
FNH:4
DA:183,32
DA:184,32
DA:207,32
DA:208,32
DA:228,64
DA:229,64
LF:6
LH:6
end_of_record
TN:
SF:/usr/include/x86_64-linux-gnu/c++/11/bits/gthr-default.h
FN:300,_ZL18__gthread_active_pv
FN:746,_ZL20__gthread_mutex_lockP15pthread_mutex_t
FN:755,_ZL23__gthread_mutex_trylockP15pthread_mutex_t
FN:776,_ZL22__gthread_mutex_unlockP15pthread_mutex_t
FNDA:1420,_ZL22__gthread_mutex_unlockP15pthread_mutex_t
FNDA:2859,_ZL18__gthread_active_pv
FNDA:85,_ZL23__gthread_mutex_trylockP15pthread_mutex_t
FNDA:1354,_ZL20__gthread_mutex_lockP15pthread_mutex_t
FNF:4
FNH:4
DA:300,2859
DA:302,2859
DA:746,1354
DA:748,1354
DA:749,1354
DA:751,0
DA:755,85
DA:757,85
DA:758,85
DA:760,0
DA:776,1420
DA:778,1420
DA:779,1420
DA:781,0
LF:14
LH:11
end_of_record
