TN:
SF:/home/eladubuntu/Git Projects/OS_2024-FINAL_PROJECT_MST/ActiveObject.cpp
FN:4,_ZN12ActiveObjectD2Ev
FN:17,_ZN12ActiveObject3runEv
FN:25,_ZZN12ActiveObject3runEvENKUlvE_clEv
FNDA:150,_ZZN12ActiveObject3runEvENKUlvE_clEv
FNDA:14,_ZN12ActiveObject3runEv
FNDA:14,_ZN12ActiveObjectD2Ev
FNF:3
FNH:3
DA:4,14
DA:7,14
DA:10,14
DA:11,14
DA:12,14
DA:14,14
DA:15,14
DA:17,86
DA:22,86
DA:24,86
DA:25,236
DA:26,100
DA:27,72
DA:28,72
DA:29,86
DA:30,72
DA:32,158
LF:17
LH:17
end_of_record
TN:
SF:/home/eladubuntu/Git Projects/OS_2024-FINAL_PROJECT_MST/ActiveObject.hpp
FN:51,_ZN12ActiveObjectC2Ev
FN:63,_ZN12ActiveObject7enqueueIZ14handleCommandsiRSt6vectorISt10unique_ptrIS_St14default_deleteIS_EESaIS5_EERS2_I5GraphS3_IS9_EER10MSTFactoryRS2_I4TreeS3_ISF_EEEUlvE1_EEvT_
FN:63,_ZN12ActiveObject7enqueueIZ14handleCommandsiRSt6vectorISt10unique_ptrIS_St14default_deleteIS_EESaIS5_EERS2_I5GraphS3_IS9_EER10MSTFactoryRS2_I4TreeS3_ISF_EEEUlvE4_EEvT_
FN:63,_ZN12ActiveObject7enqueueIZ14handleCommandsiRSt6vectorISt10unique_ptrIS_St14default_deleteIS_EESaIS5_EERS2_I5GraphS3_IS9_EER10MSTFactoryRS2_I4TreeS3_ISF_EEEUlvE3_EEvT_
FN:63,_ZN12ActiveObject7enqueueIZ14handleCommandsiRSt6vectorISt10unique_ptrIS_St14default_deleteIS_EESaIS5_EERS2_I5GraphS3_IS9_EER10MSTFactoryRS2_I4TreeS3_ISF_EEEUlvE6_EEvT_
FN:63,_ZN12ActiveObject7enqueueIZ14handleCommandsiRSt6vectorISt10unique_ptrIS_St14default_deleteIS_EESaIS5_EERS2_I5GraphS3_IS9_EER10MSTFactoryRS2_I4TreeS3_ISF_EEEUlvE5_EEvT_
FN:63,_ZN12ActiveObject7enqueueIZ14handleCommandsiRSt6vectorISt10unique_ptrIS_St14default_deleteIS_EESaIS5_EERS2_I5GraphS3_IS9_EER10MSTFactoryRS2_I4TreeS3_ISF_EEEUlvE9_EEvT_
FN:63,_ZN12ActiveObject7enqueueIZ14handleCommandsiRSt6vectorISt10unique_ptrIS_St14default_deleteIS_EESaIS5_EERS2_I5GraphS3_IS9_EER10MSTFactoryRS2_I4TreeS3_ISF_EEEUlvE10_EEvT_
FN:63,_ZN12ActiveObject7enqueueIZ14handleCommandsiRSt6vectorISt10unique_ptrIS_St14default_deleteIS_EESaIS5_EERS2_I5GraphS3_IS9_EER10MSTFactoryRS2_I4TreeS3_ISF_EEEUlvE0_EEvT_
FN:63,_ZN12ActiveObject7enqueueIZ14handleCommandsiRSt6vectorISt10unique_ptrIS_St14default_deleteIS_EESaIS5_EERS2_I5GraphS3_IS9_EER10MSTFactoryRS2_I4TreeS3_ISF_EEEUlvE2_EEvT_
FN:63,_ZN12ActiveObject7enqueueIZ14handleCommandsiRSt6vectorISt10unique_ptrIS_St14default_deleteIS_EESaIS5_EERS2_I5GraphS3_IS9_EER10MSTFactoryRS2_I4TreeS3_ISF_EEEUlvE_EEvT_
FN:63,_ZN12ActiveObject7enqueueIZ14handleCommandsiRSt6vectorISt10unique_ptrIS_St14default_deleteIS_EESaIS5_EERS2_I5GraphS3_IS9_EER10MSTFactoryRS2_I4TreeS3_ISF_EEEUlvE8_EEvT_
FN:73,_ZN12ActiveObject14getOutputMutexEv
FNDA:4,_ZN12ActiveObject7enqueueIZ14handleCommandsiRSt6vectorISt10unique_ptrIS_St14default_deleteIS_EESaIS5_EERS2_I5GraphS3_IS9_EER10MSTFactoryRS2_I4TreeS3_ISF_EEEUlvE10_EEvT_
FNDA:6,_ZN12ActiveObject7enqueueIZ14handleCommandsiRSt6vectorISt10unique_ptrIS_St14default_deleteIS_EESaIS5_EERS2_I5GraphS3_IS9_EER10MSTFactoryRS2_I4TreeS3_ISF_EEEUlvE8_EEvT_
FNDA:8,_ZN12ActiveObject7enqueueIZ14handleCommandsiRSt6vectorISt10unique_ptrIS_St14default_deleteIS_EESaIS5_EERS2_I5GraphS3_IS9_EER10MSTFactoryRS2_I4TreeS3_ISF_EEEUlvE_EEvT_
FNDA:4,_ZN12ActiveObject7enqueueIZ14handleCommandsiRSt6vectorISt10unique_ptrIS_St14default_deleteIS_EESaIS5_EERS2_I5GraphS3_IS9_EER10MSTFactoryRS2_I4TreeS3_ISF_EEEUlvE2_EEvT_
FNDA:20,_ZN12ActiveObject7enqueueIZ14handleCommandsiRSt6vectorISt10unique_ptrIS_St14default_deleteIS_EESaIS5_EERS2_I5GraphS3_IS9_EER10MSTFactoryRS2_I4TreeS3_ISF_EEEUlvE0_EEvT_
FNDA:10,_ZN12ActiveObject7enqueueIZ14handleCommandsiRSt6vectorISt10unique_ptrIS_St14default_deleteIS_EESaIS5_EERS2_I5GraphS3_IS9_EER10MSTFactoryRS2_I4TreeS3_ISF_EEEUlvE6_EEvT_
FNDA:2,_ZN12ActiveObject14getOutputMutexEv
FNDA:4,_ZN12ActiveObject7enqueueIZ14handleCommandsiRSt6vectorISt10unique_ptrIS_St14default_deleteIS_EESaIS5_EERS2_I5GraphS3_IS9_EER10MSTFactoryRS2_I4TreeS3_ISF_EEEUlvE9_EEvT_
FNDA:4,_ZN12ActiveObject7enqueueIZ14handleCommandsiRSt6vectorISt10unique_ptrIS_St14default_deleteIS_EESaIS5_EERS2_I5GraphS3_IS9_EER10MSTFactoryRS2_I4TreeS3_ISF_EEEUlvE5_EEvT_
FNDA:14,_ZN12ActiveObjectC2Ev
FNDA:4,_ZN12ActiveObject7enqueueIZ14handleCommandsiRSt6vectorISt10unique_ptrIS_St14default_deleteIS_EESaIS5_EERS2_I5GraphS3_IS9_EER10MSTFactoryRS2_I4TreeS3_ISF_EEEUlvE1_EEvT_
FNDA:4,_ZN12ActiveObject7enqueueIZ14handleCommandsiRSt6vectorISt10unique_ptrIS_St14default_deleteIS_EESaIS5_EERS2_I5GraphS3_IS9_EER10MSTFactoryRS2_I4TreeS3_ISF_EEEUlvE3_EEvT_
FNDA:4,_ZN12ActiveObject7enqueueIZ14handleCommandsiRSt6vectorISt10unique_ptrIS_St14default_deleteIS_EESaIS5_EERS2_I5GraphS3_IS9_EER10MSTFactoryRS2_I4TreeS3_ISF_EEEUlvE4_EEvT_
FNF:13
FNH:13
DA:51,14
DA:63,72
DA:66,72
DA:68,72
DA:70,72
DA:71,72
DA:73,2
LF:7
LH:7
end_of_record
TN:
SF:/home/eladubuntu/Git Projects/OS_2024-FINAL_PROJECT_MST/Graph.cpp
FN:3,_ZN5Graph7addEdgeEiii
FNDA:30,_ZN5Graph7addEdgeEiii
FNF:1
FNH:1
DA:3,30
DA:5,30
DA:6,30
DA:7,30
LF:4
LH:4
end_of_record
TN:
SF:/home/eladubuntu/Git Projects/OS_2024-FINAL_PROJECT_MST/Graph.hpp
FN:22,_ZN5GraphC2Ev
FN:23,_ZN5GraphC2Eii
FN:24,_ZN5GraphD0Ev
FN:24,_ZN5GraphD2Ev
FN:28,_ZNK5Graph17getVerticesNumberEv
FN:29,_ZNK5Graph6getAdjEv
FNDA:9,_ZN5GraphC2Eii
FNDA:9,_ZN5GraphD0Ev
FNDA:12,_ZN5GraphC2Ev
FNDA:12,_ZNK5Graph17getVerticesNumberEv
FNDA:21,_ZN5GraphD2Ev
FNDA:60,_ZNK5Graph6getAdjEv
FNF:6
FNH:6
DA:22,12
DA:23,9
DA:24,30
DA:28,12
DA:29,60
LF:5
LH:5
end_of_record
TN:
SF:/home/eladubuntu/Git Projects/OS_2024-FINAL_PROJECT_MST/LFServer.cpp
FN:21,_Z13signalHandleri
FN:32,_Z12sendResponseiRKNSt7__cxx1112basic_stringIcSt11char_traitsIcESaIcEEE
FN:40,_Z9scanGraphiRiS_RNSt7__cxx1118basic_stringstreamIcSt11char_traitsIcESaIcEEERSt10unique_ptrI5GraphSt14default_deleteIS8_EE
FN:52,_Z11scanSrcDestRNSt7__cxx1118basic_stringstreamIcSt11char_traitsIcESaIcEEERiS6_
FN:63,_Z14handleCommandsiRSt10unique_ptrI5GraphSt14default_deleteIS0_EER10MSTFactoryRS_I4TreeS1_IS7_EE
FN:318,_Z16acceptConnectioniRSt10unique_ptrI5GraphSt14default_deleteIS0_EER10MSTFactoryRS_I4TreeS1_IS7_EERS_I12LFThreadPoolS1_ISB_EE
FN:342,_ZZ16acceptConnectioniRSt10unique_ptrI5GraphSt14default_deleteIS0_EER10MSTFactoryRS_I4TreeS1_IS7_EERS_I12LFThreadPoolS1_ISB_EEENKUlvE_clEv
FN:353,main
FN:364,_ZZ4mainENKUliE_clEi
FN:424,_ZZ4mainENKUlvE0_clEv
FNDA:3,_Z16acceptConnectioniRSt10unique_ptrI5GraphSt14default_deleteIS0_EER10MSTFactoryRS_I4TreeS1_IS7_EERS_I12LFThreadPoolS1_ISB_EE
FNDA:1,_Z13signalHandleri
FNDA:29,_Z12sendResponseiRKNSt7__cxx1112basic_stringIcSt11char_traitsIcESaIcEEE
FNDA:3,_Z14handleCommandsiRSt10unique_ptrI5GraphSt14default_deleteIS0_EER10MSTFactoryRS_I4TreeS1_IS7_EE
FNDA:3,_ZZ16acceptConnectioniRSt10unique_ptrI5GraphSt14default_deleteIS0_EER10MSTFactoryRS_I4TreeS1_IS7_EERS_I12LFThreadPoolS1_ISB_EEENKUlvE_clEv
FNDA:1,main
FNDA:6,_Z11scanSrcDestRNSt7__cxx1118basic_stringstreamIcSt11char_traitsIcESaIcEEERiS6_
FNDA:4,_Z9scanGraphiRiS_RNSt7__cxx1118basic_stringstreamIcSt11char_traitsIcESaIcEEERSt10unique_ptrI5GraphSt14default_deleteIS8_EE
FNDA:3,_ZZ4mainENKUlvE0_clEv
FNDA:1,_ZZ4mainENKUliE_clEi
FNF:10
FNH:10
DA:21,1
DA:24,1
DA:25,1
DA:26,1
DA:28,1
DA:29,1
DA:32,29
DA:34,29
DA:36,0
DA:38,29
DA:40,4
DA:42,4
DA:44,1
DA:45,1
DA:48,3
DA:49,3
DA:52,6
DA:54,6
DA:56,2
DA:57,2
DA:60,4
DA:63,35
DA:70,35
DA:71,35
DA:73,2
DA:74,2
DA:77,2
DA:78,2
DA:79,2
DA:80,2
DA:84,0
DA:85,13
DA:88,33
DA:89,33
DA:90,33
DA:92,33
DA:93,33
DA:94,33
DA:95,33
DA:97,33
DA:99,5
DA:100,5
DA:102,1
DA:103,1
DA:106,4
DA:108,2
DA:109,2
DA:111,4
DA:113,2
DA:114,2
DA:117,4
DA:118,4
DA:120,1
DA:121,1
DA:125,15
DA:127,13
DA:130,13
DA:133,13
DA:134,13
DA:135,13
DA:136,13
DA:139,13
DA:142,1
DA:143,1
DA:145,1
DA:146,1
DA:147,1
DA:148,1
DA:152,0
DA:153,0
DA:159,12
DA:162,12
DA:164,0
DA:165,0
DA:166,2
DA:172,12
DA:174,2
DA:175,2
DA:176,2
DA:179,10
DA:181,3
DA:182,5
DA:184,28
DA:186,4
DA:187,4
DA:189,1
DA:190,1
DA:191,1
DA:194,3
DA:196,1
DA:198,1
DA:200,2
DA:202,1
DA:203,1
DA:206,2
DA:208,2
DA:210,2
DA:212,2
DA:213,4
DA:214,24
DA:216,4
DA:217,4
DA:219,1
DA:220,1
DA:221,1
DA:223,3
DA:225,1
DA:226,1
DA:228,2
DA:230,1
DA:231,1
DA:234,2
DA:236,2
DA:238,2
DA:239,2
DA:240,4
DA:242,20
DA:244,3
DA:245,3
DA:247,1
DA:248,1
DA:250,2
DA:252,2
DA:253,3
DA:255,17
DA:257,7
DA:258,7
DA:260,1
DA:261,1
DA:266,6
DA:268,6
DA:269,2
DA:270,4
DA:271,4
DA:272,7
DA:273,10
DA:275,3
DA:276,3
DA:278,1
DA:279,1
DA:281,2
DA:283,2
DA:284,3
DA:285,7
DA:287,4
DA:288,4
DA:290,2
DA:291,2
DA:294,2
DA:295,2
DA:296,4
DA:297,3
DA:299,1
DA:301,1
DA:302,1
DA:303,1
DA:304,1
DA:305,1
DA:306,1
DA:310,2
DA:313,19
DA:314,107
DA:315,3
DA:316,3
DA:318,3
DA:321,3
DA:322,3
DA:323,3
DA:326,3
DA:327,3
DA:328,3
DA:330,0
DA:331,0
DA:333,3
DA:335,3
DA:337,3
DA:338,3
DA:339,3
DA:340,3
DA:342,3
DA:344,3
DA:345,3
DA:346,3
DA:348,3
DA:349,3
DA:350,3
DA:351,3
DA:353,1
DA:355,1
DA:356,1
DA:357,1
DA:358,1
DA:359,1
DA:360,1
DA:364,1
DA:367,1
DA:368,1
DA:369,1
DA:370,1
DA:371,1
DA:372,1
DA:373,1
DA:374,1
DA:375,1
DA:376,2
DA:380,1
DA:383,1
DA:385,0
DA:386,0
DA:390,1
DA:392,0
DA:393,0
DA:397,1
DA:398,1
DA:399,1
DA:400,1
DA:403,1
DA:405,0
DA:406,0
DA:410,1
DA:412,0
DA:413,0
DA:417,1
DA:418,1
DA:419,1
DA:420,1
DA:423,1
DA:424,1
DA:425,3
DA:428,1
DA:429,1
DA:430,1
DA:433,224098
DA:436,0
LF:234
LH:217
end_of_record
TN:
SF:/home/eladubuntu/Git Projects/OS_2024-FINAL_PROJECT_MST/LFThreadPool.cpp
FN:4,_ZN12LFThreadPoolC2EmR7Reactor
FN:23,_ZN12LFThreadPoolD2Ev
FN:36,_ZN12LFThreadPool16promoteNewLeaderEv
FN:69,_ZN12LFThreadPool12followerLoopEi
FN:103,_ZN12LFThreadPool5addFdEiSt8functionIFvvEE
FN:109,_ZN12LFThreadPool8stopPoolEv
FN:120,_ZN12LFThreadPool4joinEv
FNDA:1,_ZN12LFThreadPool8stopPoolEv
FNDA:10,_ZN12LFThreadPool12followerLoopEi
FNDA:1,_ZN12LFThreadPoolD2Ev
FNDA:3,_ZN12LFThreadPool5addFdEiSt8functionIFvvEE
FNDA:4,_ZN12LFThreadPool16promoteNewLeaderEv
FNDA:1,_ZN12LFThreadPool4joinEv
FNDA:1,_ZN12LFThreadPoolC2EmR7Reactor
FNF:7
FNH:7
DA:4,1
DA:5,1
DA:8,11
DA:11,10
DA:13,10
DA:15,10
DA:16,10
DA:17,10
DA:20,1
DA:21,1
DA:23,1
DA:26,1
DA:27,1
DA:28,1
DA:30,1
DA:32,1
DA:33,1
DA:34,1
DA:36,4
DA:39,4
DA:42,1
DA:43,1
DA:44,1
DA:45,1
DA:47,1
DA:48,1
DA:51,6
DA:54,6
DA:57,3
DA:58,3
DA:59,3
DA:60,3
DA:62,3
DA:63,3
DA:69,13
DA:74,13
DA:76,13
DA:77,13
DA:78,13
DA:81,13
DA:82,9
DA:85,4
DA:88,3
DA:89,3
DA:92,3
DA:94,3
DA:95,3
DA:96,3
DA:98,3
DA:99,3
DA:100,9
DA:103,3
DA:106,3
DA:107,3
DA:109,1
DA:112,1
DA:113,11
DA:115,10
DA:117,1
DA:118,1
DA:120,1
DA:122,11
DA:124,10
DA:126,10
DA:127,10
DA:128,10
DA:130,10
DA:131,10
DA:132,10
DA:134,1
LF:70
LH:70
end_of_record
TN:
SF:/home/eladubuntu/Git Projects/OS_2024-FINAL_PROJECT_MST/LFThreadPool.hpp
FN:116,_ZN12LFThreadPool11getOutputMxEv
FNDA:1,_ZN12LFThreadPool11getOutputMxEv
FNF:1
FNH:1
DA:116,1
LF:1
LH:1
end_of_record
TN:
SF:/home/eladubuntu/Git Projects/OS_2024-FINAL_PROJECT_MST/MSTFactory.cpp
FN:3,_ZN10MSTFactory11setStrategyEP11MSTStrategy
FN:12,_ZN10MSTFactory9createMSTERSt10unique_ptrI5GraphSt14default_deleteIS1_EE
FNDA:12,_ZN10MSTFactory11setStrategyEP11MSTStrategy
FNDA:12,_ZN10MSTFactory9createMSTERSt10unique_ptrI5GraphSt14default_deleteIS1_EE
FNF:2
FNH:2
DA:3,12
DA:5,12
DA:7,9
DA:9,12
DA:10,12
DA:12,12
DA:14,12
DA:15,24
DA:16,12
LF:9
LH:9
end_of_record
TN:
SF:/home/eladubuntu/Git Projects/OS_2024-FINAL_PROJECT_MST/MSTFactory.hpp
FN:25,_ZN10MSTFactory15destroyStrategyEv
FNDA:3,_ZN10MSTFactory15destroyStrategyEv
FNF:1
FNH:1
DA:25,3
LF:1
LH:1
end_of_record
TN:
SF:/home/eladubuntu/Git Projects/OS_2024-FINAL_PROJECT_MST/MSTStrategy.cpp
FN:3,_ZN12PrimStrategy6minKeyESt6vectorIiSaIiEES0_IbSaIbEEi
FN:17,_ZN12PrimStrategy7findMSTERK5Graph
FN:64,_ZN3DSU4findEi
FN:73,_ZN3DSU5uniteEii
FN:97,_ZN15KruskalStrategy7findMSTERK5Graph
FN:114,_ZZN15KruskalStrategy7findMSTERK5GraphENKUl4EdgeS3_E_clES3_S3_
FNDA:6,_ZN12PrimStrategy7findMSTERK5Graph
FNDA:96,_ZN3DSU4findEi
FNDA:6,_ZN15KruskalStrategy7findMSTERK5Graph
FNDA:21,_ZN3DSU5uniteEii
FNDA:45,_ZZN15KruskalStrategy7findMSTERK5GraphENKUl4EdgeS3_E_clES3_S3_
FNDA:21,_ZN12PrimStrategy6minKeyESt6vectorIiSaIiEES0_IbSaIbEEi
FNF:6
FNH:6
DA:3,21
DA:5,21
DA:6,117
DA:8,96
DA:10,36
DA:11,36
DA:14,21
DA:17,6
DA:19,6
DA:20,6
DA:22,6
DA:24,6
DA:26,6
DA:29,6
DA:31,6
DA:34,27
DA:37,21
DA:40,21
DA:44,63
DA:46,42
DA:47,42
DA:48,42
DA:50,24
DA:51,24
DA:56,27
DA:58,21
DA:61,12
DA:62,6
DA:64,96
DA:66,96
DA:68,84
DA:70,12
DA:73,21
DA:75,21
DA:76,21
DA:78,21
DA:80,21
DA:82,6
DA:84,15
DA:86,3
DA:90,12
DA:91,12
DA:94,21
DA:97,6
DA:98,6
DA:99,6
DA:100,6
DA:101,6
DA:104,6
DA:105,33
DA:106,81
DA:107,54
DA:108,27
DA:114,6
DA:115,45
DA:118,6
DA:121,27
DA:122,21
DA:124,21
DA:125,21
DA:127,21
DA:128,21
DA:129,21
DA:130,21
DA:139,12
DA:140,6
LF:66
LH:66
end_of_record
TN:
SF:/home/eladubuntu/Git Projects/OS_2024-FINAL_PROJECT_MST/MSTStrategy.hpp
FN:56,_ZN3DSUC2Ei
FNDA:6,_ZN3DSUC2Ei
FNF:1
FNH:1
DA:56,6
LF:1
LH:1
end_of_record
TN:
SF:/home/eladubuntu/Git Projects/OS_2024-FINAL_PROJECT_MST/PipelineServer.cpp
FN:34,_Z13signalHandleri
FN:47,_Z12sendResponseiRKNSt7__cxx1112basic_stringIcSt11char_traitsIcESaIcEEE
FN:56,_Z9scanGraphRiS_RNSt7__cxx1118basic_stringstreamIcSt11char_traitsIcESaIcEEERSt10unique_ptrI5GraphSt14default_deleteIS8_EE
FN:71,_Z11scanSrcDestRNSt7__cxx1118basic_stringstreamIcSt11char_traitsIcESaIcEEERSt6atomicIiES8_
FN:89,_Z14handleCommandsiRSt6vectorISt10unique_ptrI12ActiveObjectSt14default_deleteIS1_EESaIS4_EERS0_I5GraphS2_IS8_EER10MSTFactoryRS0_I4TreeS2_ISE_EE
FN:144,_ZZ14handleCommandsiRSt6vectorISt10unique_ptrI12ActiveObjectSt14default_deleteIS1_EESaIS4_EERS0_I5GraphS2_IS8_EER10MSTFactoryRS0_I4TreeS2_ISE_EEENKUlvE_clEv
FN:202,_ZZ14handleCommandsiRSt6vectorISt10unique_ptrI12ActiveObjectSt14default_deleteIS1_EESaIS4_EERS0_I5GraphS2_IS8_EER10MSTFactoryRS0_I4TreeS2_ISE_EEENKUlvE0_clEv
FN:226,_ZZ14handleCommandsiRSt6vectorISt10unique_ptrI12ActiveObjectSt14default_deleteIS1_EESaIS4_EERS0_I5GraphS2_IS8_EER10MSTFactoryRS0_I4TreeS2_ISE_EEENKUlvE1_clEv
FN:237,_ZZ14handleCommandsiRSt6vectorISt10unique_ptrI12ActiveObjectSt14default_deleteIS1_EESaIS4_EERS0_I5GraphS2_IS8_EER10MSTFactoryRS0_I4TreeS2_ISE_EEENKUlvE2_clEv
FN:256,_ZZ14handleCommandsiRSt6vectorISt10unique_ptrI12ActiveObjectSt14default_deleteIS1_EESaIS4_EERS0_I5GraphS2_IS8_EER10MSTFactoryRS0_I4TreeS2_ISE_EEENKUlvE3_clEv
FN:267,_ZZ14handleCommandsiRSt6vectorISt10unique_ptrI12ActiveObjectSt14default_deleteIS1_EESaIS4_EERS0_I5GraphS2_IS8_EER10MSTFactoryRS0_I4TreeS2_ISE_EEENKUlvE4_clEv
FN:286,_ZZ14handleCommandsiRSt6vectorISt10unique_ptrI12ActiveObjectSt14default_deleteIS1_EESaIS4_EERS0_I5GraphS2_IS8_EER10MSTFactoryRS0_I4TreeS2_ISE_EEENKUlvE5_clEv
FN:307,_ZZ14handleCommandsiRSt6vectorISt10unique_ptrI12ActiveObjectSt14default_deleteIS1_EESaIS4_EERS0_I5GraphS2_IS8_EER10MSTFactoryRS0_I4TreeS2_ISE_EEENKUlvE6_clEv
FN:316,_ZZ14handleCommandsiRSt6vectorISt10unique_ptrI12ActiveObjectSt14default_deleteIS1_EESaIS4_EERS0_I5GraphS2_IS8_EER10MSTFactoryRS0_I4TreeS2_ISE_EEENKUlvE7_clEv
FN:329,_ZZ14handleCommandsiRSt6vectorISt10unique_ptrI12ActiveObjectSt14default_deleteIS1_EESaIS4_EERS0_I5GraphS2_IS8_EER10MSTFactoryRS0_I4TreeS2_ISE_EEENKUlvE8_clEv
FN:350,_ZZ14handleCommandsiRSt6vectorISt10unique_ptrI12ActiveObjectSt14default_deleteIS1_EESaIS4_EERS0_I5GraphS2_IS8_EER10MSTFactoryRS0_I4TreeS2_ISE_EEENKUlvE9_clEv
FN:365,_ZZ14handleCommandsiRSt6vectorISt10unique_ptrI12ActiveObjectSt14default_deleteIS1_EESaIS4_EERS0_I5GraphS2_IS8_EER10MSTFactoryRS0_I4TreeS2_ISE_EEENKUlvE10_clEv
FN:400,_Z16acceptConnectioni
FN:422,main
FN:433,_ZZ4mainENKUliE_clEi
FN:516,_ZZ4mainENKUlPvE0_clES_
FNDA:20,_ZZ14handleCommandsiRSt6vectorISt10unique_ptrI12ActiveObjectSt14default_deleteIS1_EESaIS4_EERS0_I5GraphS2_IS8_EER10MSTFactoryRS0_I4TreeS2_ISE_EEENKUlvE0_clEv
FNDA:20,_ZZ14handleCommandsiRSt6vectorISt10unique_ptrI12ActiveObjectSt14default_deleteIS1_EESaIS4_EERS0_I5GraphS2_IS8_EER10MSTFactoryRS0_I4TreeS2_ISE_EEENKUlvE7_clEv
FNDA:6,_ZZ4mainENKUlPvE0_clES_
FNDA:4,_ZZ14handleCommandsiRSt6vectorISt10unique_ptrI12ActiveObjectSt14default_deleteIS1_EESaIS4_EERS0_I5GraphS2_IS8_EER10MSTFactoryRS0_I4TreeS2_ISE_EEENKUlvE3_clEv
FNDA:4,_ZZ14handleCommandsiRSt6vectorISt10unique_ptrI12ActiveObjectSt14default_deleteIS1_EESaIS4_EERS0_I5GraphS2_IS8_EER10MSTFactoryRS0_I4TreeS2_ISE_EEENKUlvE10_clEv
FNDA:4,_ZZ14handleCommandsiRSt6vectorISt10unique_ptrI12ActiveObjectSt14default_deleteIS1_EESaIS4_EERS0_I5GraphS2_IS8_EER10MSTFactoryRS0_I4TreeS2_ISE_EEENKUlvE1_clEv
FNDA:4,_ZZ14handleCommandsiRSt6vectorISt10unique_ptrI12ActiveObjectSt14default_deleteIS1_EESaIS4_EERS0_I5GraphS2_IS8_EER10MSTFactoryRS0_I4TreeS2_ISE_EEENKUlvE4_clEv
FNDA:8,_Z9scanGraphRiS_RNSt7__cxx1118basic_stringstreamIcSt11char_traitsIcESaIcEEERSt10unique_ptrI5GraphSt14default_deleteIS8_EE
FNDA:10,_ZZ14handleCommandsiRSt6vectorISt10unique_ptrI12ActiveObjectSt14default_deleteIS1_EESaIS4_EERS0_I5GraphS2_IS8_EER10MSTFactoryRS0_I4TreeS2_ISE_EEENKUlvE6_clEv
FNDA:4,_ZZ14handleCommandsiRSt6vectorISt10unique_ptrI12ActiveObjectSt14default_deleteIS1_EESaIS4_EERS0_I5GraphS2_IS8_EER10MSTFactoryRS0_I4TreeS2_ISE_EEENKUlvE2_clEv
FNDA:64,_Z12sendResponseiRKNSt7__cxx1112basic_stringIcSt11char_traitsIcESaIcEEE
FNDA:4,_ZZ14handleCommandsiRSt6vectorISt10unique_ptrI12ActiveObjectSt14default_deleteIS1_EESaIS4_EERS0_I5GraphS2_IS8_EER10MSTFactoryRS0_I4TreeS2_ISE_EEENKUlvE9_clEv
FNDA:2,_Z13signalHandleri
FNDA:6,_ZZ14handleCommandsiRSt6vectorISt10unique_ptrI12ActiveObjectSt14default_deleteIS1_EESaIS4_EERS0_I5GraphS2_IS8_EER10MSTFactoryRS0_I4TreeS2_ISE_EEENKUlvE8_clEv
FNDA:10,_Z11scanSrcDestRNSt7__cxx1118basic_stringstreamIcSt11char_traitsIcESaIcEEERSt6atomicIiES8_
FNDA:4,_ZZ14handleCommandsiRSt6vectorISt10unique_ptrI12ActiveObjectSt14default_deleteIS1_EESaIS4_EERS0_I5GraphS2_IS8_EER10MSTFactoryRS0_I4TreeS2_ISE_EEENKUlvE5_clEv
FNDA:2,_ZZ4mainENKUliE_clEi
FNDA:8,_ZZ14handleCommandsiRSt6vectorISt10unique_ptrI12ActiveObjectSt14default_deleteIS1_EESaIS4_EERS0_I5GraphS2_IS8_EER10MSTFactoryRS0_I4TreeS2_ISE_EEENKUlvE_clEv
FNDA:6,_Z14handleCommandsiRSt6vectorISt10unique_ptrI12ActiveObjectSt14default_deleteIS1_EESaIS4_EERS0_I5GraphS2_IS8_EER10MSTFactoryRS0_I4TreeS2_ISE_EE
FNDA:2,main
FNDA:8,_Z16acceptConnectioni
FNF:21
FNH:21
DA:34,2
DA:36,2
DA:37,2
DA:38,2
DA:40,2
DA:41,2
DA:42,2
DA:43,2
DA:44,2
DA:45,0
DA:47,64
DA:49,64
DA:51,0
DA:52,0
DA:53,0
DA:54,64
DA:56,8
DA:59,8
DA:61,2
DA:62,2
DA:63,2
DA:64,2
DA:66,6
DA:68,6
DA:71,10
DA:75,10
DA:78,4
DA:79,4
DA:83,6
DA:84,6
DA:86,6
DA:89,6
DA:90,6
DA:91,6
DA:92,6
DA:93,6
DA:95,62
DA:96,62
DA:97,62
DA:98,62
DA:99,4
DA:100,4
DA:101,4
DA:102,4
DA:103,4
DA:104,4
DA:105,0
DA:108,58
DA:109,58
DA:110,58
DA:112,58
DA:113,58
DA:115,58
DA:116,58
DA:117,58
DA:119,58
DA:121,58
DA:123,10
DA:126,10
DA:127,2
DA:128,2
DA:130,8
DA:131,4
DA:132,4
DA:134,8
DA:135,4
DA:136,4
DA:139,8
DA:140,8
DA:141,8
DA:142,8
DA:144,8
DA:145,8
DA:146,8
DA:147,8
DA:148,8
DA:149,8
DA:150,8
DA:154,8
DA:155,16
DA:156,8
DA:158,8
DA:159,8
DA:160,2
DA:161,2
DA:164,32
DA:165,28
DA:168,28
DA:169,28
DA:170,28
DA:171,28
DA:172,28
DA:173,28
DA:175,28
DA:176,2
DA:177,2
DA:178,2
DA:179,2
DA:180,2
DA:181,2
DA:182,0
DA:183,0
DA:187,26
DA:188,26
DA:189,0
DA:190,0
DA:191,0
DA:194,28
DA:196,26
DA:197,6
DA:198,6
DA:199,6
DA:202,20
DA:203,20
DA:204,20
DA:205,20
DA:209,6
DA:210,6
DA:211,6
DA:212,6
DA:213,6
DA:214,60
DA:215,6
DA:216,6
DA:217,2
DA:218,2
DA:221,4
DA:222,2
DA:223,2
DA:226,4
DA:227,4
DA:228,4
DA:229,4
DA:230,4
DA:233,4
DA:234,4
DA:235,4
DA:237,4
DA:238,4
DA:239,4
DA:240,4
DA:241,4
DA:242,4
DA:243,4
DA:244,48
DA:245,6
DA:246,6
DA:247,2
DA:248,2
DA:251,4
DA:252,2
DA:253,2
DA:256,4
DA:257,4
DA:258,4
DA:259,4
DA:260,4
DA:263,4
DA:264,4
DA:265,4
DA:267,4
DA:268,4
DA:269,4
DA:270,4
DA:271,4
DA:272,4
DA:273,4
DA:274,42
DA:275,6
DA:276,6
DA:277,2
DA:278,2
DA:282,4
DA:283,4
DA:284,4
DA:286,4
DA:287,4
DA:288,4
DA:289,4
DA:290,4
DA:291,4
DA:292,4
DA:293,36
DA:294,12
DA:295,12
DA:296,2
DA:297,2
DA:300,10
DA:301,10
DA:303,10
DA:304,10
DA:305,10
DA:307,10
DA:308,10
DA:309,10
DA:310,10
DA:311,10
DA:312,10
DA:315,10
DA:316,30
DA:317,10
DA:319,10
DA:320,4
DA:321,4
DA:325,6
DA:326,12
DA:327,6
DA:329,6
DA:330,6
DA:331,18
DA:333,6
DA:334,6
DA:335,6
DA:336,6
DA:337,6
DA:338,34
DA:339,6
DA:340,6
DA:341,2
DA:342,2
DA:346,4
DA:347,4
DA:348,4
DA:350,4
DA:351,4
DA:352,4
DA:353,4
DA:354,4
DA:355,4
DA:356,4
DA:357,4
DA:358,18
DA:359,6
DA:360,6
DA:361,2
DA:362,2
DA:365,4
DA:366,4
DA:367,4
DA:368,4
DA:369,4
DA:370,4
DA:371,4
DA:372,12
DA:373,2
DA:374,2
DA:375,2
DA:377,4
DA:378,4
DA:382,32
DA:383,58
DA:384,26
DA:386,32
DA:387,32
DA:388,32
DA:389,32
DA:390,136
DA:392,6
DA:397,6
DA:400,8
DA:403,8
DA:404,8
DA:405,6
DA:407,0
DA:408,0
DA:410,6
DA:412,6
DA:414,6
DA:415,6
DA:416,12
DA:417,6
DA:418,6
DA:422,2
DA:425,2
DA:426,2
DA:427,2
DA:428,2
DA:429,2
DA:430,2
DA:431,2
DA:432,2
DA:433,2
DA:437,8
DA:439,6
DA:440,6
DA:442,2
DA:443,2
DA:444,2
DA:445,2
DA:446,2
DA:447,2
DA:448,16
DA:451,14
DA:453,2
DA:454,2
DA:455,4
DA:460,2
DA:463,2
DA:465,0
DA:466,0
DA:470,2
DA:472,0
DA:473,0
DA:477,2
DA:478,2
DA:479,2
DA:480,2
DA:483,2
DA:485,0
DA:486,0
DA:490,2
DA:492,0
DA:493,0
DA:497,2
DA:498,2
DA:499,2
DA:501,16
DA:503,14
DA:508,8
DA:509,6
DA:511,0
DA:514,6
DA:516,6
DA:518,6
DA:519,6
DA:521,6
DA:523,6
DA:524,6
DA:525,6
DA:529,0
LF:330
LH:308
end_of_record
TN:
SF:/home/eladubuntu/Git Projects/OS_2024-FINAL_PROJECT_MST/Reactor.cpp
FN:3,_ZN7Reactor9addHandleEiSt8functionIFvvEE
FN:10,_ZN7Reactor12handleEventsEv
FNDA:1,_ZN7Reactor9addHandleEiSt8functionIFvvEE
FNDA:4,_ZN7Reactor12handleEventsEv
FNF:2
FNH:2
DA:3,1
DA:5,1
DA:6,1
DA:7,1
DA:8,1
DA:10,4
DA:13,4
DA:15,4
DA:18,3
DA:20,0
DA:21,0
DA:25,15
DA:28,12
DA:30,3
DA:32,3
DA:37,3
LF:16
LH:14
end_of_record
TN:
SF:/home/eladubuntu/Git Projects/OS_2024-FINAL_PROJECT_MST/Reactor.hpp
FN:44,_ZN7ReactorC2Ev
FNDA:1,_ZN7ReactorC2Ev
FNF:1
FNH:1
DA:44,1
DA:46,17
DA:47,17
DA:48,1
LF:4
LH:4
end_of_record
TN:
SF:/home/eladubuntu/Git Projects/OS_2024-FINAL_PROJECT_MST/ThreadContext.cpp
FN:3,_ZN13ThreadContext12createThreadESt8functionIFvvEE
FN:8,_ZZN13ThreadContext12createThreadESt8functionIFvvEEENKUlPvE_clES3_
FN:25,_ZN13ThreadContext6wakeUpEv
FN:33,_ZN13ThreadContext5sleepEv
FN:39,_ZN13ThreadContext13conditionWaitERKSt6atomicIbE
FN:43,_ZZN13ThreadContext13conditionWaitERKSt6atomicIbEENKUlvE_clEv
FNDA:26,_ZZN13ThreadContext13conditionWaitERKSt6atomicIbEENKUlvE_clEv
FNDA:10,_ZN13ThreadContext12createThreadESt8functionIFvvEE
FNDA:10,_ZZN13ThreadContext12createThreadESt8functionIFvvEEENKUlPvE_clES3_
FNDA:13,_ZN13ThreadContext13conditionWaitERKSt6atomicIbE
FNDA:4,_ZN13ThreadContext6wakeUpEv
FNDA:3,_ZN13ThreadContext5sleepEv
FNF:6
FNH:6
DA:3,10
DA:6,10
DA:8,10
DA:10,10
DA:13,10
DA:15,9
DA:16,10
DA:18,10
DA:19,0
DA:22,10
DA:25,4
DA:27,4
DA:29,4
DA:30,4
DA:31,4
DA:33,3
DA:35,3
DA:36,3
DA:37,3
DA:39,13
DA:42,13
DA:43,39
DA:44,13
LF:23
LH:22
end_of_record
TN:
SF:/home/eladubuntu/Git Projects/OS_2024-FINAL_PROJECT_MST/ThreadContext.hpp
FN:39,_ZN13ThreadContextC2Ev
FN:44,_ZN13ThreadContextD2Ev
FN:58,_ZN13ThreadContext9addHandleEiSt8functionIFvvEE
FN:64,_ZN13ThreadContext12executeEventEv
FN:66,_ZNK13ThreadContext5getIdEv
FN:71,_ZN13ThreadContextneERKS_
FN:85,_ZN13ThreadContext7isAwakeEv
FN:100,_ZN13ThreadContext6notifyEv
FN:103,_ZN13ThreadContext4joinEv
FN:104,_ZN13ThreadContext6cancelEv
FNDA:10,_ZN13ThreadContextD2Ev
FNDA:10,_ZN13ThreadContext6notifyEv
FNDA:3,_ZN13ThreadContext9addHandleEiSt8functionIFvvEE
FNDA:6,_ZN13ThreadContextneERKS_
FNDA:10,_ZN13ThreadContext6cancelEv
FNDA:10,_ZN13ThreadContext4joinEv
FNDA:3,_ZN13ThreadContext12executeEventEv
FNDA:10,_ZN13ThreadContextC2Ev
FNDA:40,_ZNK13ThreadContext5getIdEv
FNDA:4,_ZN13ThreadContext7isAwakeEv
FNF:10
FNH:10
DA:39,10
DA:44,10
DA:58,3
DA:64,3
DA:66,40
DA:71,6
DA:85,4
DA:100,10
DA:103,10
DA:104,10
LF:10
LH:10
end_of_record
TN:
SF:/home/eladubuntu/Git Projects/OS_2024-FINAL_PROJECT_MST/Tree.cpp
FN:11,_ZN4Tree4initESt6vectorI4EdgeSaIS1_EE
FN:23,_ZN4Tree11totalWeightEv
FN:36,_ZN4Tree8dijkstraEiRSt6vectorIiSaIiEE
FN:72,_ZN4Tree3dfsEiiRSt6vectorIiSaIiEES3_
FN:85,_ZN4Tree12shortestPathB5cxx11Eii
FN:107,_ZN4Tree15reconstructPathB5cxx11EiiRKSt6vectorIiSaIiEEi
FN:143,_ZN4Tree13floydWarshallEv
FN:171,_ZN4Tree20averageDistanceEdgesEv
FN:192,_ZN4Tree12farthestNodeEi
FN:214,_ZN4Tree8diameterEv
FN:225,_ZN4Tree7addEdgeEiii
FN:250,_ZN4Tree10removeEdgeEii
FN:255,_ZN4Tree8printMSTB5cxx11Ev
FN:261,_ZN4Tree8printMSTB5cxx11EiiiRSt6vectorIbSaIbEE
FNDA:6,_ZN4Tree8dijkstraEiRSt6vectorIiSaIiEE
FNDA:6,_ZN4Tree15reconstructPathB5cxx11EiiRKSt6vectorIiSaIiEEi
FNDA:10,_ZN4Tree12shortestPathB5cxx11Eii
FNDA:6,_ZN4Tree8diameterEv
FNDA:6,_ZN4Tree11totalWeightEv
FNDA:0,_ZN4Tree10removeEdgeEii
FNDA:42,_ZN4Tree7addEdgeEiii
FNDA:54,_ZN4Tree3dfsEiiRSt6vectorIiSaIiEES3_
FNDA:12,_ZN4Tree4initESt6vectorI4EdgeSaIS1_EE
FNDA:6,_ZN4Tree20averageDistanceEdgesEv
FNDA:54,_ZN4Tree8printMSTB5cxx11EiiiRSt6vectorIbSaIbEE
FNDA:12,_ZN4Tree12farthestNodeEi
FNDA:6,_ZN4Tree13floydWarshallEv
FNDA:12,_ZN4Tree8printMSTB5cxx11Ev
FNF:14
FNH:13
DA:11,12
DA:13,12
DA:14,12
DA:15,12
DA:17,54
DA:19,42
DA:21,12
DA:23,6
DA:25,6
DA:26,33
DA:28,69
DA:30,42
DA:33,6
DA:36,6
DA:39,6
DA:41,6
DA:43,6
DA:44,6
DA:45,6
DA:48,33
DA:51,27
DA:52,27
DA:55,69
DA:57,42
DA:58,42
DA:60,42
DA:63,21
DA:64,21
DA:65,21
DA:69,12
DA:70,6
DA:72,54
DA:74,138
DA:76,84
DA:78,42
DA:79,42
DA:80,42
DA:83,54
DA:85,10
DA:87,10
DA:89,0
DA:91,10
DA:93,4
DA:96,6
DA:97,6
DA:99,6
DA:101,0
DA:104,6
DA:105,6
DA:107,6
DA:109,6
DA:110,6
DA:112,0
DA:115,6
DA:116,26
DA:118,26
DA:119,26
DA:122,6
DA:124,0
DA:127,6
DA:128,6
DA:130,32
DA:132,26
DA:133,26
DA:135,20
DA:138,6
DA:139,6
DA:140,6
DA:143,6
DA:145,6
DA:146,33
DA:148,27
DA:149,69
DA:151,42
DA:155,33
DA:157,150
DA:159,690
DA:161,834
DA:162,267
DA:164,54
DA:169,6
DA:171,6
DA:173,6
DA:174,6
DA:175,6
DA:176,33
DA:178,75
DA:180,48
DA:182,48
DA:183,48
DA:188,6
DA:192,12
DA:194,12
DA:195,12
DA:196,12
DA:198,12
DA:200,12
DA:201,12
DA:202,66
DA:204,54
DA:206,21
DA:207,21
DA:211,24
DA:212,12
DA:214,6
DA:217,6
DA:220,6
DA:222,6
DA:225,42
DA:227,42
DA:229,0
DA:230,0
DA:233,42
DA:235,0
DA:236,0
DA:239,42
DA:241,0
DA:242,0
DA:245,42
DA:246,42
DA:247,42
DA:248,42
DA:250,0
DA:252,0
DA:255,12
DA:257,12
DA:258,36
DA:259,12
DA:261,54
DA:263,54
DA:264,54
DA:265,12
DA:268,54
DA:270,138
DA:272,84
DA:275,42
DA:278,42
DA:281,42
DA:284,42
DA:285,42
DA:288,54
DA:289,12
DA:292,54
DA:293,0
LF:144
LH:131
end_of_record
TN:
SF:/home/eladubuntu/Git Projects/OS_2024-FINAL_PROJECT_MST/Tree.hpp
FN:24,_ZN4TreeC2ESt6vectorI4EdgeSaIS1_EE
FNDA:12,_ZN4TreeC2ESt6vectorI4EdgeSaIS1_EE
FNF:1
FNH:1
DA:24,12
LF:1
LH:1
end_of_record
TN:
SF:/usr/include/c++/11/atomic
FN:76,_ZNSt6atomicIbEC2Eb
FN:86,_ZNKSt6atomicIbEcvbEv
FN:103,_ZNSt6atomicIbE5storeEbSt12memory_order
FN:111,_ZNKSt6atomicIbE4loadESt12memory_order
FNDA:74,_ZNKSt6atomicIbEcvbEv
FNDA:26,_ZNSt6atomicIbEC2Eb
FNDA:363,_ZNKSt6atomicIbE4loadESt12memory_order
FNDA:96,_ZNSt6atomicIbE5storeEbSt12memory_order
FNF:4
FNH:4
DA:76,26
DA:86,74
DA:87,148
DA:103,96
DA:104,96
DA:111,363
DA:112,726
LF:7
LH:7
end_of_record
TN:
SF:/usr/include/c++/11/bits/alloc_traits.h
FN:463,_ZNSt16allocator_traitsISaIiEE8allocateERS0_m
FN:463,_ZNSt16allocator_traitsISaISt4pairIiiEEE8allocateERS2_m
FN:463,_ZNSt16allocator_traitsISaISt10shared_ptrI13ThreadContextEEE8allocateERS3_m
FN:463,_ZNSt16allocator_traitsISaISt6vectorI4EdgeSaIS1_EEEE8allocateERS4_m
FN:463,_ZNSt16allocator_traitsISaI4EdgeEE8allocateERS1_m
FN:463,_ZNSt16allocator_traitsISaISt13_Rb_tree_nodeISt4pairIKiSt8functionIFvvEEEEEE8allocateERS8_m
FN:463,_ZNSt16allocator_traitsISaImEE8allocateERS0_m
FN:463,_ZNSt16allocator_traitsISaISt6vectorIiSaIiEEEE8allocateERS3_m
FN:463,_ZNSt16allocator_traitsISaIPSt8functionIFvvEEEE8allocateERS4_m
FN:463,_ZNSt16allocator_traitsISaISt10unique_ptrI12ActiveObjectSt14default_deleteIS1_EEEE8allocateERS5_m
FN:463,_ZNSt16allocator_traitsISaISt23_Sp_counted_ptr_inplaceI13ThreadContextSaIS1_ELN9__gnu_cxx12_Lock_policyE2EEEE8allocateERS6_m
FN:463,_ZNSt16allocator_traitsISaISt8functionIFvvEEEE8allocateERS3_m
FN:495,_ZNSt16allocator_traitsISaImEE10deallocateERS0_Pmm
FN:495,_ZNSt16allocator_traitsISaISt6vectorIiSaIiEEEE10deallocateERS3_PS2_m
FN:495,_ZNSt16allocator_traitsISaISt13_Rb_tree_nodeISt4pairIKiSt8functionIFvvEEEEEE10deallocateERS8_PS7_m
FN:495,_ZNSt16allocator_traitsISaISt23_Sp_counted_ptr_inplaceI13ThreadContextSaIS1_ELN9__gnu_cxx12_Lock_policyE2EEEE10deallocateERS6_PS5_m
FN:495,_ZNSt16allocator_traitsISaISt6vectorI4EdgeSaIS1_EEEE10deallocateERS4_PS3_m
FN:495,_ZNSt16allocator_traitsISaIPSt8functionIFvvEEEE10deallocateERS4_PS3_m
FN:495,_ZNSt16allocator_traitsISaIiEE10deallocateERS0_Pim
FN:495,_ZNSt16allocator_traitsISaISt4pairIiiEEE10deallocateERS2_PS1_m
FN:495,_ZNSt16allocator_traitsISaISt10unique_ptrI12ActiveObjectSt14default_deleteIS1_EEEE10deallocateERS5_PS4_m
FN:495,_ZNSt16allocator_traitsISaISt8functionIFvvEEEE10deallocateERS3_PS2_m
FN:495,_ZNSt16allocator_traitsISaISt6threadEE10deallocateERS1_PS0_m
FN:495,_ZNSt16allocator_traitsISaISt10shared_ptrI13ThreadContextEEE10deallocateERS3_PS2_m
FN:495,_ZNSt16allocator_traitsISaI4EdgeEE10deallocateERS1_PS0_m
FN:511,_ZNSt16allocator_traitsISaImEE9constructImJRKmEEEvRS0_PT_DpOT0_
FN:511,_ZNSt16allocator_traitsISaIiEE9constructIiJiEEEvRS0_PT_DpOT0_
FN:511,_ZNSt16allocator_traitsISaISt6vectorI4EdgeSaIS1_EEEE9constructIS3_JS3_EEEvRS4_PT_DpOT0_
FN:511,_ZNSt16allocator_traitsISaISt4pairIiiEEE9constructIS1_JS1_EEEvRS2_PT_DpOT0_
FN:511,_ZNSt16allocator_traitsISaISt8functionIFvvEEEE9constructIS2_JRZ14handleCommandsiRSt6vectorISt10unique_ptrI12ActiveObjectSt14default_deleteIS8_EESaISB_EERS7_I5GraphS9_ISF_EER10MSTFactoryRS7_I4TreeS9_ISL_EEEUlvE10_EEEvRS3_PT_DpOT0_
FN:511,_ZNSt16allocator_traitsISaISt8functionIFvvEEEE9constructIS2_JRZ14handleCommandsiRSt6vectorISt10unique_ptrI12ActiveObjectSt14default_deleteIS8_EESaISB_EERS7_I5GraphS9_ISF_EER10MSTFactoryRS7_I4TreeS9_ISL_EEEUlvE2_EEEvRS3_PT_DpOT0_
FN:511,_ZNSt16allocator_traitsISaISt8functionIFvvEEEE9constructIS2_JRZ14handleCommandsiRSt6vectorISt10unique_ptrI12ActiveObjectSt14default_deleteIS8_EESaISB_EERS7_I5GraphS9_ISF_EER10MSTFactoryRS7_I4TreeS9_ISL_EEEUlvE8_EEEvRS3_PT_DpOT0_
FN:511,_ZNSt16allocator_traitsISaISt8functionIFvvEEEE9constructIS2_JRZ14handleCommandsiRSt6vectorISt10unique_ptrI12ActiveObjectSt14default_deleteIS8_EESaISB_EERS7_I5GraphS9_ISF_EER10MSTFactoryRS7_I4TreeS9_ISL_EEEUlvE4_EEEvRS3_PT_DpOT0_
FN:511,_ZNSt16allocator_traitsISaISt8functionIFvvEEEE9constructIS2_JRZ14handleCommandsiRSt6vectorISt10unique_ptrI12ActiveObjectSt14default_deleteIS8_EESaISB_EERS7_I5GraphS9_ISF_EER10MSTFactoryRS7_I4TreeS9_ISL_EEEUlvE9_EEEvRS3_PT_DpOT0_
FN:511,_ZNSt16allocator_traitsISaISt8functionIFvvEEEE9constructIS2_JRZ14handleCommandsiRSt6vectorISt10unique_ptrI12ActiveObjectSt14default_deleteIS8_EESaISB_EERS7_I5GraphS9_ISF_EER10MSTFactoryRS7_I4TreeS9_ISL_EEEUlvE5_EEEvRS3_PT_DpOT0_
FN:511,_ZNSt16allocator_traitsISaI4EdgeEE9constructIS0_JS0_EEEvRS1_PT_DpOT0_
FN:511,_ZNSt16allocator_traitsISaISt6vectorIiSaIiEEEE9constructIS2_JRKS2_EEEvRS3_PT_DpOT0_
FN:511,_ZNSt16allocator_traitsISaISt13_Rb_tree_nodeISt4pairIKiSt8functionIFvvEEEEEE9constructIS6_JRKSt21piecewise_construct_tSt5tupleIJRS2_EESE_IJEEEEEvRS8_PT_DpOT0_
FN:511,_ZNSt16allocator_traitsISaISt8functionIFvvEEEE9constructIS2_JRZ14handleCommandsiRSt6vectorISt10unique_ptrI12ActiveObjectSt14default_deleteIS8_EESaISB_EERS7_I5GraphS9_ISF_EER10MSTFactoryRS7_I4TreeS9_ISL_EEEUlvE0_EEEvRS3_PT_DpOT0_
FN:511,_ZNSt16allocator_traitsISaISt8functionIFvvEEEE9constructIS2_JRZ14handleCommandsiRSt6vectorISt10unique_ptrI12ActiveObjectSt14default_deleteIS8_EESaISB_EERS7_I5GraphS9_ISF_EER10MSTFactoryRS7_I4TreeS9_ISL_EEEUlvE6_EEEvRS3_PT_DpOT0_
FN:511,_ZNSt16allocator_traitsISaI13ThreadContextEE9constructIS0_JEEEvRS1_PT_DpOT0_
FN:511,_ZNSt16allocator_traitsISaI4EdgeEE9constructIS0_JRKS0_EEEvRS1_PT_DpOT0_
FN:511,_ZNSt16allocator_traitsISaISt8functionIFvvEEEE9constructIS2_JRZ14handleCommandsiRSt6vectorISt10unique_ptrI12ActiveObjectSt14default_deleteIS8_EESaISB_EERS7_I5GraphS9_ISF_EER10MSTFactoryRS7_I4TreeS9_ISL_EEEUlvE1_EEEvRS3_PT_DpOT0_
FN:511,_ZNSt16allocator_traitsISaISt8functionIFvvEEEE9constructIS2_JRZ14handleCommandsiRSt6vectorISt10unique_ptrI12ActiveObjectSt14default_deleteIS8_EESaISB_EERS7_I5GraphS9_ISF_EER10MSTFactoryRS7_I4TreeS9_ISL_EEEUlvE_EEEvRS3_PT_DpOT0_
FN:511,_ZNSt16allocator_traitsISaISt10unique_ptrI12ActiveObjectSt14default_deleteIS1_EEEE9constructIS4_JS4_EEEvRS5_PT_DpOT0_
FN:511,_ZNSt16allocator_traitsISaISt8functionIFvvEEEE9constructIS2_JRZ14handleCommandsiRSt6vectorISt10unique_ptrI12ActiveObjectSt14default_deleteIS8_EESaISB_EERS7_I5GraphS9_ISF_EER10MSTFactoryRS7_I4TreeS9_ISL_EEEUlvE3_EEEvRS3_PT_DpOT0_
FN:531,_ZNSt16allocator_traitsISaISt6vectorI4EdgeSaIS1_EEEE7destroyIS3_EEvRS4_PT_
FN:531,_ZNSt16allocator_traitsISaISt4pairIiiEEE7destroyIS1_EEvRS2_PT_
FN:531,_ZNSt16allocator_traitsISaISt10unique_ptrI12ActiveObjectSt14default_deleteIS1_EEEE7destroyIS4_EEvRS5_PT_
FN:531,_ZNSt16allocator_traitsISaISt13_Rb_tree_nodeISt4pairIKiSt8functionIFvvEEEEEE7destroyIS6_EEvRS8_PT_
FN:531,_ZNSt16allocator_traitsISaISt8functionIFvvEEEE7destroyIS2_EEvRS3_PT_
FN:531,_ZNSt16allocator_traitsISaISt6vectorIiSaIiEEEE7destroyIS2_EEvRS3_PT_
FN:531,_ZNSt16allocator_traitsISaI13ThreadContextEE7destroyIS0_EEvRS1_PT_
FN:547,_ZNSt16allocator_traitsISaImEE8max_sizeERKS0_
FN:547,_ZNSt16allocator_traitsISaISt8functionIFvvEEEE8max_sizeERKS3_
FN:547,_ZNSt16allocator_traitsISaIiEE8max_sizeERKS0_
FN:547,_ZNSt16allocator_traitsISaISt10shared_ptrI13ThreadContextEEE8max_sizeERKS3_
FN:547,_ZNSt16allocator_traitsISaISt4pairIiiEEE8max_sizeERKS2_
FN:547,_ZNSt16allocator_traitsISaI4EdgeEE8max_sizeERKS1_
FN:547,_ZNSt16allocator_traitsISaISt10unique_ptrI12ActiveObjectSt14default_deleteIS1_EEEE8max_sizeERKS5_
FN:547,_ZNSt16allocator_traitsISaISt6vectorI4EdgeSaIS1_EEEE8max_sizeERKS4_
FN:547,_ZNSt16allocator_traitsISaISt6vectorIiSaIiEEEE8max_sizeERKS3_
FN:562,_ZNSt16allocator_traitsISaI4EdgeEE37select_on_container_copy_constructionERKS1_
FN:562,_ZNSt16allocator_traitsISaIiEE37select_on_container_copy_constructionERKS0_
FN:562,_ZNSt16allocator_traitsISaImEE37select_on_container_copy_constructionERKS0_
FN:562,_ZNSt16allocator_traitsISaIcEE37select_on_container_copy_constructionERKS0_
FN:678,_ZSt15__alloc_on_copyISaIiEEvRT_RKS1_
FN:710,_ZSt15__alloc_on_moveISaIiEEvRT_S2_
FN:737,_ZSt15__alloc_on_swapISaISt10unique_ptrI12ActiveObjectSt14default_deleteIS1_EEEEvRT_S7_
FN:737,_ZSt15__alloc_on_swapISaImEEvRT_S2_
FN:845,_ZSt8_DestroyIP4EdgeS0_EvT_S2_RSaIT0_E
FN:845,_ZSt8_DestroyIPSt6threadS0_EvT_S2_RSaIT0_E
FN:845,_ZSt8_DestroyIPiiEvT_S1_RSaIT0_E
FN:845,_ZSt8_DestroyIPSt10unique_ptrI12ActiveObjectSt14default_deleteIS1_EES4_EvT_S6_RSaIT0_E
FN:845,_ZSt8_DestroyIPSt6vectorI4EdgeSaIS1_EES3_EvT_S5_RSaIT0_E
FN:845,_ZSt8_DestroyIPSt10shared_ptrI13ThreadContextES2_EvT_S4_RSaIT0_E
FN:845,_ZSt8_DestroyIPSt6vectorIiSaIiEES2_EvT_S4_RSaIT0_E
FN:845,_ZSt8_DestroyIPSt4pairIiiES1_EvT_S3_RSaIT0_E
FN:845,_ZSt8_DestroyIPmmEvT_S1_RSaIT0_E
FN:845,_ZSt8_DestroyIPSt8functionIFvvEES2_EvT_S4_RSaIT0_E
FN:845,_ZSt8_DestroyIN9__gnu_cxx17__normal_iteratorIPiSt6vectorIiSaIiEEEEiEvT_S7_RSaIT0_E
FNDA:0,_ZNSt16allocator_traitsISaISt8functionIFvvEEEE8max_sizeERKS3_
FNDA:0,_ZNSt16allocator_traitsISaISt6vectorI4EdgeSaIS1_EEEE9constructIS3_JS3_EEEvRS4_PT_DpOT0_
FNDA:0,_ZNSt16allocator_traitsISaISt6vectorI4EdgeSaIS1_EEEE7destroyIS3_EEvRS4_PT_
FNDA:0,_ZSt15__alloc_on_moveISaIiEEvRT_S2_
FNDA:26,_ZNSt16allocator_traitsISaIiEE9constructIiJiEEEvRS0_PT_DpOT0_
FNDA:6,_ZNSt16allocator_traitsISaImEE9constructImJRKmEEEvRS0_PT_DpOT0_
FNDA:14,_ZNSt16allocator_traitsISaImEE8max_sizeERKS0_
FNDA:45,_ZNSt16allocator_traitsISaImEE10deallocateERS0_Pmm
FNDA:134,_ZNSt16allocator_traitsISaIiEE8allocateERS0_m
FNDA:0,_ZSt8_DestroyIPSt6threadS0_EvT_S2_RSaIT0_E
FNDA:1,_ZNSt16allocator_traitsISaISt13_Rb_tree_nodeISt4pairIKiSt8functionIFvvEEEEEE8allocateERS8_m
FNDA:14,_ZNSt16allocator_traitsISaISt10unique_ptrI12ActiveObjectSt14default_deleteIS1_EEEE7destroyIS4_EEvRS5_PT_
FNDA:141,_ZSt8_DestroyIP4EdgeS0_EvT_S2_RSaIT0_E
FNDA:120,_ZSt8_DestroyIPiiEvT_S1_RSaIT0_E
FNDA:6,_ZNSt16allocator_traitsISaISt6vectorIiSaIiEEEE10deallocateERS3_PS2_m
FNDA:27,_ZNSt16allocator_traitsISaISt4pairIiiEEE7destroyIS1_EEvRS2_PT_
FNDA:24,_ZNSt16allocator_traitsISaI4EdgeEE37select_on_container_copy_constructionERKS1_
FNDA:225,_ZNSt16allocator_traitsISaI4EdgeEE8allocateERS1_m
FNDA:106,_ZNSt16allocator_traitsISaIiEE8max_sizeERKS0_
FNDA:4,_ZNSt16allocator_traitsISaISt8functionIFvvEEEE9constructIS2_JRZ14handleCommandsiRSt6vectorISt10unique_ptrI12ActiveObjectSt14default_deleteIS8_EESaISB_EERS7_I5GraphS9_ISF_EER10MSTFactoryRS7_I4TreeS9_ISL_EEEUlvE2_EEEvRS3_PT_DpOT0_
FNDA:21,_ZNSt16allocator_traitsISaISt6vectorI4EdgeSaIS1_EEEE8allocateERS4_m
FNDA:1,_ZNSt16allocator_traitsISaISt10shared_ptrI13ThreadContextEEE8allocateERS3_m
FNDA:4,_ZNSt16allocator_traitsISaISt8functionIFvvEEEE9constructIS2_JRZ14handleCommandsiRSt6vectorISt10unique_ptrI12ActiveObjectSt14default_deleteIS8_EESaISB_EERS7_I5GraphS9_ISF_EER10MSTFactoryRS7_I4TreeS9_ISL_EEEUlvE10_EEEvRS3_PT_DpOT0_
FNDA:6,_ZNSt16allocator_traitsISaISt4pairIiiEEE8allocateERS2_m
FNDA:27,_ZNSt16allocator_traitsISaISt4pairIiiEEE9constructIS1_JS1_EEEvRS2_PT_DpOT0_
FNDA:2,_ZSt15__alloc_on_swapISaImEEvRT_S2_
FNDA:1,_ZNSt16allocator_traitsISaISt13_Rb_tree_nodeISt4pairIKiSt8functionIFvvEEEEEE10deallocateERS8_PS7_m
FNDA:72,_ZNSt16allocator_traitsISaISt8functionIFvvEEEE7destroyIS2_EEvRS3_PT_
FNDA:2,_ZSt15__alloc_on_swapISaISt10unique_ptrI12ActiveObjectSt14default_deleteIS1_EEEEvRT_S7_
FNDA:1,_ZNSt16allocator_traitsISaISt13_Rb_tree_nodeISt4pairIKiSt8functionIFvvEEEEEE7destroyIS6_EEvRS8_PT_
FNDA:1,_ZNSt16allocator_traitsISaISt10shared_ptrI13ThreadContextEEE8max_sizeERKS3_
FNDA:4,_ZSt8_DestroyIPSt10unique_ptrI12ActiveObjectSt14default_deleteIS1_EES4_EvT_S6_RSaIT0_E
FNDA:6,_ZNSt16allocator_traitsISaISt8functionIFvvEEEE9constructIS2_JRZ14handleCommandsiRSt6vectorISt10unique_ptrI12ActiveObjectSt14default_deleteIS8_EESaISB_EERS7_I5GraphS9_ISF_EER10MSTFactoryRS7_I4TreeS9_ISL_EEEUlvE8_EEEvRS3_PT_DpOT0_
FNDA:12,_ZNSt16allocator_traitsISaISt4pairIiiEEE8max_sizeERKS2_
FNDA:14,_ZNSt16allocator_traitsISaIPSt8functionIFvvEEEE8allocateERS4_m
FNDA:4,_ZNSt16allocator_traitsISaISt8functionIFvvEEEE9constructIS2_JRZ14handleCommandsiRSt6vectorISt10unique_ptrI12ActiveObjectSt14default_deleteIS8_EESaISB_EERS7_I5GraphS9_ISF_EER10MSTFactoryRS7_I4TreeS9_ISL_EEEUlvE5_EEEvRS3_PT_DpOT0_
FNDA:6,_ZNSt16allocator_traitsISaISt6vectorIiSaIiEEEE8allocateERS3_m
FNDA:48,_ZNSt16allocator_traitsISaIiEE37select_on_container_copy_constructionERKS0_
FNDA:45,_ZNSt16allocator_traitsISaImEE8allocateERS0_m
FNDA:2,_ZSt8_DestroyIPSt10shared_ptrI13ThreadContextES2_EvT_S4_RSaIT0_E
FNDA:4,_ZNSt16allocator_traitsISaISt8functionIFvvEEEE9constructIS2_JRZ14handleCommandsiRSt6vectorISt10unique_ptrI12ActiveObjectSt14default_deleteIS8_EESaISB_EERS7_I5GraphS9_ISF_EER10MSTFactoryRS7_I4TreeS9_ISL_EEEUlvE9_EEEvRS3_PT_DpOT0_
FNDA:21,_ZSt8_DestroyIPSt6vectorI4EdgeSaIS1_EES3_EvT_S5_RSaIT0_E
FNDA:4,_ZNSt16allocator_traitsISaISt8functionIFvvEEEE9constructIS2_JRZ14handleCommandsiRSt6vectorISt10unique_ptrI12ActiveObjectSt14default_deleteIS8_EESaISB_EERS7_I5GraphS9_ISF_EER10MSTFactoryRS7_I4TreeS9_ISL_EEEUlvE4_EEEvRS3_PT_DpOT0_
FNDA:10,_ZNSt16allocator_traitsISaISt8functionIFvvEEEE9constructIS2_JRZ14handleCommandsiRSt6vectorISt10unique_ptrI12ActiveObjectSt14default_deleteIS8_EESaISB_EERS7_I5GraphS9_ISF_EER10MSTFactoryRS7_I4TreeS9_ISL_EEEUlvE6_EEEvRS3_PT_DpOT0_
FNDA:6,_ZNSt16allocator_traitsISaISt4pairIiiEEE10deallocateERS2_PS1_m
FNDA:6,_ZSt8_DestroyIPSt4pairIiiES1_EvT_S3_RSaIT0_E
FNDA:18,_ZNSt16allocator_traitsISaISt10unique_ptrI12ActiveObjectSt14default_deleteIS1_EEEE8max_sizeERKS5_
FNDA:0,_ZSt15__alloc_on_copyISaIiEEvRT_RKS1_
FNDA:20,_ZNSt16allocator_traitsISaISt8functionIFvvEEEE9constructIS2_JRZ14handleCommandsiRSt6vectorISt10unique_ptrI12ActiveObjectSt14default_deleteIS8_EESaISB_EERS7_I5GraphS9_ISF_EER10MSTFactoryRS7_I4TreeS9_ISL_EEEUlvE0_EEEvRS3_PT_DpOT0_
FNDA:21,_ZNSt16allocator_traitsISaImEE37select_on_container_copy_constructionERKS0_
FNDA:18,_ZSt8_DestroyIPSt6vectorIiSaIiEES2_EvT_S4_RSaIT0_E
FNDA:0,_ZNSt16allocator_traitsISaISt6vectorIiSaIiEEEE9constructIS2_JRKS2_EEEvRS3_PT_DpOT0_
FNDA:1,_ZNSt16allocator_traitsISaISt13_Rb_tree_nodeISt4pairIKiSt8functionIFvvEEEEEE9constructIS6_JRKSt21piecewise_construct_tSt5tupleIJRS2_EESE_IJEEEEEvRS8_PT_DpOT0_
FNDA:14,_ZNSt16allocator_traitsISaIPSt8functionIFvvEEEE10deallocateERS4_PS3_m
FNDA:134,_ZNSt16allocator_traitsISaIiEE10deallocateERS0_Pim
FNDA:21,_ZNSt16allocator_traitsISaISt6vectorI4EdgeSaIS1_EEEE10deallocateERS4_PS3_m
FNDA:165,_ZNSt16allocator_traitsISaI4EdgeEE9constructIS0_JS0_EEEvRS1_PT_DpOT0_
FNDA:402,_ZNSt16allocator_traitsISaI4EdgeEE8max_sizeERKS1_
FNDA:8,_ZNSt16allocator_traitsISaISt10unique_ptrI12ActiveObjectSt14default_deleteIS1_EEEE8allocateERS5_m
FNDA:10,_ZNSt16allocator_traitsISaISt23_Sp_counted_ptr_inplaceI13ThreadContextSaIS1_ELN9__gnu_cxx12_Lock_policyE2EEEE10deallocateERS6_PS5_m
FNDA:84,_ZNSt16allocator_traitsISaISt6vectorI4EdgeSaIS1_EEEE8max_sizeERKS4_
FNDA:14,_ZNSt16allocator_traitsISaISt8functionIFvvEEEE8allocateERS3_m
FNDA:4,_ZSt8_DestroyIPmmEvT_S1_RSaIT0_E
FNDA:10,_ZNSt16allocator_traitsISaI13ThreadContextEE9constructIS0_JEEEvRS1_PT_DpOT0_
FNDA:10,_ZNSt16allocator_traitsISaISt23_Sp_counted_ptr_inplaceI13ThreadContextSaIS1_ELN9__gnu_cxx12_Lock_policyE2EEEE8allocateERS6_m
FNDA:14,_ZNSt16allocator_traitsISaISt8functionIFvvEEEE10deallocateERS3_PS2_m
FNDA:12,_ZNSt16allocator_traitsISaISt6vectorIiSaIiEEEE8max_sizeERKS3_
FNDA:8,_ZNSt16allocator_traitsISaISt10unique_ptrI12ActiveObjectSt14default_deleteIS1_EEEE10deallocateERS5_PS4_m
FNDA:0,_ZNSt16allocator_traitsISaISt6vectorIiSaIiEEEE7destroyIS2_EEvRS3_PT_
FNDA:48,_ZNSt16allocator_traitsISaI4EdgeEE9constructIS0_JRKS0_EEEvRS1_PT_DpOT0_
FNDA:4,_ZNSt16allocator_traitsISaISt8functionIFvvEEEE9constructIS2_JRZ14handleCommandsiRSt6vectorISt10unique_ptrI12ActiveObjectSt14default_deleteIS8_EESaISB_EERS7_I5GraphS9_ISF_EER10MSTFactoryRS7_I4TreeS9_ISL_EEEUlvE3_EEEvRS3_PT_DpOT0_
FNDA:6,_ZNSt16allocator_traitsISaIcEE37select_on_container_copy_constructionERKS0_
FNDA:10,_ZNSt16allocator_traitsISaI13ThreadContextEE7destroyIS0_EEvRS1_PT_
FNDA:0,_ZSt8_DestroyIN9__gnu_cxx17__normal_iteratorIPiSt6vectorIiSaIiEEEEiEvT_S7_RSaIT0_E
FNDA:225,_ZNSt16allocator_traitsISaI4EdgeEE10deallocateERS1_PS0_m
FNDA:28,_ZNSt16allocator_traitsISaISt10unique_ptrI12ActiveObjectSt14default_deleteIS1_EEEE9constructIS4_JS4_EEEvRS5_PT_DpOT0_
FNDA:1,_ZNSt16allocator_traitsISaISt10shared_ptrI13ThreadContextEEE10deallocateERS3_PS2_m
FNDA:14,_ZSt8_DestroyIPSt8functionIFvvEES2_EvT_S4_RSaIT0_E
FNDA:8,_ZNSt16allocator_traitsISaISt8functionIFvvEEEE9constructIS2_JRZ14handleCommandsiRSt6vectorISt10unique_ptrI12ActiveObjectSt14default_deleteIS8_EESaISB_EERS7_I5GraphS9_ISF_EER10MSTFactoryRS7_I4TreeS9_ISL_EEEUlvE_EEEvRS3_PT_DpOT0_
FNDA:0,_ZNSt16allocator_traitsISaISt6threadEE10deallocateERS1_PS0_m
FNDA:4,_ZNSt16allocator_traitsISaISt8functionIFvvEEEE9constructIS2_JRZ14handleCommandsiRSt6vectorISt10unique_ptrI12ActiveObjectSt14default_deleteIS8_EESaISB_EERS7_I5GraphS9_ISF_EER10MSTFactoryRS7_I4TreeS9_ISL_EEEUlvE1_EEEvRS3_PT_DpOT0_
FNF:81
FNH:71
DA:463,485
DA:464,485
DA:495,485
DA:496,485
DA:511,383
DA:516,383
DA:520,383
DA:531,124
DA:535,124
DA:539,124
DA:547,649
DA:550,649
DA:562,99
DA:563,99
DA:678,0
DA:688,0
DA:710,0
DA:716,0
DA:720,0
DA:737,4
DA:750,4
DA:845,330
DA:848,330
DA:849,330
LF:24
LH:19
end_of_record
TN:
SF:/usr/include/c++/11/bits/allocated_ptr.h
FN:53,_ZNSt15__allocated_ptrISaISt23_Sp_counted_ptr_inplaceI13ThreadContextSaIS1_ELN9__gnu_cxx12_Lock_policyE2EEEEC2ERS6_PS5_
FN:71,_ZNSt15__allocated_ptrISaISt23_Sp_counted_ptr_inplaceI13ThreadContextSaIS1_ELN9__gnu_cxx12_Lock_policyE2EEEED2Ev
FN:79,_ZNSt15__allocated_ptrISaISt23_Sp_counted_ptr_inplaceI13ThreadContextSaIS1_ELN9__gnu_cxx12_Lock_policyE2EEEEaSEDn
FN:86,_ZNSt15__allocated_ptrISaISt23_Sp_counted_ptr_inplaceI13ThreadContextSaIS1_ELN9__gnu_cxx12_Lock_policyE2EEEE3getEv
FN:96,_ZSt18__allocate_guardedISaISt23_Sp_counted_ptr_inplaceI13ThreadContextSaIS1_ELN9__gnu_cxx12_Lock_policyE2EEEESt15__allocated_ptrIT_ERS8_
FNDA:10,_ZNSt15__allocated_ptrISaISt23_Sp_counted_ptr_inplaceI13ThreadContextSaIS1_ELN9__gnu_cxx12_Lock_policyE2EEEEaSEDn
FNDA:10,_ZNSt15__allocated_ptrISaISt23_Sp_counted_ptr_inplaceI13ThreadContextSaIS1_ELN9__gnu_cxx12_Lock_policyE2EEEE3getEv
FNDA:20,_ZNSt15__allocated_ptrISaISt23_Sp_counted_ptr_inplaceI13ThreadContextSaIS1_ELN9__gnu_cxx12_Lock_policyE2EEEEC2ERS6_PS5_
FNDA:20,_ZNSt15__allocated_ptrISaISt23_Sp_counted_ptr_inplaceI13ThreadContextSaIS1_ELN9__gnu_cxx12_Lock_policyE2EEEED2Ev
FNDA:10,_ZSt18__allocate_guardedISaISt23_Sp_counted_ptr_inplaceI13ThreadContextSaIS1_ELN9__gnu_cxx12_Lock_policyE2EEEESt15__allocated_ptrIT_ERS8_
FNF:5
FNH:5
DA:53,20
DA:54,20
DA:55,20
DA:71,20
DA:73,20
DA:74,10
DA:75,20
DA:79,10
DA:81,10
DA:82,10
DA:86,10
DA:96,10
DA:98,10
LF:13
LH:13
end_of_record
TN:
SF:/usr/include/c++/11/bits/allocator.h
FN:156,_ZNSaISt6threadEC2Ev
FN:156,_ZNSaISt13_Rb_tree_nodeISt4pairIKiSt8functionIFvvEEEEEC2Ev
FN:156,_ZNSaImEC2Ev
FN:156,_ZNSaISt6vectorI4EdgeSaIS0_EEEC2Ev
FN:156,_ZNSaI13ThreadContextEC2Ev
FN:156,_ZNSaISt10shared_ptrI13ThreadContextEEC2Ev
FN:156,_ZNSaISt10unique_ptrI12ActiveObjectSt14default_deleteIS0_EEEC2Ev
FN:156,_ZNSaIbEC2Ev
FN:156,_ZNSaI4EdgeEC2Ev
FN:156,_ZNSaISt6vectorIiSaIiEEEC2Ev
FN:156,_ZNSaIiEC2Ev
FN:156,_ZNSaISt4pairIiiEEC2Ev
FN:156,_ZNSaISt8functionIFvvEEEC2Ev
FN:159,_ZNSaI4EdgeEC2ERKS0_
FN:159,_ZNSaI13ThreadContextEC2ERKS0_
FN:159,_ZNSaImEC2ERKS_
FN:159,_ZNSaISt10unique_ptrI12ActiveObjectSt14default_deleteIS0_EEEC2ERKS4_
FN:159,_ZNSaIiEC2ERKS_
FN:159,_ZNSaISt10shared_ptrI13ThreadContextEEC2ERKS2_
FN:169,_ZNSaIbEC2ImEERKSaIT_E
FN:169,_ZNSaISt23_Sp_counted_ptr_inplaceI13ThreadContextSaIS0_ELN9__gnu_cxx12_Lock_policyE2EEEC2IS0_EERKSaIT_E
FN:169,_ZNSaIPSt8functionIFvvEEEC2IS1_EERKSaIT_E
FN:169,_ZNSaImEC2IbEERKSaIT_E
FN:174,_ZNSaISt10unique_ptrI12ActiveObjectSt14default_deleteIS0_EEED2Ev
FN:174,_ZNSaISt23_Sp_counted_ptr_inplaceI13ThreadContextSaIS0_ELN9__gnu_cxx12_Lock_policyE2EEED2Ev
FN:174,_ZNSaIiED2Ev
FN:174,_ZNSaISt4pairIiiEED2Ev
FN:174,_ZNSaISt6vectorI4EdgeSaIS0_EEED2Ev
FN:174,_ZNSaI4EdgeED2Ev
FN:174,_ZNSaISt13_Rb_tree_nodeISt4pairIKiSt8functionIFvvEEEEED2Ev
FN:174,_ZNSaIPSt8functionIFvvEEED2Ev
FN:174,_ZNSaISt6vectorIiSaIiEEED2Ev
FN:174,_ZNSaISt8functionIFvvEEED2Ev
FN:174,_ZNSaISt6threadED2Ev
FN:174,_ZNSaISt10shared_ptrI13ThreadContextEED2Ev
FN:174,_ZNSaImED2Ev
FN:174,_ZNSaI13ThreadContextED2Ev
FN:174,_ZNSaIbED2Ev
FN:209,_ZStneRKSaIiES1_
FN:313,_ZNSt19__shrink_to_fit_auxISt6vectorISt10unique_ptrI12ActiveObjectSt14default_deleteIS2_EESaIS5_EELb1EE8_S_do_itERS7_
FN:313,_ZNSt19__shrink_to_fit_auxISt6vectorImSaImEELb1EE8_S_do_itERS2_
FNDA:105,_ZNSaImED2Ev
FNDA:39,_ZNSaIbED2Ev
FNDA:40,_ZNSaI13ThreadContextED2Ev
FNDA:39,_ZNSaImEC2IbEERKSaIT_E
FNDA:14,_ZNSaISt8functionIFvvEEEC2Ev
FNDA:2,_ZNSt19__shrink_to_fit_auxISt6vectorImSaImEELb1EE8_S_do_itERS2_
FNDA:3,_ZNSaISt10shared_ptrI13ThreadContextEED2Ev
FNDA:14,_ZNSaISt8functionIFvvEEED2Ev
FNDA:228,_ZNSaIiEC2ERKS_
FNDA:0,_ZNSaISt6threadED2Ev
FNDA:72,_ZNSaIiEC2Ev
FNDA:12,_ZNSaISt6vectorIiSaIiEEEC2Ev
FNDA:0,_ZStneRKSaIiES1_
FNDA:2,_ZNSaISt10shared_ptrI13ThreadContextEEC2ERKS2_
FNDA:6,_ZNSaISt4pairIiiEEC2Ev
FNDA:66,_ZNSaImEC2ERKS_
FNDA:1,_ZNSaISt10shared_ptrI13ThreadContextEEC2Ev
FNDA:28,_ZNSaIPSt8functionIFvvEEED2Ev
FNDA:20,_ZNSaISt23_Sp_counted_ptr_inplaceI13ThreadContextSaIS0_ELN9__gnu_cxx12_Lock_policyE2EEEC2IS0_EERKSaIT_E
FNDA:10,_ZNSaI13ThreadContextEC2Ev
FNDA:1,_ZNSaISt13_Rb_tree_nodeISt4pairIKiSt8functionIFvvEEEEED2Ev
FNDA:2,_ZNSaImEC2Ev
FNDA:21,_ZNSaISt6vectorI4EdgeSaIS0_EEEC2Ev
FNDA:165,_ZNSaI4EdgeED2Ev
FNDA:12,_ZNSaISt6vectorIiSaIiEEED2Ev
FNDA:28,_ZNSaIPSt8functionIFvvEEEC2IS1_EERKSaIT_E
FNDA:117,_ZNSaI4EdgeEC2Ev
FNDA:6,_ZNSaISt10unique_ptrI12ActiveObjectSt14default_deleteIS0_EEEC2ERKS4_
FNDA:18,_ZNSaIbEC2Ev
FNDA:2,_ZNSaISt10unique_ptrI12ActiveObjectSt14default_deleteIS0_EEEC2Ev
FNDA:6,_ZNSaISt4pairIiiEED2Ev
FNDA:300,_ZNSaIiED2Ev
FNDA:48,_ZNSaI4EdgeEC2ERKS0_
FNDA:20,_ZNSaISt23_Sp_counted_ptr_inplaceI13ThreadContextSaIS0_ELN9__gnu_cxx12_Lock_policyE2EEED2Ev
FNDA:6,_ZNSaISt10unique_ptrI12ActiveObjectSt14default_deleteIS0_EEED2Ev
FNDA:30,_ZNSaI13ThreadContextEC2ERKS0_
FNDA:2,_ZNSt19__shrink_to_fit_auxISt6vectorISt10unique_ptrI12ActiveObjectSt14default_deleteIS2_EESaIS5_EELb1EE8_S_do_itERS7_
FNDA:1,_ZNSaISt13_Rb_tree_nodeISt4pairIKiSt8functionIFvvEEEEEC2Ev
FNDA:21,_ZNSaIbEC2ImEERKSaIT_E
FNDA:2,_ZNSaISt6threadEC2Ev
FNDA:21,_ZNSaISt6vectorI4EdgeSaIS0_EEED2Ev
FNF:41
FNH:39
DA:156,278
DA:159,380
DA:160,380
DA:169,108
DA:174,760
DA:209,0
DA:210,0
DA:313,4
DA:318,8
DA:320,4
DA:321,4
DA:323,0
DA:324,0
LF:13
LH:9
end_of_record
TN:
SF:/usr/include/c++/11/bits/atomic_base.h
FN:104,_ZStanSt12memory_orderSt23__memory_order_modifier
FN:345,_ZNSt13__atomic_baseIbEC1Eb
FN:347,_ZNKSt13__atomic_baseIiEcviEv
FNDA:26,_ZNSt13__atomic_baseIbEC1Eb
FNDA:3,_ZNKSt13__atomic_baseIiEcviEv
FNDA:640,_ZStanSt12memory_orderSt23__memory_order_modifier
FNF:3
FNH:3
DA:104,640
DA:106,640
DA:345,26
DA:347,3
DA:348,3
DA:459,139
DA:464,139
DA:465,139
DA:484,501
DA:488,501
LF:10
LH:10
end_of_record
TN:
SF:/usr/include/c++/11/bits/basic_string.h
FN:251,_ZNSt7__cxx1112basic_stringIcSt11char_traitsIcESaIcEE16_M_construct_auxIPcEEvT_S7_St12__false_type
FN:271,_ZNSt7__cxx1112basic_stringIcSt11char_traitsIcESaIcEE12_M_constructIPcEEvT_S7_
FN:533,_ZNSt7__cxx1112basic_stringIcSt11char_traitsIcESaIcEEC2IS3_EEPKcRKS3_
FN:553,_ZNSt7__cxx1112basic_stringIcSt11char_traitsIcESaIcEEC2IS3_EEmcRKS3_
FN:638,_ZNSt7__cxx1112basic_stringIcSt11char_traitsIcESaIcEEC2IPcvEET_S7_RKS3_
FN:6132,_ZStplIcSt11char_traitsIcESaIcEENSt7__cxx1112basic_stringIT_T0_T1_EERKS8_PKS5_
FN:6172,_ZStplIcSt11char_traitsIcESaIcEENSt7__cxx1112basic_stringIT_T0_T1_EEOS8_S9_
FN:6194,_ZStplIcSt11char_traitsIcESaIcEENSt7__cxx1112basic_stringIT_T0_T1_EEPKS5_OS8_
FN:6206,_ZStplIcSt11char_traitsIcESaIcEENSt7__cxx1112basic_stringIT_T0_T1_EEOS8_PKS5_
FN:6212,_ZStplIcSt11char_traitsIcESaIcEENSt7__cxx1112basic_stringIT_T0_T1_EEOS8_S5_
FN:6248,_ZSteqIcSt11char_traitsIcESaIcEEbRKNSt7__cxx1112basic_stringIT_T0_T1_EEPKS5_
FN:6660,_ZNSt7__cxx119to_stringEi
FN:6721,_ZNSt7__cxx119to_stringEf
FNDA:6,_ZNSt7__cxx119to_stringEf
FNDA:172,_ZNSt7__cxx1112basic_stringIcSt11char_traitsIcESaIcEEC2IS3_EEPKcRKS3_
FNDA:250,_ZNSt7__cxx1112basic_stringIcSt11char_traitsIcESaIcEEC2IS3_EEmcRKS3_
FNDA:145,_ZStplIcSt11char_traitsIcESaIcEENSt7__cxx1112basic_stringIT_T0_T1_EEOS8_S9_
FNDA:48,_ZStplIcSt11char_traitsIcESaIcEENSt7__cxx1112basic_stringIT_T0_T1_EERKS8_PKS5_
FNDA:29,_ZStplIcSt11char_traitsIcESaIcEENSt7__cxx1112basic_stringIT_T0_T1_EEPKS5_OS8_
FNDA:392,_ZSteqIcSt11char_traitsIcESaIcEEbRKNSt7__cxx1112basic_stringIT_T0_T1_EEPKS5_
FNDA:6,_ZNSt7__cxx1112basic_stringIcSt11char_traitsIcESaIcEE12_M_constructIPcEEvT_S7_
FNDA:208,_ZNSt7__cxx119to_stringEi
FNDA:6,_ZNSt7__cxx1112basic_stringIcSt11char_traitsIcESaIcEE16_M_construct_auxIPcEEvT_S7_St12__false_type
FNDA:6,_ZNSt7__cxx1112basic_stringIcSt11char_traitsIcESaIcEEC2IPcvEET_S7_RKS3_
FNDA:2,_ZStplIcSt11char_traitsIcESaIcEENSt7__cxx1112basic_stringIT_T0_T1_EEOS8_S5_
FNDA:204,_ZStplIcSt11char_traitsIcESaIcEENSt7__cxx1112basic_stringIT_T0_T1_EEOS8_PKS5_
FNF:13
FNH:13
DA:251,6
DA:255,6
DA:256,6
DA:271,6
DA:274,6
DA:275,6
DA:533,172
DA:534,172
DA:536,172
DA:539,172
DA:540,172
DA:553,250
DA:554,250
DA:555,250
DA:638,6
DA:640,6
DA:641,6
DA:6132,48
DA:6135,48
DA:6136,48
DA:6137,48
DA:6138,0
DA:6172,145
DA:6177,145
DA:6179,145
DA:6182,145
DA:6185,145
DA:6186,145
DA:6187,0
DA:6189,145
DA:6194,29
DA:6196,29
DA:6206,204
DA:6208,204
DA:6212,2
DA:6214,2
DA:6248,392
DA:6250,392
DA:6660,208
DA:6662,208
DA:6663,208
DA:6664,208
DA:6665,208
DA:6666,208
DA:6667,208
DA:6668,0
DA:6721,6
DA:6723,6
DA:6726,6
LF:49
LH:46
end_of_record
TN:
SF:/usr/include/c++/11/bits/basic_string.tcc
FN:206,_ZNSt7__cxx1112basic_stringIcSt11char_traitsIcESaIcEE12_M_constructIPKcEEvT_S8_St20forward_iterator_tag
FN:206,_ZNSt7__cxx1112basic_stringIcSt11char_traitsIcESaIcEE12_M_constructIPcEEvT_S7_St20forward_iterator_tag
FN:1169,_ZStplIcSt11char_traitsIcESaIcEENSt7__cxx1112basic_stringIT_T0_T1_EEPKS5_RKS8_
FNDA:172,_ZNSt7__cxx1112basic_stringIcSt11char_traitsIcESaIcEE12_M_constructIPKcEEvT_S8_St20forward_iterator_tag
FNDA:54,_ZNSt7__cxx1112basic_stringIcSt11char_traitsIcESaIcEE12_M_constructIPcEEvT_S7_St20forward_iterator_tag
FNDA:6,_ZStplIcSt11char_traitsIcESaIcEENSt7__cxx1112basic_stringIT_T0_T1_EEPKS5_RKS8_
FNF:3
FNH:3
DA:206,226
DA:211,226
DA:212,0
DA:215,226
DA:217,226
DA:219,62
DA:220,62
DA:225,226
DA:226,0
DA:228,0
DA:229,0
DA:232,226
DA:233,226
DA:1169,6
DA:1178,6
DA:1179,12
DA:1181,6
DA:1182,6
DA:1183,6
DA:1184,6
DA:1185,0
LF:21
LH:16
end_of_record
TN:
SF:/usr/include/c++/11/bits/char_traits.h
FN:106,_ZN9__gnu_cxx11char_traitsIcE2eqERKcS3_
FN:167,_ZN9__gnu_cxx11char_traitsIcE6lengthEPKc
FN:393,_ZNSt11char_traitsIcE6lengthEPKc
FN:429,_ZNSt11char_traitsIcE4copyEPcPKcm
FNDA:0,_ZN9__gnu_cxx11char_traitsIcE6lengthEPKc
FNDA:0,_ZN9__gnu_cxx11char_traitsIcE2eqERKcS3_
FNDA:0,_ZNSt11char_traitsIcE4copyEPcPKcm
FNDA:178,_ZNSt11char_traitsIcE6lengthEPKc
FNF:4
FNH:1
DA:106,0
DA:107,0
DA:167,0
DA:170,0
DA:171,0
DA:172,0
DA:173,0
DA:290,178
DA:393,178
DA:396,178
DA:397,0
DA:399,178
DA:429,0
DA:431,0
DA:432,0
DA:437,0
LF:16
LH:4
end_of_record
TN:
SF:/usr/include/c++/11/bits/charconv.h
FN:47,_ZNSt8__detail14__to_chars_lenIjEEjT_i
FN:72,_ZNSt8__detail18__to_chars_10_implIjEEvPcjT_
FNDA:208,_ZNSt8__detail14__to_chars_lenIjEEjT_i
FNDA:208,_ZNSt8__detail18__to_chars_10_implIjEEvPcjT_
FNF:2
FNH:2
DA:47,208
DA:52,208
DA:53,208
DA:54,208
DA:55,208
DA:58,208
DA:59,15
DA:60,0
DA:61,0
DA:62,0
DA:63,0
DA:72,208
DA:83,208
DA:84,208
DA:86,0
DA:87,0
DA:88,0
DA:89,0
DA:90,0
DA:92,208
DA:94,15
DA:95,15
DA:96,15
DA:99,193
DA:100,208
LF:25
LH:16
end_of_record
TN:
SF:/usr/include/c++/11/bits/cpp_type_traits.h
FN:560,_ZSt12__miter_baseIN9__gnu_cxx17__normal_iteratorIPK4EdgeSt6vectorIS2_SaIS2_EEEEET_S9_
FN:560,_ZSt12__miter_baseIPiET_S1_
FN:560,_ZSt12__miter_baseIN9__gnu_cxx17__normal_iteratorIPmSt6vectorImSaImEEEEET_S7_
FN:560,_ZSt12__miter_baseISt19_Bit_const_iteratorET_S1_
FN:560,_ZSt12__miter_baseIN9__gnu_cxx17__normal_iteratorIPKiSt6vectorIiSaIiEEEEET_S8_
FN:560,_ZSt12__miter_baseIN9__gnu_cxx17__normal_iteratorIP4EdgeSt6vectorIS2_SaIS2_EEEEET_S8_
FN:560,_ZSt12__miter_baseIPmET_S1_
FN:560,_ZSt12__miter_baseIPSt6vectorIiSaIiEEET_S4_
FN:560,_ZSt12__miter_baseIPPSt8functionIFvvEEET_S5_
FNDA:20,_ZSt12__miter_baseIN9__gnu_cxx17__normal_iteratorIP4EdgeSt6vectorIS2_SaIS2_EEEEET_S8_
FNDA:4,_ZSt12__miter_baseIN9__gnu_cxx17__normal_iteratorIPmSt6vectorImSaImEEEEET_S7_
FNDA:96,_ZSt12__miter_baseIN9__gnu_cxx17__normal_iteratorIPKiSt6vectorIiSaIiEEEEET_S8_
FNDA:42,_ZSt12__miter_baseISt19_Bit_const_iteratorET_S1_
FNDA:0,_ZSt12__miter_baseIPiET_S1_
FNDA:48,_ZSt12__miter_baseIN9__gnu_cxx17__normal_iteratorIPK4EdgeSt6vectorIS2_SaIS2_EEEEET_S9_
FNDA:0,_ZSt12__miter_baseIPSt6vectorIiSaIiEEET_S4_
FNDA:0,_ZSt12__miter_baseIPPSt8functionIFvvEEET_S5_
FNDA:42,_ZSt12__miter_baseIPmET_S1_
FNF:9
FNH:6
DA:560,252
DA:561,252
LF:2
LH:2
end_of_record
TN:
SF:/usr/include/c++/11/bits/deque.tcc
FN:164,_ZNSt5dequeISt8functionIFvvEESaIS2_EE12emplace_backIJRZ14handleCommandsiRSt6vectorISt10unique_ptrI12ActiveObjectSt14default_deleteIS8_EESaISB_EERS7_I5GraphS9_ISF_EER10MSTFactoryRS7_I4TreeS9_ISL_EEEUlvE1_EEERS2_DpOT_
FN:164,_ZNSt5dequeISt8functionIFvvEESaIS2_EE12emplace_backIJRZ14handleCommandsiRSt6vectorISt10unique_ptrI12ActiveObjectSt14default_deleteIS8_EESaISB_EERS7_I5GraphS9_ISF_EER10MSTFactoryRS7_I4TreeS9_ISL_EEEUlvE10_EEERS2_DpOT_
FN:164,_ZNSt5dequeISt8functionIFvvEESaIS2_EE12emplace_backIJRZ14handleCommandsiRSt6vectorISt10unique_ptrI12ActiveObjectSt14default_deleteIS8_EESaISB_EERS7_I5GraphS9_ISF_EER10MSTFactoryRS7_I4TreeS9_ISL_EEEUlvE2_EEERS2_DpOT_
FN:164,_ZNSt5dequeISt8functionIFvvEESaIS2_EE12emplace_backIJRZ14handleCommandsiRSt6vectorISt10unique_ptrI12ActiveObjectSt14default_deleteIS8_EESaISB_EERS7_I5GraphS9_ISF_EER10MSTFactoryRS7_I4TreeS9_ISL_EEEUlvE9_EEERS2_DpOT_
FN:164,_ZNSt5dequeISt8functionIFvvEESaIS2_EE12emplace_backIJRZ14handleCommandsiRSt6vectorISt10unique_ptrI12ActiveObjectSt14default_deleteIS8_EESaISB_EERS7_I5GraphS9_ISF_EER10MSTFactoryRS7_I4TreeS9_ISL_EEEUlvE6_EEERS2_DpOT_
FN:164,_ZNSt5dequeISt8functionIFvvEESaIS2_EE12emplace_backIJRZ14handleCommandsiRSt6vectorISt10unique_ptrI12ActiveObjectSt14default_deleteIS8_EESaISB_EERS7_I5GraphS9_ISF_EER10MSTFactoryRS7_I4TreeS9_ISL_EEEUlvE_EEERS2_DpOT_
FN:164,_ZNSt5dequeISt8functionIFvvEESaIS2_EE12emplace_backIJRZ14handleCommandsiRSt6vectorISt10unique_ptrI12ActiveObjectSt14default_deleteIS8_EESaISB_EERS7_I5GraphS9_ISF_EER10MSTFactoryRS7_I4TreeS9_ISL_EEEUlvE5_EEERS2_DpOT_
FN:164,_ZNSt5dequeISt8functionIFvvEESaIS2_EE12emplace_backIJRZ14handleCommandsiRSt6vectorISt10unique_ptrI12ActiveObjectSt14default_deleteIS8_EESaISB_EERS7_I5GraphS9_ISF_EER10MSTFactoryRS7_I4TreeS9_ISL_EEEUlvE0_EEERS2_DpOT_
FN:164,_ZNSt5dequeISt8functionIFvvEESaIS2_EE12emplace_backIJRZ14handleCommandsiRSt6vectorISt10unique_ptrI12ActiveObjectSt14default_deleteIS8_EESaISB_EERS7_I5GraphS9_ISF_EER10MSTFactoryRS7_I4TreeS9_ISL_EEEUlvE4_EEERS2_DpOT_
FN:164,_ZNSt5dequeISt8functionIFvvEESaIS2_EE12emplace_backIJRZ14handleCommandsiRSt6vectorISt10unique_ptrI12ActiveObjectSt14default_deleteIS8_EESaISB_EERS7_I5GraphS9_ISF_EER10MSTFactoryRS7_I4TreeS9_ISL_EEEUlvE3_EEERS2_DpOT_
FN:164,_ZNSt5dequeISt8functionIFvvEESaIS2_EE12emplace_backIJRZ14handleCommandsiRSt6vectorISt10unique_ptrI12ActiveObjectSt14default_deleteIS8_EESaISB_EERS7_I5GraphS9_ISF_EER10MSTFactoryRS7_I4TreeS9_ISL_EEEUlvE8_EEERS2_DpOT_
FN:484,_ZNSt5dequeISt8functionIFvvEESaIS2_EE16_M_push_back_auxIJRZ14handleCommandsiRSt6vectorISt10unique_ptrI12ActiveObjectSt14default_deleteIS8_EESaISB_EERS7_I5GraphS9_ISF_EER10MSTFactoryRS7_I4TreeS9_ISL_EEEUlvE3_EEEvDpOT_
FN:484,_ZNSt5dequeISt8functionIFvvEESaIS2_EE16_M_push_back_auxIJRZ14handleCommandsiRSt6vectorISt10unique_ptrI12ActiveObjectSt14default_deleteIS8_EESaISB_EERS7_I5GraphS9_ISF_EER10MSTFactoryRS7_I4TreeS9_ISL_EEEUlvE8_EEEvDpOT_
FN:484,_ZNSt5dequeISt8functionIFvvEESaIS2_EE16_M_push_back_auxIJRZ14handleCommandsiRSt6vectorISt10unique_ptrI12ActiveObjectSt14default_deleteIS8_EESaISB_EERS7_I5GraphS9_ISF_EER10MSTFactoryRS7_I4TreeS9_ISL_EEEUlvE_EEEvDpOT_
FN:484,_ZNSt5dequeISt8functionIFvvEESaIS2_EE16_M_push_back_auxIJRZ14handleCommandsiRSt6vectorISt10unique_ptrI12ActiveObjectSt14default_deleteIS8_EESaISB_EERS7_I5GraphS9_ISF_EER10MSTFactoryRS7_I4TreeS9_ISL_EEEUlvE10_EEEvDpOT_
FN:484,_ZNSt5dequeISt8functionIFvvEESaIS2_EE16_M_push_back_auxIJRZ14handleCommandsiRSt6vectorISt10unique_ptrI12ActiveObjectSt14default_deleteIS8_EESaISB_EERS7_I5GraphS9_ISF_EER10MSTFactoryRS7_I4TreeS9_ISL_EEEUlvE2_EEEvDpOT_
FN:484,_ZNSt5dequeISt8functionIFvvEESaIS2_EE16_M_push_back_auxIJRZ14handleCommandsiRSt6vectorISt10unique_ptrI12ActiveObjectSt14default_deleteIS8_EESaISB_EERS7_I5GraphS9_ISF_EER10MSTFactoryRS7_I4TreeS9_ISL_EEEUlvE0_EEEvDpOT_
FN:484,_ZNSt5dequeISt8functionIFvvEESaIS2_EE16_M_push_back_auxIJRZ14handleCommandsiRSt6vectorISt10unique_ptrI12ActiveObjectSt14default_deleteIS8_EESaISB_EERS7_I5GraphS9_ISF_EER10MSTFactoryRS7_I4TreeS9_ISL_EEEUlvE5_EEEvDpOT_
FN:484,_ZNSt5dequeISt8functionIFvvEESaIS2_EE16_M_push_back_auxIJRZ14handleCommandsiRSt6vectorISt10unique_ptrI12ActiveObjectSt14default_deleteIS8_EESaISB_EERS7_I5GraphS9_ISF_EER10MSTFactoryRS7_I4TreeS9_ISL_EEEUlvE9_EEEvDpOT_
FN:484,_ZNSt5dequeISt8functionIFvvEESaIS2_EE16_M_push_back_auxIJRZ14handleCommandsiRSt6vectorISt10unique_ptrI12ActiveObjectSt14default_deleteIS8_EESaISB_EERS7_I5GraphS9_ISF_EER10MSTFactoryRS7_I4TreeS9_ISL_EEEUlvE6_EEEvDpOT_
FN:484,_ZNSt5dequeISt8functionIFvvEESaIS2_EE16_M_push_back_auxIJRZ14handleCommandsiRSt6vectorISt10unique_ptrI12ActiveObjectSt14default_deleteIS8_EESaISB_EERS7_I5GraphS9_ISF_EER10MSTFactoryRS7_I4TreeS9_ISL_EEEUlvE4_EEEvDpOT_
FN:484,_ZNSt5dequeISt8functionIFvvEESaIS2_EE16_M_push_back_auxIJRZ14handleCommandsiRSt6vectorISt10unique_ptrI12ActiveObjectSt14default_deleteIS8_EESaISB_EERS7_I5GraphS9_ISF_EER10MSTFactoryRS7_I4TreeS9_ISL_EEEUlvE1_EEEvDpOT_
FN:576,_ZNSt5dequeISt8functionIFvvEESaIS2_EE16_M_pop_front_auxEv
FN:859,_ZNSt5dequeISt8functionIFvvEESaIS2_EE19_M_destroy_data_auxESt15_Deque_iteratorIS2_RS2_PS2_ES8_
FN:931,_ZNSt5dequeISt8functionIFvvEESaIS2_EE17_M_reallocate_mapEmb
FNDA:4,_ZNSt5dequeISt8functionIFvvEESaIS2_EE12emplace_backIJRZ14handleCommandsiRSt6vectorISt10unique_ptrI12ActiveObjectSt14default_deleteIS8_EESaISB_EERS7_I5GraphS9_ISF_EER10MSTFactoryRS7_I4TreeS9_ISL_EEEUlvE4_EEERS2_DpOT_
FNDA:4,_ZNSt5dequeISt8functionIFvvEESaIS2_EE12emplace_backIJRZ14handleCommandsiRSt6vectorISt10unique_ptrI12ActiveObjectSt14default_deleteIS8_EESaISB_EERS7_I5GraphS9_ISF_EER10MSTFactoryRS7_I4TreeS9_ISL_EEEUlvE3_EEERS2_DpOT_
FNDA:0,_ZNSt5dequeISt8functionIFvvEESaIS2_EE16_M_push_back_auxIJRZ14handleCommandsiRSt6vectorISt10unique_ptrI12ActiveObjectSt14default_deleteIS8_EESaISB_EERS7_I5GraphS9_ISF_EER10MSTFactoryRS7_I4TreeS9_ISL_EEEUlvE2_EEEvDpOT_
FNDA:6,_ZNSt5dequeISt8functionIFvvEESaIS2_EE12emplace_backIJRZ14handleCommandsiRSt6vectorISt10unique_ptrI12ActiveObjectSt14default_deleteIS8_EESaISB_EERS7_I5GraphS9_ISF_EER10MSTFactoryRS7_I4TreeS9_ISL_EEEUlvE8_EEERS2_DpOT_
FNDA:0,_ZNSt5dequeISt8functionIFvvEESaIS2_EE16_M_push_back_auxIJRZ14handleCommandsiRSt6vectorISt10unique_ptrI12ActiveObjectSt14default_deleteIS8_EESaISB_EERS7_I5GraphS9_ISF_EER10MSTFactoryRS7_I4TreeS9_ISL_EEEUlvE1_EEEvDpOT_
FNDA:0,_ZNSt5dequeISt8functionIFvvEESaIS2_EE16_M_push_back_auxIJRZ14handleCommandsiRSt6vectorISt10unique_ptrI12ActiveObjectSt14default_deleteIS8_EESaISB_EERS7_I5GraphS9_ISF_EER10MSTFactoryRS7_I4TreeS9_ISL_EEEUlvE0_EEEvDpOT_
FNDA:4,_ZNSt5dequeISt8functionIFvvEESaIS2_EE12emplace_backIJRZ14handleCommandsiRSt6vectorISt10unique_ptrI12ActiveObjectSt14default_deleteIS8_EESaISB_EERS7_I5GraphS9_ISF_EER10MSTFactoryRS7_I4TreeS9_ISL_EEEUlvE5_EEERS2_DpOT_
FNDA:0,_ZNSt5dequeISt8functionIFvvEESaIS2_EE17_M_reallocate_mapEmb
FNDA:0,_ZNSt5dequeISt8functionIFvvEESaIS2_EE16_M_push_back_auxIJRZ14handleCommandsiRSt6vectorISt10unique_ptrI12ActiveObjectSt14default_deleteIS8_EESaISB_EERS7_I5GraphS9_ISF_EER10MSTFactoryRS7_I4TreeS9_ISL_EEEUlvE4_EEEvDpOT_
FNDA:20,_ZNSt5dequeISt8functionIFvvEESaIS2_EE12emplace_backIJRZ14handleCommandsiRSt6vectorISt10unique_ptrI12ActiveObjectSt14default_deleteIS8_EESaISB_EERS7_I5GraphS9_ISF_EER10MSTFactoryRS7_I4TreeS9_ISL_EEEUlvE0_EEERS2_DpOT_
FNDA:4,_ZNSt5dequeISt8functionIFvvEESaIS2_EE12emplace_backIJRZ14handleCommandsiRSt6vectorISt10unique_ptrI12ActiveObjectSt14default_deleteIS8_EESaISB_EERS7_I5GraphS9_ISF_EER10MSTFactoryRS7_I4TreeS9_ISL_EEEUlvE2_EEERS2_DpOT_
FNDA:10,_ZNSt5dequeISt8functionIFvvEESaIS2_EE12emplace_backIJRZ14handleCommandsiRSt6vectorISt10unique_ptrI12ActiveObjectSt14default_deleteIS8_EESaISB_EERS7_I5GraphS9_ISF_EER10MSTFactoryRS7_I4TreeS9_ISL_EEEUlvE6_EEERS2_DpOT_
FNDA:4,_ZNSt5dequeISt8functionIFvvEESaIS2_EE12emplace_backIJRZ14handleCommandsiRSt6vectorISt10unique_ptrI12ActiveObjectSt14default_deleteIS8_EESaISB_EERS7_I5GraphS9_ISF_EER10MSTFactoryRS7_I4TreeS9_ISL_EEEUlvE9_EEERS2_DpOT_
FNDA:0,_ZNSt5dequeISt8functionIFvvEESaIS2_EE16_M_push_back_auxIJRZ14handleCommandsiRSt6vectorISt10unique_ptrI12ActiveObjectSt14default_deleteIS8_EESaISB_EERS7_I5GraphS9_ISF_EER10MSTFactoryRS7_I4TreeS9_ISL_EEEUlvE10_EEEvDpOT_
FNDA:8,_ZNSt5dequeISt8functionIFvvEESaIS2_EE12emplace_backIJRZ14handleCommandsiRSt6vectorISt10unique_ptrI12ActiveObjectSt14default_deleteIS8_EESaISB_EERS7_I5GraphS9_ISF_EER10MSTFactoryRS7_I4TreeS9_ISL_EEEUlvE_EEERS2_DpOT_
FNDA:0,_ZNSt5dequeISt8functionIFvvEESaIS2_EE16_M_push_back_auxIJRZ14handleCommandsiRSt6vectorISt10unique_ptrI12ActiveObjectSt14default_deleteIS8_EESaISB_EERS7_I5GraphS9_ISF_EER10MSTFactoryRS7_I4TreeS9_ISL_EEEUlvE3_EEEvDpOT_
FNDA:0,_ZNSt5dequeISt8functionIFvvEESaIS2_EE16_M_push_back_auxIJRZ14handleCommandsiRSt6vectorISt10unique_ptrI12ActiveObjectSt14default_deleteIS8_EESaISB_EERS7_I5GraphS9_ISF_EER10MSTFactoryRS7_I4TreeS9_ISL_EEEUlvE8_EEEvDpOT_
FNDA:4,_ZNSt5dequeISt8functionIFvvEESaIS2_EE12emplace_backIJRZ14handleCommandsiRSt6vectorISt10unique_ptrI12ActiveObjectSt14default_deleteIS8_EESaISB_EERS7_I5GraphS9_ISF_EER10MSTFactoryRS7_I4TreeS9_ISL_EEEUlvE1_EEERS2_DpOT_
FNDA:0,_ZNSt5dequeISt8functionIFvvEESaIS2_EE16_M_push_back_auxIJRZ14handleCommandsiRSt6vectorISt10unique_ptrI12ActiveObjectSt14default_deleteIS8_EESaISB_EERS7_I5GraphS9_ISF_EER10MSTFactoryRS7_I4TreeS9_ISL_EEEUlvE5_EEEvDpOT_
FNDA:0,_ZNSt5dequeISt8functionIFvvEESaIS2_EE16_M_push_back_auxIJRZ14handleCommandsiRSt6vectorISt10unique_ptrI12ActiveObjectSt14default_deleteIS8_EESaISB_EERS7_I5GraphS9_ISF_EER10MSTFactoryRS7_I4TreeS9_ISL_EEEUlvE_EEEvDpOT_
FNDA:14,_ZNSt5dequeISt8functionIFvvEESaIS2_EE19_M_destroy_data_auxESt15_Deque_iteratorIS2_RS2_PS2_ES8_
FNDA:0,_ZNSt5dequeISt8functionIFvvEESaIS2_EE16_M_pop_front_auxEv
FNDA:4,_ZNSt5dequeISt8functionIFvvEESaIS2_EE12emplace_backIJRZ14handleCommandsiRSt6vectorISt10unique_ptrI12ActiveObjectSt14default_deleteIS8_EESaISB_EERS7_I5GraphS9_ISF_EER10MSTFactoryRS7_I4TreeS9_ISL_EEEUlvE10_EEERS2_DpOT_
FNDA:0,_ZNSt5dequeISt8functionIFvvEESaIS2_EE16_M_push_back_auxIJRZ14handleCommandsiRSt6vectorISt10unique_ptrI12ActiveObjectSt14default_deleteIS8_EESaISB_EERS7_I5GraphS9_ISF_EER10MSTFactoryRS7_I4TreeS9_ISL_EEEUlvE9_EEEvDpOT_
FNDA:0,_ZNSt5dequeISt8functionIFvvEESaIS2_EE16_M_push_back_auxIJRZ14handleCommandsiRSt6vectorISt10unique_ptrI12ActiveObjectSt14default_deleteIS8_EESaISB_EERS7_I5GraphS9_ISF_EER10MSTFactoryRS7_I4TreeS9_ISL_EEEUlvE6_EEEvDpOT_
FNF:25
FNH:12
DA:164,72
DA:167,72
DA:168,72
DA:170,72
DA:173,72
DA:176,0
DA:178,72
DA:484,0
DA:492,0
DA:493,0
DA:496,0
DA:497,0
DA:501,0
DA:507,0
DA:509,0
DA:511,0
DA:513,0
DA:514,0
DA:516,0
DA:576,0
DA:579,0
DA:581,0
DA:582,0
DA:583,0
DA:584,0
DA:859,14
DA:862,14
DA:863,14
DA:864,0
DA:865,0
DA:867,14
DA:869,0
DA:870,0
DA:871,0
DA:872,0
DA:875,14
DA:876,14
DA:877,14
DA:931,0
DA:934,0
DA:935,0
DA:936,0
DA:939,0
DA:941,0
DA:942,0
DA:943,0
DA:944,0
DA:945,0
DA:946,0
DA:949,0
DA:950,0
DA:951,0
DA:955,0
DA:956,0
DA:959,0
DA:960,0
DA:961,0
DA:962,0
DA:963,0
DA:965,0
DA:967,0
DA:968,0
DA:971,0
DA:972,0
DA:973,0
LF:65
LH:13
end_of_record
TN:
SF:/usr/include/c++/11/bits/invoke.h
FN:60,_ZSt13__invoke_implIvRZ14handleCommandsiRSt6vectorISt10unique_ptrI12ActiveObjectSt14default_deleteIS2_EESaIS5_EERS1_I5GraphS3_IS9_EER10MSTFactoryRS1_I4TreeS3_ISF_EEEUlvE3_JEET_St14__invoke_otherOT0_DpOT1_
FN:60,_ZSt13__invoke_implIvRZ4mainEUlvE0_JEET_St14__invoke_otherOT0_DpOT1_
FN:60,_ZSt13__invoke_implIvRZ14handleCommandsiRSt6vectorISt10unique_ptrI12ActiveObjectSt14default_deleteIS2_EESaIS5_EERS1_I5GraphS3_IS9_EER10MSTFactoryRS1_I4TreeS3_ISF_EEEUlvE5_JEET_St14__invoke_otherOT0_DpOT1_
FN:60,_ZSt13__invoke_implIvRZ14handleCommandsiRSt6vectorISt10unique_ptrI12ActiveObjectSt14default_deleteIS2_EESaIS5_EERS1_I5GraphS3_IS9_EER10MSTFactoryRS1_I4TreeS3_ISF_EEEUlvE2_JEET_St14__invoke_otherOT0_DpOT1_
FN:60,_ZSt13__invoke_implIvRZ14handleCommandsiRSt6vectorISt10unique_ptrI12ActiveObjectSt14default_deleteIS2_EESaIS5_EERS1_I5GraphS3_IS9_EER10MSTFactoryRS1_I4TreeS3_ISF_EEEUlvE10_JEET_St14__invoke_otherOT0_DpOT1_
FN:60,_ZSt13__invoke_implIvRZ14handleCommandsiRSt6vectorISt10unique_ptrI12ActiveObjectSt14default_deleteIS2_EESaIS5_EERS1_I5GraphS3_IS9_EER10MSTFactoryRS1_I4TreeS3_ISF_EEEUlvE8_JEET_St14__invoke_otherOT0_DpOT1_
FN:60,_ZSt13__invoke_implIvRZ4mainEUliE_JiEET_St14__invoke_otherOT0_DpOT1_
FN:60,_ZSt13__invoke_implIvRSt5_BindIFM12LFThreadPoolFviEPS1_mEEJEET_St14__invoke_otherOT0_DpOT1_
FN:60,_ZSt13__invoke_implIvRZ14handleCommandsiRSt6vectorISt10unique_ptrI12ActiveObjectSt14default_deleteIS2_EESaIS5_EERS1_I5GraphS3_IS9_EER10MSTFactoryRS1_I4TreeS3_ISF_EEEUlvE_JEET_St14__invoke_otherOT0_DpOT1_
FN:60,_ZSt13__invoke_implIvRZ14handleCommandsiRSt6vectorISt10unique_ptrI12ActiveObjectSt14default_deleteIS2_EESaIS5_EERS1_I5GraphS3_IS9_EER10MSTFactoryRS1_I4TreeS3_ISF_EEEUlvE0_JEET_St14__invoke_otherOT0_DpOT1_
FN:60,_ZSt13__invoke_implIvRZ14handleCommandsiRSt6vectorISt10unique_ptrI12ActiveObjectSt14default_deleteIS2_EESaIS5_EERS1_I5GraphS3_IS9_EER10MSTFactoryRS1_I4TreeS3_ISF_EEEUlvE6_JEET_St14__invoke_otherOT0_DpOT1_
FN:60,_ZSt13__invoke_implIvRZ16acceptConnectioniRSt10unique_ptrI5GraphSt14default_deleteIS1_EER10MSTFactoryRS0_I4TreeS2_IS8_EERS0_I12LFThreadPoolS2_ISC_EEEUlvE_JEET_St14__invoke_otherOT0_DpOT1_
FN:60,_ZSt13__invoke_implIvRZ14handleCommandsiRSt6vectorISt10unique_ptrI12ActiveObjectSt14default_deleteIS2_EESaIS5_EERS1_I5GraphS3_IS9_EER10MSTFactoryRS1_I4TreeS3_ISF_EEEUlvE9_JEET_St14__invoke_otherOT0_DpOT1_
FN:60,_ZSt13__invoke_implIvRZ14handleCommandsiRSt6vectorISt10unique_ptrI12ActiveObjectSt14default_deleteIS2_EESaIS5_EERS1_I5GraphS3_IS9_EER10MSTFactoryRS1_I4TreeS3_ISF_EEEUlvE4_JEET_St14__invoke_otherOT0_DpOT1_
FN:60,_ZSt13__invoke_implIvRZ14handleCommandsiRSt6vectorISt10unique_ptrI12ActiveObjectSt14default_deleteIS2_EESaIS5_EERS1_I5GraphS3_IS9_EER10MSTFactoryRS1_I4TreeS3_ISF_EEEUlvE1_JEET_St14__invoke_otherOT0_DpOT1_
FN:71,_ZSt13__invoke_implIvM12ActiveObjectFvvEPS0_JEET_St21__invoke_memfun_derefOT0_OT1_DpOT2_
FN:71,_ZSt13__invoke_implIvRM12LFThreadPoolFviERPS0_JRmEET_St21__invoke_memfun_derefOT0_OT1_DpOT2_
FN:90,_ZSt8__invokeIRM12LFThreadPoolFviEJRPS0_RmEENSt15__invoke_resultIT_JDpT0_EE4typeEOS8_DpOS9_
FN:90,_ZSt8__invokeIM12ActiveObjectFvvEJPS0_EENSt15__invoke_resultIT_JDpT0_EE4typeEOS5_DpOS6_
FN:104,_ZSt10__invoke_rIvRZ14handleCommandsiRSt6vectorISt10unique_ptrI12ActiveObjectSt14default_deleteIS2_EESaIS5_EERS1_I5GraphS3_IS9_EER10MSTFactoryRS1_I4TreeS3_ISF_EEEUlvE3_JEENSt9enable_ifIX16is_invocable_r_vIT_T0_DpT1_EESM_E4typeEOSN_DpOSO_
FN:104,_ZSt10__invoke_rIvRSt5_BindIFM12LFThreadPoolFviEPS1_mEEJEENSt9enable_ifIX16is_invocable_r_vIT_T0_DpT1_EES9_E4typeEOSA_DpOSB_
FN:104,_ZSt10__invoke_rIvRZ14handleCommandsiRSt6vectorISt10unique_ptrI12ActiveObjectSt14default_deleteIS2_EESaIS5_EERS1_I5GraphS3_IS9_EER10MSTFactoryRS1_I4TreeS3_ISF_EEEUlvE9_JEENSt9enable_ifIX16is_invocable_r_vIT_T0_DpT1_EESM_E4typeEOSN_DpOSO_
FN:104,_ZSt10__invoke_rIvRZ16acceptConnectioniRSt10unique_ptrI5GraphSt14default_deleteIS1_EER10MSTFactoryRS0_I4TreeS2_IS8_EERS0_I12LFThreadPoolS2_ISC_EEEUlvE_JEENSt9enable_ifIX16is_invocable_r_vIT_T0_DpT1_EESJ_E4typeEOSK_DpOSL_
FN:104,_ZSt10__invoke_rIvRZ14handleCommandsiRSt6vectorISt10unique_ptrI12ActiveObjectSt14default_deleteIS2_EESaIS5_EERS1_I5GraphS3_IS9_EER10MSTFactoryRS1_I4TreeS3_ISF_EEEUlvE0_JEENSt9enable_ifIX16is_invocable_r_vIT_T0_DpT1_EESM_E4typeEOSN_DpOSO_
FN:104,_ZSt10__invoke_rIvRZ14handleCommandsiRSt6vectorISt10unique_ptrI12ActiveObjectSt14default_deleteIS2_EESaIS5_EERS1_I5GraphS3_IS9_EER10MSTFactoryRS1_I4TreeS3_ISF_EEEUlvE6_JEENSt9enable_ifIX16is_invocable_r_vIT_T0_DpT1_EESM_E4typeEOSN_DpOSO_
FN:104,_ZSt10__invoke_rIvRZ14handleCommandsiRSt6vectorISt10unique_ptrI12ActiveObjectSt14default_deleteIS2_EESaIS5_EERS1_I5GraphS3_IS9_EER10MSTFactoryRS1_I4TreeS3_ISF_EEEUlvE10_JEENSt9enable_ifIX16is_invocable_r_vIT_T0_DpT1_EESM_E4typeEOSN_DpOSO_
FN:104,_ZSt10__invoke_rIvRZ4mainEUliE_JiEENSt9enable_ifIX16is_invocable_r_vIT_T0_DpT1_EES3_E4typeEOS4_DpOS5_
FN:104,_ZSt10__invoke_rIvRZ14handleCommandsiRSt6vectorISt10unique_ptrI12ActiveObjectSt14default_deleteIS2_EESaIS5_EERS1_I5GraphS3_IS9_EER10MSTFactoryRS1_I4TreeS3_ISF_EEEUlvE2_JEENSt9enable_ifIX16is_invocable_r_vIT_T0_DpT1_EESM_E4typeEOSN_DpOSO_
FN:104,_ZSt10__invoke_rIvRZ4mainEUlvE0_JEENSt9enable_ifIX16is_invocable_r_vIT_T0_DpT1_EES3_E4typeEOS4_DpOS5_
FN:104,_ZSt10__invoke_rIvRZ14handleCommandsiRSt6vectorISt10unique_ptrI12ActiveObjectSt14default_deleteIS2_EESaIS5_EERS1_I5GraphS3_IS9_EER10MSTFactoryRS1_I4TreeS3_ISF_EEEUlvE1_JEENSt9enable_ifIX16is_invocable_r_vIT_T0_DpT1_EESM_E4typeEOSN_DpOSO_
FN:104,_ZSt10__invoke_rIvRZ14handleCommandsiRSt6vectorISt10unique_ptrI12ActiveObjectSt14default_deleteIS2_EESaIS5_EERS1_I5GraphS3_IS9_EER10MSTFactoryRS1_I4TreeS3_ISF_EEEUlvE4_JEENSt9enable_ifIX16is_invocable_r_vIT_T0_DpT1_EESM_E4typeEOSN_DpOSO_
FN:104,_ZSt10__invoke_rIvRZ14handleCommandsiRSt6vectorISt10unique_ptrI12ActiveObjectSt14default_deleteIS2_EESaIS5_EERS1_I5GraphS3_IS9_EER10MSTFactoryRS1_I4TreeS3_ISF_EEEUlvE8_JEENSt9enable_ifIX16is_invocable_r_vIT_T0_DpT1_EESM_E4typeEOSN_DpOSO_
FN:104,_ZSt10__invoke_rIvRZ14handleCommandsiRSt6vectorISt10unique_ptrI12ActiveObjectSt14default_deleteIS2_EESaIS5_EERS1_I5GraphS3_IS9_EER10MSTFactoryRS1_I4TreeS3_ISF_EEEUlvE_JEENSt9enable_ifIX16is_invocable_r_vIT_T0_DpT1_EESM_E4typeEOSN_DpOSO_
FN:104,_ZSt10__invoke_rIvRZ14handleCommandsiRSt6vectorISt10unique_ptrI12ActiveObjectSt14default_deleteIS2_EESaIS5_EERS1_I5GraphS3_IS9_EER10MSTFactoryRS1_I4TreeS3_ISF_EEEUlvE5_JEENSt9enable_ifIX16is_invocable_r_vIT_T0_DpT1_EESM_E4typeEOSN_DpOSO_
FNDA:4,_ZSt13__invoke_implIvRZ14handleCommandsiRSt6vectorISt10unique_ptrI12ActiveObjectSt14default_deleteIS2_EESaIS5_EERS1_I5GraphS3_IS9_EER10MSTFactoryRS1_I4TreeS3_ISF_EEEUlvE2_JEET_St14__invoke_otherOT0_DpOT1_
FNDA:4,_ZSt13__invoke_implIvRZ14handleCommandsiRSt6vectorISt10unique_ptrI12ActiveObjectSt14default_deleteIS2_EESaIS5_EERS1_I5GraphS3_IS9_EER10MSTFactoryRS1_I4TreeS3_ISF_EEEUlvE5_JEET_St14__invoke_otherOT0_DpOT1_
FNDA:4,_ZSt13__invoke_implIvRZ14handleCommandsiRSt6vectorISt10unique_ptrI12ActiveObjectSt14default_deleteIS2_EESaIS5_EERS1_I5GraphS3_IS9_EER10MSTFactoryRS1_I4TreeS3_ISF_EEEUlvE10_JEET_St14__invoke_otherOT0_DpOT1_
FNDA:20,_ZSt10__invoke_rIvRZ14handleCommandsiRSt6vectorISt10unique_ptrI12ActiveObjectSt14default_deleteIS2_EESaIS5_EERS1_I5GraphS3_IS9_EER10MSTFactoryRS1_I4TreeS3_ISF_EEEUlvE0_JEENSt9enable_ifIX16is_invocable_r_vIT_T0_DpT1_EESM_E4typeEOSN_DpOSO_
FNDA:3,_ZSt13__invoke_implIvRZ4mainEUlvE0_JEET_St14__invoke_otherOT0_DpOT1_
FNDA:3,_ZSt10__invoke_rIvRZ16acceptConnectioniRSt10unique_ptrI5GraphSt14default_deleteIS1_EER10MSTFactoryRS0_I4TreeS2_IS8_EERS0_I12LFThreadPoolS2_ISC_EEEUlvE_JEENSt9enable_ifIX16is_invocable_r_vIT_T0_DpT1_EESJ_E4typeEOSK_DpOSL_
FNDA:4,_ZSt10__invoke_rIvRZ14handleCommandsiRSt6vectorISt10unique_ptrI12ActiveObjectSt14default_deleteIS2_EESaIS5_EERS1_I5GraphS3_IS9_EER10MSTFactoryRS1_I4TreeS3_ISF_EEEUlvE9_JEENSt9enable_ifIX16is_invocable_r_vIT_T0_DpT1_EESM_E4typeEOSN_DpOSO_
FNDA:4,_ZSt13__invoke_implIvRZ14handleCommandsiRSt6vectorISt10unique_ptrI12ActiveObjectSt14default_deleteIS2_EESaIS5_EERS1_I5GraphS3_IS9_EER10MSTFactoryRS1_I4TreeS3_ISF_EEEUlvE3_JEET_St14__invoke_otherOT0_DpOT1_
FNDA:4,_ZSt10__invoke_rIvRZ14handleCommandsiRSt6vectorISt10unique_ptrI12ActiveObjectSt14default_deleteIS2_EESaIS5_EERS1_I5GraphS3_IS9_EER10MSTFactoryRS1_I4TreeS3_ISF_EEEUlvE3_JEENSt9enable_ifIX16is_invocable_r_vIT_T0_DpT1_EESM_E4typeEOSN_DpOSO_
FNDA:10,_ZSt10__invoke_rIvRSt5_BindIFM12LFThreadPoolFviEPS1_mEEJEENSt9enable_ifIX16is_invocable_r_vIT_T0_DpT1_EES9_E4typeEOSA_DpOSB_
FNDA:20,_ZSt13__invoke_implIvRZ14handleCommandsiRSt6vectorISt10unique_ptrI12ActiveObjectSt14default_deleteIS2_EESaIS5_EERS1_I5GraphS3_IS9_EER10MSTFactoryRS1_I4TreeS3_ISF_EEEUlvE0_JEET_St14__invoke_otherOT0_DpOT1_
FNDA:10,_ZSt8__invokeIRM12LFThreadPoolFviEJRPS0_RmEENSt15__invoke_resultIT_JDpT0_EE4typeEOS8_DpOS9_
FNDA:8,_ZSt13__invoke_implIvRZ14handleCommandsiRSt6vectorISt10unique_ptrI12ActiveObjectSt14default_deleteIS2_EESaIS5_EERS1_I5GraphS3_IS9_EER10MSTFactoryRS1_I4TreeS3_ISF_EEEUlvE_JEET_St14__invoke_otherOT0_DpOT1_
FNDA:14,_ZSt13__invoke_implIvM12ActiveObjectFvvEPS0_JEET_St21__invoke_memfun_derefOT0_OT1_DpOT2_
FNDA:10,_ZSt13__invoke_implIvRSt5_BindIFM12LFThreadPoolFviEPS1_mEEJEET_St14__invoke_otherOT0_DpOT1_
FNDA:4,_ZSt10__invoke_rIvRZ14handleCommandsiRSt6vectorISt10unique_ptrI12ActiveObjectSt14default_deleteIS2_EESaIS5_EERS1_I5GraphS3_IS9_EER10MSTFactoryRS1_I4TreeS3_ISF_EEEUlvE10_JEENSt9enable_ifIX16is_invocable_r_vIT_T0_DpT1_EESM_E4typeEOSN_DpOSO_
FNDA:3,_ZSt13__invoke_implIvRZ4mainEUliE_JiEET_St14__invoke_otherOT0_DpOT1_
FNDA:10,_ZSt10__invoke_rIvRZ14handleCommandsiRSt6vectorISt10unique_ptrI12ActiveObjectSt14default_deleteIS2_EESaIS5_EERS1_I5GraphS3_IS9_EER10MSTFactoryRS1_I4TreeS3_ISF_EEEUlvE6_JEENSt9enable_ifIX16is_invocable_r_vIT_T0_DpT1_EESM_E4typeEOSN_DpOSO_
FNDA:6,_ZSt13__invoke_implIvRZ14handleCommandsiRSt6vectorISt10unique_ptrI12ActiveObjectSt14default_deleteIS2_EESaIS5_EERS1_I5GraphS3_IS9_EER10MSTFactoryRS1_I4TreeS3_ISF_EEEUlvE8_JEET_St14__invoke_otherOT0_DpOT1_
FNDA:4,_ZSt13__invoke_implIvRZ14handleCommandsiRSt6vectorISt10unique_ptrI12ActiveObjectSt14default_deleteIS2_EESaIS5_EERS1_I5GraphS3_IS9_EER10MSTFactoryRS1_I4TreeS3_ISF_EEEUlvE9_JEET_St14__invoke_otherOT0_DpOT1_
FNDA:3,_ZSt13__invoke_implIvRZ16acceptConnectioniRSt10unique_ptrI5GraphSt14default_deleteIS1_EER10MSTFactoryRS0_I4TreeS2_IS8_EERS0_I12LFThreadPoolS2_ISC_EEEUlvE_JEET_St14__invoke_otherOT0_DpOT1_
FNDA:10,_ZSt13__invoke_implIvRM12LFThreadPoolFviERPS0_JRmEET_St21__invoke_memfun_derefOT0_OT1_DpOT2_
FNDA:3,_ZSt10__invoke_rIvRZ4mainEUlvE0_JEENSt9enable_ifIX16is_invocable_r_vIT_T0_DpT1_EES3_E4typeEOS4_DpOS5_
FNDA:4,_ZSt10__invoke_rIvRZ14handleCommandsiRSt6vectorISt10unique_ptrI12ActiveObjectSt14default_deleteIS2_EESaIS5_EERS1_I5GraphS3_IS9_EER10MSTFactoryRS1_I4TreeS3_ISF_EEEUlvE2_JEENSt9enable_ifIX16is_invocable_r_vIT_T0_DpT1_EESM_E4typeEOSN_DpOSO_
FNDA:10,_ZSt13__invoke_implIvRZ14handleCommandsiRSt6vectorISt10unique_ptrI12ActiveObjectSt14default_deleteIS2_EESaIS5_EERS1_I5GraphS3_IS9_EER10MSTFactoryRS1_I4TreeS3_ISF_EEEUlvE6_JEET_St14__invoke_otherOT0_DpOT1_
FNDA:3,_ZSt10__invoke_rIvRZ4mainEUliE_JiEENSt9enable_ifIX16is_invocable_r_vIT_T0_DpT1_EES3_E4typeEOS4_DpOS5_
FNDA:4,_ZSt10__invoke_rIvRZ14handleCommandsiRSt6vectorISt10unique_ptrI12ActiveObjectSt14default_deleteIS2_EESaIS5_EERS1_I5GraphS3_IS9_EER10MSTFactoryRS1_I4TreeS3_ISF_EEEUlvE5_JEENSt9enable_ifIX16is_invocable_r_vIT_T0_DpT1_EESM_E4typeEOSN_DpOSO_
FNDA:8,_ZSt10__invoke_rIvRZ14handleCommandsiRSt6vectorISt10unique_ptrI12ActiveObjectSt14default_deleteIS2_EESaIS5_EERS1_I5GraphS3_IS9_EER10MSTFactoryRS1_I4TreeS3_ISF_EEEUlvE_JEENSt9enable_ifIX16is_invocable_r_vIT_T0_DpT1_EESM_E4typeEOSN_DpOSO_
FNDA:14,_ZSt8__invokeIM12ActiveObjectFvvEJPS0_EENSt15__invoke_resultIT_JDpT0_EE4typeEOS5_DpOS6_
FNDA:4,_ZSt13__invoke_implIvRZ14handleCommandsiRSt6vectorISt10unique_ptrI12ActiveObjectSt14default_deleteIS2_EESaIS5_EERS1_I5GraphS3_IS9_EER10MSTFactoryRS1_I4TreeS3_ISF_EEEUlvE1_JEET_St14__invoke_otherOT0_DpOT1_
FNDA:4,_ZSt10__invoke_rIvRZ14handleCommandsiRSt6vectorISt10unique_ptrI12ActiveObjectSt14default_deleteIS2_EESaIS5_EERS1_I5GraphS3_IS9_EER10MSTFactoryRS1_I4TreeS3_ISF_EEEUlvE4_JEENSt9enable_ifIX16is_invocable_r_vIT_T0_DpT1_EESM_E4typeEOSN_DpOSO_
FNDA:6,_ZSt10__invoke_rIvRZ14handleCommandsiRSt6vectorISt10unique_ptrI12ActiveObjectSt14default_deleteIS2_EESaIS5_EERS1_I5GraphS3_IS9_EER10MSTFactoryRS1_I4TreeS3_ISF_EEEUlvE8_JEENSt9enable_ifIX16is_invocable_r_vIT_T0_DpT1_EESM_E4typeEOSN_DpOSO_
FNDA:4,_ZSt10__invoke_rIvRZ14handleCommandsiRSt6vectorISt10unique_ptrI12ActiveObjectSt14default_deleteIS2_EESaIS5_EERS1_I5GraphS3_IS9_EER10MSTFactoryRS1_I4TreeS3_ISF_EEEUlvE1_JEENSt9enable_ifIX16is_invocable_r_vIT_T0_DpT1_EESM_E4typeEOSN_DpOSO_
FNDA:4,_ZSt13__invoke_implIvRZ14handleCommandsiRSt6vectorISt10unique_ptrI12ActiveObjectSt14default_deleteIS2_EESaIS5_EERS1_I5GraphS3_IS9_EER10MSTFactoryRS1_I4TreeS3_ISF_EEEUlvE4_JEET_St14__invoke_otherOT0_DpOT1_
FNF:34
FNH:34
DA:60,91
DA:61,91
DA:71,24
DA:74,24
DA:90,24
DA:96,24
DA:97,23
DA:104,91
DA:111,91
DA:117,90
LF:10
LH:10
end_of_record
TN:
SF:/usr/include/c++/11/bits/ios_base.h
FN:129,_ZStorSt13_Ios_OpenmodeS_
FNDA:91,_ZStorSt13_Ios_OpenmodeS_
FNF:1
FNH:1
DA:129,91
DA:130,91
LF:2
LH:2
end_of_record
TN:
SF:/usr/include/c++/11/bits/move.h
FN:49,_ZSt11__addressofISt6vectorISt10unique_ptrI12ActiveObjectSt14default_deleteIS2_EESaIS5_EEEPT_RS8_
FN:49,_ZSt11__addressofISt10unique_ptrI5GraphSt14default_deleteIS1_EEEPT_RS5_
FN:49,_ZSt11__addressofISt10unique_ptrI12ActiveObjectSt14default_deleteIS1_EEEPT_RS5_
FN:49,_ZSt11__addressofImEPT_RS0_
FN:49,_ZSt11__addressofISt8functionIFvvEEEPT_RS3_
FN:49,_ZSt11__addressofISt6vectorI4EdgeSaIS1_EEEPT_RS4_
FN:49,_ZSt11__addressofISt6threadEPT_RS1_
FN:49,_ZSt11__addressofISaISt23_Sp_counted_ptr_inplaceI13ThreadContextSaIS1_ELN9__gnu_cxx12_Lock_policyE2EEEEPT_RS7_
FN:49,_ZSt11__addressofISt10unique_ptrI4TreeSt14default_deleteIS1_EEEPT_RS5_
FN:49,_ZSt11__addressofISt5mutexEPT_RS1_
FN:49,_ZSt11__addressofI10MSTFactoryEPT_RS1_
FN:49,_ZSt11__addressofISt4pairIiiEEPT_RS2_
FN:49,_ZSt11__addressofISt6vectorIiSaIiEEEPT_RS3_
FN:49,_ZSt11__addressofISt10shared_ptrI13ThreadContextEEPT_RS3_
FN:77,_ZSt7forwardIRP12LFThreadPoolEOT_RNSt16remove_referenceIS3_E4typeE
FN:77,_ZSt7forwardIRZ14handleCommandsiRSt6vectorISt10unique_ptrI12ActiveObjectSt14default_deleteIS2_EESaIS5_EERS1_I5GraphS3_IS9_EER10MSTFactoryRS1_I4TreeS3_ISF_EEEUlvE1_EOT_RNSt16remove_referenceISL_E4typeE
[...]
FN:1393,_ZSt3getILm1EJPNSt6thread6_StateESt14default_deleteIS1_EEERNSt13tuple_elementIXT_ESt5tupleIJDpT0_EEE4typeERS9_
FN:1393,_ZSt3getILm0EJP4TreeSt14default_deleteIS0_EEERNSt13tuple_elementIXT_ESt5tupleIJDpT0_EEE4typeERS8_
FN:1393,_ZSt3getILm1EJP12LFThreadPoolmEERNSt13tuple_elementIXT_ESt5tupleIJDpT0_EEE4typeERS6_
FN:1393,_ZSt3getILm0EJPSt8functionIFvvEESt14default_deleteIS2_EEERNSt13tuple_elementIXT_ESt5tupleIJDpT0_EEE4typeERSA_
FN:1393,_ZSt3getILm1EJP7ReactorSt14default_deleteIS0_EEERNSt13tuple_elementIXT_ESt5tupleIJDpT0_EEE4typeERS8_
FN:1393,_ZSt3getILm0EJP7ReactorSt14default_deleteIS0_EEERNSt13tuple_elementIXT_ESt5tupleIJDpT0_EEE4typeERS8_
FN:1393,_ZSt3getILm0EJRKiEERNSt13tuple_elementIXT_ESt5tupleIJDpT0_EEE4typeERS6_
FN:1393,_ZSt3getILm0EJPNSt6thread6_StateESt14default_deleteIS1_EEERNSt13tuple_elementIXT_ESt5tupleIJDpT0_EEE4typeERS9_
FN:1399,_ZSt3getILm0EJP7ReactorSt14default_deleteIS0_EEERKNSt13tuple_elementIXT_ESt5tupleIJDpT0_EEE4typeERKS8_
FN:1399,_ZSt3getILm0EJP9functArgsSt14default_deleteIS0_EEERKNSt13tuple_elementIXT_ESt5tupleIJDpT0_EEE4typeERKS8_
FN:1399,_ZSt3getILm0EJPSt8functionIFvvEESt14default_deleteIS2_EEERKNSt13tuple_elementIXT_ESt5tupleIJDpT0_EEE4typeERKSA_
FN:1399,_ZSt3getILm0EJP5GraphSt14default_deleteIS0_EEERKNSt13tuple_elementIXT_ESt5tupleIJDpT0_EEE4typeERKS8_
FN:1399,_ZSt3getILm0EJP11MSTStrategySt14default_deleteIS0_EEERKNSt13tuple_elementIXT_ESt5tupleIJDpT0_EEE4typeERKS8_
FN:1399,_ZSt3getILm0EJP12LFThreadPoolSt14default_deleteIS0_EEERKNSt13tuple_elementIXT_ESt5tupleIJDpT0_EEE4typeERKS8_
FN:1399,_ZSt3getILm0EJP4TreeSt14default_deleteIS0_EEERKNSt13tuple_elementIXT_ESt5tupleIJDpT0_EEE4typeERKS8_
FN:1399,_ZSt3getILm0EJP12ActiveObjectSt14default_deleteIS0_EEERKNSt13tuple_elementIXT_ESt5tupleIJDpT0_EEE4typeERKS8_
FN:1405,_ZSt3getILm0EJM12ActiveObjectFvvEPS0_EEONSt13tuple_elementIXT_ESt5tupleIJDpT0_EEE4typeEOS8_
FN:1405,_ZSt3getILm1EJM12ActiveObjectFvvEPS0_EEONSt13tuple_elementIXT_ESt5tupleIJDpT0_EEE4typeEOS8_
FN:1617,_ZSt16forward_as_tupleIJEESt5tupleIJDpOT_EES3_
FN:1804,_ZNSt4pairIKiSt8functionIFvvEEEC2IJRS0_EJEEESt21piecewise_construct_tSt5tupleIJDpT_EES8_IJDpT0_EE
FN:1816,_ZNSt4pairIKiSt8functionIFvvEEEC2IJRS0_EJLm0EEJEJEEERSt5tupleIJDpT_EERS7_IJDpT1_EESt12_Index_tupleIJXspT0_EEESG_IJXspT2_EEE
FNDA:9,_ZNSt5tupleIJP5GraphSt14default_deleteIS0_EEEC1ILb1ELb1EEEv
FNDA:14,_ZNSt5tupleIJM12ActiveObjectFvvEPS0_EEC2IS2_S3_Lb1EEEOT_OT0_
FNDA:112,_ZSt3getILm0EJP12ActiveObjectSt14default_deleteIS0_EEERNSt13tuple_elementIXT_ESt5tupleIJDpT0_EEE4typeERS8_
FNDA:12,_ZNSt5tupleIJP11MSTStrategySt14default_deleteIS0_EEEC2ILb1ELb1EEEv
FNDA:10,_ZNSt11_Tuple_implILm0EJP12LFThreadPoolmEE7_M_headERS2_
FNDA:18,_ZSt12__get_helperILm1ESt14default_deleteI9functArgsEJEERT0_RSt11_Tuple_implIXT_EJS3_DpT1_EE
FNDA:6,_ZNSt11_Tuple_implILm0EJP9functArgsSt14default_deleteIS0_EEE7_M_headERKS4_
FNDA:28,_ZNSt11_Tuple_implILm0EJP12ActiveObjectSt14default_deleteIS0_EEEC2EOS4_
FNDA:96,_ZSt3getILm0EJP11MSTStrategySt14default_deleteIS0_EEERNSt13tuple_elementIXT_ESt5tupleIJDpT0_EEE4typeERS8_
FNDA:10,_ZNSt11_Tuple_implILm1EJmEEC2IRmEEOT_
FNDA:14,_ZSt3getILm1EJP12ActiveObjectSt14default_deleteIS0_EEERNSt13tuple_elementIXT_ESt5tupleIJDpT0_EEE4typeERS8_
FNDA:84,_ZNSt11_Tuple_implILm0EJP5GraphSt14default_deleteIS0_EEE7_M_headERS4_
FNDA:14,_ZNSt10_Head_baseILm1ESt14default_deleteI12ActiveObjectELb1EE7_M_headERS3_
FNDA:112,_ZSt12__get_helperILm0EP12ActiveObjectJSt14default_deleteIS0_EEERT0_RSt11_Tuple_implIXT_EJS4_DpT1_EE
FNDA:126,_ZSt12__get_helperILm0EP4TreeJSt14default_deleteIS0_EEERT0_RSt11_Tuple_implIXT_EJS4_DpT1_EE
FNDA:36,_ZNSt11_Tuple_implILm1EJSt14default_deleteI4TreeEEE7_M_headERS3_
FNDA:10,_ZNSt5tupleIJP12LFThreadPoolmEEC2IS1_RmLb1EEEOT_OT0_
FNDA:10,_ZNSt11_Tuple_implILm0EJP12LFThreadPoolmEEC2EOS2_
FNDA:27,_ZNSt10_Head_baseILm1ESt14default_deleteI5GraphELb1EE7_M_headERS3_
FNDA:12,_ZNSt11_Tuple_implILm1EJSt14default_deleteI4TreeEEEC2Ev
FNDA:14,_ZNSt10_Head_baseILm0EP12ActiveObjectLb0EEC2Ev
FNDA:1,_ZNSt5tupleIJRKiEEC2ILb1ELb1EEES1_
FNDA:126,_ZSt3getILm0EJP4TreeSt14default_deleteIS0_EEERNSt13tuple_elementIXT_ESt5tupleIJDpT0_EEE4typeERS8_
FNDA:18,_ZNSt10_Head_baseILm1ESt14default_deleteI9functArgsELb1EE7_M_headERS3_
FNDA:3,_ZNSt11_Tuple_implILm0EJP7ReactorSt14default_deleteIS0_EEE7_M_headERS4_
FNDA:0,_ZSt3getILm1EJPNSt6thread6_StateESt14default_deleteIS1_EEERNSt13tuple_elementIXT_ESt5tupleIJDpT0_EEE4typeERS9_
FNDA:96,_ZSt12__get_helperILm0EP11MSTStrategyJSt14default_deleteIS0_EEERT0_RSt11_Tuple_implIXT_EJS4_DpT1_EE
FNDA:30,_ZSt3getILm1EJPSt8functionIFvvEESt14default_deleteIS2_EEERNSt13tuple_elementIXT_ESt5tupleIJDpT0_EEE4typeERSA_
FNDA:84,_ZSt12__get_helperILm0EP5GraphJSt14default_deleteIS0_EEERKT0_RKSt11_Tuple_implIXT_EJS4_DpT1_EE
FNDA:0,_ZNSt10_Head_baseILm1ESt14default_deleteINSt6thread6_StateEELb1EE7_M_headERS4_
FNDA:14,_ZNSt11_Tuple_implILm1EJP12ActiveObjectEEC2IS1_EEOT_
FNDA:10,_ZNSt10_Head_baseILm0EP12LFThreadPoolLb0EEC2IS1_EEOT_
FNDA:14,_ZNSt11_Tuple_implILm0EJM12ActiveObjectFvvEPS0_EE7_M_headERS4_
FNDA:14,_ZNSt5tupleIJPNSt6thread6_StateESt14default_deleteIS1_EEEC2ILb1ELb1EEEv
FNDA:3,_ZNSt10_Head_baseILm1ESt14default_deleteI12LFThreadPoolELb1EE7_M_headERS3_
FNDA:1,_ZNSt10_Head_baseILm0EP12LFThreadPoolLb0EEC2Ev
FNDA:36,_ZSt3getILm1EJP11MSTStrategySt14default_deleteIS0_EEERNSt13tuple_elementIXT_ESt5tupleIJDpT0_EEE4typeERS8_
FNDA:90,_ZNSt10_Head_baseILm0EPSt8functionIFvvEELb0EE7_M_headERS4_
FNDA:6,_ZSt12__get_helperILm0EP9functArgsJSt14default_deleteIS0_EEERKT0_RKSt11_Tuple_implIXT_EJS4_DpT1_EE
FNDA:111,_ZSt12__get_helperILm0EP4TreeJSt14default_deleteIS0_EEERKT0_RKSt11_Tuple_implIXT_EJS4_DpT1_EE
FNDA:1,_ZNSt10_Head_baseILm0ERKiLb0EE7_M_headERS2_
FNDA:12,_ZNSt11_Tuple_implILm1EJSt14default_deleteI11MSTStrategyEEEC2Ev
FNDA:8,_ZNSt11_Tuple_implILm0EJP12LFThreadPoolSt14default_deleteIS0_EEE7_M_headERS4_
FNDA:28,_ZNSt10_Head_baseILm0EPNSt6thread6_StateELb0EE7_M_headERS3_
FNDA:2,_ZNSt11_Tuple_implILm0EJP7ReactorSt14default_deleteIS0_EEE7_M_headERKS4_
FNDA:14,_ZNSt10_Head_baseILm0EPNSt6thread6_StateELb0EEC2Ev
FNDA:8,_ZSt3getILm0EJP12LFThreadPoolSt14default_deleteIS0_EEERNSt13tuple_elementIXT_ESt5tupleIJDpT0_EEE4typeERS8_
FNDA:14,_ZNSt11_Tuple_implILm1EJSt14default_deleteI12ActiveObjectEEE7_M_headERS3_
FNDA:10,_ZNSt11_Tuple_implILm1EJmEE7_M_headERS0_
FNDA:3,_ZSt3getILm1EJP12LFThreadPoolSt14default_deleteIS0_EEERNSt13tuple_elementIXT_ESt5tupleIJDpT0_EEE4typeERS8_
FNDA:9,_ZNSt10_Head_baseILm0EP5GraphLb0EEC2Ev
FNDA:84,_ZNSt10_Head_baseILm0EP5GraphLb0EE7_M_headERKS2_
FNDA:3,_ZSt12__get_helperILm0EP7ReactorJSt14default_deleteIS0_EEERT0_RSt11_Tuple_implIXT_EJS4_DpT1_EE
FNDA:111,_ZNSt10_Head_baseILm0EP4TreeLb0EE7_M_headERKS2_
FNDA:36,_ZNSt10_Head_baseILm1ESt14default_deleteI4TreeELb1EE7_M_headERS3_
FNDA:10,_ZSt3getILm0EJP12LFThreadPoolmEERNSt13tuple_elementIXT_ESt5tupleIJDpT0_EEE4typeERS6_
FNDA:1,_ZNSt11_Tuple_implILm1EJSt14default_deleteI7ReactorEEEC2Ev
FNDA:2,_ZSt3getILm0EJP7ReactorSt14default_deleteIS0_EEERKNSt13tuple_elementIXT_ESt5tupleIJDpT0_EEE4typeERKS8_
FNDA:10,_ZNSt10_Head_baseILm0EPSt8functionIFvvEELb0EE7_M_headERKS4_
FNDA:14,_ZNSt11_Tuple_implILm0EJPNSt6thread6_StateESt14default_deleteIS1_EEEC2Ev
FNDA:126,_ZNSt10_Head_baseILm0EP4TreeLb0EE7_M_headERS2_
FNDA:14,_ZNSt5tupleIJP12ActiveObjectSt14default_deleteIS0_EEEC2ILb1ELb1EEEv
FNDA:0,_ZNSt11_Tuple_implILm1EJSt14default_deleteINSt6thread6_StateEEEE7_M_headERS4_
FNDA:84,_ZSt3getILm0EJP5GraphSt14default_deleteIS0_EEERNSt13tuple_elementIXT_ESt5tupleIJDpT0_EEE4typeERS8_
FNDA:1,_ZNSt11_Tuple_implILm1EJSt14default_deleteI7ReactorEEE7_M_headERS3_
FNDA:10,_ZNSt10_Head_baseILm1EmLb0EEC2IRmEEOT_
FNDA:27,_ZSt3getILm1EJP5GraphSt14default_deleteIS0_EEERNSt13tuple_elementIXT_ESt5tupleIJDpT0_EEE4typeERS8_
FNDA:14,_ZNSt11_Tuple_implILm1EJSt14default_deleteINSt6thread6_StateEEEEC2Ev
FNDA:1,_ZSt12__get_helperILm0ERKiJEERT0_RSt11_Tuple_implIXT_EJS2_DpT1_EE
FNDA:1,_ZSt12__get_helperILm1ESt14default_deleteI7ReactorEJEERT0_RSt11_Tuple_implIXT_EJS3_DpT1_EE
FNDA:20,_ZNSt11_Tuple_implILm0EJPSt8functionIFvvEESt14default_deleteIS2_EEEC2Ev
FNDA:18,_ZSt3getILm1EJP9functArgsSt14default_deleteIS0_EEERNSt13tuple_elementIXT_ESt5tupleIJDpT0_EEE4typeERS8_
FNDA:28,_ZNSt5tupleIJP12ActiveObjectSt14default_deleteIS0_EEEC2EOS4_
FNDA:36,_ZNSt10_Head_baseILm1ESt14default_deleteI11MSTStrategyELb1EE7_M_headERS3_
FNDA:14,_ZSt3getILm1EJM12ActiveObjectFvvEPS0_EEONSt13tuple_elementIXT_ESt5tupleIJDpT0_EEE4typeEOS8_
FNDA:3,_ZNSt10_Head_baseILm0EP7ReactorLb0EE7_M_headERS2_
FNDA:10,_ZNSt10_Head_baseILm1EmLb0EE7_M_headERS0_
FNDA:27,_ZNSt11_Tuple_implILm1EJSt14default_deleteI5GraphEEE7_M_headERS3_
FNDA:12,_ZNSt10_Head_baseILm0EP11MSTStrategyLb0EEC2Ev
FNDA:1,_ZNSt5tupleIJP12LFThreadPoolSt14default_deleteIS0_EEEC1ILb1ELb1EEEv
FNDA:40,_ZSt3getILm0EJP9functArgsSt14default_deleteIS0_EEERNSt13tuple_elementIXT_ESt5tupleIJDpT0_EEE4typeERS8_
FNDA:3,_ZNSt11_Tuple_implILm1EJSt14default_deleteI12LFThreadPoolEEE7_M_headERS3_
FNDA:18,_ZNSt10_Head_baseILm0EP12LFThreadPoolLb0EE7_M_headERS2_
FNDA:36,_ZNSt11_Tuple_implILm1EJSt14default_deleteI11MSTStrategyEEE7_M_headERS3_
FNDA:14,_ZNSt11_Tuple_implILm1EJSt14default_deleteI12ActiveObjectEEEC2Ev
FNDA:1,_ZNSt10_Head_baseILm1ESt14default_deleteI7ReactorELb1EEC2Ev
FNDA:30,_ZNSt11_Tuple_implILm1EJSt14default_deleteISt8functionIFvvEEEEE7_M_headERS5_
FNDA:14,_ZSt12__get_helperILm1ESt14default_deleteI12ActiveObjectEJEERT0_RSt11_Tuple_implIXT_EJS3_DpT1_EE
FNDA:1,_ZNSt11_Tuple_implILm0EJRKiEEC2ES1_
FNDA:36,_ZSt3getILm1EJP4TreeSt14default_deleteIS0_EEERNSt13tuple_elementIXT_ESt5tupleIJDpT0_EEE4typeERS8_
FNDA:3,_ZNSt11_Tuple_implILm0EJP12LFThreadPoolSt14default_deleteIS0_EEE7_M_headERKS4_
FNDA:14,_ZSt3getILm0EJM12ActiveObjectFvvEPS0_EEONSt13tuple_elementIXT_ESt5tupleIJDpT0_EEE4typeEOS8_
FNDA:14,_ZSt12__get_helperILm0EM12ActiveObjectFvvEJPS0_EERT0_RSt11_Tuple_implIXT_EJS4_DpT1_EE
FNDA:12,_ZNSt5tupleIJP4TreeSt14default_deleteIS0_EEEC2ILb1ELb1EEEv
FNDA:36,_ZSt12__get_helperILm1ESt14default_deleteI11MSTStrategyEJEERT0_RSt11_Tuple_implIXT_EJS3_DpT1_EE
FNDA:1,_ZNSt10_Head_baseILm0ERKiLb0EEC2ES1_
FNDA:9,_ZNSt11_Tuple_implILm0EJP5GraphSt14default_deleteIS0_EEEC2Ev
FNDA:6,_ZNSt10_Head_baseILm0EP9functArgsLb0EE7_M_headERKS2_
FNDA:28,_ZNSt11_Tuple_implILm0EJPNSt6thread6_StateESt14default_deleteIS1_EEE7_M_headERS5_
FNDA:40,_ZNSt11_Tuple_implILm0EJP9functArgsSt14default_deleteIS0_EEE7_M_headERS4_
FNDA:14,_ZSt12__get_helperILm1EP12ActiveObjectJEERT0_RSt11_Tuple_implIXT_EJS2_DpT1_EE
FNDA:14,_ZNSt11_Tuple_implILm0EJP12ActiveObjectSt14default_deleteIS0_EEEC2Ev
FNDA:126,_ZNSt11_Tuple_implILm0EJP4TreeSt14default_deleteIS0_EEE7_M_headERS4_
FNDA:72,_ZSt3getILm0EJP12ActiveObjectSt14default_deleteIS0_EEERKNSt13tuple_elementIXT_ESt5tupleIJDpT0_EEE4typeERKS8_
FNDA:30,_ZSt12__get_helperILm1ESt14default_deleteISt8functionIFvvEEEJEERT0_RSt11_Tuple_implIXT_EJS5_DpT1_EE
FNDA:2,_ZNSt10_Head_baseILm0EP7ReactorLb0EE7_M_headERKS2_
FNDA:20,_ZNSt10_Head_baseILm0EPSt8functionIFvvEELb0EEC2Ev
FNDA:30,_ZNSt10_Head_baseILm1ESt14default_deleteISt8functionIFvvEEELb1EE7_M_headERS5_
FNDA:96,_ZNSt11_Tuple_implILm0EJP11MSTStrategySt14default_deleteIS0_EEE7_M_headERS4_
FNDA:10,_ZSt12__get_helperILm1EmJEERT0_RSt11_Tuple_implIXT_EJS0_DpT1_EE
FNDA:10,_ZNSt5tupleIJP12LFThreadPoolmEEC2EOS2_
FNDA:9,_ZNSt10_Head_baseILm1ESt14default_deleteI5GraphELb1EEC2Ev
FNDA:28,_ZNSt11_Tuple_implILm1EJSt14default_deleteI12ActiveObjectEEEC2EOS3_
FNDA:12,_ZNSt11_Tuple_implILm0EJP11MSTStrategySt14default_deleteIS0_EEEC2Ev
FNDA:14,_ZNSt10_Head_baseILm1ESt14default_deleteI12ActiveObjectELb1EEC2Ev
FNDA:20,_ZNSt11_Tuple_implILm1EJSt14default_deleteISt8functionIFvvEEEEEC2Ev
FNDA:96,_ZNSt10_Head_baseILm0EP11MSTStrategyLb0EE7_M_headERS2_
FNDA:20,_ZNSt5tupleIJPSt8functionIFvvEESt14default_deleteIS2_EEEC2ILb1ELb1EEEv
FNDA:12,_ZNSt11_Tuple_implILm0EJP4TreeSt14default_deleteIS0_EEEC2Ev
FNDA:1,_ZNSt4pairIKiSt8functionIFvvEEEC2IJRS0_EJEEESt21piecewise_construct_tSt5tupleIJDpT_EES8_IJDpT0_EE
FNDA:14,_ZNSt10_Head_baseILm1EP12ActiveObjectLb0EE7_M_headERS2_
FNDA:84,_ZSt3getILm0EJP5GraphSt14default_deleteIS0_EEERKNSt13tuple_elementIXT_ESt5tupleIJDpT0_EEE4typeERKS8_
FNDA:6,_ZNSt11_Tuple_implILm0EJP9functArgsSt14default_deleteIS0_EEEC2Ev
FNDA:3,_ZSt3getILm0EJP7ReactorSt14default_deleteIS0_EEERNSt13tuple_elementIXT_ESt5tupleIJDpT0_EEE4typeERS8_
FNDA:3,_ZSt12__get_helperILm1ESt14default_deleteI12LFThreadPoolEJEERT0_RSt11_Tuple_implIXT_EJS3_DpT1_EE
FNDA:24,_ZSt3getILm0EJP11MSTStrategySt14default_deleteIS0_EEERKNSt13tuple_elementIXT_ESt5tupleIJDpT0_EEE4typeERKS8_
FNDA:1,_ZNSt5tupleIJRKiEEC2EOS2_
FNDA:0,_ZSt12__get_helperILm1ESt14default_deleteINSt6thread6_StateEEJEERT0_RSt11_Tuple_implIXT_EJS4_DpT1_EE
FNDA:24,_ZSt12__get_helperILm0EP11MSTStrategyJSt14default_deleteIS0_EEERKT0_RKSt11_Tuple_implIXT_EJS4_DpT1_EE
FNDA:1,_ZNSt10_Head_baseILm1ESt14default_deleteI12LFThreadPoolELb1EEC2Ev
FNDA:72,_ZSt12__get_helperILm0EP12ActiveObjectJSt14default_deleteIS0_EEERKT0_RKSt11_Tuple_implIXT_EJS4_DpT1_EE
FNDA:28,_ZSt3getILm0EJPNSt6thread6_StateESt14default_deleteIS1_EEERNSt13tuple_elementIXT_ESt5tupleIJDpT0_EEE4typeERS9_
FNDA:14,_ZNSt10_Head_baseILm1EP12ActiveObjectLb0EEC2IS1_EEOT_
FNDA:12,_ZNSt10_Head_baseILm1ESt14default_deleteI4TreeELb1EEC2Ev
FNDA:1,_ZSt3getILm0EJRKiEERNSt13tuple_elementIXT_ESt5tupleIJDpT0_EEE4typeERS6_
FNDA:14,_ZNSt10_Head_baseILm0EM12ActiveObjectFvvELb0EEC2IS2_EEOT_
FNDA:14,_ZNSt11_Tuple_implILm1EJP12ActiveObjectEE7_M_headERS2_
FNDA:3,_ZNSt10_Head_baseILm0EP12LFThreadPoolLb0EE7_M_headERKS2_
FNDA:3,_ZSt3getILm0EJP12LFThreadPoolSt14default_deleteIS0_EEERKNSt13tuple_elementIXT_ESt5tupleIJDpT0_EEE4typeERKS8_
FNDA:2,_ZSt12__get_helperILm0EP7ReactorJSt14default_deleteIS0_EEERKT0_RKSt11_Tuple_implIXT_EJS4_DpT1_EE
FNDA:14,_ZNSt10_Head_baseILm0EM12ActiveObjectFvvELb0EE7_M_headERS3_
FNDA:6,_ZNSt10_Head_baseILm0EP9functArgsLb0EEC2Ev
FNDA:1,_ZNSt11_Tuple_implILm1EJSt14default_deleteI12LFThreadPoolEEEC2Ev
FNDA:6,_ZNSt10_Head_baseILm1ESt14default_deleteI9functArgsELb1EEC2Ev
FNDA:90,_ZSt12__get_helperILm0EPSt8functionIFvvEEJSt14default_deleteIS2_EEERT0_RSt11_Tuple_implIXT_EJS6_DpT1_EE
FNDA:18,_ZNSt11_Tuple_implILm1EJSt14default_deleteI9functArgsEEE7_M_headERS3_
FNDA:111,_ZSt3getILm0EJP4TreeSt14default_deleteIS0_EEERKNSt13tuple_elementIXT_ESt5tupleIJDpT0_EEE4typeERKS8_
FNDA:10,_ZNSt11_Tuple_implILm0EJP12LFThreadPoolmEEC2IS1_JRmEvEEOT_DpOT0_
FNDA:6,_ZNSt11_Tuple_implILm1EJSt14default_deleteI9functArgsEEEC2Ev
FNDA:12,_ZNSt10_Head_baseILm1ESt14default_deleteI11MSTStrategyELb1EEC2Ev
FNDA:20,_ZNSt10_Head_baseILm1ESt14default_deleteISt8functionIFvvEEELb1EEC2Ev
FNDA:84,_ZNSt10_Head_baseILm0EP5GraphLb0EE7_M_headERS2_
FNDA:1,_ZSt3getILm1EJP7ReactorSt14default_deleteIS0_EEERNSt13tuple_elementIXT_ESt5tupleIJDpT0_EEE4typeERS8_
FNDA:1,_ZNSt10_Head_baseILm1ESt14default_deleteI7ReactorELb1EE7_M_headERS3_
FNDA:1,_ZNSt11_Tuple_implILm0EJP7ReactorSt14default_deleteIS0_EEEC2Ev
FNDA:14,_ZNSt11_Tuple_implILm0EJM12ActiveObjectFvvEPS0_EEC2IS2_JS3_EvEEOT_DpOT0_
FNDA:1,_ZNSt5tupleIJP7ReactorSt14default_deleteIS0_EEEC2ILb1ELb1EEEv
FNDA:24,_ZNSt11_Tuple_implILm0EJP11MSTStrategySt14default_deleteIS0_EEE7_M_headERKS4_
FNDA:84,_ZNSt11_Tuple_implILm0EJP5GraphSt14default_deleteIS0_EEE7_M_headERKS4_
FNDA:6,_ZSt3getILm0EJP9functArgsSt14default_deleteIS0_EEERKNSt13tuple_elementIXT_ESt5tupleIJDpT0_EEE4typeERKS8_
FNDA:36,_ZSt12__get_helperILm1ESt14default_deleteI4TreeEJEERT0_RSt11_Tuple_implIXT_EJS3_DpT1_EE
FNDA:10,_ZNSt11_Tuple_implILm1EJmEEC2EOS0_
FNDA:1,_ZNSt11_Tuple_implILm0EJRKiEEC2EOS2_
FNDA:10,_ZSt3getILm0EJPSt8functionIFvvEESt14default_deleteIS2_EEERKNSt13tuple_elementIXT_ESt5tupleIJDpT0_EEE4typeERKSA_
FNDA:10,_ZNSt11_Tuple_implILm0EJPSt8functionIFvvEESt14default_deleteIS2_EEE7_M_headERKS6_
FNDA:10,_ZSt16forward_as_tupleIJEESt5tupleIJDpOT_EES3_
FNDA:10,_ZSt3getILm1EJP12LFThreadPoolmEERNSt13tuple_elementIXT_ESt5tupleIJDpT0_EEE4typeERS6_
FNDA:3,_ZSt12__get_helperILm0EP12LFThreadPoolJSt14default_deleteIS0_EEERKT0_RKSt11_Tuple_implIXT_EJS4_DpT1_EE
FNDA:1,_ZNSt11_Tuple_implILm0EJRKiEE7_M_headERS2_
FNDA:9,_ZNSt11_Tuple_implILm1EJSt14default_deleteI5GraphEEEC2Ev
FNDA:8,_ZSt12__get_helperILm0EP12LFThreadPoolJSt14default_deleteIS0_EEERT0_RSt11_Tuple_implIXT_EJS4_DpT1_EE
FNDA:1,_ZNSt10_Head_baseILm0EP7ReactorLb0EEC2Ev
FNDA:112,_ZNSt11_Tuple_implILm0EJP12ActiveObjectSt14default_deleteIS0_EEE7_M_headERS4_
FNDA:24,_ZNSt10_Head_baseILm0EP11MSTStrategyLb0EE7_M_headERKS2_
FNDA:27,_ZSt12__get_helperILm1ESt14default_deleteI5GraphEJEERT0_RSt11_Tuple_implIXT_EJS3_DpT1_EE
FNDA:112,_ZNSt10_Head_baseILm0EP12ActiveObjectLb0EE7_M_headERS2_
FNDA:90,_ZSt3getILm0EJPSt8functionIFvvEESt14default_deleteIS2_EEERNSt13tuple_elementIXT_ESt5tupleIJDpT0_EEE4typeERSA_
FNDA:1,_ZNSt4pairIKiSt8functionIFvvEEEC2IJRS0_EJLm0EEJEJEEERSt5tupleIJDpT_EERS7_IJDpT1_EESt12_Index_tupleIJXspT0_EEESG_IJXspT2_EEE
FNDA:84,_ZSt12__get_helperILm0EP5GraphJSt14default_deleteIS0_EEERT0_RSt11_Tuple_implIXT_EJS4_DpT1_EE
FNDA:6,_ZNSt5tupleIJP9functArgsSt14default_deleteIS0_EEEC1ILb1ELb1EEEv
FNDA:40,_ZNSt10_Head_baseILm0EP9functArgsLb0EE7_M_headERS2_
FNDA:72,_ZNSt11_Tuple_implILm0EJP12ActiveObjectSt14default_deleteIS0_EEE7_M_headERKS4_
FNDA:1,_ZNSt11_Tuple_implILm0EJP12LFThreadPoolSt14default_deleteIS0_EEEC2Ev
FNDA:72,_ZNSt10_Head_baseILm0EP12ActiveObjectLb0EE7_M_headERKS2_
FNDA:10,_ZSt12__get_helperILm0EP12LFThreadPoolJmEERT0_RSt11_Tuple_implIXT_EJS2_DpT1_EE
FNDA:28,_ZSt12__get_helperILm0EPNSt6thread6_StateEJSt14default_deleteIS1_EEERT0_RSt11_Tuple_implIXT_EJS5_DpT1_EE
FNDA:111,_ZNSt11_Tuple_implILm0EJP4TreeSt14default_deleteIS0_EEE7_M_headERKS4_
FNDA:12,_ZNSt10_Head_baseILm0EP4TreeLb0EEC2Ev
FNDA:90,_ZNSt11_Tuple_implILm0EJPSt8functionIFvvEESt14default_deleteIS2_EEE7_M_headERS6_
FNDA:40,_ZSt12__get_helperILm0EP9functArgsJSt14default_deleteIS0_EEERT0_RSt11_Tuple_implIXT_EJS4_DpT1_EE
FNDA:10,_ZSt12__get_helperILm0EPSt8functionIFvvEEJSt14default_deleteIS2_EEERKT0_RKSt11_Tuple_implIXT_EJS6_DpT1_EE
FNDA:14,_ZNSt10_Head_baseILm1ESt14default_deleteINSt6thread6_StateEELb1EEC2Ev
FNF:192
FNH:188
DA:80,89
DA:81,89
DA:124,165
DA:189,89
DA:190,89
DA:192,1
DA:193,1
DA:199,48
DA:200,48
DA:233,636
DA:236,312
DA:268,611
DA:271,312
DA:279,89
DA:280,89
DA:290,24
DA:292,24
DA:293,24
DA:301,38
DA:424,190
DA:430,89
DA:431,89
DA:434,1
DA:435,1
DA:436,1
DA:440,24
DA:441,24
DA:442,24
DA:454,39
DA:456,11
DA:457,39
DA:727,1
DA:729,1
DA:756,1
DA:1049,89
DA:1051,89
DA:1077,24
DA:1079,24
DA:1090,38
DA:1377,801
DA:1378,801
DA:1382,312
DA:1383,312
DA:1393,773
DA:1394,773
DA:1399,312
DA:1400,312
DA:1405,28
DA:1408,28
DA:1617,10
DA:1618,10
DA:1804,1
DA:1809,1
DA:1810,1
DA:1816,1
DA:1819,1
DA:1820,1
DA:1821,1
LF:58
LH:58
end_of_record
TN:
SF:/usr/include/c++/11/typeinfo
FN:120,_ZNKSt9type_infoeqERKS_
FNDA:0,_ZNKSt9type_infoeqERKS_
FNF:1
FNH:0
DA:120,0
DA:122,0
DA:123,0
DA:124,0
LF:4
LH:0
end_of_record
TN:
SF:/usr/include/c++/11/utility
FN:183,_ZNSt10__pair_getILm0EE10__move_getIiiEEOT_OSt4pairIS2_T0_E
FN:207,_ZNSt10__pair_getILm1EE10__move_getIiiEEOT0_OSt4pairIT_S2_E
FN:228,_ZSt3getILm0EiiEONSt13tuple_elementIXT_ESt4pairIT0_T1_EE4typeEOS4_
FN:228,_ZSt3getILm1EiiEONSt13tuple_elementIXT_ESt4pairIT0_T1_EE4typeEOS4_
FNDA:12,_ZSt3getILm0EiiEONSt13tuple_elementIXT_ESt4pairIT0_T1_EE4typeEOS4_
FNDA:12,_ZNSt10__pair_getILm0EE10__move_getIiiEEOT_OSt4pairIS2_T0_E
FNDA:12,_ZSt3getILm1EiiEONSt13tuple_elementIXT_ESt4pairIT0_T1_EE4typeEOS4_
FNDA:12,_ZNSt10__pair_getILm1EE10__move_getIiiEEOT0_OSt4pairIT_S2_E
FNF:4
FNH:4
DA:183,12
DA:184,12
DA:207,12
DA:208,12
DA:228,24
DA:229,24
LF:6
LH:6
end_of_record
TN:
SF:/usr/include/x86_64-linux-gnu/c++/11/bits/gthr-default.h
FN:300,_ZL18__gthread_active_pv
FN:746,_ZL20__gthread_mutex_lockP15pthread_mutex_t
FN:755,_ZL23__gthread_mutex_trylockP15pthread_mutex_t
FN:776,_ZL22__gthread_mutex_unlockP15pthread_mutex_t
FNDA:609,_ZL20__gthread_mutex_lockP15pthread_mutex_t
FNDA:627,_ZL22__gthread_mutex_unlockP15pthread_mutex_t
FNDA:23,_ZL23__gthread_mutex_trylockP15pthread_mutex_t
FNDA:1259,_ZL18__gthread_active_pv
FNF:4
FNH:4
DA:300,1259
DA:302,1259
DA:746,609
DA:748,609
DA:749,609
DA:751,0
DA:755,23
DA:757,23
DA:758,23
DA:760,0
DA:776,627
DA:778,627
DA:779,627
DA:781,0
LF:14
LH:11
end_of_record
