        -:    0:Source:Graph.hpp
        -:    0:Graph:LFServer.gcno
        -:    0:Data:LFServer.gcda
        -:    0:Runs:1
        -:    1:#ifndef GRAPH_HPP
        -:    2:#define GRAPH_HPP
        -:    3:#include <iostream>
        -:    4:#include <vector>
        -:    5:#include <queue>
        -:    6:#include <algorithm>
        -:    7:#include <sstream>
        -:    8:using namespace std;
        -:    9:
        -:   10:typedef struct Edge {
        -:   11:    int src;
        -:   12:    int dest;
        -:   13:    int weight;
        -:   14:}Edge;
        -:   15:
        -:   16:class Graph {
        -:   17:    protected:
        -:   18:        int V;
        -:   19:        int E;
        -:   20:        vector<vector<Edge>> adj;
        -:   21:    public:
        -:   22:        Graph(): V(0), E(0) {}
function _ZN5GraphC2Eii called 3 returned 100% blocks executed 80%
        3:   23:        Graph(int V, int E): V(V), E(E) { adj.resize(V); }
call    0 returned 100%
call    1 returned 100%
branch  2 taken 100% (fallthrough)
branch  3 taken 0% (throw)
call    4 never executed
        -:   24:        virtual ~Graph() = default;
        -:   25:        
        -:   26:        virtual void addEdge(int u, int v, int w);
        -:   27:        // virtual void removeEdge(int u, int v);
        -:   28:        int getVerticesNumber() const { return V; }
function _ZNK5Graph6getAdjEv called 20 returned 100% blocks executed 100%
       20:   29:        const vector<vector<Edge>>& getAdj() const { return adj; }
        -:   30:        // vector<vector<int>> getAdjMatrix() const;
        -:   31:        
        -:   32:};
        -:   33:
        -:   34:#endif
