TN:
SF:/usr/include/c++/11/bits/stl_uninitialized.h
FN:108,_ZNSt20__uninitialized_copyILb1EE13__uninit_copyIN9__gnu_cxx17__normal_iteratorIPK4EdgeSt6vectorIS4_SaIS4_EEEEPS4_EET0_T_SD_SC_
FNDA:8,_ZNSt20__uninitialized_copyILb1EE13__uninit_copyIN9__gnu_cxx17__normal_iteratorIPK4EdgeSt6vectorIS4_SaIS4_EEEEPS4_EET0_T_SD_SC_
FN:126,_ZSt18uninitialized_copyIN9__gnu_cxx17__normal_iteratorIPK4EdgeSt6vectorIS2_SaIS2_EEEEPS2_ET0_T_SB_SA_
FNDA:8,_ZSt18uninitialized_copyIN9__gnu_cxx17__normal_iteratorIPK4EdgeSt6vectorIS2_SaIS2_EEEEPS2_ET0_T_SB_SA_
FN:331,_ZSt22__uninitialized_copy_aIN9__gnu_cxx17__normal_iteratorIPK4EdgeSt6vectorIS2_SaIS2_EEEEPS2_S2_ET0_T_SB_SA_RSaIT1_E
FNDA:8,_ZSt22__uninitialized_copy_aIN9__gnu_cxx17__normal_iteratorIPK4EdgeSt6vectorIS2_SaIS2_EEEEPS2_S2_ET0_T_SB_SA_RSaIT1_E
DA:108,8
DA:110,8
DA:126,8
DA:145,8
DA:151,8
DA:331,8
DA:333,8
end_of_record
SF:/home/eladubuntu/Git Projects/OS_2024-FINAL_PROJECT_MST/Graph.hpp
FN:22,_ZN5GraphC2Ev
FNDA:4,_ZN5GraphC2Ev
FN:24,_ZN5GraphD0Ev
FNDA:0,_ZN5GraphD0Ev
FN:24,_ZN5GraphD2Ev
FNDA:0,_ZN5GraphD2Ev
DA:22,4
DA:24,0
DA:24,0
end_of_record
SF:/usr/include/c++/11/bits/stl_vector.h
FN:97,_ZNSt12_Vector_baseI4EdgeSaIS0_EE17_Vector_impl_dataC2Ev
FNDA:0,_ZNSt12_Vector_baseI4EdgeSaIS0_EE17_Vector_impl_dataC2Ev
FN:97,_ZNSt12_Vector_baseISt6vectorI4EdgeSaIS1_EESaIS3_EE17_Vector_impl_dataC2Ev
FNDA:0,_ZNSt12_Vector_baseISt6vectorI4EdgeSaIS1_EESaIS3_EE17_Vector_impl_dataC2Ev
FN:97,_ZNSt12_Vector_baseISt6vectorIiSaIiEESaIS2_EE17_Vector_impl_dataC2Ev
FNDA:4,_ZNSt12_Vector_baseISt6vectorIiSaIiEESaIS2_EE17_Vector_impl_dataC2Ev
FN:131,_ZNSt12_Vector_baseISt6vectorI4EdgeSaIS1_EESaIS3_EE12_Vector_implC2Ev
FNDA:0,_ZNSt12_Vector_baseISt6vectorI4EdgeSaIS1_EESaIS3_EE12_Vector_implC2Ev
FN:131,_ZNSt12_Vector_baseISt6vectorIiSaIiEESaIS2_EE12_Vector_implC2Ev
FNDA:4,_ZNSt12_Vector_baseISt6vectorIiSaIiEESaIS2_EE12_Vector_implC2Ev
FN:136,_ZNSt12_Vector_baseI4EdgeSaIS0_EE12_Vector_implC2ERKS1_
FNDA:8,_ZNSt12_Vector_baseI4EdgeSaIS0_EE12_Vector_implC2ERKS1_
FN:276,_ZNSt12_Vector_baseIiSaIiEE19_M_get_Tp_allocatorEv
FNDA:0,_ZNSt12_Vector_baseIiSaIiEE19_M_get_Tp_allocatorEv
FN:276,_ZNSt12_Vector_baseI4EdgeSaIS0_EE19_M_get_Tp_allocatorEv
FNDA:0,_ZNSt12_Vector_baseI4EdgeSaIS0_EE19_M_get_Tp_allocatorEv
FN:276,_ZNSt12_Vector_baseISt6vectorI4EdgeSaIS1_EESaIS3_EE19_M_get_Tp_allocatorEv
FNDA:0,_ZNSt12_Vector_baseISt6vectorI4EdgeSaIS1_EESaIS3_EE19_M_get_Tp_allocatorEv
FN:276,_ZNSt12_Vector_baseISt6vectorIiSaIiEESaIS2_EE19_M_get_Tp_allocatorEv
FNDA:0,_ZNSt12_Vector_baseISt6vectorIiSaIiEESaIS2_EE19_M_get_Tp_allocatorEv
FN:280,_ZNKSt12_Vector_baseI4EdgeSaIS0_EE19_M_get_Tp_allocatorEv
FNDA:0,_ZNKSt12_Vector_baseI4EdgeSaIS0_EE19_M_get_Tp_allocatorEv
FN:288,_ZNSt12_Vector_baseISt6vectorI4EdgeSaIS1_EESaIS3_EEC2Ev
FNDA:0,_ZNSt12_Vector_baseISt6vectorI4EdgeSaIS1_EESaIS3_EEC2Ev
FN:288,_ZNSt12_Vector_baseISt6vectorIiSaIiEESaIS2_EEC2Ev
FNDA:4,_ZNSt12_Vector_baseISt6vectorIiSaIiEESaIS2_EEC2Ev
FN:303,_ZNSt12_Vector_baseI4EdgeSaIS0_EEC2EmRKS1_
FNDA:8,_ZNSt12_Vector_baseI4EdgeSaIS0_EEC2EmRKS1_
FN:333,_ZNSt12_Vector_baseI4EdgeSaIS0_EED2Ev
FNDA:0,_ZNSt12_Vector_baseI4EdgeSaIS0_EED2Ev
FN:333,_ZNSt12_Vector_baseIiSaIiEED2Ev
FNDA:0,_ZNSt12_Vector_baseIiSaIiEED2Ev
FN:333,_ZNSt12_Vector_baseISt6vectorIiSaIiEESaIS2_EED2Ev
FNDA:0,_ZNSt12_Vector_baseISt6vectorIiSaIiEESaIS2_EED2Ev
FN:333,_ZNSt12_Vector_baseISt6vectorI4EdgeSaIS1_EESaIS3_EED2Ev
FNDA:0,_ZNSt12_Vector_baseISt6vectorI4EdgeSaIS1_EESaIS3_EED2Ev
FN:343,_ZNSt12_Vector_baseI4EdgeSaIS0_EE11_M_allocateEm
FNDA:0,_ZNSt12_Vector_baseI4EdgeSaIS0_EE11_M_allocateEm
FN:350,_ZNSt12_Vector_baseI4EdgeSaIS0_EE13_M_deallocateEPS0_m
FNDA:0,_ZNSt12_Vector_baseI4EdgeSaIS0_EE13_M_deallocateEPS0_m
FN:350,_ZNSt12_Vector_baseISt6vectorIiSaIiEESaIS2_EE13_M_deallocateEPS2_m
FNDA:0,_ZNSt12_Vector_baseISt6vectorIiSaIiEESaIS2_EE13_M_deallocateEPS2_m
FN:350,_ZNSt12_Vector_baseIiSaIiEE13_M_deallocateEPim
FNDA:0,_ZNSt12_Vector_baseIiSaIiEE13_M_deallocateEPim
FN:350,_ZNSt12_Vector_baseISt6vectorI4EdgeSaIS1_EESaIS3_EE13_M_deallocateEPS3_m
FNDA:0,_ZNSt12_Vector_baseISt6vectorI4EdgeSaIS1_EESaIS3_EE13_M_deallocateEPS3_m
FN:359,_ZNSt12_Vector_baseI4EdgeSaIS0_EE17_M_create_storageEm
FNDA:8,_ZNSt12_Vector_baseI4EdgeSaIS0_EE17_M_create_storageEm
FN:487,_ZNSt6vectorIS_I4EdgeSaIS0_EESaIS2_EEC2Ev
FNDA:0,_ZNSt6vectorIS_I4EdgeSaIS0_EESaIS2_EEC2Ev
FN:487,_ZNSt6vectorIS_IiSaIiEESaIS1_EEC2Ev
FNDA:4,_ZNSt6vectorIS_IiSaIiEESaIS1_EEC2Ev
FN:553,_ZNSt6vectorI4EdgeSaIS0_EEC2ERKS2_
FNDA:8,_ZNSt6vectorI4EdgeSaIS0_EEC2ERKS2_
FN:678,_ZNSt6vectorIS_I4EdgeSaIS0_EESaIS2_EED2Ev
FNDA:0,_ZNSt6vectorIS_I4EdgeSaIS0_EESaIS2_EED2Ev
FN:678,_ZNSt6vectorIS_IiSaIiEESaIS1_EED2Ev
FNDA:0,_ZNSt6vectorIS_IiSaIiEESaIS1_EED2Ev
FN:678,_ZNSt6vectorI4EdgeSaIS0_EED2Ev
FNDA:0,_ZNSt6vectorI4EdgeSaIS0_EED2Ev
FN:678,_ZNSt6vectorIiSaIiEED2Ev
FNDA:0,_ZNSt6vectorIiSaIiEED2Ev
FN:820,_ZNKSt6vectorI4EdgeSaIS0_EE5beginEv
FNDA:0,_ZNKSt6vectorI4EdgeSaIS0_EE5beginEv
FN:838,_ZNKSt6vectorI4EdgeSaIS0_EE3endEv
FNDA:0,_ZNKSt6vectorI4EdgeSaIS0_EE3endEv
FN:918,_ZNKSt6vectorI4EdgeSaIS0_EE4sizeEv
FNDA:0,_ZNKSt6vectorI4EdgeSaIS0_EE4sizeEv
DA:97,0
DA:98,0
DA:99,0
DA:97,4
DA:98,4
DA:99,4
DA:97,0
DA:98,0
DA:99,0
DA:131,4
DA:133,4
DA:134,4
DA:131,0
DA:133,0
DA:134,0
DA:136,8
DA:137,8
DA:138,8
DA:276,0
DA:277,0
DA:276,0
DA:277,0
DA:276,0
DA:277,0
DA:276,0
DA:277,0
DA:280,0
DA:281,0
DA:288,4
DA:288,0
DA:303,8
DA:304,8
DA:305,8
DA:333,0
DA:335,0
DA:336,0
DA:337,0
DA:333,0
DA:335,0
DA:336,0
DA:337,0
DA:333,0
DA:335,0
DA:336,0
DA:337,0
DA:333,0
DA:335,0
DA:336,0
DA:337,0
DA:343,0
DA:346,0
DA:350,0
DA:353,0
DA:354,0
DA:355,0
DA:350,0
DA:353,0
DA:354,0
DA:355,0
DA:350,0
DA:353,0
DA:354,0
DA:355,0
DA:350,0
DA:353,0
DA:354,0
DA:355,0
DA:359,8
DA:361,8
DA:362,8
DA:363,8
DA:364,8
DA:487,4
DA:487,0
DA:553,8
DA:555,8
DA:557,8
DA:558,8
DA:560,8
DA:561,8
DA:678,0
DA:680,0
DA:681,0
DA:683,0
DA:678,0
DA:680,0
DA:681,0
DA:683,0
DA:678,0
DA:680,0
DA:681,0
DA:683,0
DA:678,0
DA:680,0
DA:681,0
DA:683,0
DA:820,0
DA:821,0
DA:838,0
DA:839,0
DA:918,0
DA:919,0
end_of_record
SF:/usr/include/c++/11/ext/alloc_traits.h
FN:97,_ZN9__gnu_cxx14__alloc_traitsISaI4EdgeES1_E17_S_select_on_copyERKS2_
FNDA:8,_ZN9__gnu_cxx14__alloc_traitsISaI4EdgeES1_E17_S_select_on_copyERKS2_
DA:97,8
DA:98,8
end_of_record
SF:/usr/include/c++/11/bits/stl_construct.h
FN:146,_ZSt8_DestroyISt6vectorIiSaIiEEEvPT_
FNDA:0,_ZSt8_DestroyISt6vectorIiSaIiEEEvPT_
FN:146,_ZSt8_DestroyISt6vectorI4EdgeSaIS1_EEEvPT_
FNDA:0,_ZSt8_DestroyISt6vectorI4EdgeSaIS1_EEEvPT_
FN:160,_ZNSt12_Destroy_auxILb0EE9__destroyIPSt6vectorIiSaIiEEEEvT_S6_
FNDA:0,_ZNSt12_Destroy_auxILb0EE9__destroyIPSt6vectorIiSaIiEEEEvT_S6_
FN:160,_ZNSt12_Destroy_auxILb0EE9__destroyIPSt6vectorI4EdgeSaIS3_EEEEvT_S7_
FNDA:0,_ZNSt12_Destroy_auxILb0EE9__destroyIPSt6vectorI4EdgeSaIS3_EEEEvT_S7_
FN:172,_ZNSt12_Destroy_auxILb1EE9__destroyIPiEEvT_S3_
FNDA:0,_ZNSt12_Destroy_auxILb1EE9__destroyIPiEEvT_S3_
FN:172,_ZNSt12_Destroy_auxILb1EE9__destroyIP4EdgeEEvT_S4_
FNDA:0,_ZNSt12_Destroy_auxILb1EE9__destroyIP4EdgeEEvT_S4_
FN:182,_ZSt8_DestroyIPiEvT_S1_
FNDA:0,_ZSt8_DestroyIPiEvT_S1_
FN:182,_ZSt8_DestroyIP4EdgeEvT_S2_
FNDA:0,_ZSt8_DestroyIP4EdgeEvT_S2_
FN:182,_ZSt8_DestroyIPSt6vectorIiSaIiEEEvT_S4_
FNDA:0,_ZSt8_DestroyIPSt6vectorIiSaIiEEEvT_S4_
FN:182,_ZSt8_DestroyIPSt6vectorI4EdgeSaIS1_EEEvT_S5_
FNDA:0,_ZSt8_DestroyIPSt6vectorI4EdgeSaIS1_EEEvT_S5_
DA:146,0
DA:151,0
DA:153,0
DA:146,0
DA:151,0
DA:153,0
DA:160,0
DA:162,0
DA:163,0
DA:164,0
DA:160,0
DA:162,0
DA:163,0
DA:164,0
DA:172,0
DA:172,0
DA:182,0
DA:196,0
DA:197,0
DA:182,0
DA:196,0
DA:197,0
DA:182,0
DA:196,0
DA:197,0
DA:182,0
DA:196,0
DA:197,0
end_of_record
SF:/usr/include/c++/11/bits/stl_algobase.h
FN:313,_ZSt12__niter_baseIP4EdgeET_S2_
FNDA:0,_ZSt12__niter_baseIP4EdgeET_S2_
FN:335,_ZSt12__niter_wrapIP4EdgeET_RKS2_S2_
FNDA:8,_ZSt12__niter_wrapIP4EdgeET_RKS2_S2_
FN:420,_ZNSt11__copy_moveILb0ELb1ESt26random_access_iterator_tagE8__copy_mI4EdgeEEPT_PKS4_S7_S5_
FNDA:8,_ZNSt11__copy_moveILb0ELb1ESt26random_access_iterator_tagE8__copy_mI4EdgeEEPT_PKS4_S7_S5_
FN:486,_ZSt14__copy_move_a2ILb0EPK4EdgePS0_ET1_T0_S5_S4_
FNDA:8,_ZSt14__copy_move_a2ILb0EPK4EdgePS0_ET1_T0_S5_S4_
FN:521,_ZSt14__copy_move_a1ILb0EPK4EdgePS0_ET1_T0_S5_S4_
FNDA:8,_ZSt14__copy_move_a1ILb0EPK4EdgePS0_ET1_T0_S5_S4_
FN:527,_ZSt13__copy_move_aILb0EN9__gnu_cxx17__normal_iteratorIPK4EdgeSt6vectorIS2_SaIS2_EEEEPS2_ET1_T0_SB_SA_
FNDA:8,_ZSt13__copy_move_aILb0EN9__gnu_cxx17__normal_iteratorIPK4EdgeSt6vectorIS2_SaIS2_EEEEPS2_ET1_T0_SB_SA_
FN:611,_ZSt4copyIN9__gnu_cxx17__normal_iteratorIPK4EdgeSt6vectorIS2_SaIS2_EEEEPS2_ET0_T_SB_SA_
FNDA:8,_ZSt4copyIN9__gnu_cxx17__normal_iteratorIPK4EdgeSt6vectorIS2_SaIS2_EEEEPS2_ET0_T_SB_SA_
DA:313,0
DA:315,0
DA:335,8
DA:336,8
DA:420,8
DA:429,8
DA:430,8
DA:431,8
DA:432,8
DA:486,8
DA:495,8
DA:521,8
DA:522,8
DA:527,8
DA:529,8
DA:532,8
DA:611,8
DA:620,8
end_of_record
SF:/home/eladubuntu/Git Projects/OS_2024-FINAL_PROJECT_MST/Tree.hpp
FN:24,_ZN4TreeC2ESt6vectorI4EdgeSaIS1_EE
FNDA:4,_ZN4TreeC2ESt6vectorI4EdgeSaIS1_EE
DA:24,4
end_of_record
SF:/home/eladubuntu/Git Projects/OS_2024-FINAL_PROJECT_MST/MSTFactory.cpp
FN:3,_ZN10MSTFactory11setStrategyEP11MSTStrategy
FNDA:4,_ZN10MSTFactory11setStrategyEP11MSTStrategy
FN:12,_ZN10MSTFactory9createMSTERSt10unique_ptrI5GraphSt14default_deleteIS1_EE
FNDA:4,_ZN10MSTFactory9createMSTERSt10unique_ptrI5GraphSt14default_deleteIS1_EE
DA:3,4
DA:5,4
DA:7,3
DA:9,4
DA:10,4
DA:12,4
DA:14,4
DA:15,8
DA:16,4
end_of_record
SF:/usr/include/c++/11/bits/move.h
FN:49,_ZSt11__addressofISt6vectorIiSaIiEEEPT_RS3_
FNDA:0,_ZSt11__addressofISt6vectorIiSaIiEEEPT_RS3_
FN:49,_ZSt11__addressofISt6vectorI4EdgeSaIS1_EEEPT_RS4_
FNDA:0,_ZSt11__addressofISt6vectorI4EdgeSaIS1_EEEPT_RS4_
FN:77,_ZSt7forwardIRSt6vectorI4EdgeSaIS1_EEEOT_RNSt16remove_referenceIS5_E4typeE
FNDA:4,_ZSt7forwardIRSt6vectorI4EdgeSaIS1_EEEOT_RNSt16remove_referenceIS5_E4typeE
FN:77,_ZSt7forwardISt14default_deleteI11MSTStrategyEEOT_RNSt16remove_referenceIS3_E4typeE
FNDA:4,_ZSt7forwardISt14default_deleteI11MSTStrategyEEOT_RNSt16remove_referenceIS3_E4typeE
FN:104,_ZSt4moveIRP11MSTStrategyEONSt16remove_referenceIT_E4typeEOS4_
FNDA:0,_ZSt4moveIRP11MSTStrategyEONSt16remove_referenceIT_E4typeEOS4_
DA:49,0
DA:50,0
DA:49,0
DA:50,0
DA:77,4
DA:78,4
DA:77,4
DA:78,4
DA:104,0
DA:105,0
end_of_record
SF:/usr/include/c++/11/ext/new_allocator.h
FN:79,_ZN9__gnu_cxx13new_allocatorISt6vectorIiSaIiEEEC2Ev
FNDA:4,_ZN9__gnu_cxx13new_allocatorISt6vectorIiSaIiEEEC2Ev
FN:79,_ZN9__gnu_cxx13new_allocatorISt6vectorI4EdgeSaIS2_EEEC2Ev
FNDA:0,_ZN9__gnu_cxx13new_allocatorISt6vectorI4EdgeSaIS2_EEEC2Ev
FN:82,_ZN9__gnu_cxx13new_allocatorI4EdgeEC2ERKS2_
FNDA:0,_ZN9__gnu_cxx13new_allocatorI4EdgeEC2ERKS2_
FN:89,_ZN9__gnu_cxx13new_allocatorI4EdgeED2Ev
FNDA:0,_ZN9__gnu_cxx13new_allocatorI4EdgeED2Ev
FN:89,_ZN9__gnu_cxx13new_allocatorIiED2Ev
FNDA:0,_ZN9__gnu_cxx13new_allocatorIiED2Ev
FN:89,_ZN9__gnu_cxx13new_allocatorISt6vectorIiSaIiEEED2Ev
FNDA:0,_ZN9__gnu_cxx13new_allocatorISt6vectorIiSaIiEEED2Ev
FN:89,_ZN9__gnu_cxx13new_allocatorISt6vectorI4EdgeSaIS2_EEED2Ev
FNDA:0,_ZN9__gnu_cxx13new_allocatorISt6vectorI4EdgeSaIS2_EEED2Ev
FN:103,_ZN9__gnu_cxx13new_allocatorI4EdgeE8allocateEmPKv
FNDA:0,_ZN9__gnu_cxx13new_allocatorI4EdgeE8allocateEmPKv
FN:132,_ZN9__gnu_cxx13new_allocatorIiE10deallocateEPim
FNDA:0,_ZN9__gnu_cxx13new_allocatorIiE10deallocateEPim
FN:132,_ZN9__gnu_cxx13new_allocatorI4EdgeE10deallocateEPS1_m
FNDA:0,_ZN9__gnu_cxx13new_allocatorI4EdgeE10deallocateEPS1_m
FN:132,_ZN9__gnu_cxx13new_allocatorISt6vectorIiSaIiEEE10deallocateEPS3_m
FNDA:0,_ZN9__gnu_cxx13new_allocatorISt6vectorIiSaIiEEE10deallocateEPS3_m
FN:132,_ZN9__gnu_cxx13new_allocatorISt6vectorI4EdgeSaIS2_EEE10deallocateEPS4_m
FNDA:0,_ZN9__gnu_cxx13new_allocatorISt6vectorI4EdgeSaIS2_EEE10deallocateEPS4_m
FN:197,_ZNK9__gnu_cxx13new_allocatorI4EdgeE11_M_max_sizeEv
FNDA:0,_ZNK9__gnu_cxx13new_allocatorI4EdgeE11_M_max_sizeEv
DA:79,4
DA:79,0
DA:82,0
DA:89,0
DA:89,0
DA:89,0
DA:89,0
DA:103,0
DA:111,0
DA:115,0
DA:116,0
DA:117,0
DA:127,0
DA:132,0
DA:145,0
DA:132,0
DA:145,0
DA:132,0
DA:145,0
DA:132,0
DA:145,0
DA:197,0
DA:200,0
end_of_record
SF:/usr/include/c++/11/bits/cpp_type_traits.h
FN:560,_ZSt12__miter_baseIN9__gnu_cxx17__normal_iteratorIPK4EdgeSt6vectorIS2_SaIS2_EEEEET_S9_
FNDA:16,_ZSt12__miter_baseIN9__gnu_cxx17__normal_iteratorIPK4EdgeSt6vectorIS2_SaIS2_EEEEET_S9_
DA:560,16
DA:561,16
end_of_record
SF:/usr/include/c++/11/tuple
FN:80,_ZNSt10_Head_baseILm1ESt14default_deleteI11MSTStrategyELb1EEC2Ev
FNDA:4,_ZNSt10_Head_baseILm1ESt14default_deleteI11MSTStrategyELb1EEC2Ev
FN:80,_ZNSt10_Head_baseILm1ESt14default_deleteI4TreeELb1EEC2Ev
FNDA:4,_ZNSt10_Head_baseILm1ESt14default_deleteI4TreeELb1EEC2Ev
FN:124,_ZNSt10_Head_baseILm1ESt14default_deleteI11MSTStrategyELb1EE7_M_headERS3_
FNDA:0,_ZNSt10_Head_baseILm1ESt14default_deleteI11MSTStrategyELb1EE7_M_headERS3_
FN:189,_ZNSt10_Head_baseILm0EP4TreeLb0EEC2Ev
FNDA:4,_ZNSt10_Head_baseILm0EP4TreeLb0EEC2Ev
FN:189,_ZNSt10_Head_baseILm0EP11MSTStrategyLb0EEC2Ev
FNDA:4,_ZNSt10_Head_baseILm0EP11MSTStrategyLb0EEC2Ev
FN:233,_ZNSt10_Head_baseILm0EP4TreeLb0EE7_M_headERS2_
FNDA:0,_ZNSt10_Head_baseILm0EP4TreeLb0EE7_M_headERS2_
FN:233,_ZNSt10_Head_baseILm0EP11MSTStrategyLb0EE7_M_headERS2_
FNDA:0,_ZNSt10_Head_baseILm0EP11MSTStrategyLb0EE7_M_headERS2_
FN:236,_ZNSt10_Head_baseILm0EP5GraphLb0EE7_M_headERKS2_
FNDA:0,_ZNSt10_Head_baseILm0EP5GraphLb0EE7_M_headERKS2_
FN:236,_ZNSt10_Head_baseILm0EP11MSTStrategyLb0EE7_M_headERKS2_
FNDA:8,_ZNSt10_Head_baseILm0EP11MSTStrategyLb0EE7_M_headERKS2_
FN:268,_ZNSt11_Tuple_implILm0EJP4TreeSt14default_deleteIS0_EEE7_M_headERS4_
FNDA:0,_ZNSt11_Tuple_implILm0EJP4TreeSt14default_deleteIS0_EEE7_M_headERS4_
FN:268,_ZNSt11_Tuple_implILm0EJP11MSTStrategySt14default_deleteIS0_EEE7_M_headERS4_
FNDA:0,_ZNSt11_Tuple_implILm0EJP11MSTStrategySt14default_deleteIS0_EEE7_M_headERS4_
FN:271,_ZNSt11_Tuple_implILm0EJP5GraphSt14default_deleteIS0_EEE7_M_headERKS4_
FNDA:0,_ZNSt11_Tuple_implILm0EJP5GraphSt14default_deleteIS0_EEE7_M_headERKS4_
FN:271,_ZNSt11_Tuple_implILm0EJP11MSTStrategySt14default_deleteIS0_EEE7_M_headERKS4_
FNDA:8,_ZNSt11_Tuple_implILm0EJP11MSTStrategySt14default_deleteIS0_EEE7_M_headERKS4_
FN:279,_ZNSt11_Tuple_implILm0EJP11MSTStrategySt14default_deleteIS0_EEEC2Ev
FNDA:4,_ZNSt11_Tuple_implILm0EJP11MSTStrategySt14default_deleteIS0_EEEC2Ev
FN:279,_ZNSt11_Tuple_implILm0EJP4TreeSt14default_deleteIS0_EEEC2Ev
FNDA:4,_ZNSt11_Tuple_implILm0EJP4TreeSt14default_deleteIS0_EEEC2Ev
FN:424,_ZNSt11_Tuple_implILm1EJSt14default_deleteI11MSTStrategyEEE7_M_headERS3_
FNDA:0,_ZNSt11_Tuple_implILm1EJSt14default_deleteI11MSTStrategyEEE7_M_headERS3_
FN:430,_ZNSt11_Tuple_implILm1EJSt14default_deleteI11MSTStrategyEEEC2Ev
FNDA:4,_ZNSt11_Tuple_implILm1EJSt14default_deleteI11MSTStrategyEEEC2Ev
FN:430,_ZNSt11_Tuple_implILm1EJSt14default_deleteI4TreeEEEC2Ev
FNDA:4,_ZNSt11_Tuple_implILm1EJSt14default_deleteI4TreeEEEC2Ev
FN:1049,_ZNSt5tupleIJP4TreeSt14default_deleteIS0_EEEC2ILb1ELb1EEEv
FNDA:4,_ZNSt5tupleIJP4TreeSt14default_deleteIS0_EEEC2ILb1ELb1EEEv
FN:1049,_ZNSt5tupleIJP11MSTStrategySt14default_deleteIS0_EEEC2ILb1ELb1EEEv
FNDA:4,_ZNSt5tupleIJP11MSTStrategySt14default_deleteIS0_EEEC2ILb1ELb1EEEv
FN:1377,_ZSt12__get_helperILm0EP4TreeJSt14default_deleteIS0_EEERT0_RSt11_Tuple_implIXT_EJS4_DpT1_EE
FNDA:0,_ZSt12__get_helperILm0EP4TreeJSt14default_deleteIS0_EEERT0_RSt11_Tuple_implIXT_EJS4_DpT1_EE
FN:1377,_ZSt12__get_helperILm1ESt14default_deleteI11MSTStrategyEJEERT0_RSt11_Tuple_implIXT_EJS3_DpT1_EE
FNDA:0,_ZSt12__get_helperILm1ESt14default_deleteI11MSTStrategyEJEERT0_RSt11_Tuple_implIXT_EJS3_DpT1_EE
FN:1377,_ZSt12__get_helperILm0EP11MSTStrategyJSt14default_deleteIS0_EEERT0_RSt11_Tuple_implIXT_EJS4_DpT1_EE
FNDA:0,_ZSt12__get_helperILm0EP11MSTStrategyJSt14default_deleteIS0_EEERT0_RSt11_Tuple_implIXT_EJS4_DpT1_EE
FN:1382,_ZSt12__get_helperILm0EP11MSTStrategyJSt14default_deleteIS0_EEERKT0_RKSt11_Tuple_implIXT_EJS4_DpT1_EE
FNDA:8,_ZSt12__get_helperILm0EP11MSTStrategyJSt14default_deleteIS0_EEERKT0_RKSt11_Tuple_implIXT_EJS4_DpT1_EE
FN:1382,_ZSt12__get_helperILm0EP5GraphJSt14default_deleteIS0_EEERKT0_RKSt11_Tuple_implIXT_EJS4_DpT1_EE
FNDA:0,_ZSt12__get_helperILm0EP5GraphJSt14default_deleteIS0_EEERKT0_RKSt11_Tuple_implIXT_EJS4_DpT1_EE
FN:1393,_ZSt3getILm0EJP4TreeSt14default_deleteIS0_EEERNSt13tuple_elementIXT_ESt5tupleIJDpT0_EEE4typeERS8_
FNDA:0,_ZSt3getILm0EJP4TreeSt14default_deleteIS0_EEERNSt13tuple_elementIXT_ESt5tupleIJDpT0_EEE4typeERS8_
FN:1393,_ZSt3getILm1EJP11MSTStrategySt14default_deleteIS0_EEERNSt13tuple_elementIXT_ESt5tupleIJDpT0_EEE4typeERS8_
FNDA:0,_ZSt3getILm1EJP11MSTStrategySt14default_deleteIS0_EEERNSt13tuple_elementIXT_ESt5tupleIJDpT0_EEE4typeERS8_
FN:1393,_ZSt3getILm0EJP11MSTStrategySt14default_deleteIS0_EEERNSt13tuple_elementIXT_ESt5tupleIJDpT0_EEE4typeERS8_
FNDA:0,_ZSt3getILm0EJP11MSTStrategySt14default_deleteIS0_EEERNSt13tuple_elementIXT_ESt5tupleIJDpT0_EEE4typeERS8_
FN:1399,_ZSt3getILm0EJP5GraphSt14default_deleteIS0_EEERKNSt13tuple_elementIXT_ESt5tupleIJDpT0_EEE4typeERKS8_
FNDA:0,_ZSt3getILm0EJP5GraphSt14default_deleteIS0_EEERKNSt13tuple_elementIXT_ESt5tupleIJDpT0_EEE4typeERKS8_
FN:1399,_ZSt3getILm0EJP11MSTStrategySt14default_deleteIS0_EEERKNSt13tuple_elementIXT_ESt5tupleIJDpT0_EEE4typeERKS8_
FNDA:8,_ZSt3getILm0EJP11MSTStrategySt14default_deleteIS0_EEERKNSt13tuple_elementIXT_ESt5tupleIJDpT0_EEE4typeERKS8_
DA:80,4
DA:81,4
DA:80,4
DA:81,4
DA:124,0
DA:189,4
DA:190,4
DA:189,4
DA:190,4
DA:233,0
DA:233,0
DA:236,0
DA:236,8
DA:268,0
DA:268,0
DA:271,0
DA:271,8
DA:279,4
DA:280,4
DA:279,4
DA:280,4
DA:424,0
DA:430,4
DA:431,4
DA:430,4
DA:431,4
DA:1049,4
DA:1051,4
DA:1049,4
DA:1051,4
DA:1377,0
DA:1378,0
DA:1377,0
DA:1378,0
DA:1377,0
DA:1378,0
DA:1382,0
DA:1383,0
DA:1382,8
DA:1383,8
DA:1393,0
DA:1394,0
DA:1393,0
DA:1394,0
DA:1393,0
DA:1394,0
DA:1399,0
DA:1400,0
DA:1399,8
DA:1400,8
end_of_record
SF:/usr/include/c++/11/bits/allocator.h
FN:156,_ZNSaISt6vectorIiSaIiEEEC2Ev
FNDA:4,_ZNSaISt6vectorIiSaIiEEEC2Ev
FN:156,_ZNSaISt6vectorI4EdgeSaIS0_EEEC2Ev
FNDA:0,_ZNSaISt6vectorI4EdgeSaIS0_EEEC2Ev
FN:159,_ZNSaI4EdgeEC2ERKS0_
FNDA:0,_ZNSaI4EdgeEC2ERKS0_
FN:174,_ZNSaI4EdgeED2Ev
FNDA:0,_ZNSaI4EdgeED2Ev
FN:174,_ZNSaIiED2Ev
FNDA:0,_ZNSaIiED2Ev
FN:174,_ZNSaISt6vectorIiSaIiEEED2Ev
FNDA:0,_ZNSaISt6vectorIiSaIiEEED2Ev
FN:174,_ZNSaISt6vectorI4EdgeSaIS0_EEED2Ev
FNDA:0,_ZNSaISt6vectorI4EdgeSaIS0_EEED2Ev
DA:156,4
DA:156,0
DA:159,0
DA:160,0
DA:174,0
DA:174,0
DA:174,0
DA:174,0
end_of_record
SF:/usr/include/c++/11/iostream
end_of_record
SF:/usr/include/c++/11/bits/unique_ptr.h
FN:79,_ZNKSt14default_deleteI11MSTStrategyEclEPS0_
FNDA:0,_ZNKSt14default_deleteI11MSTStrategyEclEPS0_
FN:155,_ZNSt15__uniq_ptr_implI4TreeSt14default_deleteIS0_EEC2EPS0_
FNDA:4,_ZNSt15__uniq_ptr_implI4TreeSt14default_deleteIS0_EEC2EPS0_
FN:155,_ZNSt15__uniq_ptr_implI11MSTStrategySt14default_deleteIS0_EEC2EPS0_
FNDA:4,_ZNSt15__uniq_ptr_implI11MSTStrategySt14default_deleteIS0_EEC2EPS0_
FN:165,_ZNSt15__uniq_ptr_implI11MSTStrategySt14default_deleteIS0_EEaSEOS3_
FNDA:4,_ZNSt15__uniq_ptr_implI11MSTStrategySt14default_deleteIS0_EEaSEOS3_
FN:172,_ZNSt15__uniq_ptr_implI4TreeSt14default_deleteIS0_EE6_M_ptrEv
FNDA:0,_ZNSt15__uniq_ptr_implI4TreeSt14default_deleteIS0_EE6_M_ptrEv
FN:172,_ZNSt15__uniq_ptr_implI11MSTStrategySt14default_deleteIS0_EE6_M_ptrEv
FNDA:0,_ZNSt15__uniq_ptr_implI11MSTStrategySt14default_deleteIS0_EE6_M_ptrEv
FN:173,_ZNKSt15__uniq_ptr_implI5GraphSt14default_deleteIS0_EE6_M_ptrEv
FNDA:0,_ZNKSt15__uniq_ptr_implI5GraphSt14default_deleteIS0_EE6_M_ptrEv
FN:173,_ZNKSt15__uniq_ptr_implI11MSTStrategySt14default_deleteIS0_EE6_M_ptrEv
FNDA:8,_ZNKSt15__uniq_ptr_implI11MSTStrategySt14default_deleteIS0_EE6_M_ptrEv
FN:174,_ZNSt15__uniq_ptr_implI11MSTStrategySt14default_deleteIS0_EE10_M_deleterEv
FNDA:0,_ZNSt15__uniq_ptr_implI11MSTStrategySt14default_deleteIS0_EE10_M_deleterEv
FN:177,_ZNSt15__uniq_ptr_implI11MSTStrategySt14default_deleteIS0_EE5resetEPS0_
FNDA:0,_ZNSt15__uniq_ptr_implI11MSTStrategySt14default_deleteIS0_EE5resetEPS0_
FN:185,_ZNSt15__uniq_ptr_implI11MSTStrategySt14default_deleteIS0_EE7releaseEv
FNDA:4,_ZNSt15__uniq_ptr_implI11MSTStrategySt14default_deleteIS0_EE7releaseEv
FN:212,_ZNSt15__uniq_ptr_dataI11MSTStrategySt14default_deleteIS0_ELb1ELb1EEaSEOS3_
FNDA:4,_ZNSt15__uniq_ptr_dataI11MSTStrategySt14default_deleteIS0_ELb1ELb1EEaSEOS3_
FN:281,_ZNSt10unique_ptrI4TreeSt14default_deleteIS0_EEC2IS2_vEEPS0_
FNDA:4,_ZNSt10unique_ptrI4TreeSt14default_deleteIS0_EEC2IS2_vEEPS0_
FN:281,_ZNSt10unique_ptrI11MSTStrategySt14default_deleteIS0_EEC2IS2_vEEPS0_
FNDA:4,_ZNSt10unique_ptrI11MSTStrategySt14default_deleteIS0_EEC2IS2_vEEPS0_
FN:355,_ZNSt10unique_ptrI11MSTStrategySt14default_deleteIS0_EED2Ev
FNDA:0,_ZNSt10unique_ptrI11MSTStrategySt14default_deleteIS0_EED2Ev
FN:371,_ZNSt10unique_ptrI11MSTStrategySt14default_deleteIS0_EEaSEOS3_
FNDA:4,_ZNSt10unique_ptrI11MSTStrategySt14default_deleteIS0_EEaSEOS3_
FN:405,_ZNKSt10unique_ptrI5GraphSt14default_deleteIS0_EEdeEv
FNDA:4,_ZNKSt10unique_ptrI5GraphSt14default_deleteIS0_EEdeEv
FN:413,_ZNKSt10unique_ptrI11MSTStrategySt14default_deleteIS0_EEptEv
FNDA:4,_ZNKSt10unique_ptrI11MSTStrategySt14default_deleteIS0_EEptEv
FN:421,_ZNKSt10unique_ptrI5GraphSt14default_deleteIS0_EE3getEv
FNDA:0,_ZNKSt10unique_ptrI5GraphSt14default_deleteIS0_EE3getEv
FN:421,_ZNKSt10unique_ptrI11MSTStrategySt14default_deleteIS0_EE3getEv
FNDA:8,_ZNKSt10unique_ptrI11MSTStrategySt14default_deleteIS0_EE3getEv
FN:426,_ZNSt10unique_ptrI11MSTStrategySt14default_deleteIS0_EE11get_deleterEv
FNDA:0,_ZNSt10unique_ptrI11MSTStrategySt14default_deleteIS0_EE11get_deleterEv
FN:435,_ZNKSt10unique_ptrI11MSTStrategySt14default_deleteIS0_EEcvbEv
FNDA:4,_ZNKSt10unique_ptrI11MSTStrategySt14default_deleteIS0_EEcvbEv
FN:452,_ZNSt10unique_ptrI11MSTStrategySt14default_deleteIS0_EE5resetEPS0_
FNDA:0,_ZNSt10unique_ptrI11MSTStrategySt14default_deleteIS0_EE5resetEPS0_
FN:781,_ZStneI11MSTStrategySt14default_deleteIS0_EEbRKSt10unique_ptrIT_T0_EDn
FNDA:4,_ZStneI11MSTStrategySt14default_deleteIS0_EEbRKSt10unique_ptrIT_T0_EDn
FN:961,_ZSt11make_uniqueI4TreeJRSt6vectorI4EdgeSaIS2_EEEENSt9_MakeUniqIT_E15__single_objectEDpOT0_
FNDA:4,_ZSt11make_uniqueI4TreeJRSt6vectorI4EdgeSaIS2_EEEENSt9_MakeUniqIT_E15__single_objectEDpOT0_
DA:79,0
DA:85,0
DA:86,0
DA:155,4
DA:155,4
DA:165,4
DA:167,4
DA:168,4
DA:169,4
DA:172,0
DA:172,0
DA:173,0
DA:173,8
DA:174,0
DA:177,0
DA:179,0
DA:180,0
DA:181,0
DA:182,0
DA:183,0
DA:185,4
DA:187,4
DA:188,4
DA:189,4
DA:212,4
DA:281,4
DA:282,4
DA:283,4
DA:281,4
DA:282,4
DA:283,4
DA:355,0
DA:359,0
DA:360,0
DA:361,0
DA:362,0
DA:363,0
DA:371,4
DA:405,4
DA:407,4
DA:408,4
DA:413,4
DA:416,4
DA:421,0
DA:422,0
DA:421,8
DA:422,8
DA:426,0
DA:427,0
DA:435,4
DA:436,4
DA:452,0
DA:456,0
DA:457,0
DA:781,4
DA:782,4
DA:961,4
DA:962,4
end_of_record
SF:/usr/include/c++/11/bits/alloc_traits.h
FN:463,_ZNSt16allocator_traitsISaI4EdgeEE8allocateERS1_m
FNDA:0,_ZNSt16allocator_traitsISaI4EdgeEE8allocateERS1_m
FN:495,_ZNSt16allocator_traitsISaIiEE10deallocateERS0_Pim
FNDA:0,_ZNSt16allocator_traitsISaIiEE10deallocateERS0_Pim
FN:495,_ZNSt16allocator_traitsISaI4EdgeEE10deallocateERS1_PS0_m
FNDA:0,_ZNSt16allocator_traitsISaI4EdgeEE10deallocateERS1_PS0_m
FN:495,_ZNSt16allocator_traitsISaISt6vectorIiSaIiEEEE10deallocateERS3_PS2_m
FNDA:0,_ZNSt16allocator_traitsISaISt6vectorIiSaIiEEEE10deallocateERS3_PS2_m
FN:495,_ZNSt16allocator_traitsISaISt6vectorI4EdgeSaIS1_EEEE10deallocateERS4_PS3_m
FNDA:0,_ZNSt16allocator_traitsISaISt6vectorI4EdgeSaIS1_EEEE10deallocateERS4_PS3_m
FN:562,_ZNSt16allocator_traitsISaI4EdgeEE37select_on_container_copy_constructionERKS1_
FNDA:8,_ZNSt16allocator_traitsISaI4EdgeEE37select_on_container_copy_constructionERKS1_
FN:845,_ZSt8_DestroyIPiiEvT_S1_RSaIT0_E
FNDA:0,_ZSt8_DestroyIPiiEvT_S1_RSaIT0_E
FN:845,_ZSt8_DestroyIP4EdgeS0_EvT_S2_RSaIT0_E
FNDA:0,_ZSt8_DestroyIP4EdgeS0_EvT_S2_RSaIT0_E
FN:845,_ZSt8_DestroyIPSt6vectorIiSaIiEES2_EvT_S4_RSaIT0_E
FNDA:0,_ZSt8_DestroyIPSt6vectorIiSaIiEES2_EvT_S4_RSaIT0_E
FN:845,_ZSt8_DestroyIPSt6vectorI4EdgeSaIS1_EES3_EvT_S5_RSaIT0_E
FNDA:0,_ZSt8_DestroyIPSt6vectorI4EdgeSaIS1_EES3_EvT_S5_RSaIT0_E
DA:463,0
DA:464,0
DA:495,0
DA:496,0
DA:495,0
DA:496,0
DA:495,0
DA:496,0
DA:495,0
DA:496,0
DA:562,8
DA:563,8
DA:845,0
DA:848,0
DA:849,0
DA:845,0
DA:848,0
DA:849,0
DA:845,0
DA:848,0
DA:849,0
DA:845,0
DA:848,0
DA:849,0
end_of_record
SF:/usr/include/c++/11/bits/stl_iterator.h
FN:1027,_ZN9__gnu_cxx17__normal_iteratorIPK4EdgeSt6vectorIS1_SaIS1_EEEC2ERKS3_
FNDA:0,_ZN9__gnu_cxx17__normal_iteratorIPK4EdgeSt6vectorIS1_SaIS1_EEEC2ERKS3_
FN:1105,_ZNK9__gnu_cxx17__normal_iteratorIPK4EdgeSt6vectorIS1_SaIS1_EEE4baseEv
FNDA:0,_ZNK9__gnu_cxx17__normal_iteratorIPK4EdgeSt6vectorIS1_SaIS1_EEE4baseEv
FN:1291,_ZSt12__niter_baseIPK4EdgeSt6vectorIS0_SaIS0_EEET_N9__gnu_cxx17__normal_iteratorIS6_T0_EE
FNDA:16,_ZSt12__niter_baseIPK4EdgeSt6vectorIS0_SaIS0_EEET_N9__gnu_cxx17__normal_iteratorIS6_T0_EE
DA:1027,0
DA:1028,0
DA:1105,0
DA:1106,0
DA:1291,16
DA:1293,16
end_of_record
TN:
SF:/usr/include/c++/11/bits/stl_construct.h
FN:146,_ZSt8_DestroyISt8functionIFvvEEEvPT_
FNDA:0,_ZSt8_DestroyISt8functionIFvvEEEvPT_
FN:160,_ZNSt12_Destroy_auxILb0EE9__destroyIPSt8functionIFvvEEEEvT_S6_
FNDA:0,_ZNSt12_Destroy_auxILb0EE9__destroyIPSt8functionIFvvEEEEvT_S6_
FN:182,_ZSt8_DestroyIPSt8functionIFvvEEEvT_S4_
FNDA:0,_ZSt8_DestroyIPSt8functionIFvvEEEvT_S4_
DA:146,0
DA:151,0
DA:153,0
DA:160,0
DA:162,0
DA:163,0
DA:164,0
DA:182,0
DA:196,0
DA:197,0
end_of_record
SF:/usr/include/c++/11/bits/std_thread.h
FN:86,_ZNSt6thread2idC2Ev
FNDA:0,_ZNSt6thread2idC2Ev
FN:149,_ZNSt6threadD2Ev
FNDA:0,_ZNSt6threadD2Ev
FN:175,_ZNKSt6thread8joinableEv
FNDA:0,_ZNKSt6thread8joinableEv
FN:287,_ZSteqNSt6thread2idES0_
FNDA:0,_ZSteqNSt6thread2idES0_
DA:86,0
DA:149,0
DA:151,0
DA:152,0
DA:153,0
DA:175,0
DA:176,0
DA:287,0
DA:293,0
end_of_record
SF:/usr/include/c++/11/condition_variable
FN:100,_ZNSt18condition_variable4waitIZN12ActiveObject3runEvEUlvE_EEvRSt11unique_lockISt5mutexET_
FNDA:43,_ZNSt18condition_variable4waitIZN12ActiveObject3runEvEUlvE_EEvRSt11unique_lockISt5mutexET_
DA:100,43
DA:102,75
DA:103,32
DA:104,43
end_of_record
SF:/usr/include/c++/11/bits/stl_queue.h
FN:203,_ZNKSt5queueISt8functionIFvvEESt5dequeIS2_SaIS2_EEE5emptyEv
FNDA:75,_ZNKSt5queueISt8functionIFvvEESt5dequeIS2_SaIS2_EEE5emptyEv
FN:216,_ZNSt5queueISt8functionIFvvEESt5dequeIS2_SaIS2_EEE5frontEv
FNDA:36,_ZNSt5queueISt8functionIFvvEESt5dequeIS2_SaIS2_EEE5frontEv
FN:298,_ZNSt5queueISt8functionIFvvEESt5dequeIS2_SaIS2_EEE3popEv
FNDA:36,_ZNSt5queueISt8functionIFvvEESt5dequeIS2_SaIS2_EEE3popEv
DA:203,75
DA:204,75
DA:216,36
DA:219,36
DA:298,36
DA:301,36
DA:302,36
end_of_record
SF:/home/eladubuntu/Git Projects/OS_2024-FINAL_PROJECT_MST/ActiveObject.cpp
FN:4,_ZN12ActiveObjectD2Ev
FNDA:7,_ZN12ActiveObjectD2Ev
FN:17,_ZN12ActiveObject3runEv
FNDA:7,_ZN12ActiveObject3runEv
FN:25,_ZZN12ActiveObject3runEvENKUlvE_clEv
FNDA:75,_ZZN12ActiveObject3runEvENKUlvE_clEv
DA:4,7
DA:7,7
DA:10,7
DA:11,7
DA:12,7
DA:14,7
DA:15,7
DA:17,43
DA:22,43
DA:24,43
DA:25,118
DA:26,50
DA:27,36
DA:28,36
DA:29,43
DA:30,36
DA:32,79
end_of_record
SF:/usr/include/c++/11/bits/allocator.h
FN:169,_ZNSaIPSt8functionIFvvEEEC2IS1_EERKSaIT_E
FNDA:0,_ZNSaIPSt8functionIFvvEEEC2IS1_EERKSaIT_E
FN:174,_ZNSaIPSt8functionIFvvEEED2Ev
FNDA:0,_ZNSaIPSt8functionIFvvEEED2Ev
FN:174,_ZNSaISt8functionIFvvEEED2Ev
FNDA:0,_ZNSaISt8functionIFvvEEED2Ev
DA:169,0
DA:174,0
DA:174,0
end_of_record
SF:/usr/include/c++/11/iostream
end_of_record
SF:/usr/include/c++/11/bits/alloc_traits.h
FN:495,_ZNSt16allocator_traitsISaISt8functionIFvvEEEE10deallocateERS3_PS2_m
FNDA:0,_ZNSt16allocator_traitsISaISt8functionIFvvEEEE10deallocateERS3_PS2_m
FN:495,_ZNSt16allocator_traitsISaIPSt8functionIFvvEEEE10deallocateERS4_PS3_m
FNDA:0,_ZNSt16allocator_traitsISaIPSt8functionIFvvEEEE10deallocateERS4_PS3_m
FN:531,_ZNSt16allocator_traitsISaISt8functionIFvvEEEE7destroyIS2_EEvRS3_PT_
FNDA:36,_ZNSt16allocator_traitsISaISt8functionIFvvEEEE7destroyIS2_EEvRS3_PT_
FN:845,_ZSt8_DestroyIPSt8functionIFvvEES2_EvT_S4_RSaIT0_E
FNDA:0,_ZSt8_DestroyIPSt8functionIFvvEES2_EvT_S4_RSaIT0_E
DA:495,0
DA:496,0
DA:495,0
DA:496,0
DA:531,36
DA:535,36
DA:539,36
DA:845,0
DA:848,0
DA:849,0
end_of_record
SF:/usr/include/c++/11/bits/deque.tcc
FN:576,_ZNSt5dequeISt8functionIFvvEESaIS2_EE16_M_pop_front_auxEv
FNDA:0,_ZNSt5dequeISt8functionIFvvEESaIS2_EE16_M_pop_front_auxEv
FN:859,_ZNSt5dequeISt8functionIFvvEESaIS2_EE19_M_destroy_data_auxESt15_Deque_iteratorIS2_RS2_PS2_ES8_
FNDA:0,_ZNSt5dequeISt8functionIFvvEESaIS2_EE19_M_destroy_data_auxESt15_Deque_iteratorIS2_RS2_PS2_ES8_
DA:576,0
DA:579,0
DA:581,0
DA:582,0
DA:583,0
DA:584,0
DA:859,0
DA:862,0
DA:863,0
DA:864,0
DA:865,0
DA:867,0
DA:869,0
DA:870,0
DA:871,0
DA:872,0
DA:875,0
DA:876,0
DA:877,0
end_of_record
SF:/usr/include/x86_64-linux-gnu/c++/11/bits/gthr-default.h
FN:300,_ZL18__gthread_active_pv
FNDA:0,_ZL18__gthread_active_pv
FN:746,_ZL20__gthread_mutex_lockP15pthread_mutex_t
FNDA:0,_ZL20__gthread_mutex_lockP15pthread_mutex_t
FN:776,_ZL22__gthread_mutex_unlockP15pthread_mutex_t
FNDA:0,_ZL22__gthread_mutex_unlockP15pthread_mutex_t
DA:300,0
DA:302,0
DA:746,0
DA:748,0
DA:749,0
DA:751,0
DA:776,0
DA:778,0
DA:779,0
DA:781,0
end_of_record
SF:/usr/include/c++/11/bits/std_mutex.h
FN:98,_ZNSt5mutex4lockEv
FNDA:0,_ZNSt5mutex4lockEv
FN:115,_ZNSt5mutex6unlockEv
FNDA:0,_ZNSt5mutex6unlockEv
FN:228,_ZNSt10lock_guardISt5mutexEC2ERS0_
FNDA:7,_ZNSt10lock_guardISt5mutexEC2ERS0_
FN:234,_ZNSt10lock_guardISt5mutexED2Ev
FNDA:7,_ZNSt10lock_guardISt5mutexED2Ev
DA:98,0
DA:100,0
DA:103,0
DA:104,0
DA:105,0
DA:115,0
DA:118,0
DA:119,0
DA:228,7
DA:229,7
DA:234,7
DA:235,7
end_of_record
SF:/usr/include/c++/11/bits/atomic_base.h
FN:104,_ZStanSt12memory_orderSt23__memory_order_modifier
FNDA:0,_ZStanSt12memory_orderSt23__memory_order_modifier
DA:104,0
DA:106,0
DA:459,0
DA:464,0
DA:465,0
DA:484,0
DA:488,0
end_of_record
SF:/usr/include/c++/11/bits/move.h
FN:49,_ZSt11__addressofISt8functionIFvvEEEPT_RS3_
FNDA:0,_ZSt11__addressofISt8functionIFvvEEEPT_RS3_
FN:49,_ZSt11__addressofISt5mutexEPT_RS1_
FNDA:0,_ZSt11__addressofISt5mutexEPT_RS1_
FN:104,_ZSt4moveIRPFvRKSt9_Any_dataEEONSt16remove_referenceIT_E4typeEOS7_
FNDA:108,_ZSt4moveIRPFvRKSt9_Any_dataEEONSt16remove_referenceIT_E4typeEOS7_
FN:104,_ZSt4moveIRPFbRSt9_Any_dataRKS0_St18_Manager_operationEEONSt16remove_referenceIT_E4typeEOS9_
FNDA:0,_ZSt4moveIRPFbRSt9_Any_dataRKS0_St18_Manager_operationEEONSt16remove_referenceIT_E4typeEOS9_
FN:104,_ZSt4moveIRSt9_Any_dataEONSt16remove_referenceIT_E4typeEOS3_
FNDA:0,_ZSt4moveIRSt9_Any_dataEONSt16remove_referenceIT_E4typeEOS3_
FN:104,_ZSt4moveIRSt8functionIFvvEEEONSt16remove_referenceIT_E4typeEOS5_
FNDA:72,_ZSt4moveIRSt8functionIFvvEEEONSt16remove_referenceIT_E4typeEOS5_
FN:196,_ZSt4swapIPFvRKSt9_Any_dataEENSt9enable_ifIXsrSt6__and_IJSt6__not_ISt15__is_tuple_likeIT_EESt21is_move_constructibleIS9_ESt18is_move_assignableIS9_EEE5valueEvE4typeERS9_SJ_
FNDA:36,_ZSt4swapIPFvRKSt9_Any_dataEENSt9enable_ifIXsrSt6__and_IJSt6__not_ISt15__is_tuple_likeIT_EESt21is_move_constructibleIS9_ESt18is_move_assignableIS9_EEE5valueEvE4typeERS9_SJ_
FN:196,_ZSt4swapIPFbRSt9_Any_dataRKS0_St18_Manager_operationEENSt9enable_ifIXsrSt6__and_IJSt6__not_ISt15__is_tuple_likeIT_EESt21is_move_constructibleISB_ESt18is_move_assignableISB_EEE5valueEvE4typeERSB_SL_
FNDA:0,_ZSt4swapIPFbRSt9_Any_dataRKS0_St18_Manager_operationEENSt9enable_ifIXsrSt6__and_IJSt6__not_ISt15__is_tuple_likeIT_EESt21is_move_constructibleISB_ESt18is_move_assignableISB_EEE5valueEvE4typeERSB_SL_
FN:196,_ZSt4swapISt9_Any_dataENSt9enable_ifIXsrSt6__and_IJSt6__not_ISt15__is_tuple_likeIT_EESt21is_move_constructibleIS5_ESt18is_move_assignableIS5_EEE5valueEvE4typeERS5_SF_
FNDA:0,_ZSt4swapISt9_Any_dataENSt9enable_ifIXsrSt6__and_IJSt6__not_ISt15__is_tuple_likeIT_EESt21is_move_constructibleIS5_ESt18is_move_assignableIS5_EEE5valueEvE4typeERS5_SF_
DA:49,0
DA:50,0
DA:49,0
DA:50,0
DA:104,108
DA:105,108
DA:104,0
DA:105,0
DA:104,0
DA:105,0
DA:104,72
DA:105,72
DA:196,36
DA:204,36
DA:205,36
DA:206,36
DA:207,36
DA:196,0
DA:204,0
DA:205,0
DA:206,0
DA:207,0
DA:196,0
DA:204,0
DA:205,0
DA:206,0
DA:207,0
end_of_record
SF:/usr/include/c++/11/ext/new_allocator.h
FN:79,_ZN9__gnu_cxx13new_allocatorIPSt8functionIFvvEEEC2Ev
FNDA:0,_ZN9__gnu_cxx13new_allocatorIPSt8functionIFvvEEEC2Ev
FN:89,_ZN9__gnu_cxx13new_allocatorIPSt8functionIFvvEEED2Ev
FNDA:0,_ZN9__gnu_cxx13new_allocatorIPSt8functionIFvvEEED2Ev
FN:89,_ZN9__gnu_cxx13new_allocatorISt8functionIFvvEEED2Ev
FNDA:0,_ZN9__gnu_cxx13new_allocatorISt8functionIFvvEEED2Ev
FN:132,_ZN9__gnu_cxx13new_allocatorISt8functionIFvvEEE10deallocateEPS3_m
FNDA:0,_ZN9__gnu_cxx13new_allocatorISt8functionIFvvEEE10deallocateEPS3_m
FN:132,_ZN9__gnu_cxx13new_allocatorIPSt8functionIFvvEEE10deallocateEPS4_m
FNDA:0,_ZN9__gnu_cxx13new_allocatorIPSt8functionIFvvEEE10deallocateEPS4_m
FN:166,_ZN9__gnu_cxx13new_allocatorISt8functionIFvvEEE7destroyIS3_EEvPT_
FNDA:36,_ZN9__gnu_cxx13new_allocatorISt8functionIFvvEEE7destroyIS3_EEvPT_
DA:79,0
DA:89,0
DA:89,0
DA:132,0
DA:145,0
DA:132,0
DA:145,0
DA:166,36
DA:168,36
end_of_record
SF:/usr/include/c++/11/bits/unique_lock.h
FN:66,_ZNSt11unique_lockISt5mutexEC2ERS0_
FNDA:0,_ZNSt11unique_lockISt5mutexEC2ERS0_
FN:101,_ZNSt11unique_lockISt5mutexED2Ev
FNDA:0,_ZNSt11unique_lockISt5mutexED2Ev
FN:131,_ZNSt11unique_lockISt5mutexE4lockEv
FNDA:0,_ZNSt11unique_lockISt5mutexE4lockEv
FN:189,_ZNSt11unique_lockISt5mutexE6unlockEv
FNDA:0,_ZNSt11unique_lockISt5mutexE6unlockEv
DA:66,0
DA:67,0
DA:69,0
DA:70,0
DA:71,0
DA:101,0
DA:103,0
DA:104,0
DA:105,0
DA:131,0
DA:133,0
DA:134,0
DA:135,0
DA:136,0
DA:139,0
DA:140,0
DA:142,0
DA:189,0
DA:191,0
DA:192,0
DA:193,0
DA:195,0
DA:196,0
DA:198,0
end_of_record
SF:/usr/include/c++/11/bits/std_function.h
FN:239,_ZNSt14_Function_baseC2Ev
FNDA:0,_ZNSt14_Function_baseC2Ev
FN:241,_ZNSt14_Function_baseD2Ev
FNDA:0,_ZNSt14_Function_baseD2Ev
FN:247,_ZNKSt14_Function_base8_M_emptyEv
FNDA:0,_ZNKSt14_Function_base8_M_emptyEv
FN:368,_ZNSt8functionIFvvEEC2Ev
FNDA:43,_ZNSt8functionIFvvEEC2Ev
FN:404,_ZNSt8functionIFvvEEC2EOS1_
FNDA:36,_ZNSt8functionIFvvEEC2EOS1_
FN:487,_ZNSt8functionIFvvEEaSEOS1_
FNDA:36,_ZNSt8functionIFvvEEaSEOS1_
FN:555,_ZNSt8functionIFvvEE4swapERS1_
FNDA:36,_ZNSt8functionIFvvEE4swapERS1_
FN:572,_ZNKSt8functionIFvvEEcvbEv
FNDA:36,_ZNKSt8functionIFvvEEcvbEv
FN:586,_ZNKSt8functionIFvvEEclEv
FNDA:36,_ZNKSt8functionIFvvEEclEv
DA:239,0
DA:241,0
DA:243,0
DA:244,0
DA:245,0
DA:247,0
DA:368,43
DA:369,43
DA:404,36
DA:405,36
DA:407,36
DA:409,36
DA:410,36
DA:411,36
DA:412,36
DA:414,36
DA:487,36
DA:489,36
DA:490,36
DA:555,36
DA:557,36
DA:558,36
DA:559,36
DA:560,36
DA:572,36
DA:573,36
DA:586,36
DA:588,36
DA:589,0
DA:590,36
end_of_record
SF:/usr/include/c++/11/atomic
FN:103,_ZNSt6atomicIbE5storeEbSt12memory_order
FNDA:0,_ZNSt6atomicIbE5storeEbSt12memory_order
FN:111,_ZNKSt6atomicIbE4loadESt12memory_order
FNDA:0,_ZNKSt6atomicIbE4loadESt12memory_order
DA:103,0
DA:104,0
DA:111,0
DA:112,0
end_of_record
SF:/usr/include/c++/11/bits/stl_deque.h
FN:96,_ZSt16__deque_buf_sizem
FNDA:0,_ZSt16__deque_buf_sizem
FN:131,_ZNSt15_Deque_iteratorISt8functionIFvvEERS2_PS2_E14_S_buffer_sizeEv
FNDA:0,_ZNSt15_Deque_iteratorISt8functionIFvvEERS2_PS2_E14_S_buffer_sizeEv
FN:168,_ZNSt15_Deque_iteratorISt8functionIFvvEERS2_PS2_EC2ERKS5_
FNDA:0,_ZNSt15_Deque_iteratorISt8functionIFvvEERS2_PS2_EC2ERKS5_
FN:180,_ZNKSt15_Deque_iteratorISt8functionIFvvEERS2_PS2_EdeEv
FNDA:0,_ZNKSt15_Deque_iteratorISt8functionIFvvEERS2_PS2_EdeEv
FN:260,_ZNSt15_Deque_iteratorISt8functionIFvvEERS2_PS2_E11_M_set_nodeEPS4_
FNDA:0,_ZNSt15_Deque_iteratorISt8functionIFvvEERS2_PS2_E11_M_set_nodeEPS4_
FN:268,_ZSteqRKSt15_Deque_iteratorISt8functionIFvvEERS2_PS2_ES7_
FNDA:75,_ZSteqRKSt15_Deque_iteratorISt8functionIFvvEERS2_PS2_ES7_
FN:547,_ZNSt11_Deque_baseISt8functionIFvvEESaIS2_EE19_M_get_Tp_allocatorEv
FNDA:0,_ZNSt11_Deque_baseISt8functionIFvvEESaIS2_EE19_M_get_Tp_allocatorEv
FN:551,_ZNKSt11_Deque_baseISt8functionIFvvEESaIS2_EE19_M_get_Tp_allocatorEv
FNDA:0,_ZNKSt11_Deque_baseISt8functionIFvvEESaIS2_EE19_M_get_Tp_allocatorEv
FN:555,_ZNKSt11_Deque_baseISt8functionIFvvEESaIS2_EE20_M_get_map_allocatorEv
FNDA:0,_ZNKSt11_Deque_baseISt8functionIFvvEESaIS2_EE20_M_get_map_allocatorEv
FN:566,_ZNSt11_Deque_baseISt8functionIFvvEESaIS2_EE18_M_deallocate_nodeEPS2_
FNDA:0,_ZNSt11_Deque_baseISt8functionIFvvEESaIS2_EE18_M_deallocate_nodeEPS2_
FN:580,_ZNSt11_Deque_baseISt8functionIFvvEESaIS2_EE17_M_deallocate_mapEPPS2_m
FNDA:0,_ZNSt11_Deque_baseISt8functionIFvvEESaIS2_EE17_M_deallocate_mapEPPS2_m
FN:596,_ZNSt11_Deque_baseISt8functionIFvvEESaIS2_EED2Ev
FNDA:0,_ZNSt11_Deque_baseISt8functionIFvvEESaIS2_EED2Ev
FN:674,_ZNSt11_Deque_baseISt8functionIFvvEESaIS2_EE16_M_destroy_nodesEPPS2_S6_
FNDA:0,_ZNSt11_Deque_baseISt8functionIFvvEESaIS2_EE16_M_destroy_nodesEPPS2_S6_
FN:807,_ZNSt5dequeISt8functionIFvvEESaIS2_EE14_S_buffer_sizeEv
FNDA:0,_ZNSt5dequeISt8functionIFvvEESaIS2_EE14_S_buffer_sizeEv
FN:1006,_ZNSt5dequeISt8functionIFvvEESaIS2_EED2Ev
FNDA:0,_ZNSt5dequeISt8functionIFvvEESaIS2_EED2Ev
FN:1128,_ZNSt5dequeISt8functionIFvvEESaIS2_EE5beginEv
FNDA:0,_ZNSt5dequeISt8functionIFvvEESaIS2_EE5beginEv
FN:1145,_ZNSt5dequeISt8functionIFvvEESaIS2_EE3endEv
FNDA:0,_ZNSt5dequeISt8functionIFvvEESaIS2_EE3endEv
FN:1311,_ZNKSt5dequeISt8functionIFvvEESaIS2_EE5emptyEv
FNDA:75,_ZNKSt5dequeISt8functionIFvvEESaIS2_EE5emptyEv
FN:1405,_ZNSt5dequeISt8functionIFvvEESaIS2_EE5frontEv
FNDA:36,_ZNSt5dequeISt8functionIFvvEESaIS2_EE5frontEv
FN:1532,_ZNSt5dequeISt8functionIFvvEESaIS2_EE9pop_frontEv
FNDA:36,_ZNSt5dequeISt8functionIFvvEESaIS2_EE9pop_frontEv
FN:2045,_ZNSt5dequeISt8functionIFvvEESaIS2_EE15_M_destroy_dataESt15_Deque_iteratorIS2_RS2_PS2_ES8_RKS3_
FNDA:0,_ZNSt5dequeISt8functionIFvvEESaIS2_EE15_M_destroy_dataESt15_Deque_iteratorIS2_RS2_PS2_ES8_RKS3_
DA:96,0
DA:98,0
DA:131,0
DA:132,0
DA:168,0
DA:169,0
DA:170,0
DA:180,0
DA:181,0
DA:260,0
DA:262,0
DA:263,0
DA:264,0
DA:265,0
DA:268,75
DA:269,75
DA:547,0
DA:548,0
DA:551,0
DA:552,0
DA:555,0
DA:556,0
DA:566,0
DA:569,0
DA:570,0
DA:580,0
DA:582,0
DA:583,0
DA:584,0
DA:596,0
DA:599,0
DA:601,0
DA:602,0
DA:603,0
DA:605,0
DA:674,0
DA:678,0
DA:679,0
DA:680,0
DA:807,0
DA:808,0
DA:1006,0
DA:1007,0
DA:1128,0
DA:1129,0
DA:1145,0
DA:1146,0
DA:1311,75
DA:1312,75
DA:1405,36
DA:1408,36
DA:1532,36
DA:1535,36
DA:1536,36
DA:1538,36
DA:1540,36
DA:1543,0
DA:1544,36
DA:2045,0
DA:2049,0
DA:2050,0
end_of_record
TN:
SF:/usr/include/c++/11/bits/move.h
FN:49,_ZSt11__addressofISt6vectorI4EdgeSaIS1_EEEPT_RS4_
FNDA:0,_ZSt11__addressofISt6vectorI4EdgeSaIS1_EEEPT_RS4_
FN:77,_ZSt7forwardI4EdgeEOT_RNSt16remove_referenceIS1_E4typeE
FNDA:219,_ZSt7forwardI4EdgeEOT_RNSt16remove_referenceIS1_E4typeE
FN:104,_ZSt4moveIR4EdgeEONSt16remove_referenceIT_E4typeEOS3_
FNDA:74,_ZSt4moveIR4EdgeEONSt16remove_referenceIT_E4typeEOS3_
DA:49,0
DA:50,0
DA:77,219
DA:78,219
DA:104,74
DA:105,74
end_of_record
SF:/usr/include/c++/11/ext/new_allocator.h
FN:89,_ZN9__gnu_cxx13new_allocatorI4EdgeED2Ev
FNDA:0,_ZN9__gnu_cxx13new_allocatorI4EdgeED2Ev
FN:89,_ZN9__gnu_cxx13new_allocatorISt6vectorI4EdgeSaIS2_EEED2Ev
FNDA:0,_ZN9__gnu_cxx13new_allocatorISt6vectorI4EdgeSaIS2_EEED2Ev
FN:103,_ZN9__gnu_cxx13new_allocatorI4EdgeE8allocateEmPKv
FNDA:75,_ZN9__gnu_cxx13new_allocatorI4EdgeE8allocateEmPKv
FN:132,_ZN9__gnu_cxx13new_allocatorI4EdgeE10deallocateEPS1_m
FNDA:0,_ZN9__gnu_cxx13new_allocatorI4EdgeE10deallocateEPS1_m
FN:132,_ZN9__gnu_cxx13new_allocatorISt6vectorI4EdgeSaIS2_EEE10deallocateEPS4_m
FNDA:0,_ZN9__gnu_cxx13new_allocatorISt6vectorI4EdgeSaIS2_EEE10deallocateEPS4_m
FN:154,_ZNK9__gnu_cxx13new_allocatorI4EdgeE8max_sizeEv
FNDA:134,_ZNK9__gnu_cxx13new_allocatorI4EdgeE8max_sizeEv
FN:160,_ZN9__gnu_cxx13new_allocatorI4EdgeE9constructIS1_JS1_EEEvPT_DpOT0_
FNDA:55,_ZN9__gnu_cxx13new_allocatorI4EdgeE9constructIS1_JS1_EEEvPT_DpOT0_
FN:197,_ZNK9__gnu_cxx13new_allocatorI4EdgeE11_M_max_sizeEv
FNDA:209,_ZNK9__gnu_cxx13new_allocatorI4EdgeE11_M_max_sizeEv
DA:89,0
DA:89,0
DA:103,75
DA:111,75
DA:115,0
DA:116,0
DA:117,0
DA:127,75
DA:132,0
DA:145,0
DA:132,0
DA:145,0
DA:154,134
DA:155,134
DA:160,55
DA:162,55
DA:197,209
DA:200,209
end_of_record
SF:/usr/include/c++/11/bits/vector.tcc
FN:109,_ZNSt6vectorI4EdgeSaIS0_EE12emplace_backIJS0_EEERS0_DpOT_
FNDA:55,_ZNSt6vectorI4EdgeSaIS0_EE12emplace_backIJS0_EEERS0_DpOT_
FN:426,_ZNSt6vectorI4EdgeSaIS0_EE17_M_realloc_insertIJS0_EEEvN9__gnu_cxx17__normal_iteratorIPS0_S2_EEDpOT_
FNDA:54,_ZNSt6vectorI4EdgeSaIS0_EE17_M_realloc_insertIJS0_EEEvN9__gnu_cxx17__normal_iteratorIPS0_S2_EEDpOT_
DA:109,55
DA:112,55
DA:115,1
DA:117,1
DA:121,54
DA:123,55
DA:426,54
DA:436,54
DA:437,54
DA:438,54
DA:439,54
DA:440,54
DA:441,54
DA:449,54
DA:450,54
DA:456,54
DA:461,54
DA:462,54
DA:464,54
DA:466,54
DA:467,54
DA:500,54
DA:501,54
DA:502,54
DA:503,54
DA:504,54
DA:505,54
end_of_record
SF:/home/eladubuntu/Git Projects/OS_2024-FINAL_PROJECT_MST/Graph.cpp
FN:3,_ZN5Graph7addEdgeEiii
FNDA:10,_ZN5Graph7addEdgeEiii
DA:3,10
DA:5,10
DA:6,10
DA:7,10
end_of_record
SF:/usr/include/c++/11/bits/allocator.h
FN:174,_ZNSaI4EdgeED2Ev
FNDA:0,_ZNSaI4EdgeED2Ev
FN:174,_ZNSaISt6vectorI4EdgeSaIS0_EEED2Ev
FNDA:0,_ZNSaISt6vectorI4EdgeSaIS0_EEED2Ev
DA:174,0
DA:174,0
end_of_record
SF:/usr/include/c++/11/iostream
end_of_record
SF:/usr/include/c++/11/bits/alloc_traits.h
FN:463,_ZNSt16allocator_traitsISaI4EdgeEE8allocateERS1_m
FNDA:75,_ZNSt16allocator_traitsISaI4EdgeEE8allocateERS1_m
FN:495,_ZNSt16allocator_traitsISaI4EdgeEE10deallocateERS1_PS0_m
FNDA:0,_ZNSt16allocator_traitsISaI4EdgeEE10deallocateERS1_PS0_m
FN:495,_ZNSt16allocator_traitsISaISt6vectorI4EdgeSaIS1_EEEE10deallocateERS4_PS3_m
FNDA:0,_ZNSt16allocator_traitsISaISt6vectorI4EdgeSaIS1_EEEE10deallocateERS4_PS3_m
FN:511,_ZNSt16allocator_traitsISaI4EdgeEE9constructIS0_JS0_EEEvRS1_PT_DpOT0_
FNDA:55,_ZNSt16allocator_traitsISaI4EdgeEE9constructIS0_JS0_EEEvRS1_PT_DpOT0_
FN:547,_ZNSt16allocator_traitsISaI4EdgeEE8max_sizeERKS1_
FNDA:134,_ZNSt16allocator_traitsISaI4EdgeEE8max_sizeERKS1_
FN:845,_ZSt8_DestroyIP4EdgeS0_EvT_S2_RSaIT0_E
FNDA:0,_ZSt8_DestroyIP4EdgeS0_EvT_S2_RSaIT0_E
FN:845,_ZSt8_DestroyIPSt6vectorI4EdgeSaIS1_EES3_EvT_S5_RSaIT0_E
FNDA:0,_ZSt8_DestroyIPSt6vectorI4EdgeSaIS1_EES3_EvT_S5_RSaIT0_E
DA:463,75
DA:464,75
DA:495,0
DA:496,0
DA:495,0
DA:496,0
DA:511,55
DA:516,55
DA:520,55
DA:547,134
DA:550,134
DA:845,0
DA:848,0
DA:849,0
DA:845,0
DA:848,0
DA:849,0
end_of_record
SF:/usr/include/c++/11/bits/stl_iterator.h
FN:1027,_ZN9__gnu_cxx17__normal_iteratorIP4EdgeSt6vectorIS1_SaIS1_EEEC2ERKS2_
FNDA:390,_ZN9__gnu_cxx17__normal_iteratorIP4EdgeSt6vectorIS1_SaIS1_EEEC2ERKS2_
FN:1042,_ZNK9__gnu_cxx17__normal_iteratorIP4EdgeSt6vectorIS1_SaIS1_EEEdeEv
FNDA:214,_ZNK9__gnu_cxx17__normal_iteratorIP4EdgeSt6vectorIS1_SaIS1_EEEdeEv
FN:1100,_ZNK9__gnu_cxx17__normal_iteratorIP4EdgeSt6vectorIS1_SaIS1_EEEmiEl
FNDA:55,_ZNK9__gnu_cxx17__normal_iteratorIP4EdgeSt6vectorIS1_SaIS1_EEEmiEl
FN:1105,_ZNK9__gnu_cxx17__normal_iteratorIP4EdgeSt6vectorIS1_SaIS1_EEE4baseEv
FNDA:676,_ZNK9__gnu_cxx17__normal_iteratorIP4EdgeSt6vectorIS1_SaIS1_EEE4baseEv
FN:1268,_ZN9__gnu_cxxmiIP4EdgeSt6vectorIS1_SaIS1_EEEENS_17__normal_iteratorIT_T0_E15difference_typeERKS9_SC_
FNDA:73,_ZN9__gnu_cxxmiIP4EdgeSt6vectorIS1_SaIS1_EEEENS_17__normal_iteratorIT_T0_E15difference_typeERKS9_SC_
DA:1027,390
DA:1028,390
DA:1042,214
DA:1043,214
DA:1100,55
DA:1101,55
DA:1105,676
DA:1106,676
DA:1268,73
DA:1271,73
end_of_record
SF:/usr/include/c++/11/bits/stl_uninitialized.h
FN:1006,_ZSt14__relocate_a_1I4EdgeS0_ENSt9enable_ifIXsrSt24__is_bitwise_relocatableIT_vE5valueEPS3_E4typeES5_S5_S5_RSaIT0_E
FNDA:134,_ZSt14__relocate_a_1I4EdgeS0_ENSt9enable_ifIXsrSt24__is_bitwise_relocatableIT_vE5valueEPS3_E4typeES5_S5_S5_RSaIT0_E
FN:1040,_ZSt12__relocate_aIP4EdgeS1_SaIS0_EET0_T_S4_S3_RT1_
FNDA:134,_ZSt12__relocate_aIP4EdgeS1_SaIS0_EET0_T_S4_S3_RT1_
DA:1006,134
DA:1009,134
DA:1010,134
DA:1011,32
DA:1012,134
DA:1040,134
DA:1046,134
DA:1048,134
end_of_record
SF:/home/eladubuntu/Git Projects/OS_2024-FINAL_PROJECT_MST/Graph.hpp
FN:24,_ZN5GraphD0Ev
FNDA:3,_ZN5GraphD0Ev
FN:24,_ZN5GraphD2Ev
FNDA:7,_ZN5GraphD2Ev
DA:24,3
DA:24,7
end_of_record
SF:/usr/include/c++/11/bits/stl_vector.h
FN:276,_ZNSt12_Vector_baseISt6vectorI4EdgeSaIS1_EESaIS3_EE19_M_get_Tp_allocatorEv
FNDA:0,_ZNSt12_Vector_baseISt6vectorI4EdgeSaIS1_EESaIS3_EE19_M_get_Tp_allocatorEv
FN:276,_ZNSt12_Vector_baseI4EdgeSaIS0_EE19_M_get_Tp_allocatorEv
FNDA:0,_ZNSt12_Vector_baseI4EdgeSaIS0_EE19_M_get_Tp_allocatorEv
FN:280,_ZNKSt12_Vector_baseI4EdgeSaIS0_EE19_M_get_Tp_allocatorEv
FNDA:142,_ZNKSt12_Vector_baseI4EdgeSaIS0_EE19_M_get_Tp_allocatorEv
FN:333,_ZNSt12_Vector_baseISt6vectorI4EdgeSaIS1_EESaIS3_EED2Ev
FNDA:0,_ZNSt12_Vector_baseISt6vectorI4EdgeSaIS1_EESaIS3_EED2Ev
FN:333,_ZNSt12_Vector_baseI4EdgeSaIS0_EED2Ev
FNDA:0,_ZNSt12_Vector_baseI4EdgeSaIS0_EED2Ev
FN:343,_ZNSt12_Vector_baseI4EdgeSaIS0_EE11_M_allocateEm
FNDA:75,_ZNSt12_Vector_baseI4EdgeSaIS0_EE11_M_allocateEm
FN:350,_ZNSt12_Vector_baseI4EdgeSaIS0_EE13_M_deallocateEPS0_m
FNDA:0,_ZNSt12_Vector_baseI4EdgeSaIS0_EE13_M_deallocateEPS0_m
FN:350,_ZNSt12_Vector_baseISt6vectorI4EdgeSaIS1_EESaIS3_EE13_M_deallocateEPS3_m
FNDA:0,_ZNSt12_Vector_baseISt6vectorI4EdgeSaIS1_EESaIS3_EE13_M_deallocateEPS3_m
FN:453,_ZNSt6vectorI4EdgeSaIS0_EE14_S_do_relocateEPS0_S3_S3_RS1_St17integral_constantIbLb1EE
FNDA:134,_ZNSt6vectorI4EdgeSaIS0_EE14_S_do_relocateEPS0_S3_S3_RS1_St17integral_constantIbLb1EE
FN:465,_ZNSt6vectorI4EdgeSaIS0_EE11_S_relocateEPS0_S3_S3_RS1_
FNDA:134,_ZNSt6vectorI4EdgeSaIS0_EE11_S_relocateEPS0_S3_S3_RS1_
FN:678,_ZNSt6vectorI4EdgeSaIS0_EED2Ev
FNDA:0,_ZNSt6vectorI4EdgeSaIS0_EED2Ev
FN:678,_ZNSt6vectorIS_I4EdgeSaIS0_EESaIS2_EED2Ev
FNDA:0,_ZNSt6vectorIS_I4EdgeSaIS0_EESaIS2_EED2Ev
FN:811,_ZNSt6vectorI4EdgeSaIS0_EE5beginEv
FNDA:136,_ZNSt6vectorI4EdgeSaIS0_EE5beginEv
FN:829,_ZNSt6vectorI4EdgeSaIS0_EE3endEv
FNDA:191,_ZNSt6vectorI4EdgeSaIS0_EE3endEv
FN:918,_ZNKSt6vectorI4EdgeSaIS0_EE4sizeEv
FNDA:287,_ZNKSt6vectorI4EdgeSaIS0_EE4sizeEv
FN:923,_ZNKSt6vectorI4EdgeSaIS0_EE8max_sizeEv
FNDA:134,_ZNKSt6vectorI4EdgeSaIS0_EE8max_sizeEv
FN:1043,_ZNSt6vectorIS_I4EdgeSaIS0_EESaIS2_EEixEm
FNDA:111,_ZNSt6vectorIS_I4EdgeSaIS0_EESaIS2_EEixEm
FN:1143,_ZNSt6vectorI4EdgeSaIS0_EE4backEv
FNDA:55,_ZNSt6vectorI4EdgeSaIS0_EE4backEv
FN:1203,_ZNSt6vectorI4EdgeSaIS0_EE9push_backEOS0_
FNDA:55,_ZNSt6vectorI4EdgeSaIS0_EE9push_backEOS0_
FN:1756,_ZNKSt6vectorI4EdgeSaIS0_EE12_M_check_lenEmPKc
FNDA:67,_ZNKSt6vectorI4EdgeSaIS0_EE12_M_check_lenEmPKc
FN:1776,_ZNSt6vectorI4EdgeSaIS0_EE11_S_max_sizeERKS1_
FNDA:134,_ZNSt6vectorI4EdgeSaIS0_EE11_S_max_sizeERKS1_
DA:276,0
DA:277,0
DA:276,0
DA:277,0
DA:280,142
DA:281,142
DA:333,0
DA:335,0
DA:336,0
DA:337,0
DA:333,0
DA:335,0
DA:336,0
DA:337,0
DA:343,75
DA:346,75
DA:350,0
DA:353,0
DA:354,0
DA:355,0
DA:350,0
DA:353,0
DA:354,0
DA:355,0
DA:453,134
DA:456,134
DA:465,134
DA:469,134
DA:678,0
DA:680,0
DA:681,0
DA:683,0
DA:678,0
DA:680,0
DA:681,0
DA:683,0
DA:811,136
DA:812,136
DA:829,191
DA:830,191
DA:918,287
DA:919,287
DA:923,134
DA:924,134
DA:1043,111
DA:1046,111
DA:1143,55
DA:1146,55
DA:1203,55
DA:1204,55
DA:1756,67
DA:1758,67
DA:1759,0
DA:1761,67
DA:1762,67
DA:1776,134
DA:1781,134
DA:1783,134
DA:1784,134
end_of_record
SF:/usr/include/c++/11/bits/stl_algobase.h
FN:230,_ZSt3minImERKT_S2_S2_
FNDA:0,_ZSt3minImERKT_S2_S2_
FN:254,_ZSt3maxImERKT_S2_S2_
FNDA:0,_ZSt3maxImERKT_S2_S2_
FN:313,_ZSt12__niter_baseIP4EdgeET_S2_
FNDA:410,_ZSt12__niter_baseIP4EdgeET_S2_
DA:230,0
DA:235,0
DA:236,0
DA:237,0
DA:254,0
DA:259,0
DA:260,0
DA:261,0
DA:313,410
DA:315,410
end_of_record
SF:/usr/include/c++/11/bits/stl_construct.h
FN:146,_ZSt8_DestroyISt6vectorI4EdgeSaIS1_EEEvPT_
FNDA:0,_ZSt8_DestroyISt6vectorI4EdgeSaIS1_EEEvPT_
FN:160,_ZNSt12_Destroy_auxILb0EE9__destroyIPSt6vectorI4EdgeSaIS3_EEEEvT_S7_
FNDA:0,_ZNSt12_Destroy_auxILb0EE9__destroyIPSt6vectorI4EdgeSaIS3_EEEEvT_S7_
FN:172,_ZNSt12_Destroy_auxILb1EE9__destroyIP4EdgeEEvT_S4_
FNDA:0,_ZNSt12_Destroy_auxILb1EE9__destroyIP4EdgeEEvT_S4_
FN:182,_ZSt8_DestroyIP4EdgeEvT_S2_
FNDA:0,_ZSt8_DestroyIP4EdgeEvT_S2_
FN:182,_ZSt8_DestroyIPSt6vectorI4EdgeSaIS1_EEEvT_S5_
FNDA:0,_ZSt8_DestroyIPSt6vectorI4EdgeSaIS1_EEEvT_S5_
DA:146,0
DA:151,0
DA:153,0
DA:160,0
DA:162,0
DA:163,0
DA:164,0
DA:172,0
DA:182,0
DA:196,0
DA:197,0
DA:182,0
DA:196,0
DA:197,0
end_of_record
SF:/usr/include/c++/11/new
FN:174,_ZnwmPv
FNDA:0,_ZnwmPv
DA:174,0
DA:175,0
end_of_record
TN:
SF:/usr/include/c++/11/bits/std_mutex.h
FN:65,_ZNSt12__mutex_baseC2Ev
FNDA:7,_ZNSt12__mutex_baseC2Ev
FN:91,_ZNSt5mutexC2Ev
FNDA:7,_ZNSt5mutexC2Ev
FN:98,_ZNSt5mutex4lockEv
FNDA:252,_ZNSt5mutex4lockEv
FN:108,_ZNSt5mutex8try_lockEv
FNDA:5,_ZNSt5mutex8try_lockEv
FN:115,_ZNSt5mutex6unlockEv
FNDA:256,_ZNSt5mutex6unlockEv
DA:65,7
DA:91,7
DA:98,252
DA:100,252
DA:103,252
DA:104,0
DA:105,252
DA:108,5
DA:111,5
DA:115,256
DA:118,256
DA:119,256
end_of_record
SF:/usr/include/c++/11/bits/charconv.h
FN:47,_ZNSt8__detail14__to_chars_lenIjEEjT_i
FNDA:69,_ZNSt8__detail14__to_chars_lenIjEEjT_i
FN:72,_ZNSt8__detail18__to_chars_10_implIjEEvPcjT_
FNDA:69,_ZNSt8__detail18__to_chars_10_implIjEEvPcjT_
DA:47,69
DA:52,69
DA:53,69
DA:54,69
DA:55,69
DA:58,69
DA:59,5
DA:60,0
DA:61,0
DA:62,0
DA:63,0
DA:72,69
DA:83,69
DA:84,69
DA:86,0
DA:87,0
DA:88,0
DA:89,0
DA:90,0
DA:92,69
DA:94,5
DA:95,5
DA:96,5
DA:99,64
DA:100,69
end_of_record
SF:/usr/include/c++/11/bits/vector.tcc
FN:109,_ZNSt6vectorISt10unique_ptrI12ActiveObjectSt14default_deleteIS1_EESaIS4_EE12emplace_backIJS4_EEERS4_DpOT_
FNDA:7,_ZNSt6vectorISt10unique_ptrI12ActiveObjectSt14default_deleteIS1_EESaIS4_EE12emplace_backIJS4_EEERS4_DpOT_
FN:426,_ZNSt6vectorISt10unique_ptrI12ActiveObjectSt14default_deleteIS1_EESaIS4_EE17_M_realloc_insertIJS4_EEEvN9__gnu_cxx17__normal_iteratorIPS4_S6_EEDpOT_
FNDA:4,_ZNSt6vectorISt10unique_ptrI12ActiveObjectSt14default_deleteIS1_EESaIS4_EE17_M_realloc_insertIJS4_EEEvN9__gnu_cxx17__normal_iteratorIPS4_S6_EEDpOT_
FN:426,_ZNSt6vectorImSaImEE17_M_realloc_insertIJRKmEEEvN9__gnu_cxx17__normal_iteratorIPmS1_EEDpOT_
FNDA:3,_ZNSt6vectorImSaImEE17_M_realloc_insertIJRKmEEEvN9__gnu_cxx17__normal_iteratorIPmS1_EEDpOT_
FN:611,_ZNSt6vectorIS_I4EdgeSaIS0_EESaIS2_EE17_M_default_appendEm
FNDA:7,_ZNSt6vectorIS_I4EdgeSaIS0_EESaIS2_EE17_M_default_appendEm
FN:687,_ZNSt6vectorISt10unique_ptrI12ActiveObjectSt14default_deleteIS1_EESaIS4_EE16_M_shrink_to_fitEv
FNDA:1,_ZNSt6vectorISt10unique_ptrI12ActiveObjectSt14default_deleteIS1_EESaIS4_EE16_M_shrink_to_fitEv
FN:687,_ZNSt6vectorImSaImEE16_M_shrink_to_fitEv
FNDA:1,_ZNSt6vectorImSaImEE16_M_shrink_to_fitEv
DA:109,7
DA:112,7
DA:115,3
DA:117,3
DA:121,4
DA:123,7
DA:426,4
DA:436,4
DA:437,4
DA:438,4
DA:439,4
DA:440,4
DA:441,4
DA:449,4
DA:450,4
DA:456,4
DA:461,4
DA:462,4
DA:464,4
DA:466,4
DA:467,4
DA:500,4
DA:501,4
DA:502,4
DA:503,4
DA:504,4
DA:505,4
DA:426,3
DA:436,3
DA:437,3
DA:438,3
DA:439,3
DA:440,3
DA:441,3
DA:449,3
DA:450,3
DA:456,3
DA:461,3
DA:462,3
DA:464,3
DA:466,3
DA:467,3
DA:500,3
DA:501,3
DA:502,3
DA:503,3
DA:504,3
DA:505,3
DA:611,7
DA:614,7
DA:616,7
DA:617,7
DA:618,7
DA:620,7
DA:621,0
DA:623,7
DA:626,0
DA:627,0
DA:628,0
DA:634,7
DA:635,7
DA:640,7
DA:641,7
DA:643,0
DA:645,0
DA:646,0
DA:648,7
DA:649,7
DA:675,7
DA:676,7
DA:677,7
DA:678,7
DA:679,7
DA:680,7
DA:683,7
DA:687,1
DA:690,1
DA:691,0
DA:693,1
DA:687,1
DA:690,1
DA:691,0
DA:693,1
end_of_record
SF:/usr/include/c++/11/ext/new_allocator.h
FN:79,_ZN9__gnu_cxx13new_allocatorIcEC2Ev
FNDA:0,_ZN9__gnu_cxx13new_allocatorIcEC2Ev
FN:79,_ZN9__gnu_cxx13new_allocatorI4EdgeEC2Ev
FNDA:39,_ZN9__gnu_cxx13new_allocatorI4EdgeEC2Ev
FN:79,_ZN9__gnu_cxx13new_allocatorImEC2Ev
FNDA:14,_ZN9__gnu_cxx13new_allocatorImEC2Ev
FN:79,_ZN9__gnu_cxx13new_allocatorISt10unique_ptrI12ActiveObjectSt14default_deleteIS2_EEEC2Ev
FNDA:1,_ZN9__gnu_cxx13new_allocatorISt10unique_ptrI12ActiveObjectSt14default_deleteIS2_EEEC2Ev
FN:79,_ZN9__gnu_cxx13new_allocatorISt8functionIFvvEEEC2Ev
FNDA:7,_ZN9__gnu_cxx13new_allocatorISt8functionIFvvEEEC2Ev
FN:79,_ZN9__gnu_cxx13new_allocatorISt6threadEC2Ev
FNDA:1,_ZN9__gnu_cxx13new_allocatorISt6threadEC2Ev
FN:79,_ZN9__gnu_cxx13new_allocatorIPSt8functionIFvvEEEC2Ev
FNDA:14,_ZN9__gnu_cxx13new_allocatorIPSt8functionIFvvEEEC2Ev
FN:79,_ZN9__gnu_cxx13new_allocatorISt6vectorI4EdgeSaIS2_EEEC2Ev
FNDA:7,_ZN9__gnu_cxx13new_allocatorISt6vectorI4EdgeSaIS2_EEEC2Ev
FN:82,_ZN9__gnu_cxx13new_allocatorIcEC2ERKS1_
FNDA:0,_ZN9__gnu_cxx13new_allocatorIcEC2ERKS1_
FN:82,_ZN9__gnu_cxx13new_allocatorISt10unique_ptrI12ActiveObjectSt14default_deleteIS2_EEEC2ERKS6_
FNDA:3,_ZN9__gnu_cxx13new_allocatorISt10unique_ptrI12ActiveObjectSt14default_deleteIS2_EEEC2ERKS6_
FN:82,_ZN9__gnu_cxx13new_allocatorImEC2ERKS1_
FNDA:23,_ZN9__gnu_cxx13new_allocatorImEC2ERKS1_
FN:82,_ZN9__gnu_cxx13new_allocatorI4EdgeEC2ERKS2_
FNDA:16,_ZN9__gnu_cxx13new_allocatorI4EdgeEC2ERKS2_
FN:89,_ZN9__gnu_cxx13new_allocatorIPSt8functionIFvvEEED2Ev
FNDA:14,_ZN9__gnu_cxx13new_allocatorIPSt8functionIFvvEEED2Ev
FN:89,_ZN9__gnu_cxx13new_allocatorI4EdgeED2Ev
FNDA:55,_ZN9__gnu_cxx13new_allocatorI4EdgeED2Ev
FN:89,_ZN9__gnu_cxx13new_allocatorImED2Ev
FNDA:36,_ZN9__gnu_cxx13new_allocatorImED2Ev
FN:89,_ZN9__gnu_cxx13new_allocatorISt10unique_ptrI12ActiveObjectSt14default_deleteIS2_EEED2Ev
FNDA:3,_ZN9__gnu_cxx13new_allocatorISt10unique_ptrI12ActiveObjectSt14default_deleteIS2_EEED2Ev
FN:89,_ZN9__gnu_cxx13new_allocatorISt8functionIFvvEEED2Ev
FNDA:7,_ZN9__gnu_cxx13new_allocatorISt8functionIFvvEEED2Ev
FN:89,_ZN9__gnu_cxx13new_allocatorISt6threadED2Ev
FNDA:0,_ZN9__gnu_cxx13new_allocatorISt6threadED2Ev
FN:89,_ZN9__gnu_cxx13new_allocatorISt6vectorI4EdgeSaIS2_EEED2Ev
FNDA:7,_ZN9__gnu_cxx13new_allocatorISt6vectorI4EdgeSaIS2_EEED2Ev
FN:89,_ZN9__gnu_cxx13new_allocatorIcED2Ev
FNDA:0,_ZN9__gnu_cxx13new_allocatorIcED2Ev
FN:103,_ZN9__gnu_cxx13new_allocatorISt6vectorI4EdgeSaIS2_EEE8allocateEmPKv
FNDA:7,_ZN9__gnu_cxx13new_allocatorISt6vectorI4EdgeSaIS2_EEE8allocateEmPKv
FN:103,_ZN9__gnu_cxx13new_allocatorIPSt8functionIFvvEEE8allocateEmPKv
FNDA:7,_ZN9__gnu_cxx13new_allocatorIPSt8functionIFvvEEE8allocateEmPKv
FN:103,_ZN9__gnu_cxx13new_allocatorImE8allocateEmPKv
FNDA:16,_ZN9__gnu_cxx13new_allocatorImE8allocateEmPKv
FN:103,_ZN9__gnu_cxx13new_allocatorISt8functionIFvvEEE8allocateEmPKv
FNDA:7,_ZN9__gnu_cxx13new_allocatorISt8functionIFvvEEE8allocateEmPKv
FN:103,_ZN9__gnu_cxx13new_allocatorISt10unique_ptrI12ActiveObjectSt14default_deleteIS2_EEE8allocateEmPKv
FNDA:4,_ZN9__gnu_cxx13new_allocatorISt10unique_ptrI12ActiveObjectSt14default_deleteIS2_EEE8allocateEmPKv
FN:132,_ZN9__gnu_cxx13new_allocatorISt6vectorI4EdgeSaIS2_EEE10deallocateEPS4_m
FNDA:7,_ZN9__gnu_cxx13new_allocatorISt6vectorI4EdgeSaIS2_EEE10deallocateEPS4_m
FN:132,_ZN9__gnu_cxx13new_allocatorImE10deallocateEPmm
FNDA:16,_ZN9__gnu_cxx13new_allocatorImE10deallocateEPmm
FN:132,_ZN9__gnu_cxx13new_allocatorISt6threadE10deallocateEPS1_m
FNDA:0,_ZN9__gnu_cxx13new_allocatorISt6threadE10deallocateEPS1_m
FN:132,_ZN9__gnu_cxx13new_allocatorISt10unique_ptrI12ActiveObjectSt14default_deleteIS2_EEE10deallocateEPS5_m
FNDA:4,_ZN9__gnu_cxx13new_allocatorISt10unique_ptrI12ActiveObjectSt14default_deleteIS2_EEE10deallocateEPS5_m
FN:132,_ZN9__gnu_cxx13new_allocatorISt8functionIFvvEEE10deallocateEPS3_m
FNDA:7,_ZN9__gnu_cxx13new_allocatorISt8functionIFvvEEE10deallocateEPS3_m
FN:132,_ZN9__gnu_cxx13new_allocatorIPSt8functionIFvvEEE10deallocateEPS4_m
FNDA:7,_ZN9__gnu_cxx13new_allocatorIPSt8functionIFvvEEE10deallocateEPS4_m
FN:132,_ZN9__gnu_cxx13new_allocatorI4EdgeE10deallocateEPS1_m
FNDA:75,_ZN9__gnu_cxx13new_allocatorI4EdgeE10deallocateEPS1_m
FN:154,_ZNK9__gnu_cxx13new_allocatorISt10unique_ptrI12ActiveObjectSt14default_deleteIS2_EEE8max_sizeEv
FNDA:9,_ZNK9__gnu_cxx13new_allocatorISt10unique_ptrI12ActiveObjectSt14default_deleteIS2_EEE8max_sizeEv
FN:154,_ZNK9__gnu_cxx13new_allocatorImE8max_sizeEv
FNDA:7,_ZNK9__gnu_cxx13new_allocatorImE8max_sizeEv
FN:154,_ZNK9__gnu_cxx13new_allocatorISt8functionIFvvEEE8max_sizeEv
FNDA:0,_ZNK9__gnu_cxx13new_allocatorISt8functionIFvvEEE8max_sizeEv
FN:154,_ZNK9__gnu_cxx13new_allocatorISt6vectorI4EdgeSaIS2_EEE8max_sizeEv
FNDA:28,_ZNK9__gnu_cxx13new_allocatorISt6vectorI4EdgeSaIS2_EEE8max_sizeEv
FN:160,_ZN9__gnu_cxx13new_allocatorISt6vectorI4EdgeSaIS2_EEE9constructIS4_JS4_EEEvPT_DpOT0_
FNDA:0,_ZN9__gnu_cxx13new_allocatorISt6vectorI4EdgeSaIS2_EEE9constructIS4_JS4_EEEvPT_DpOT0_
FN:160,_ZN9__gnu_cxx13new_allocatorImE9constructImJRKmEEEvPT_DpOT0_
FNDA:3,_ZN9__gnu_cxx13new_allocatorImE9constructImJRKmEEEvPT_DpOT0_
FN:160,_ZN9__gnu_cxx13new_allocatorISt8functionIFvvEEE9constructIS3_JRZ14handleCommandsiRSt6vectorISt10unique_ptrI12ActiveObjectSt14default_deleteIS8_EESaISB_EERS7_I5GraphS9_ISF_EER10MSTFactoryRS7_I4TreeS9_ISL_EEEUlvE_EEEvPT_DpOT0_
FNDA:4,_ZN9__gnu_cxx13new_allocatorISt8functionIFvvEEE9constructIS3_JRZ14handleCommandsiRSt6vectorISt10unique_ptrI12ActiveObjectSt14default_deleteIS8_EESaISB_EERS7_I5GraphS9_ISF_EER10MSTFactoryRS7_I4TreeS9_ISL_EEEUlvE_EEEvPT_DpOT0_
FN:160,_ZN9__gnu_cxx13new_allocatorISt8functionIFvvEEE9constructIS3_JRZ14handleCommandsiRSt6vectorISt10unique_ptrI12ActiveObjectSt14default_deleteIS8_EESaISB_EERS7_I5GraphS9_ISF_EER10MSTFactoryRS7_I4TreeS9_ISL_EEEUlvE0_EEEvPT_DpOT0_
FNDA:10,_ZN9__gnu_cxx13new_allocatorISt8functionIFvvEEE9constructIS3_JRZ14handleCommandsiRSt6vectorISt10unique_ptrI12ActiveObjectSt14default_deleteIS8_EESaISB_EERS7_I5GraphS9_ISF_EER10MSTFactoryRS7_I4TreeS9_ISL_EEEUlvE0_EEEvPT_DpOT0_
FN:160,_ZN9__gnu_cxx13new_allocatorISt8functionIFvvEEE9constructIS3_JRZ14handleCommandsiRSt6vectorISt10unique_ptrI12ActiveObjectSt14default_deleteIS8_EESaISB_EERS7_I5GraphS9_ISF_EER10MSTFactoryRS7_I4TreeS9_ISL_EEEUlvE2_EEEvPT_DpOT0_
FNDA:2,_ZN9__gnu_cxx13new_allocatorISt8functionIFvvEEE9constructIS3_JRZ14handleCommandsiRSt6vectorISt10unique_ptrI12ActiveObjectSt14default_deleteIS8_EESaISB_EERS7_I5GraphS9_ISF_EER10MSTFactoryRS7_I4TreeS9_ISL_EEEUlvE2_EEEvPT_DpOT0_
FN:160,_ZN9__gnu_cxx13new_allocatorISt10unique_ptrI12ActiveObjectSt14default_deleteIS2_EEE9constructIS5_JS5_EEEvPT_DpOT0_
FNDA:14,_ZN9__gnu_cxx13new_allocatorISt10unique_ptrI12ActiveObjectSt14default_deleteIS2_EEE9constructIS5_JS5_EEEvPT_DpOT0_
FN:160,_ZN9__gnu_cxx13new_allocatorISt8functionIFvvEEE9constructIS3_JRZ14handleCommandsiRSt6vectorISt10unique_ptrI12ActiveObjectSt14default_deleteIS8_EESaISB_EERS7_I5GraphS9_ISF_EER10MSTFactoryRS7_I4TreeS9_ISL_EEEUlvE10_EEEvPT_DpOT0_
FNDA:2,_ZN9__gnu_cxx13new_allocatorISt8functionIFvvEEE9constructIS3_JRZ14handleCommandsiRSt6vectorISt10unique_ptrI12ActiveObjectSt14default_deleteIS8_EESaISB_EERS7_I5GraphS9_ISF_EER10MSTFactoryRS7_I4TreeS9_ISL_EEEUlvE10_EEEvPT_DpOT0_
FN:160,_ZN9__gnu_cxx13new_allocatorISt8functionIFvvEEE9constructIS3_JRZ14handleCommandsiRSt6vectorISt10unique_ptrI12ActiveObjectSt14default_deleteIS8_EESaISB_EERS7_I5GraphS9_ISF_EER10MSTFactoryRS7_I4TreeS9_ISL_EEEUlvE9_EEEvPT_DpOT0_
FNDA:2,_ZN9__gnu_cxx13new_allocatorISt8functionIFvvEEE9constructIS3_JRZ14handleCommandsiRSt6vectorISt10unique_ptrI12ActiveObjectSt14default_deleteIS8_EESaISB_EERS7_I5GraphS9_ISF_EER10MSTFactoryRS7_I4TreeS9_ISL_EEEUlvE9_EEEvPT_DpOT0_
FN:160,_ZN9__gnu_cxx13new_allocatorISt8functionIFvvEEE9constructIS3_JRZ14handleCommandsiRSt6vectorISt10unique_ptrI12ActiveObjectSt14default_deleteIS8_EESaISB_EERS7_I5GraphS9_ISF_EER10MSTFactoryRS7_I4TreeS9_ISL_EEEUlvE8_EEEvPT_DpOT0_
FNDA:3,_ZN9__gnu_cxx13new_allocatorISt8functionIFvvEEE9constructIS3_JRZ14handleCommandsiRSt6vectorISt10unique_ptrI12ActiveObjectSt14default_deleteIS8_EESaISB_EERS7_I5GraphS9_ISF_EER10MSTFactoryRS7_I4TreeS9_ISL_EEEUlvE8_EEEvPT_DpOT0_
FN:160,_ZN9__gnu_cxx13new_allocatorISt8functionIFvvEEE9constructIS3_JRZ14handleCommandsiRSt6vectorISt10unique_ptrI12ActiveObjectSt14default_deleteIS8_EESaISB_EERS7_I5GraphS9_ISF_EER10MSTFactoryRS7_I4TreeS9_ISL_EEEUlvE6_EEEvPT_DpOT0_
FNDA:5,_ZN9__gnu_cxx13new_allocatorISt8functionIFvvEEE9constructIS3_JRZ14handleCommandsiRSt6vectorISt10unique_ptrI12ActiveObjectSt14default_deleteIS8_EESaISB_EERS7_I5GraphS9_ISF_EER10MSTFactoryRS7_I4TreeS9_ISL_EEEUlvE6_EEEvPT_DpOT0_
FN:160,_ZN9__gnu_cxx13new_allocatorISt8functionIFvvEEE9constructIS3_JRZ14handleCommandsiRSt6vectorISt10unique_ptrI12ActiveObjectSt14default_deleteIS8_EESaISB_EERS7_I5GraphS9_ISF_EER10MSTFactoryRS7_I4TreeS9_ISL_EEEUlvE5_EEEvPT_DpOT0_
FNDA:2,_ZN9__gnu_cxx13new_allocatorISt8functionIFvvEEE9constructIS3_JRZ14handleCommandsiRSt6vectorISt10unique_ptrI12ActiveObjectSt14default_deleteIS8_EESaISB_EERS7_I5GraphS9_ISF_EER10MSTFactoryRS7_I4TreeS9_ISL_EEEUlvE5_EEEvPT_DpOT0_
FN:160,_ZN9__gnu_cxx13new_allocatorISt8functionIFvvEEE9constructIS3_JRZ14handleCommandsiRSt6vectorISt10unique_ptrI12ActiveObjectSt14default_deleteIS8_EESaISB_EERS7_I5GraphS9_ISF_EER10MSTFactoryRS7_I4TreeS9_ISL_EEEUlvE4_EEEvPT_DpOT0_
FNDA:2,_ZN9__gnu_cxx13new_allocatorISt8functionIFvvEEE9constructIS3_JRZ14handleCommandsiRSt6vectorISt10unique_ptrI12ActiveObjectSt14default_deleteIS8_EESaISB_EERS7_I5GraphS9_ISF_EER10MSTFactoryRS7_I4TreeS9_ISL_EEEUlvE4_EEEvPT_DpOT0_
FN:160,_ZN9__gnu_cxx13new_allocatorISt8functionIFvvEEE9constructIS3_JRZ14handleCommandsiRSt6vectorISt10unique_ptrI12ActiveObjectSt14default_deleteIS8_EESaISB_EERS7_I5GraphS9_ISF_EER10MSTFactoryRS7_I4TreeS9_ISL_EEEUlvE3_EEEvPT_DpOT0_
FNDA:2,_ZN9__gnu_cxx13new_allocatorISt8functionIFvvEEE9constructIS3_JRZ14handleCommandsiRSt6vectorISt10unique_ptrI12ActiveObjectSt14default_deleteIS8_EESaISB_EERS7_I5GraphS9_ISF_EER10MSTFactoryRS7_I4TreeS9_ISL_EEEUlvE3_EEEvPT_DpOT0_
FN:160,_ZN9__gnu_cxx13new_allocatorISt8functionIFvvEEE9constructIS3_JRZ14handleCommandsiRSt6vectorISt10unique_ptrI12ActiveObjectSt14default_deleteIS8_EESaISB_EERS7_I5GraphS9_ISF_EER10MSTFactoryRS7_I4TreeS9_ISL_EEEUlvE1_EEEvPT_DpOT0_
FNDA:2,_ZN9__gnu_cxx13new_allocatorISt8functionIFvvEEE9constructIS3_JRZ14handleCommandsiRSt6vectorISt10unique_ptrI12ActiveObjectSt14default_deleteIS8_EESaISB_EERS7_I5GraphS9_ISF_EER10MSTFactoryRS7_I4TreeS9_ISL_EEEUlvE1_EEEvPT_DpOT0_
FN:166,_ZN9__gnu_cxx13new_allocatorISt10unique_ptrI12ActiveObjectSt14default_deleteIS2_EEE7destroyIS5_EEvPT_
FNDA:7,_ZN9__gnu_cxx13new_allocatorISt10unique_ptrI12ActiveObjectSt14default_deleteIS2_EEE7destroyIS5_EEvPT_
FN:166,_ZN9__gnu_cxx13new_allocatorISt6vectorI4EdgeSaIS2_EEE7destroyIS4_EEvPT_
FNDA:0,_ZN9__gnu_cxx13new_allocatorISt6vectorI4EdgeSaIS2_EEE7destroyIS4_EEvPT_
FN:197,_ZNK9__gnu_cxx13new_allocatorImE11_M_max_sizeEv
FNDA:23,_ZNK9__gnu_cxx13new_allocatorImE11_M_max_sizeEv
FN:197,_ZNK9__gnu_cxx13new_allocatorIPSt8functionIFvvEEE11_M_max_sizeEv
FNDA:7,_ZNK9__gnu_cxx13new_allocatorIPSt8functionIFvvEEE11_M_max_sizeEv
FN:197,_ZNK9__gnu_cxx13new_allocatorISt8functionIFvvEEE11_M_max_sizeEv
FNDA:7,_ZNK9__gnu_cxx13new_allocatorISt8functionIFvvEEE11_M_max_sizeEv
FN:197,_ZNK9__gnu_cxx13new_allocatorISt10unique_ptrI12ActiveObjectSt14default_deleteIS2_EEE11_M_max_sizeEv
FNDA:13,_ZNK9__gnu_cxx13new_allocatorISt10unique_ptrI12ActiveObjectSt14default_deleteIS2_EEE11_M_max_sizeEv
FN:197,_ZNK9__gnu_cxx13new_allocatorISt6vectorI4EdgeSaIS2_EEE11_M_max_sizeEv
FNDA:35,_ZNK9__gnu_cxx13new_allocatorISt6vectorI4EdgeSaIS2_EEE11_M_max_sizeEv
DA:79,39
DA:79,14
DA:79,7
DA:79,14
DA:79,1
DA:79,1
DA:79,7
DA:79,0
DA:82,3
DA:82,23
DA:82,16
DA:82,0
DA:89,14
DA:89,7
DA:89,55
DA:89,36
DA:89,3
DA:89,0
DA:89,7
DA:89,0
DA:103,4
DA:111,4
DA:115,0
DA:116,0
DA:117,0
DA:127,4
DA:103,7
DA:111,7
DA:115,0
DA:116,0
DA:117,0
DA:127,7
DA:103,7
DA:111,7
DA:115,0
DA:116,0
DA:117,0
DA:127,7
DA:103,16
DA:111,16
DA:115,0
DA:116,0
DA:117,0
DA:127,16
DA:103,7
DA:111,7
DA:115,0
DA:116,0
DA:117,0
DA:127,7
DA:132,7
DA:145,7
DA:132,7
DA:145,7
DA:132,75
DA:145,75
DA:132,16
DA:145,16
DA:132,4
DA:145,4
DA:132,0
DA:145,0
DA:132,7
DA:145,7
DA:154,9
DA:155,9
DA:154,7
DA:155,7
DA:154,0
DA:155,0
DA:154,28
DA:155,28
DA:160,0
DA:162,0
DA:160,14
DA:162,14
DA:160,2
DA:162,2
DA:160,2
DA:162,2
DA:160,3
DA:162,3
DA:160,5
DA:162,5
DA:160,2
DA:162,2
DA:160,2
DA:162,2
DA:160,2
DA:162,2
DA:160,2
DA:162,2
DA:160,2
DA:162,2
DA:160,10
DA:162,10
DA:160,4
DA:162,4
DA:160,3
DA:162,3
DA:166,0
DA:168,0
DA:166,7
DA:168,7
DA:197,13
DA:200,13
DA:197,7
DA:200,7
DA:197,7
DA:200,7
DA:197,23
DA:200,23
DA:197,35
DA:200,35
end_of_record
SF:/usr/include/c++/11/bits/move.h
FN:49,_ZSt11__addressofISt6vectorISt10unique_ptrI12ActiveObjectSt14default_deleteIS2_EESaIS5_EEEPT_RS8_
FNDA:3,_ZSt11__addressofISt6vectorISt10unique_ptrI12ActiveObjectSt14default_deleteIS2_EESaIS5_EEEPT_RS8_
FN:49,_ZSt11__addressofISt10unique_ptrI5GraphSt14default_deleteIS1_EEEPT_RS5_
FNDA:3,_ZSt11__addressofISt10unique_ptrI5GraphSt14default_deleteIS1_EEEPT_RS5_
FN:49,_ZSt11__addressofI10MSTFactoryEPT_RS1_
FNDA:3,_ZSt11__addressofI10MSTFactoryEPT_RS1_
FN:49,_ZSt11__addressofISt10unique_ptrI4TreeSt14default_deleteIS1_EEEPT_RS5_
FNDA:3,_ZSt11__addressofISt10unique_ptrI4TreeSt14default_deleteIS1_EEEPT_RS5_
FN:49,_ZSt11__addressofISt6vectorI4EdgeSaIS1_EEEPT_RS4_
FNDA:66,_ZSt11__addressofISt6vectorI4EdgeSaIS1_EEEPT_RS4_
FN:49,_ZSt11__addressofISt6threadEPT_RS1_
FNDA:0,_ZSt11__addressofISt6threadEPT_RS1_
FN:49,_ZSt11__addressofISt10unique_ptrI12ActiveObjectSt14default_deleteIS1_EEEPT_RS5_
FNDA:28,_ZSt11__addressofISt10unique_ptrI12ActiveObjectSt14default_deleteIS1_EEEPT_RS5_
FN:49,_ZSt11__addressofISt5mutexEPT_RS1_
FNDA:249,_ZSt11__addressofISt5mutexEPT_RS1_
FN:49,_ZSt11__addressofISt8functionIFvvEEEPT_RS3_
FNDA:0,_ZSt11__addressofISt8functionIFvvEEEPT_RS3_
FN:77,_ZSt7forwardIR10MSTFactoryEOT_RNSt16remove_referenceIS2_E4typeE
FNDA:3,_ZSt7forwardIR10MSTFactoryEOT_RNSt16remove_referenceIS2_E4typeE
FN:77,_ZSt7forwardIRZ14handleCommandsiRSt6vectorISt10unique_ptrI12ActiveObjectSt14default_deleteIS2_EESaIS5_EERS1_I5GraphS3_IS9_EER10MSTFactoryRS1_I4TreeS3_ISF_EEEUlvE2_EOT_RNSt16remove_referenceISL_E4typeE
FNDA:18,_ZSt7forwardIRZ14handleCommandsiRSt6vectorISt10unique_ptrI12ActiveObjectSt14default_deleteIS2_EESaIS5_EERS1_I5GraphS3_IS9_EER10MSTFactoryRS1_I4TreeS3_ISF_EEEUlvE2_EOT_RNSt16remove_referenceISL_E4typeE
FN:77,_ZSt7forwardIRSt10unique_ptrI5GraphSt14default_deleteIS1_EEEOT_RNSt16remove_referenceIS6_E4typeE
FNDA:3,_ZSt7forwardIRSt10unique_ptrI5GraphSt14default_deleteIS1_EEEOT_RNSt16remove_referenceIS6_E4typeE
FN:77,_ZSt7forwardIRSt6vectorISt10unique_ptrI12ActiveObjectSt14default_deleteIS2_EESaIS5_EEEOT_RNSt16remove_referenceIS9_E4typeE
FNDA:3,_ZSt7forwardIRSt6vectorISt10unique_ptrI12ActiveObjectSt14default_deleteIS2_EESaIS5_EEEOT_RNSt16remove_referenceIS9_E4typeE
FN:77,_ZSt7forwardISt10unique_ptrI12ActiveObjectSt14default_deleteIS1_EEEOT_RNSt16remove_referenceIS5_E4typeE
FNDA:39,_ZSt7forwardISt10unique_ptrI12ActiveObjectSt14default_deleteIS1_EEEOT_RNSt16remove_referenceIS5_E4typeE
FN:77,_ZSt7forwardIP12ActiveObjectEOT_RNSt16remove_referenceIS2_E4typeE
FNDA:70,_ZSt7forwardIP12ActiveObjectEOT_RNSt16remove_referenceIS2_E4typeE
FN:77,_ZSt7forwardIRiEOT_RNSt16remove_referenceIS1_E4typeE
FNDA:23,_ZSt7forwardIRiEOT_RNSt16remove_referenceIS1_E4typeE
FN:77,_ZSt7forwardISt14default_deleteI5GraphEEOT_RNSt16remove_referenceIS3_E4typeE
FNDA:3,_ZSt7forwardISt14default_deleteI5GraphEEOT_RNSt16remove_referenceIS3_E4typeE
FN:77,_ZSt7forwardIRZ14handleCommandsiRSt6vectorISt10unique_ptrI12ActiveObjectSt14default_deleteIS2_EESaIS5_EERS1_I5GraphS3_IS9_EER10MSTFactoryRS1_I4TreeS3_ISF_EEEUlvE_EOT_RNSt16remove_referenceISL_E4typeE
FNDA:36,_ZSt7forwardIRZ14handleCommandsiRSt6vectorISt10unique_ptrI12ActiveObjectSt14default_deleteIS2_EESaIS5_EERS1_I5GraphS3_IS9_EER10MSTFactoryRS1_I4TreeS3_ISF_EEEUlvE_EOT_RNSt16remove_referenceISL_E4typeE
FN:77,_ZSt7forwardISt14default_deleteI9functArgsEEOT_RNSt16remove_referenceIS3_E4typeE
FNDA:3,_ZSt7forwardISt14default_deleteI9functArgsEEOT_RNSt16remove_referenceIS3_E4typeE
FN:77,_ZSt7forwardIRZ14handleCommandsiRSt6vectorISt10unique_ptrI12ActiveObjectSt14default_deleteIS2_EESaIS5_EERS1_I5GraphS3_IS9_EER10MSTFactoryRS1_I4TreeS3_ISF_EEEUlvE0_EOT_RNSt16remove_referenceISL_E4typeE
FNDA:90,_ZSt7forwardIRZ14handleCommandsiRSt6vectorISt10unique_ptrI12ActiveObjectSt14default_deleteIS2_EESaIS5_EERS1_I5GraphS3_IS9_EER10MSTFactoryRS1_I4TreeS3_ISF_EEEUlvE0_EOT_RNSt16remove_referenceISL_E4typeE
FN:77,_ZSt7forwardIZ4mainEUliE_EOT_RNSt16remove_referenceIS1_E4typeE
FNDA:4,_ZSt7forwardIZ4mainEUliE_EOT_RNSt16remove_referenceIS1_E4typeE
FN:77,_ZSt7forwardISt14default_deleteI4TreeEEOT_RNSt16remove_referenceIS3_E4typeE
FNDA:4,_ZSt7forwardISt14default_deleteI4TreeEEOT_RNSt16remove_referenceIS3_E4typeE
FN:77,_ZSt7forwardIRZ14handleCommandsiRSt6vectorISt10unique_ptrI12ActiveObjectSt14default_deleteIS2_EESaIS5_EERS1_I5GraphS3_IS9_EER10MSTFactoryRS1_I4TreeS3_ISF_EEEUlvE1_EOT_RNSt16remove_referenceISL_E4typeE
FNDA:18,_ZSt7forwardIRZ14handleCommandsiRSt6vectorISt10unique_ptrI12ActiveObjectSt14default_deleteIS2_EESaIS5_EERS1_I5GraphS3_IS9_EER10MSTFactoryRS1_I4TreeS3_ISF_EEEUlvE1_EOT_RNSt16remove_referenceISL_E4typeE
FN:77,_ZSt7forwardIRZ14handleCommandsiRSt6vectorISt10unique_ptrI12ActiveObjectSt14default_deleteIS2_EESaIS5_EERS1_I5GraphS3_IS9_EER10MSTFactoryRS1_I4TreeS3_ISF_EEEUlvE10_EOT_RNSt16remove_referenceISL_E4typeE
FNDA:18,_ZSt7forwardIRZ14handleCommandsiRSt6vectorISt10unique_ptrI12ActiveObjectSt14default_deleteIS2_EESaIS5_EERS1_I5GraphS3_IS9_EER10MSTFactoryRS1_I4TreeS3_ISF_EEEUlvE10_EOT_RNSt16remove_referenceISL_E4typeE
FN:77,_ZSt7forwardIRZ14handleCommandsiRSt6vectorISt10unique_ptrI12ActiveObjectSt14default_deleteIS2_EESaIS5_EERS1_I5GraphS3_IS9_EER10MSTFactoryRS1_I4TreeS3_ISF_EEEUlvE9_EOT_RNSt16remove_referenceISL_E4typeE
FNDA:18,_ZSt7forwardIRZ14handleCommandsiRSt6vectorISt10unique_ptrI12ActiveObjectSt14default_deleteIS2_EESaIS5_EERS1_I5GraphS3_IS9_EER10MSTFactoryRS1_I4TreeS3_ISF_EEEUlvE9_EOT_RNSt16remove_referenceISL_E4typeE
FN:77,_ZSt7forwardIRZ14handleCommandsiRSt6vectorISt10unique_ptrI12ActiveObjectSt14default_deleteIS2_EESaIS5_EERS1_I5GraphS3_IS9_EER10MSTFactoryRS1_I4TreeS3_ISF_EEEUlvE8_EOT_RNSt16remove_referenceISL_E4typeE
FNDA:27,_ZSt7forwardIRZ14handleCommandsiRSt6vectorISt10unique_ptrI12ActiveObjectSt14default_deleteIS2_EESaIS5_EERS1_I5GraphS3_IS9_EER10MSTFactoryRS1_I4TreeS3_ISF_EEEUlvE8_EOT_RNSt16remove_referenceISL_E4typeE
FN:77,_ZSt7forwardIRZ14handleCommandsiRSt6vectorISt10unique_ptrI12ActiveObjectSt14default_deleteIS2_EESaIS5_EERS1_I5GraphS3_IS9_EER10MSTFactoryRS1_I4TreeS3_ISF_EEEUlvE6_EOT_RNSt16remove_referenceISL_E4typeE
FNDA:45,_ZSt7forwardIRZ14handleCommandsiRSt6vectorISt10unique_ptrI12ActiveObjectSt14default_deleteIS2_EESaIS5_EERS1_I5GraphS3_IS9_EER10MSTFactoryRS1_I4TreeS3_ISF_EEEUlvE6_EOT_RNSt16remove_referenceISL_E4typeE
FN:77,_ZSt7forwardIRZ14handleCommandsiRSt6vectorISt10unique_ptrI12ActiveObjectSt14default_deleteIS2_EESaIS5_EERS1_I5GraphS3_IS9_EER10MSTFactoryRS1_I4TreeS3_ISF_EEEUlvE5_EOT_RNSt16remove_referenceISL_E4typeE
FNDA:18,_ZSt7forwardIRZ14handleCommandsiRSt6vectorISt10unique_ptrI12ActiveObjectSt14default_deleteIS2_EESaIS5_EERS1_I5GraphS3_IS9_EER10MSTFactoryRS1_I4TreeS3_ISF_EEEUlvE5_EOT_RNSt16remove_referenceISL_E4typeE
FN:77,_ZSt7forwardIRZ14handleCommandsiRSt6vectorISt10unique_ptrI12ActiveObjectSt14default_deleteIS2_EESaIS5_EERS1_I5GraphS3_IS9_EER10MSTFactoryRS1_I4TreeS3_ISF_EEEUlvE4_EOT_RNSt16remove_referenceISL_E4typeE
FNDA:18,_ZSt7forwardIRZ14handleCommandsiRSt6vectorISt10unique_ptrI12ActiveObjectSt14default_deleteIS2_EESaIS5_EERS1_I5GraphS3_IS9_EER10MSTFactoryRS1_I4TreeS3_ISF_EEEUlvE4_EOT_RNSt16remove_referenceISL_E4typeE
FN:77,_ZSt7forwardIRZ14handleCommandsiRSt6vectorISt10unique_ptrI12ActiveObjectSt14default_deleteIS2_EESaIS5_EERS1_I5GraphS3_IS9_EER10MSTFactoryRS1_I4TreeS3_ISF_EEEUlvE3_EOT_RNSt16remove_referenceISL_E4typeE
FNDA:18,_ZSt7forwardIRZ14handleCommandsiRSt6vectorISt10unique_ptrI12ActiveObjectSt14default_deleteIS2_EESaIS5_EERS1_I5GraphS3_IS9_EER10MSTFactoryRS1_I4TreeS3_ISF_EEEUlvE3_EOT_RNSt16remove_referenceISL_E4typeE
FN:77,_ZSt7forwardIRKmEOT_RNSt16remove_referenceIS2_E4typeE
FNDA:9,_ZSt7forwardIRKmEOT_RNSt16remove_referenceIS2_E4typeE
FN:77,_ZSt7forwardIiEOT_RNSt16remove_referenceIS0_E4typeE
FNDA:73,_ZSt7forwardIiEOT_RNSt16remove_referenceIS0_E4typeE
FN:77,_ZSt7forwardIRKZ14handleCommandsiRSt6vectorISt10unique_ptrI12ActiveObjectSt14default_deleteIS2_EESaIS5_EERS1_I5GraphS3_IS9_EER10MSTFactoryRS1_I4TreeS3_ISF_EEEUlvE10_EOT_RNSt16remove_referenceISM_E4typeE
FNDA:0,_ZSt7forwardIRKZ14handleCommandsiRSt6vectorISt10unique_ptrI12ActiveObjectSt14default_deleteIS2_EESaIS5_EERS1_I5GraphS3_IS9_EER10MSTFactoryRS1_I4TreeS3_ISF_EEEUlvE10_EOT_RNSt16remove_referenceISM_E4typeE
FN:77,_ZSt7forwardIRKZ14handleCommandsiRSt6vectorISt10unique_ptrI12ActiveObjectSt14default_deleteIS2_EESaIS5_EERS1_I5GraphS3_IS9_EER10MSTFactoryRS1_I4TreeS3_ISF_EEEUlvE9_EOT_RNSt16remove_referenceISM_E4typeE
FNDA:0,_ZSt7forwardIRKZ14handleCommandsiRSt6vectorISt10unique_ptrI12ActiveObjectSt14default_deleteIS2_EESaIS5_EERS1_I5GraphS3_IS9_EER10MSTFactoryRS1_I4TreeS3_ISF_EEEUlvE9_EOT_RNSt16remove_referenceISM_E4typeE
FN:77,_ZSt7forwardIRKZ14handleCommandsiRSt6vectorISt10unique_ptrI12ActiveObjectSt14default_deleteIS2_EESaIS5_EERS1_I5GraphS3_IS9_EER10MSTFactoryRS1_I4TreeS3_ISF_EEEUlvE8_EOT_RNSt16remove_referenceISM_E4typeE
FNDA:0,_ZSt7forwardIRKZ14handleCommandsiRSt6vectorISt10unique_ptrI12ActiveObjectSt14default_deleteIS2_EESaIS5_EERS1_I5GraphS3_IS9_EER10MSTFactoryRS1_I4TreeS3_ISF_EEEUlvE8_EOT_RNSt16remove_referenceISM_E4typeE
FN:77,_ZSt7forwardIRKZ14handleCommandsiRSt6vectorISt10unique_ptrI12ActiveObjectSt14default_deleteIS2_EESaIS5_EERS1_I5GraphS3_IS9_EER10MSTFactoryRS1_I4TreeS3_ISF_EEEUlvE6_EOT_RNSt16remove_referenceISM_E4typeE
FNDA:0,_ZSt7forwardIRKZ14handleCommandsiRSt6vectorISt10unique_ptrI12ActiveObjectSt14default_deleteIS2_EESaIS5_EERS1_I5GraphS3_IS9_EER10MSTFactoryRS1_I4TreeS3_ISF_EEEUlvE6_EOT_RNSt16remove_referenceISM_E4typeE
FN:77,_ZSt7forwardIRKZ14handleCommandsiRSt6vectorISt10unique_ptrI12ActiveObjectSt14default_deleteIS2_EESaIS5_EERS1_I5GraphS3_IS9_EER10MSTFactoryRS1_I4TreeS3_ISF_EEEUlvE5_EOT_RNSt16remove_referenceISM_E4typeE
FNDA:0,_ZSt7forwardIRKZ14handleCommandsiRSt6vectorISt10unique_ptrI12ActiveObjectSt14default_deleteIS2_EESaIS5_EERS1_I5GraphS3_IS9_EER10MSTFactoryRS1_I4TreeS3_ISF_EEEUlvE5_EOT_RNSt16remove_referenceISM_E4typeE
FN:77,_ZSt7forwardIRKZ14handleCommandsiRSt6vectorISt10unique_ptrI12ActiveObjectSt14default_deleteIS2_EESaIS5_EERS1_I5GraphS3_IS9_EER10MSTFactoryRS1_I4TreeS3_ISF_EEEUlvE4_EOT_RNSt16remove_referenceISM_E4typeE
FNDA:0,_ZSt7forwardIRKZ14handleCommandsiRSt6vectorISt10unique_ptrI12ActiveObjectSt14default_deleteIS2_EESaIS5_EERS1_I5GraphS3_IS9_EER10MSTFactoryRS1_I4TreeS3_ISF_EEEUlvE4_EOT_RNSt16remove_referenceISM_E4typeE
FN:77,_ZSt7forwardIRKZ14handleCommandsiRSt6vectorISt10unique_ptrI12ActiveObjectSt14default_deleteIS2_EESaIS5_EERS1_I5GraphS3_IS9_EER10MSTFactoryRS1_I4TreeS3_ISF_EEEUlvE3_EOT_RNSt16remove_referenceISM_E4typeE
FNDA:0,_ZSt7forwardIRKZ14handleCommandsiRSt6vectorISt10unique_ptrI12ActiveObjectSt14default_deleteIS2_EESaIS5_EERS1_I5GraphS3_IS9_EER10MSTFactoryRS1_I4TreeS3_ISF_EEEUlvE3_EOT_RNSt16remove_referenceISM_E4typeE
FN:77,_ZSt7forwardIRKZ14handleCommandsiRSt6vectorISt10unique_ptrI12ActiveObjectSt14default_deleteIS2_EESaIS5_EERS1_I5GraphS3_IS9_EER10MSTFactoryRS1_I4TreeS3_ISF_EEEUlvE2_EOT_RNSt16remove_referenceISM_E4typeE
FNDA:0,_ZSt7forwardIRKZ14handleCommandsiRSt6vectorISt10unique_ptrI12ActiveObjectSt14default_deleteIS2_EESaIS5_EERS1_I5GraphS3_IS9_EER10MSTFactoryRS1_I4TreeS3_ISF_EEEUlvE2_EOT_RNSt16remove_referenceISM_E4typeE
FN:77,_ZSt7forwardIRKZ14handleCommandsiRSt6vectorISt10unique_ptrI12ActiveObjectSt14default_deleteIS2_EESaIS5_EERS1_I5GraphS3_IS9_EER10MSTFactoryRS1_I4TreeS3_ISF_EEEUlvE1_EOT_RNSt16remove_referenceISM_E4typeE
FNDA:0,_ZSt7forwardIRKZ14handleCommandsiRSt6vectorISt10unique_ptrI12ActiveObjectSt14default_deleteIS2_EESaIS5_EERS1_I5GraphS3_IS9_EER10MSTFactoryRS1_I4TreeS3_ISF_EEEUlvE1_EOT_RNSt16remove_referenceISM_E4typeE
FN:77,_ZSt7forwardIRKZ14handleCommandsiRSt6vectorISt10unique_ptrI12ActiveObjectSt14default_deleteIS2_EESaIS5_EERS1_I5GraphS3_IS9_EER10MSTFactoryRS1_I4TreeS3_ISF_EEEUlvE0_EOT_RNSt16remove_referenceISM_E4typeE
FNDA:0,_ZSt7forwardIRKZ14handleCommandsiRSt6vectorISt10unique_ptrI12ActiveObjectSt14default_deleteIS2_EESaIS5_EERS1_I5GraphS3_IS9_EER10MSTFactoryRS1_I4TreeS3_ISF_EEEUlvE0_EOT_RNSt16remove_referenceISM_E4typeE
FN:77,_ZSt7forwardIRKZ14handleCommandsiRSt6vectorISt10unique_ptrI12ActiveObjectSt14default_deleteIS2_EESaIS5_EERS1_I5GraphS3_IS9_EER10MSTFactoryRS1_I4TreeS3_ISF_EEEUlvE_EOT_RNSt16remove_referenceISM_E4typeE
FNDA:0,_ZSt7forwardIRKZ14handleCommandsiRSt6vectorISt10unique_ptrI12ActiveObjectSt14default_deleteIS2_EESaIS5_EERS1_I5GraphS3_IS9_EER10MSTFactoryRS1_I4TreeS3_ISF_EEEUlvE_EOT_RNSt16remove_referenceISM_E4typeE
FN:77,_ZSt7forwardISt6vectorI4EdgeSaIS1_EEEOT_RNSt16remove_referenceIS4_E4typeE
FNDA:0,_ZSt7forwardISt6vectorI4EdgeSaIS1_EEEOT_RNSt16remove_referenceIS4_E4typeE
FN:77,_ZSt7forwardIRKZ4mainEUliE_EOT_RNSt16remove_referenceIS3_E4typeE
FNDA:0,_ZSt7forwardIRKZ4mainEUliE_EOT_RNSt16remove_referenceIS3_E4typeE
FN:77,_ZSt7forwardIM12ActiveObjectFvvEEOT_RNSt16remove_referenceIS3_E4typeE
FNDA:56,_ZSt7forwardIM12ActiveObjectFvvEEOT_RNSt16remove_referenceIS3_E4typeE
FN:77,_ZSt7forwardIRZ4mainEUliE_EOT_RNSt16remove_referenceIS2_E4typeE
FNDA:2,_ZSt7forwardIRZ4mainEUliE_EOT_RNSt16remove_referenceIS2_E4typeE
FN:77,_ZSt7forwardIRSt10unique_ptrI4TreeSt14default_deleteIS1_EEEOT_RNSt16remove_referenceIS6_E4typeE
FNDA:3,_ZSt7forwardIRSt10unique_ptrI4TreeSt14default_deleteIS1_EEEOT_RNSt16remove_referenceIS6_E4typeE
FN:104,_ZSt4moveIRP4TreeEONSt16remove_referenceIT_E4typeEOS4_
FNDA:9,_ZSt4moveIRP4TreeEONSt16remove_referenceIT_E4typeEOS4_
FN:104,_ZSt4moveIRSaIcEEONSt16remove_referenceIT_E4typeEOS3_
FNDA:0,_ZSt4moveIRSaIcEEONSt16remove_referenceIT_E4typeEOS3_
FN:104,_ZSt4moveIRP5GraphEONSt16remove_referenceIT_E4typeEOS4_
FNDA:5,_ZSt4moveIRP5GraphEONSt16remove_referenceIT_E4typeEOS4_
FN:104,_ZSt4moveIRNSt7__cxx1112basic_stringIcSt11char_traitsIcESaIcEEEEONSt16remove_referenceIT_E4typeEOS8_
FNDA:126,_ZSt4moveIRNSt7__cxx1112basic_stringIcSt11char_traitsIcESaIcEEEEONSt16remove_referenceIT_E4typeEOS8_
FN:104,_ZSt4moveIRP11MSTStrategyEONSt16remove_referenceIT_E4typeEOS4_
FNDA:4,_ZSt4moveIRP11MSTStrategyEONSt16remove_referenceIT_E4typeEOS4_
FN:104,_ZSt4moveIRNSt12_Vector_baseI4EdgeSaIS1_EE12_Vector_implEEONSt16remove_referenceIT_E4typeEOS7_
FNDA:0,_ZSt4moveIRNSt12_Vector_baseI4EdgeSaIS1_EE12_Vector_implEEONSt16remove_referenceIT_E4typeEOS7_
FN:104,_ZSt4moveIRP9functArgsEONSt16remove_referenceIT_E4typeEOS4_
FNDA:1,_ZSt4moveIRP9functArgsEONSt16remove_referenceIT_E4typeEOS4_
FN:104,_ZSt4moveIRP12ActiveObjectEONSt16remove_referenceIT_E4typeEOS4_
FNDA:7,_ZSt4moveIRP12ActiveObjectEONSt16remove_referenceIT_E4typeEOS4_
FN:104,_ZSt4moveIRSt10unique_ptrI12ActiveObjectSt14default_deleteIS1_EEEONSt16remove_referenceIT_E4typeEOS7_
FNDA:14,_ZSt4moveIRSt10unique_ptrI12ActiveObjectSt14default_deleteIS1_EEEONSt16remove_referenceIT_E4typeEOS7_
FN:104,_ZSt4moveIRPNSt6thread6_StateEEONSt16remove_referenceIT_E4typeEOS5_
FNDA:0,_ZSt4moveIRPNSt6thread6_StateEEONSt16remove_referenceIT_E4typeEOS5_
FN:104,_ZSt4moveIRSt9_Any_dataEONSt16remove_referenceIT_E4typeEOS3_
FNDA:111,_ZSt4moveIRSt9_Any_dataEONSt16remove_referenceIT_E4typeEOS3_
FN:104,_ZSt4moveIRPFbRSt9_Any_dataRKS0_St18_Manager_operationEEONSt16remove_referenceIT_E4typeEOS9_
FNDA:111,_ZSt4moveIRPFbRSt9_Any_dataRKS0_St18_Manager_operationEEONSt16remove_referenceIT_E4typeEOS9_
FN:104,_ZSt4moveIRPFvRKSt9_Any_dataOiEEONSt16remove_referenceIT_E4typeEOS8_
FNDA:3,_ZSt4moveIRPFvRKSt9_Any_dataOiEEONSt16remove_referenceIT_E4typeEOS8_
FN:104,_ZSt4moveIRN9__gnu_cxx17__normal_iteratorIPmSt6vectorImSaImEEEEEONSt16remove_referenceIT_E4typeEOS9_
FNDA:2,_ZSt4moveIRN9__gnu_cxx17__normal_iteratorIPmSt6vectorImSaImEEEEEONSt16remove_referenceIT_E4typeEOS9_
FN:104,_ZSt4moveIRN9__gnu_cxx17__normal_iteratorIPSt10unique_ptrI12ActiveObjectSt14default_deleteIS3_EESt6vectorIS6_SaIS6_EEEEEONSt16remove_referenceIT_E4typeEOSE_
FNDA:2,_ZSt4moveIRN9__gnu_cxx17__normal_iteratorIPSt10unique_ptrI12ActiveObjectSt14default_deleteIS3_EESt6vectorIS6_SaIS6_EEEEEONSt16remove_referenceIT_E4typeEOSE_
FN:104,_ZSt4moveIRSt5tupleIJP12ActiveObjectSt14default_deleteIS1_EEEEONSt16remove_referenceIT_E4typeEOS8_
FNDA:14,_ZSt4moveIRSt5tupleIJP12ActiveObjectSt14default_deleteIS1_EEEEONSt16remove_referenceIT_E4typeEOS8_
FN:104,_ZSt4moveIRSt6vectorI4EdgeSaIS1_EEEONSt16remove_referenceIT_E4typeEOS6_
FNDA:0,_ZSt4moveIRSt6vectorI4EdgeSaIS1_EEEONSt16remove_referenceIT_E4typeEOS6_
FN:104,_ZSt4moveIRSt5tupleIJM12ActiveObjectFvvEPS1_EEEONSt16remove_referenceIT_E4typeEOS8_
FNDA:14,_ZSt4moveIRSt5tupleIJM12ActiveObjectFvvEPS1_EEEONSt16remove_referenceIT_E4typeEOS8_
FN:196,_ZSt4swapISt9_Any_dataENSt9enable_ifIXsrSt6__and_IJSt6__not_ISt15__is_tuple_likeIT_EESt21is_move_constructibleIS5_ESt18is_move_assignableIS5_EEE5valueEvE4typeERS5_SF_
FNDA:37,_ZSt4swapISt9_Any_dataENSt9enable_ifIXsrSt6__and_IJSt6__not_ISt15__is_tuple_likeIT_EESt21is_move_constructibleIS5_ESt18is_move_assignableIS5_EEE5valueEvE4typeERS5_SF_
[...]
FNDA:0,_ZSt19__iterator_categoryIPKcENSt15iterator_traitsIT_E17iterator_categoryERKS3_
FN:238,_ZSt19__iterator_categoryIN9__gnu_cxx17__normal_iteratorIPiSt6vectorIiSaIiEEEEENSt15iterator_traitsIT_E17iterator_categoryERKS8_
FNDA:2,_ZSt19__iterator_categoryIN9__gnu_cxx17__normal_iteratorIPiSt6vectorIiSaIiEEEEENSt15iterator_traitsIT_E17iterator_categoryERKS8_
DA:238,22
DA:239,22
DA:238,0
DA:239,0
DA:238,0
DA:239,0
DA:238,2
DA:239,2
end_of_record
SF:/usr/include/c++/11/iostream
end_of_record
SF:/usr/include/c++/11/bits/stl_heap.h
FN:134,_ZSt11__push_heapIN9__gnu_cxx17__normal_iteratorIPSt4pairIiiESt6vectorIS3_SaIS3_EEEElS3_NS0_5__ops14_Iter_comp_valISt7greaterIS3_EEEEvT_T0_SF_T1_RT2_
FNDA:9,_ZSt11__push_heapIN9__gnu_cxx17__normal_iteratorIPSt4pairIiiESt6vectorIS3_SaIS3_EEEElS3_NS0_5__ops14_Iter_comp_valISt7greaterIS3_EEEEvT_T0_SF_T1_RT2_
FN:197,_ZSt9push_heapIN9__gnu_cxx17__normal_iteratorIPSt4pairIiiESt6vectorIS3_SaIS3_EEEESt7greaterIS3_EEvT_SB_T0_
FNDA:9,_ZSt9push_heapIN9__gnu_cxx17__normal_iteratorIPSt4pairIiiESt6vectorIS3_SaIS3_EEEESt7greaterIS3_EEvT_SB_T0_
FN:223,_ZSt13__adjust_heapIN9__gnu_cxx17__normal_iteratorIPSt4pairIiiESt6vectorIS3_SaIS3_EEEElS3_NS0_5__ops15_Iter_comp_iterISt7greaterIS3_EEEEvT_T0_SF_T1_T2_
FNDA:0,_ZSt13__adjust_heapIN9__gnu_cxx17__normal_iteratorIPSt4pairIiiESt6vectorIS3_SaIS3_EEEElS3_NS0_5__ops15_Iter_comp_iterISt7greaterIS3_EEEEvT_T0_SF_T1_T2_
FN:253,_ZSt10__pop_heapIN9__gnu_cxx17__normal_iteratorIPSt4pairIiiESt6vectorIS3_SaIS3_EEEENS0_5__ops15_Iter_comp_iterISt7greaterIS3_EEEEvT_SE_SE_RT0_
FNDA:0,_ZSt10__pop_heapIN9__gnu_cxx17__normal_iteratorIPSt4pairIiiESt6vectorIS3_SaIS3_EEEENS0_5__ops15_Iter_comp_iterISt7greaterIS3_EEEEvT_SE_SE_RT0_
FN:316,_ZSt8pop_heapIN9__gnu_cxx17__normal_iteratorIPSt4pairIiiESt6vectorIS3_SaIS3_EEEESt7greaterIS3_EEvT_SB_T0_
FNDA:9,_ZSt8pop_heapIN9__gnu_cxx17__normal_iteratorIPSt4pairIiiESt6vectorIS3_SaIS3_EEEESt7greaterIS3_EEvT_SB_T0_
DA:134,9
DA:138,9
DA:139,9
DA:141,0
DA:142,0
DA:143,0
DA:145,9
DA:146,9
DA:197,9
DA:213,9
DA:214,9
DA:215,9
DA:216,9
DA:217,9
DA:223,0
DA:226,0
DA:227,0
DA:228,0
DA:230,0
DA:231,0
DA:233,0
DA:234,0
DA:235,0
DA:237,0
DA:239,0
DA:240,0
DA:242,0
DA:245,0
DA:246,0
DA:247,0
DA:248,0
DA:253,0
DA:261,0
DA:262,0
DA:263,0
DA:264,0
DA:265,0
DA:266,0
DA:316,9
DA:327,9
DA:331,0
DA:332,0
DA:334,9
end_of_record
SF:/usr/include/c++/11/bits/alloc_traits.h
FN:463,_ZNSt16allocator_traitsISaISt6vectorI4EdgeSaIS1_EEEE8allocateERS4_m
FNDA:0,_ZNSt16allocator_traitsISaISt6vectorI4EdgeSaIS1_EEEE8allocateERS4_m
FN:463,_ZNSt16allocator_traitsISaISt6vectorIiSaIiEEEE8allocateERS3_m
FNDA:2,_ZNSt16allocator_traitsISaISt6vectorIiSaIiEEEE8allocateERS3_m
FN:463,_ZNSt16allocator_traitsISaImEE8allocateERS0_m
FNDA:0,_ZNSt16allocator_traitsISaImEE8allocateERS0_m
FN:463,_ZNSt16allocator_traitsISaI4EdgeEE8allocateERS1_m
FNDA:0,_ZNSt16allocator_traitsISaI4EdgeEE8allocateERS1_m
FN:463,_ZNSt16allocator_traitsISaISt4pairIiiEEE8allocateERS2_m
FNDA:2,_ZNSt16allocator_traitsISaISt4pairIiiEEE8allocateERS2_m
FN:463,_ZNSt16allocator_traitsISaIiEE8allocateERS0_m
FNDA:45,_ZNSt16allocator_traitsISaIiEE8allocateERS0_m
FN:495,_ZNSt16allocator_traitsISaISt6vectorI4EdgeSaIS1_EEEE10deallocateERS4_PS3_m
FNDA:0,_ZNSt16allocator_traitsISaISt6vectorI4EdgeSaIS1_EEEE10deallocateERS4_PS3_m
FN:495,_ZNSt16allocator_traitsISaIiEE10deallocateERS0_Pim
FNDA:45,_ZNSt16allocator_traitsISaIiEE10deallocateERS0_Pim
FN:495,_ZNSt16allocator_traitsISaI4EdgeEE10deallocateERS1_PS0_m
FNDA:0,_ZNSt16allocator_traitsISaI4EdgeEE10deallocateERS1_PS0_m
FN:495,_ZNSt16allocator_traitsISaISt4pairIiiEEE10deallocateERS2_PS1_m
FNDA:2,_ZNSt16allocator_traitsISaISt4pairIiiEEE10deallocateERS2_PS1_m
FN:495,_ZNSt16allocator_traitsISaImEE10deallocateERS0_Pmm
FNDA:0,_ZNSt16allocator_traitsISaImEE10deallocateERS0_Pmm
FN:495,_ZNSt16allocator_traitsISaISt6vectorIiSaIiEEEE10deallocateERS3_PS2_m
FNDA:2,_ZNSt16allocator_traitsISaISt6vectorIiSaIiEEEE10deallocateERS3_PS2_m
FN:511,_ZNSt16allocator_traitsISaISt6vectorIiSaIiEEEE9constructIS2_JRKS2_EEEvRS3_PT_DpOT0_
FNDA:0,_ZNSt16allocator_traitsISaISt6vectorIiSaIiEEEE9constructIS2_JRKS2_EEEvRS3_PT_DpOT0_
FN:511,_ZNSt16allocator_traitsISaISt4pairIiiEEE9constructIS1_JS1_EEEvRS2_PT_DpOT0_
FNDA:9,_ZNSt16allocator_traitsISaISt4pairIiiEEE9constructIS1_JS1_EEEvRS2_PT_DpOT0_
FN:511,_ZNSt16allocator_traitsISaISt6vectorI4EdgeSaIS1_EEEE9constructIS3_JS3_EEEvRS4_PT_DpOT0_
FNDA:0,_ZNSt16allocator_traitsISaISt6vectorI4EdgeSaIS1_EEEE9constructIS3_JS3_EEEvRS4_PT_DpOT0_
FN:511,_ZNSt16allocator_traitsISaI4EdgeEE9constructIS0_JS0_EEEvRS1_PT_DpOT0_
FNDA:0,_ZNSt16allocator_traitsISaI4EdgeEE9constructIS0_JS0_EEEvRS1_PT_DpOT0_
FN:511,_ZNSt16allocator_traitsISaIiEE9constructIiJiEEEvRS0_PT_DpOT0_
FNDA:9,_ZNSt16allocator_traitsISaIiEE9constructIiJiEEEvRS0_PT_DpOT0_
FN:531,_ZNSt16allocator_traitsISaISt4pairIiiEEE7destroyIS1_EEvRS2_PT_
FNDA:9,_ZNSt16allocator_traitsISaISt4pairIiiEEE7destroyIS1_EEvRS2_PT_
FN:531,_ZNSt16allocator_traitsISaISt6vectorIiSaIiEEEE7destroyIS2_EEvRS3_PT_
FNDA:0,_ZNSt16allocator_traitsISaISt6vectorIiSaIiEEEE7destroyIS2_EEvRS3_PT_
FN:531,_ZNSt16allocator_traitsISaISt6vectorI4EdgeSaIS1_EEEE7destroyIS3_EEvRS4_PT_
FNDA:0,_ZNSt16allocator_traitsISaISt6vectorI4EdgeSaIS1_EEEE7destroyIS3_EEvRS4_PT_
FN:547,_ZNSt16allocator_traitsISaISt6vectorIiSaIiEEEE8max_sizeERKS3_
FNDA:4,_ZNSt16allocator_traitsISaISt6vectorIiSaIiEEEE8max_sizeERKS3_
FN:547,_ZNSt16allocator_traitsISaISt6vectorI4EdgeSaIS1_EEEE8max_sizeERKS4_
FNDA:0,_ZNSt16allocator_traitsISaISt6vectorI4EdgeSaIS1_EEEE8max_sizeERKS4_
FN:547,_ZNSt16allocator_traitsISaI4EdgeEE8max_sizeERKS1_
FNDA:0,_ZNSt16allocator_traitsISaI4EdgeEE8max_sizeERKS1_
FN:547,_ZNSt16allocator_traitsISaIiEE8max_sizeERKS0_
FNDA:36,_ZNSt16allocator_traitsISaIiEE8max_sizeERKS0_
FN:547,_ZNSt16allocator_traitsISaISt4pairIiiEEE8max_sizeERKS2_
FNDA:4,_ZNSt16allocator_traitsISaISt4pairIiiEEE8max_sizeERKS2_
FN:562,_ZNSt16allocator_traitsISaIiEE37select_on_container_copy_constructionERKS0_
FNDA:16,_ZNSt16allocator_traitsISaIiEE37select_on_container_copy_constructionERKS0_
FN:562,_ZNSt16allocator_traitsISaIcEE37select_on_container_copy_constructionERKS0_
FNDA:0,_ZNSt16allocator_traitsISaIcEE37select_on_container_copy_constructionERKS0_
FN:678,_ZSt15__alloc_on_copyISaIiEEvRT_RKS1_
FNDA:0,_ZSt15__alloc_on_copyISaIiEEvRT_RKS1_
FN:710,_ZSt15__alloc_on_moveISaIiEEvRT_S2_
FNDA:0,_ZSt15__alloc_on_moveISaIiEEvRT_S2_
FN:845,_ZSt8_DestroyIN9__gnu_cxx17__normal_iteratorIPiSt6vectorIiSaIiEEEEiEvT_S7_RSaIT0_E
FNDA:0,_ZSt8_DestroyIN9__gnu_cxx17__normal_iteratorIPiSt6vectorIiSaIiEEEEiEvT_S7_RSaIT0_E
FN:845,_ZSt8_DestroyIPiiEvT_S1_RSaIT0_E
FNDA:40,_ZSt8_DestroyIPiiEvT_S1_RSaIT0_E
FN:845,_ZSt8_DestroyIPSt4pairIiiES1_EvT_S3_RSaIT0_E
FNDA:2,_ZSt8_DestroyIPSt4pairIiiES1_EvT_S3_RSaIT0_E
FN:845,_ZSt8_DestroyIP4EdgeS0_EvT_S2_RSaIT0_E
FNDA:0,_ZSt8_DestroyIP4EdgeS0_EvT_S2_RSaIT0_E
FN:845,_ZSt8_DestroyIPSt6vectorIiSaIiEES2_EvT_S4_RSaIT0_E
FNDA:6,_ZSt8_DestroyIPSt6vectorIiSaIiEES2_EvT_S4_RSaIT0_E
FN:845,_ZSt8_DestroyIPSt6vectorI4EdgeSaIS1_EES3_EvT_S5_RSaIT0_E
FNDA:0,_ZSt8_DestroyIPSt6vectorI4EdgeSaIS1_EES3_EvT_S5_RSaIT0_E
DA:463,2
DA:464,2
DA:463,45
DA:464,45
DA:463,0
DA:464,0
DA:463,0
DA:464,0
DA:463,2
DA:464,2
DA:463,0
DA:464,0
DA:495,0
DA:496,0
DA:495,2
DA:496,2
DA:495,0
DA:496,0
DA:495,45
DA:496,45
DA:495,2
DA:496,2
DA:495,0
DA:496,0
DA:511,0
DA:516,0
DA:520,0
DA:511,0
DA:516,0
DA:520,0
DA:511,9
DA:516,9
DA:520,9
DA:511,0
DA:516,0
DA:520,0
DA:511,9
DA:516,9
DA:520,9
DA:531,0
DA:535,0
DA:539,0
DA:531,0
DA:535,0
DA:539,0
DA:531,9
DA:535,9
DA:539,9
DA:547,4
DA:550,4
DA:547,0
DA:550,0
DA:547,4
DA:550,4
DA:547,0
DA:550,0
DA:547,36
DA:550,36
DA:562,16
DA:563,16
DA:562,0
DA:563,0
DA:678,0
DA:688,0
DA:710,0
DA:716,0
DA:720,0
DA:845,0
DA:848,0
DA:849,0
DA:845,40
DA:848,40
DA:849,40
DA:845,2
DA:848,2
DA:849,2
DA:845,0
DA:848,0
DA:849,0
DA:845,6
DA:848,6
DA:849,6
DA:845,0
DA:848,0
DA:849,0
end_of_record
SF:/usr/include/c++/11/bits/stl_function.h
FN:389,_ZNKSt7greaterISt4pairIiiEEclERKS1_S4_
FNDA:0,_ZNKSt7greaterISt4pairIiiEEclERKS1_S4_
DA:389,0
DA:390,0
end_of_record
SF:/usr/include/c++/11/bits/stl_queue.h
FN:514,_ZNSt14priority_queueISt4pairIiiESt6vectorIS1_SaIS1_EESt7greaterIS1_EEC2IS4_vEEv
FNDA:2,_ZNSt14priority_queueISt4pairIiiESt6vectorIS1_SaIS1_EESt7greaterIS1_EEC2IS4_vEEv
FN:612,_ZNKSt14priority_queueISt4pairIiiESt6vectorIS1_SaIS1_EESt7greaterIS1_EE5emptyEv
FNDA:11,_ZNKSt14priority_queueISt4pairIiiESt6vectorIS1_SaIS1_EESt7greaterIS1_EE5emptyEv
FN:625,_ZNKSt14priority_queueISt4pairIiiESt6vectorIS1_SaIS1_EESt7greaterIS1_EE3topEv
FNDA:9,_ZNKSt14priority_queueISt4pairIiiESt6vectorIS1_SaIS1_EESt7greaterIS1_EE3topEv
FN:648,_ZNSt14priority_queueISt4pairIiiESt6vectorIS1_SaIS1_EESt7greaterIS1_EE4pushEOS1_
FNDA:9,_ZNSt14priority_queueISt4pairIiiESt6vectorIS1_SaIS1_EESt7greaterIS1_EE4pushEOS1_
FN:675,_ZNSt14priority_queueISt4pairIiiESt6vectorIS1_SaIS1_EESt7greaterIS1_EE3popEv
FNDA:9,_ZNSt14priority_queueISt4pairIiiESt6vectorIS1_SaIS1_EESt7greaterIS1_EE3popEv
DA:514,2
DA:515,2
DA:612,11
DA:613,11
DA:625,9
DA:628,9
DA:648,9
DA:650,9
DA:651,9
DA:652,9
DA:675,9
DA:678,9
DA:679,9
DA:680,9
end_of_record
SF:/usr/include/c++/11/bits/stl_bvector.h
FN:77,_ZNSt14_Bit_referenceC2EPmm
FNDA:163,_ZNSt14_Bit_referenceC2EPmm
FN:86,_ZNKSt14_Bit_referencecvbEv
FNDA:106,_ZNKSt14_Bit_referencecvbEv
FN:90,_ZNSt14_Bit_referenceaSEb
FNDA:57,_ZNSt14_Bit_referenceaSEb
FN:148,_ZNSt18_Bit_iterator_baseC2EPmj
FNDA:213,_ZNSt18_Bit_iterator_baseC2EPmj
FN:172,_ZNSt18_Bit_iterator_base7_M_incrEl
FNDA:112,_ZNSt18_Bit_iterator_base7_M_incrEl
FN:241,_ZNSt13_Bit_iteratorC2Ev
FNDA:52,_ZNSt13_Bit_iteratorC2Ev
FN:243,_ZNSt13_Bit_iteratorC2EPmj
FNDA:126,_ZNSt13_Bit_iteratorC2EPmj
FN:251,_ZNKSt13_Bit_iteratordeEv
FNDA:131,_ZNKSt13_Bit_iteratordeEv
FN:285,_ZNSt13_Bit_iteratorpLEl
FNDA:112,_ZNSt13_Bit_iteratorpLEl
FN:299,_ZNKSt13_Bit_iteratorixEl
FNDA:99,_ZNKSt13_Bit_iteratorixEl
FN:303,_ZStplRKSt13_Bit_iteratorl
FNDA:112,_ZStplRKSt13_Bit_iteratorl
FN:443,_ZNSt13_Bvector_baseISaIbEE18_Bvector_impl_dataC2Ev
FNDA:26,_ZNSt13_Bvector_baseISaIbEE18_Bvector_impl_dataC2Ev
FN:465,_ZNSt13_Bvector_baseISaIbEE18_Bvector_impl_data8_M_resetEv
FNDA:13,_ZNSt13_Bvector_baseISaIbEE18_Bvector_impl_data8_M_resetEv
FN:485,_ZNSt13_Bvector_baseISaIbEE13_Bvector_implC2ERKSaImE
FNDA:13,_ZNSt13_Bvector_baseISaIbEE13_Bvector_implC2ERKSaImE
FN:502,_ZNKSt13_Bvector_baseISaIbEE13_Bvector_impl11_M_end_addrEv
FNDA:19,_ZNKSt13_Bvector_baseISaIbEE13_Bvector_impl11_M_end_addrEv
FN:531,_ZNSt13_Bvector_baseISaIbEEC2ERKS0_
FNDA:13,_ZNSt13_Bvector_baseISaIbEEC2ERKS0_
FN:542,_ZNSt13_Bvector_baseISaIbEED2Ev
FNDA:13,_ZNSt13_Bvector_baseISaIbEED2Ev
FN:549,_ZNSt13_Bvector_baseISaIbEE11_M_allocateEm
FNDA:13,_ZNSt13_Bvector_baseISaIbEE11_M_allocateEm
FN:553,_ZNSt13_Bvector_baseISaIbEE13_M_deallocateEv
FNDA:13,_ZNSt13_Bvector_baseISaIbEE13_M_deallocateEv
FN:572,_ZNSt13_Bvector_baseISaIbEE8_S_nwordEm
FNDA:26,_ZNSt13_Bvector_baseISaIbEE8_S_nwordEm
FN:647,_ZNSt6vectorIbSaIbEEC2EmRKbRKS0_
FNDA:6,_ZNSt6vectorIbSaIbEEC2EmRKbRKS0_
FN:733,_ZNSt6vectorIbSaIbEED2Ev
FNDA:13,_ZNSt6vectorIbSaIbEED2Ev
FN:831,_ZNSt6vectorIbSaIbEE5beginEv
FNDA:106,_ZNSt6vectorIbSaIbEE5beginEv
FN:906,_ZNSt6vectorIbSaIbEEixEm
FNDA:99,_ZNSt6vectorIbSaIbEEixEm
FN:1137,_ZNSt6vectorIbSaIbEE13_M_initializeEm
FNDA:13,_ZNSt6vectorIbSaIbEE13_M_initializeEm
FN:1150,_ZNSt6vectorIbSaIbEE19_M_initialize_valueEb
FNDA:6,_ZNSt6vectorIbSaIbEE19_M_initialize_valueEb
DA:77,163
DA:78,163
DA:86,106
DA:87,106
DA:90,57
DA:92,57
DA:93,34
DA:95,23
DA:96,57
DA:148,213
DA:149,213
DA:172,112
DA:174,112
DA:175,112
DA:176,112
DA:177,112
DA:179,0
DA:180,0
DA:182,112
DA:183,112
DA:241,52
DA:243,126
DA:244,126
DA:251,131
DA:252,131
DA:285,112
DA:287,112
DA:288,112
DA:299,99
DA:300,99
DA:303,112
DA:305,112
DA:306,112
DA:307,112
DA:443,26
DA:444,26
DA:445,26
DA:465,13
DA:466,13
DA:485,13
DA:486,13
DA:487,13
DA:502,19
DA:504,19
DA:505,19
DA:506,0
DA:531,13
DA:532,13
DA:542,13
DA:543,13
DA:549,13
DA:550,13
DA:553,13
DA:555,13
DA:557,13
DA:558,13
DA:559,13
DA:561,13
DA:563,13
DA:572,26
DA:573,26
DA:647,6
DA:654,6
DA:656,6
DA:657,6
DA:658,6
DA:733,13
DA:831,106
DA:832,106
DA:906,99
DA:907,99
DA:1137,13
DA:1139,13
DA:1141,13
DA:1142,13
DA:1143,13
DA:1144,13
DA:1145,13
DA:1147,13
DA:1150,6
DA:1152,6
DA:1153,6
DA:1154,6
DA:1156,6
end_of_record
SF:/usr/include/c++/11/bits/basic_string.tcc
FN:206,_ZNSt7__cxx1112basic_stringIcSt11char_traitsIcESaIcEE12_M_constructIPcEEvT_S7_St20forward_iterator_tag
FNDA:0,_ZNSt7__cxx1112basic_stringIcSt11char_traitsIcESaIcEE12_M_constructIPcEEvT_S7_St20forward_iterator_tag
FN:206,_ZNSt7__cxx1112basic_stringIcSt11char_traitsIcESaIcEE12_M_constructIPKcEEvT_S8_St20forward_iterator_tag
FNDA:0,_ZNSt7__cxx1112basic_stringIcSt11char_traitsIcESaIcEE12_M_constructIPKcEEvT_S8_St20forward_iterator_tag
DA:206,0
DA:211,0
DA:212,0
DA:215,0
DA:217,0
DA:219,0
DA:220,0
DA:225,0
DA:226,0
DA:228,0
DA:229,0
DA:232,0
DA:233,0
DA:206,0
DA:211,0
DA:212,0
DA:215,0
DA:217,0
DA:219,0
DA:220,0
DA:225,0
DA:226,0
DA:228,0
DA:229,0
DA:232,0
DA:233,0
end_of_record
SF:/usr/include/c++/11/bits/stl_algobase.h
FN:152,_ZSt9iter_swapIN9__gnu_cxx17__normal_iteratorIPiSt6vectorIiSaIiEEEES6_EvT_T0_
FNDA:4,_ZSt9iter_swapIN9__gnu_cxx17__normal_iteratorIPiSt6vectorIiSaIiEEEES6_EvT_T0_
FN:230,_ZSt3minImERKT_S2_S2_
FNDA:0,_ZSt3minImERKT_S2_S2_
FN:254,_ZSt3maxImERKT_S2_S2_
FNDA:0,_ZSt3maxImERKT_S2_S2_
FN:313,_ZSt12__niter_baseIPiET_S1_
FNDA:58,_ZSt12__niter_baseIPiET_S1_
FN:313,_ZSt12__niter_baseIP4EdgeET_S2_
FNDA:0,_ZSt12__niter_baseIP4EdgeET_S2_
FN:313,_ZSt12__niter_baseIPSt6vectorI4EdgeSaIS1_EEET_S5_
FNDA:0,_ZSt12__niter_baseIPSt6vectorI4EdgeSaIS1_EEET_S5_
FN:313,_ZSt12__niter_baseIPSt4pairIiiEET_S3_
FNDA:12,_ZSt12__niter_baseIPSt4pairIiiEET_S3_
FN:313,_ZSt12__niter_baseIPSt6vectorIiSaIiEEET_S4_
FNDA:0,_ZSt12__niter_baseIPSt6vectorIiSaIiEEET_S4_
FN:328,_ZSt12__niter_wrapIN9__gnu_cxx17__normal_iteratorIPiSt6vectorIiSaIiEEEES2_ET_S7_T0_
FNDA:0,_ZSt12__niter_wrapIN9__gnu_cxx17__normal_iteratorIPiSt6vectorIiSaIiEEEES2_ET_S7_T0_
FN:335,_ZSt12__niter_wrapIPiET_RKS1_S1_
FNDA:16,_ZSt12__niter_wrapIPiET_RKS1_S1_
FN:335,_ZSt12__niter_wrapIPSt6vectorIiSaIiEEET_RKS4_S4_
FNDA:0,_ZSt12__niter_wrapIPSt6vectorIiSaIiEEET_RKS4_S4_
FN:420,_ZNSt11__copy_moveILb0ELb1ESt26random_access_iterator_tagE8__copy_mIiEEPT_PKS3_S6_S4_
FNDA:16,_ZNSt11__copy_moveILb0ELb1ESt26random_access_iterator_tagE8__copy_mIiEEPT_PKS3_S6_S4_
FN:486,_ZSt14__copy_move_a2ILb0EPKiPiET1_T0_S4_S3_
FNDA:16,_ZSt14__copy_move_a2ILb0EPKiPiET1_T0_S4_S3_
FN:486,_ZSt14__copy_move_a2ILb0EPiS0_ET1_T0_S2_S1_
FNDA:0,_ZSt14__copy_move_a2ILb0EPiS0_ET1_T0_S2_S1_
FN:521,_ZSt14__copy_move_a1ILb0EPKiPiET1_T0_S4_S3_
FNDA:16,_ZSt14__copy_move_a1ILb0EPKiPiET1_T0_S4_S3_
FN:521,_ZSt14__copy_move_a1ILb0EPiS0_ET1_T0_S2_S1_
FNDA:0,_ZSt14__copy_move_a1ILb0EPiS0_ET1_T0_S2_S1_
FN:527,_ZSt13__copy_move_aILb0EN9__gnu_cxx17__normal_iteratorIPKiSt6vectorIiSaIiEEEEPiET1_T0_SA_S9_
FNDA:16,_ZSt13__copy_move_aILb0EN9__gnu_cxx17__normal_iteratorIPKiSt6vectorIiSaIiEEEEPiET1_T0_SA_S9_
FN:527,_ZSt13__copy_move_aILb0EN9__gnu_cxx17__normal_iteratorIPKiSt6vectorIiSaIiEEEENS1_IPiS6_EEET1_T0_SB_SA_
FNDA:0,_ZSt13__copy_move_aILb0EN9__gnu_cxx17__normal_iteratorIPKiSt6vectorIiSaIiEEEENS1_IPiS6_EEET1_T0_SB_SA_
FN:527,_ZSt13__copy_move_aILb0EPiS0_ET1_T0_S2_S1_
FNDA:0,_ZSt13__copy_move_aILb0EPiS0_ET1_T0_S2_S1_
FN:611,_ZSt4copyIN9__gnu_cxx17__normal_iteratorIPKiSt6vectorIiSaIiEEEENS1_IPiS6_EEET0_T_SB_SA_
FNDA:0,_ZSt4copyIN9__gnu_cxx17__normal_iteratorIPKiSt6vectorIiSaIiEEEENS1_IPiS6_EEET0_T_SB_SA_
FN:611,_ZSt4copyIN9__gnu_cxx17__normal_iteratorIPKiSt6vectorIiSaIiEEEEPiET0_T_SA_S9_
FNDA:16,_ZSt4copyIN9__gnu_cxx17__normal_iteratorIPKiSt6vectorIiSaIiEEEEPiET0_T_SA_S9_
FN:611,_ZSt4copyIPiS0_ET0_T_S2_S1_
FNDA:0,_ZSt4copyIPiS0_ET0_T_S2_S1_
FN:714,_ZNSt20__copy_move_backwardILb1ELb0ESt26random_access_iterator_tagE13__copy_move_bIPSt6vectorIiSaIiEES6_EET0_T_S8_S7_
FNDA:0,_ZNSt20__copy_move_backwardILb1ELb0ESt26random_access_iterator_tagE13__copy_move_bIPSt6vectorIiSaIiEES6_EET0_T_S8_S7_
FN:750,_ZSt23__copy_move_backward_a2ILb1EPSt6vectorIiSaIiEES3_ET1_T0_S5_S4_
FNDA:0,_ZSt23__copy_move_backward_a2ILb1EPSt6vectorIiSaIiEES3_ET1_T0_S5_S4_
FN:768,_ZSt23__copy_move_backward_a1ILb1EPSt6vectorIiSaIiEES3_ET1_T0_S5_S4_
FNDA:0,_ZSt23__copy_move_backward_a1ILb1EPSt6vectorIiSaIiEES3_ET1_T0_S5_S4_
FN:796,_ZSt22__copy_move_backward_aILb1EPSt6vectorIiSaIiEES3_ET1_T0_S5_S4_
FNDA:0,_ZSt22__copy_move_backward_aILb1EPSt6vectorIiSaIiEES3_ET1_T0_S5_S4_
FN:884,_ZSt13move_backwardIPSt6vectorIiSaIiEES3_ET0_T_S5_S4_
FNDA:0,_ZSt13move_backwardIPSt6vectorIiSaIiEES3_ET0_T_S5_S4_
FN:908,_ZSt9__fill_a1IPSt6vectorIiSaIiEES2_EN9__gnu_cxx11__enable_ifIXntsrSt11__is_scalarIT0_E7__valueEvE6__typeET_SB_RKS7_
FNDA:0,_ZSt9__fill_a1IPSt6vectorIiSaIiEES2_EN9__gnu_cxx11__enable_ifIXntsrSt11__is_scalarIT0_E7__valueEvE6__typeET_SB_RKS7_
FN:919,_ZSt9__fill_a1IPiiEN9__gnu_cxx11__enable_ifIXsrSt11__is_scalarIT0_E7__valueEvE6__typeET_S8_RKS4_
FNDA:22,_ZSt9__fill_a1IPiiEN9__gnu_cxx11__enable_ifIXsrSt11__is_scalarIT0_E7__valueEvE6__typeET_S8_RKS4_
FN:968,_ZSt8__fill_aIPiiEvT_S1_RKT0_
FNDA:22,_ZSt8__fill_aIPiiEvT_S1_RKT0_
FN:968,_ZSt8__fill_aIPSt6vectorIiSaIiEES2_EvT_S4_RKT0_
FNDA:0,_ZSt8__fill_aIPSt6vectorIiSaIiEES2_EvT_S4_RKT0_
FN:992,_ZSt4fillIPSt6vectorIiSaIiEES2_EvT_S4_RKT0_
FNDA:0,_ZSt4fillIPSt6vectorIiSaIiEES2_EvT_S4_RKT0_
FN:1010,_ZSt17__size_to_integerm
FNDA:22,_ZSt17__size_to_integerm
FN:1109,_ZSt10__fill_n_aIPimiET_S1_T0_RKT1_St26random_access_iterator_tag
FNDA:22,_ZSt10__fill_n_aIPimiET_S1_T0_RKT1_St26random_access_iterator_tag
FN:1144,_ZSt6fill_nIPimiET_S1_T0_RKT1_
FNDA:22,_ZSt6fill_nIPimiET_S1_T0_RKT1_
DA:152,4
DA:182,4
DA:184,4
DA:230,0
DA:235,0
DA:236,0
DA:237,0
DA:254,0
DA:259,0
DA:260,0
DA:261,0
DA:313,12
DA:315,12
DA:313,58
DA:315,58
DA:313,0
DA:315,0
DA:313,0
DA:315,0
DA:313,0
DA:315,0
DA:328,0
DA:329,0
DA:335,16
DA:336,16
DA:335,0
DA:336,0
DA:420,16
DA:429,16
DA:430,16
DA:431,16
DA:432,16
DA:486,0
DA:495,0
DA:486,16
DA:495,16
DA:521,0
DA:522,0
DA:521,16
DA:522,16
DA:527,16
DA:529,16
DA:532,16
DA:527,0
DA:529,0
DA:532,0
DA:527,0
DA:529,0
DA:532,0
DA:611,16
DA:620,16
DA:611,0
DA:620,0
DA:611,0
DA:620,0
DA:714,0
DA:717,0
DA:718,0
DA:719,0
DA:720,0
DA:750,0
DA:760,0
DA:762,0
DA:768,0
DA:769,0
DA:796,0
DA:798,0
DA:801,0
DA:884,0
DA:894,0
DA:896,0
DA:908,0
DA:911,0
DA:912,0
DA:913,0
DA:919,22
DA:922,22
DA:923,121
DA:924,99
DA:925,22
DA:968,22
DA:969,22
DA:968,0
DA:969,0
DA:992,0
DA:999,0
DA:1000,0
DA:1010,22
DA:1109,22
DA:1115,22
DA:1116,0
DA:1120,22
DA:1121,22
DA:1144,22
DA:1149,22
DA:1150,44
end_of_record
SF:/usr/include/c++/11/bits/cpp_type_traits.h
FN:560,_ZSt12__miter_baseIPiET_S1_
FNDA:0,_ZSt12__miter_baseIPiET_S1_
FN:560,_ZSt12__miter_baseIN9__gnu_cxx17__normal_iteratorIPKiSt6vectorIiSaIiEEEEET_S8_
FNDA:32,_ZSt12__miter_baseIN9__gnu_cxx17__normal_iteratorIPKiSt6vectorIiSaIiEEEEET_S8_
FN:560,_ZSt12__miter_baseIPSt6vectorIiSaIiEEET_S4_
FNDA:0,_ZSt12__miter_baseIPSt6vectorIiSaIiEEET_S4_
DA:560,0
DA:561,0
DA:560,32
DA:561,32
DA:560,0
DA:561,0
end_of_record
SF:/usr/include/c++/11/bits/allocator.h
FN:156,_ZNSaI4EdgeEC2Ev
FNDA:0,_ZNSaI4EdgeEC2Ev
FN:156,_ZNSaISt4pairIiiEEC2Ev
FNDA:2,_ZNSaISt4pairIiiEEC2Ev
FN:156,_ZNSaIbEC2Ev
FNDA:6,_ZNSaIbEC2Ev
FN:156,_ZNSaIiEC2Ev
FNDA:24,_ZNSaIiEC2Ev
FN:159,_ZNSaImEC2ERKS_
FNDA:0,_ZNSaImEC2ERKS_
FN:159,_ZNSaI4EdgeEC2ERKS0_
FNDA:0,_ZNSaI4EdgeEC2ERKS0_
FN:159,_ZNSaIiEC2ERKS_
FNDA:76,_ZNSaIiEC2ERKS_
FN:169,_ZNSaImEC2IbEERKSaIT_E
FNDA:13,_ZNSaImEC2IbEERKSaIT_E
FN:174,_ZNSaImED2Ev
FNDA:0,_ZNSaImED2Ev
FN:174,_ZNSaISt4pairIiiEED2Ev
FNDA:2,_ZNSaISt4pairIiiEED2Ev
FN:174,_ZNSaI4EdgeED2Ev
FNDA:0,_ZNSaI4EdgeED2Ev
FN:174,_ZNSaIbED2Ev
FNDA:13,_ZNSaIbED2Ev
FN:174,_ZNSaIiED2Ev
FNDA:100,_ZNSaIiED2Ev
FN:174,_ZNSaISt6vectorIiSaIiEEED2Ev
FNDA:4,_ZNSaISt6vectorIiSaIiEEED2Ev
FN:174,_ZNSaISt6vectorI4EdgeSaIS0_EEED2Ev
FNDA:0,_ZNSaISt6vectorI4EdgeSaIS0_EEED2Ev
FN:209,_ZStneRKSaIiES1_
FNDA:0,_ZStneRKSaIiES1_
DA:156,0
DA:156,2
DA:156,6
DA:156,24
DA:159,0
DA:160,0
DA:159,0
DA:160,0
DA:159,76
DA:160,76
DA:169,13
DA:174,0
DA:174,2
DA:174,0
DA:174,13
DA:174,100
DA:174,4
DA:174,0
DA:209,0
DA:210,0
end_of_record
